[2025-03-31T12:00:00.885+0000] {taskinstance.py:1083} INFO - Dependencies all met for <TaskInstance: data_quality_pipeline.extract_load_raw scheduled__2023-01-02T00:00:00+00:00 [queued]>
[2025-03-31T12:00:00.891+0000] {taskinstance.py:1083} INFO - Dependencies all met for <TaskInstance: data_quality_pipeline.extract_load_raw scheduled__2023-01-02T00:00:00+00:00 [queued]>
[2025-03-31T12:00:00.891+0000] {taskinstance.py:1279} INFO - 
--------------------------------------------------------------------------------
[2025-03-31T12:00:00.891+0000] {taskinstance.py:1280} INFO - Starting attempt 1 of 1
[2025-03-31T12:00:00.891+0000] {taskinstance.py:1281} INFO - 
--------------------------------------------------------------------------------
[2025-03-31T12:00:00.897+0000] {taskinstance.py:1300} INFO - Executing <Task(PythonOperator): extract_load_raw> on 2023-01-02 00:00:00+00:00
[2025-03-31T12:00:00.900+0000] {standard_task_runner.py:55} INFO - Started process 358 to run task
[2025-03-31T12:00:00.902+0000] {standard_task_runner.py:82} INFO - Running: ['airflow', 'tasks', 'run', 'data_quality_pipeline', 'extract_load_raw', 'scheduled__2023-01-02T00:00:00+00:00', '--job-id', '9', '--raw', '--subdir', 'DAGS_FOLDER/dq_pipeline.py', '--cfg-path', '/tmp/tmpvztix2pf']
[2025-03-31T12:00:00.903+0000] {standard_task_runner.py:83} INFO - Job 9: Subtask extract_load_raw
[2025-03-31T12:00:00.935+0000] {task_command.py:388} INFO - Running <TaskInstance: data_quality_pipeline.extract_load_raw scheduled__2023-01-02T00:00:00+00:00 [running]> on host 1d0e81057fe9
[2025-03-31T12:00:00.973+0000] {taskinstance.py:1509} INFO - Exporting the following env vars:
AIRFLOW_CTX_DAG_OWNER=airflow
AIRFLOW_CTX_DAG_ID=data_quality_pipeline
AIRFLOW_CTX_TASK_ID=extract_load_raw
AIRFLOW_CTX_EXECUTION_DATE=2023-01-02T00:00:00+00:00
AIRFLOW_CTX_TRY_NUMBER=1
AIRFLOW_CTX_DAG_RUN_ID=scheduled__2023-01-02T00:00:00+00:00
[2025-03-31T12:00:00.975+0000] {logging_mixin.py:137} INFO - Data loaded into raw_sales
[2025-03-31T12:00:00.975+0000] {python.py:177} INFO - Done. Returned value was: None
[2025-03-31T12:00:00.979+0000] {taskinstance.py:1323} INFO - Marking task as SUCCESS. dag_id=data_quality_pipeline, task_id=extract_load_raw, execution_date=20230102T000000, start_date=20250331T120000, end_date=20250331T120000
[2025-03-31T12:00:01.000+0000] {local_task_job.py:208} INFO - Task exited with return code 0
[2025-03-31T12:00:01.014+0000] {taskinstance.py:2578} INFO - 1 downstream tasks scheduled from follow-on schedule check
[2025-03-31T12:12:04.738+0000] {taskinstance.py:1083} INFO - Dependencies all met for <TaskInstance: data_quality_pipeline.extract_load_raw scheduled__2023-01-02T00:00:00+00:00 [queued]>
[2025-03-31T12:12:04.744+0000] {taskinstance.py:1083} INFO - Dependencies all met for <TaskInstance: data_quality_pipeline.extract_load_raw scheduled__2023-01-02T00:00:00+00:00 [queued]>
[2025-03-31T12:12:04.744+0000] {taskinstance.py:1279} INFO - 
--------------------------------------------------------------------------------
[2025-03-31T12:12:04.744+0000] {taskinstance.py:1280} INFO - Starting attempt 1 of 1
[2025-03-31T12:12:04.744+0000] {taskinstance.py:1281} INFO - 
--------------------------------------------------------------------------------
[2025-03-31T12:12:04.751+0000] {taskinstance.py:1300} INFO - Executing <Task(PythonOperator): extract_load_raw> on 2023-01-02 00:00:00+00:00
[2025-03-31T12:12:04.755+0000] {standard_task_runner.py:55} INFO - Started process 1947 to run task
[2025-03-31T12:12:04.757+0000] {standard_task_runner.py:82} INFO - Running: ['airflow', 'tasks', 'run', 'data_quality_pipeline', 'extract_load_raw', 'scheduled__2023-01-02T00:00:00+00:00', '--job-id', '153', '--raw', '--subdir', 'DAGS_FOLDER/dq_pipeline.py', '--cfg-path', '/tmp/tmpjmx_eeym']
[2025-03-31T12:12:04.758+0000] {standard_task_runner.py:83} INFO - Job 153: Subtask extract_load_raw
[2025-03-31T12:12:04.790+0000] {task_command.py:388} INFO - Running <TaskInstance: data_quality_pipeline.extract_load_raw scheduled__2023-01-02T00:00:00+00:00 [running]> on host ab19a3cb7e10
[2025-03-31T12:12:04.829+0000] {taskinstance.py:1509} INFO - Exporting the following env vars:
AIRFLOW_CTX_DAG_OWNER=airflow
AIRFLOW_CTX_DAG_ID=data_quality_pipeline
AIRFLOW_CTX_TASK_ID=extract_load_raw
AIRFLOW_CTX_EXECUTION_DATE=2023-01-02T00:00:00+00:00
AIRFLOW_CTX_TRY_NUMBER=1
AIRFLOW_CTX_DAG_RUN_ID=scheduled__2023-01-02T00:00:00+00:00
[2025-03-31T12:12:04.831+0000] {logging_mixin.py:137} INFO - Data loaded into raw_sales
[2025-03-31T12:12:04.831+0000] {python.py:177} INFO - Done. Returned value was: None
[2025-03-31T12:12:04.837+0000] {taskinstance.py:1323} INFO - Marking task as SUCCESS. dag_id=data_quality_pipeline, task_id=extract_load_raw, execution_date=20230102T000000, start_date=20250331T121204, end_date=20250331T121204
[2025-03-31T12:12:04.857+0000] {local_task_job.py:208} INFO - Task exited with return code 0
[2025-03-31T12:12:04.873+0000] {taskinstance.py:2578} INFO - 1 downstream tasks scheduled from follow-on schedule check
[2025-03-31T12:46:51.164+0000] {taskinstance.py:1083} INFO - Dependencies all met for <TaskInstance: data_quality_pipeline.extract_load_raw scheduled__2023-01-02T00:00:00+00:00 [queued]>
[2025-03-31T12:46:51.170+0000] {taskinstance.py:1083} INFO - Dependencies all met for <TaskInstance: data_quality_pipeline.extract_load_raw scheduled__2023-01-02T00:00:00+00:00 [queued]>
[2025-03-31T12:46:51.170+0000] {taskinstance.py:1279} INFO - 
--------------------------------------------------------------------------------
[2025-03-31T12:46:51.170+0000] {taskinstance.py:1280} INFO - Starting attempt 1 of 1
[2025-03-31T12:46:51.170+0000] {taskinstance.py:1281} INFO - 
--------------------------------------------------------------------------------
[2025-03-31T12:46:51.177+0000] {taskinstance.py:1300} INFO - Executing <Task(PythonOperator): extract_load_raw> on 2023-01-02 00:00:00+00:00
[2025-03-31T12:46:51.180+0000] {standard_task_runner.py:55} INFO - Started process 140 to run task
[2025-03-31T12:46:51.184+0000] {standard_task_runner.py:82} INFO - Running: ['airflow', 'tasks', 'run', 'data_quality_pipeline', 'extract_load_raw', 'scheduled__2023-01-02T00:00:00+00:00', '--job-id', '3', '--raw', '--subdir', 'DAGS_FOLDER/dq_pipeline.py', '--cfg-path', '/tmp/tmpyw3uawtf']
[2025-03-31T12:46:51.184+0000] {standard_task_runner.py:83} INFO - Job 3: Subtask extract_load_raw
[2025-03-31T12:46:51.219+0000] {task_command.py:388} INFO - Running <TaskInstance: data_quality_pipeline.extract_load_raw scheduled__2023-01-02T00:00:00+00:00 [running]> on host 2d135a449b72
[2025-03-31T12:46:51.257+0000] {taskinstance.py:1509} INFO - Exporting the following env vars:
AIRFLOW_CTX_DAG_OWNER=airflow
AIRFLOW_CTX_DAG_ID=data_quality_pipeline
AIRFLOW_CTX_TASK_ID=extract_load_raw
AIRFLOW_CTX_EXECUTION_DATE=2023-01-02T00:00:00+00:00
AIRFLOW_CTX_TRY_NUMBER=1
AIRFLOW_CTX_DAG_RUN_ID=scheduled__2023-01-02T00:00:00+00:00
[2025-03-31T12:46:51.259+0000] {logging_mixin.py:137} INFO - Data loaded into raw_sales
[2025-03-31T12:46:51.259+0000] {python.py:177} INFO - Done. Returned value was: None
[2025-03-31T12:46:51.264+0000] {taskinstance.py:1323} INFO - Marking task as SUCCESS. dag_id=data_quality_pipeline, task_id=extract_load_raw, execution_date=20230102T000000, start_date=20250331T124651, end_date=20250331T124651
[2025-03-31T12:46:51.281+0000] {local_task_job.py:208} INFO - Task exited with return code 0
[2025-03-31T12:46:51.295+0000] {taskinstance.py:2578} INFO - 1 downstream tasks scheduled from follow-on schedule check
