[2025-03-31T12:00:08.466+0000] {taskinstance.py:1083} INFO - Dependencies all met for <TaskInstance: data_quality_pipeline.extract_load_raw scheduled__2023-01-03T00:00:00+00:00 [queued]>
[2025-03-31T12:00:08.471+0000] {taskinstance.py:1083} INFO - Dependencies all met for <TaskInstance: data_quality_pipeline.extract_load_raw scheduled__2023-01-03T00:00:00+00:00 [queued]>
[2025-03-31T12:00:08.471+0000] {taskinstance.py:1279} INFO - 
--------------------------------------------------------------------------------
[2025-03-31T12:00:08.472+0000] {taskinstance.py:1280} INFO - Starting attempt 1 of 1
[2025-03-31T12:00:08.472+0000] {taskinstance.py:1281} INFO - 
--------------------------------------------------------------------------------
[2025-03-31T12:00:08.479+0000] {taskinstance.py:1300} INFO - Executing <Task(PythonOperator): extract_load_raw> on 2023-01-03 00:00:00+00:00
[2025-03-31T12:00:08.482+0000] {standard_task_runner.py:55} INFO - Started process 397 to run task
[2025-03-31T12:00:08.484+0000] {standard_task_runner.py:82} INFO - Running: ['airflow', 'tasks', 'run', 'data_quality_pipeline', 'extract_load_raw', 'scheduled__2023-01-03T00:00:00+00:00', '--job-id', '12', '--raw', '--subdir', 'DAGS_FOLDER/dq_pipeline.py', '--cfg-path', '/tmp/tmp27e7d0to']
[2025-03-31T12:00:08.485+0000] {standard_task_runner.py:83} INFO - Job 12: Subtask extract_load_raw
[2025-03-31T12:00:08.518+0000] {task_command.py:388} INFO - Running <TaskInstance: data_quality_pipeline.extract_load_raw scheduled__2023-01-03T00:00:00+00:00 [running]> on host 1d0e81057fe9
[2025-03-31T12:00:08.556+0000] {taskinstance.py:1509} INFO - Exporting the following env vars:
AIRFLOW_CTX_DAG_OWNER=airflow
AIRFLOW_CTX_DAG_ID=data_quality_pipeline
AIRFLOW_CTX_TASK_ID=extract_load_raw
AIRFLOW_CTX_EXECUTION_DATE=2023-01-03T00:00:00+00:00
AIRFLOW_CTX_TRY_NUMBER=1
AIRFLOW_CTX_DAG_RUN_ID=scheduled__2023-01-03T00:00:00+00:00
[2025-03-31T12:00:08.558+0000] {logging_mixin.py:137} INFO - Data loaded into raw_sales
[2025-03-31T12:00:08.559+0000] {python.py:177} INFO - Done. Returned value was: None
[2025-03-31T12:00:08.564+0000] {taskinstance.py:1323} INFO - Marking task as SUCCESS. dag_id=data_quality_pipeline, task_id=extract_load_raw, execution_date=20230103T000000, start_date=20250331T120008, end_date=20250331T120008
[2025-03-31T12:00:08.584+0000] {local_task_job.py:208} INFO - Task exited with return code 0
[2025-03-31T12:00:08.599+0000] {taskinstance.py:2578} INFO - 1 downstream tasks scheduled from follow-on schedule check
[2025-03-31T12:12:13.657+0000] {taskinstance.py:1083} INFO - Dependencies all met for <TaskInstance: data_quality_pipeline.extract_load_raw scheduled__2023-01-03T00:00:00+00:00 [queued]>
[2025-03-31T12:12:13.662+0000] {taskinstance.py:1083} INFO - Dependencies all met for <TaskInstance: data_quality_pipeline.extract_load_raw scheduled__2023-01-03T00:00:00+00:00 [queued]>
[2025-03-31T12:12:13.663+0000] {taskinstance.py:1279} INFO - 
--------------------------------------------------------------------------------
[2025-03-31T12:12:13.663+0000] {taskinstance.py:1280} INFO - Starting attempt 1 of 1
[2025-03-31T12:12:13.663+0000] {taskinstance.py:1281} INFO - 
--------------------------------------------------------------------------------
[2025-03-31T12:12:13.669+0000] {taskinstance.py:1300} INFO - Executing <Task(PythonOperator): extract_load_raw> on 2023-01-03 00:00:00+00:00
[2025-03-31T12:12:13.673+0000] {standard_task_runner.py:55} INFO - Started process 1987 to run task
[2025-03-31T12:12:13.675+0000] {standard_task_runner.py:82} INFO - Running: ['airflow', 'tasks', 'run', 'data_quality_pipeline', 'extract_load_raw', 'scheduled__2023-01-03T00:00:00+00:00', '--job-id', '156', '--raw', '--subdir', 'DAGS_FOLDER/dq_pipeline.py', '--cfg-path', '/tmp/tmp4kamo3ix']
[2025-03-31T12:12:13.675+0000] {standard_task_runner.py:83} INFO - Job 156: Subtask extract_load_raw
[2025-03-31T12:12:13.707+0000] {task_command.py:388} INFO - Running <TaskInstance: data_quality_pipeline.extract_load_raw scheduled__2023-01-03T00:00:00+00:00 [running]> on host ab19a3cb7e10
[2025-03-31T12:12:13.781+0000] {taskinstance.py:1509} INFO - Exporting the following env vars:
AIRFLOW_CTX_DAG_OWNER=airflow
AIRFLOW_CTX_DAG_ID=data_quality_pipeline
AIRFLOW_CTX_TASK_ID=extract_load_raw
AIRFLOW_CTX_EXECUTION_DATE=2023-01-03T00:00:00+00:00
AIRFLOW_CTX_TRY_NUMBER=1
AIRFLOW_CTX_DAG_RUN_ID=scheduled__2023-01-03T00:00:00+00:00
[2025-03-31T12:12:13.784+0000] {logging_mixin.py:137} INFO - Data loaded into raw_sales
[2025-03-31T12:12:13.784+0000] {python.py:177} INFO - Done. Returned value was: None
[2025-03-31T12:12:13.790+0000] {taskinstance.py:1323} INFO - Marking task as SUCCESS. dag_id=data_quality_pipeline, task_id=extract_load_raw, execution_date=20230103T000000, start_date=20250331T121213, end_date=20250331T121213
[2025-03-31T12:12:13.817+0000] {local_task_job.py:208} INFO - Task exited with return code 0
[2025-03-31T12:12:13.832+0000] {taskinstance.py:2578} INFO - 1 downstream tasks scheduled from follow-on schedule check
[2025-03-31T12:46:56.846+0000] {taskinstance.py:1083} INFO - Dependencies all met for <TaskInstance: data_quality_pipeline.extract_load_raw scheduled__2023-01-03T00:00:00+00:00 [queued]>
[2025-03-31T12:46:56.851+0000] {taskinstance.py:1083} INFO - Dependencies all met for <TaskInstance: data_quality_pipeline.extract_load_raw scheduled__2023-01-03T00:00:00+00:00 [queued]>
[2025-03-31T12:46:56.851+0000] {taskinstance.py:1279} INFO - 
--------------------------------------------------------------------------------
[2025-03-31T12:46:56.851+0000] {taskinstance.py:1280} INFO - Starting attempt 1 of 1
[2025-03-31T12:46:56.851+0000] {taskinstance.py:1281} INFO - 
--------------------------------------------------------------------------------
[2025-03-31T12:46:56.857+0000] {taskinstance.py:1300} INFO - Executing <Task(PythonOperator): extract_load_raw> on 2023-01-03 00:00:00+00:00
[2025-03-31T12:46:56.860+0000] {standard_task_runner.py:55} INFO - Started process 165 to run task
[2025-03-31T12:46:56.862+0000] {standard_task_runner.py:82} INFO - Running: ['airflow', 'tasks', 'run', 'data_quality_pipeline', 'extract_load_raw', 'scheduled__2023-01-03T00:00:00+00:00', '--job-id', '5', '--raw', '--subdir', 'DAGS_FOLDER/dq_pipeline.py', '--cfg-path', '/tmp/tmp_tf188jp']
[2025-03-31T12:46:56.863+0000] {standard_task_runner.py:83} INFO - Job 5: Subtask extract_load_raw
[2025-03-31T12:46:56.898+0000] {task_command.py:388} INFO - Running <TaskInstance: data_quality_pipeline.extract_load_raw scheduled__2023-01-03T00:00:00+00:00 [running]> on host 2d135a449b72
[2025-03-31T12:46:56.936+0000] {taskinstance.py:1509} INFO - Exporting the following env vars:
AIRFLOW_CTX_DAG_OWNER=airflow
AIRFLOW_CTX_DAG_ID=data_quality_pipeline
AIRFLOW_CTX_TASK_ID=extract_load_raw
AIRFLOW_CTX_EXECUTION_DATE=2023-01-03T00:00:00+00:00
AIRFLOW_CTX_TRY_NUMBER=1
AIRFLOW_CTX_DAG_RUN_ID=scheduled__2023-01-03T00:00:00+00:00
[2025-03-31T12:46:56.938+0000] {logging_mixin.py:137} INFO - Data loaded into raw_sales
[2025-03-31T12:46:56.938+0000] {python.py:177} INFO - Done. Returned value was: None
[2025-03-31T12:46:56.943+0000] {taskinstance.py:1323} INFO - Marking task as SUCCESS. dag_id=data_quality_pipeline, task_id=extract_load_raw, execution_date=20230103T000000, start_date=20250331T124656, end_date=20250331T124656
[2025-03-31T12:46:56.959+0000] {local_task_job.py:208} INFO - Task exited with return code 0
[2025-03-31T12:46:56.974+0000] {taskinstance.py:2578} INFO - 1 downstream tasks scheduled from follow-on schedule check
