[2025-03-31T12:01:52.351+0000] {taskinstance.py:1083} INFO - Dependencies all met for <TaskInstance: data_quality_pipeline.extract_load_raw scheduled__2023-01-14T00:00:00+00:00 [queued]>
[2025-03-31T12:01:52.357+0000] {taskinstance.py:1083} INFO - Dependencies all met for <TaskInstance: data_quality_pipeline.extract_load_raw scheduled__2023-01-14T00:00:00+00:00 [queued]>
[2025-03-31T12:01:52.357+0000] {taskinstance.py:1279} INFO - 
--------------------------------------------------------------------------------
[2025-03-31T12:01:52.357+0000] {taskinstance.py:1280} INFO - Starting attempt 1 of 1
[2025-03-31T12:01:52.357+0000] {taskinstance.py:1281} INFO - 
--------------------------------------------------------------------------------
[2025-03-31T12:01:52.364+0000] {taskinstance.py:1300} INFO - Executing <Task(PythonOperator): extract_load_raw> on 2023-01-14 00:00:00+00:00
[2025-03-31T12:01:52.367+0000] {standard_task_runner.py:55} INFO - Started process 915 to run task
[2025-03-31T12:01:52.369+0000] {standard_task_runner.py:82} INFO - Running: ['airflow', 'tasks', 'run', 'data_quality_pipeline', 'extract_load_raw', 'scheduled__2023-01-14T00:00:00+00:00', '--job-id', '53', '--raw', '--subdir', 'DAGS_FOLDER/dq_pipeline.py', '--cfg-path', '/tmp/tmpwvhlfq57']
[2025-03-31T12:01:52.369+0000] {standard_task_runner.py:83} INFO - Job 53: Subtask extract_load_raw
[2025-03-31T12:01:52.401+0000] {task_command.py:388} INFO - Running <TaskInstance: data_quality_pipeline.extract_load_raw scheduled__2023-01-14T00:00:00+00:00 [running]> on host 1d0e81057fe9
[2025-03-31T12:01:52.438+0000] {taskinstance.py:1509} INFO - Exporting the following env vars:
AIRFLOW_CTX_DAG_OWNER=airflow
AIRFLOW_CTX_DAG_ID=data_quality_pipeline
AIRFLOW_CTX_TASK_ID=extract_load_raw
AIRFLOW_CTX_EXECUTION_DATE=2023-01-14T00:00:00+00:00
AIRFLOW_CTX_TRY_NUMBER=1
AIRFLOW_CTX_DAG_RUN_ID=scheduled__2023-01-14T00:00:00+00:00
[2025-03-31T12:01:52.440+0000] {logging_mixin.py:137} INFO - Data loaded into raw_sales
[2025-03-31T12:01:52.440+0000] {python.py:177} INFO - Done. Returned value was: None
[2025-03-31T12:01:52.446+0000] {taskinstance.py:1323} INFO - Marking task as SUCCESS. dag_id=data_quality_pipeline, task_id=extract_load_raw, execution_date=20230114T000000, start_date=20250331T120152, end_date=20250331T120152
[2025-03-31T12:01:52.466+0000] {local_task_job.py:208} INFO - Task exited with return code 0
[2025-03-31T12:01:52.481+0000] {taskinstance.py:2578} INFO - 1 downstream tasks scheduled from follow-on schedule check
