[2025-04-01T15:08:26.240+0000] {processor.py:186} INFO - Started process (PID=115) to work on /home/airflow/.local/lib/python3.12/site-packages/airflow/example_dags/example_xcom.py
[2025-04-01T15:08:26.240+0000] {processor.py:914} INFO - Processing file /home/airflow/.local/lib/python3.12/site-packages/airflow/example_dags/example_xcom.py for tasks to queue
[2025-04-01T15:08:26.242+0000] {logging_mixin.py:190} INFO - [2025-04-01T15:08:26.242+0000] {dagbag.py:588} INFO - Filling up the DagBag from /home/airflow/.local/lib/python3.12/site-packages/airflow/example_dags/example_xcom.py
[2025-04-01T15:08:26.252+0000] {processor.py:925} INFO - DAG(s) 'example_xcom' retrieved from /home/airflow/.local/lib/python3.12/site-packages/airflow/example_dags/example_xcom.py
[2025-04-01T15:08:26.357+0000] {logging_mixin.py:190} INFO - [2025-04-01T15:08:26.356+0000] {override.py:1912} INFO - Created Permission View: can read on DAG:example_xcom
[2025-04-01T15:08:26.367+0000] {logging_mixin.py:190} INFO - [2025-04-01T15:08:26.367+0000] {override.py:1912} INFO - Created Permission View: can edit on DAG:example_xcom
[2025-04-01T15:08:26.374+0000] {logging_mixin.py:190} INFO - [2025-04-01T15:08:26.374+0000] {override.py:1912} INFO - Created Permission View: can delete on DAG:example_xcom
[2025-04-01T15:08:26.382+0000] {logging_mixin.py:190} INFO - [2025-04-01T15:08:26.382+0000] {override.py:1912} INFO - Created Permission View: can read on DAG Run:example_xcom
[2025-04-01T15:08:26.388+0000] {logging_mixin.py:190} INFO - [2025-04-01T15:08:26.388+0000] {override.py:1912} INFO - Created Permission View: can create on DAG Run:example_xcom
[2025-04-01T15:08:26.393+0000] {logging_mixin.py:190} INFO - [2025-04-01T15:08:26.393+0000] {override.py:1912} INFO - Created Permission View: can delete on DAG Run:example_xcom
[2025-04-01T15:08:26.399+0000] {logging_mixin.py:190} INFO - [2025-04-01T15:08:26.399+0000] {override.py:1912} INFO - Created Permission View: menu access on DAG Run:example_xcom
[2025-04-01T15:08:26.399+0000] {logging_mixin.py:190} INFO - [2025-04-01T15:08:26.399+0000] {dag.py:3239} INFO - Sync 1 DAGs
[2025-04-01T15:08:26.410+0000] {logging_mixin.py:190} INFO - [2025-04-01T15:08:26.410+0000] {dag.py:3262} INFO - Creating ORM DAG for example_xcom
[2025-04-01T15:08:26.419+0000] {logging_mixin.py:190} INFO - [2025-04-01T15:08:26.418+0000] {dag.py:4180} INFO - Setting next_dagrun for example_xcom to 2021-01-01 00:00:00+00:00, run_after=2021-01-01 00:00:00+00:00
[2025-04-01T15:08:26.434+0000] {processor.py:208} INFO - Processing /home/airflow/.local/lib/python3.12/site-packages/airflow/example_dags/example_xcom.py took 0.200 seconds
[2025-04-01T15:08:57.612+0000] {processor.py:186} INFO - Started process (PID=180) to work on /home/airflow/.local/lib/python3.12/site-packages/airflow/example_dags/example_xcom.py
[2025-04-01T15:08:57.613+0000] {processor.py:914} INFO - Processing file /home/airflow/.local/lib/python3.12/site-packages/airflow/example_dags/example_xcom.py for tasks to queue
[2025-04-01T15:08:57.614+0000] {logging_mixin.py:190} INFO - [2025-04-01T15:08:57.614+0000] {dagbag.py:588} INFO - Filling up the DagBag from /home/airflow/.local/lib/python3.12/site-packages/airflow/example_dags/example_xcom.py
[2025-04-01T15:08:57.620+0000] {processor.py:925} INFO - DAG(s) 'example_xcom' retrieved from /home/airflow/.local/lib/python3.12/site-packages/airflow/example_dags/example_xcom.py
[2025-04-01T15:08:57.634+0000] {logging_mixin.py:190} INFO - [2025-04-01T15:08:57.634+0000] {dag.py:3239} INFO - Sync 1 DAGs
[2025-04-01T15:08:57.650+0000] {logging_mixin.py:190} INFO - [2025-04-01T15:08:57.650+0000] {dag.py:4180} INFO - Setting next_dagrun for example_xcom to 2021-01-01 00:00:00+00:00, run_after=2021-01-01 00:00:00+00:00
[2025-04-01T15:08:57.663+0000] {processor.py:208} INFO - Processing /home/airflow/.local/lib/python3.12/site-packages/airflow/example_dags/example_xcom.py took 0.054 seconds
[2025-04-01T15:09:28.238+0000] {processor.py:186} INFO - Started process (PID=245) to work on /home/airflow/.local/lib/python3.12/site-packages/airflow/example_dags/example_xcom.py
[2025-04-01T15:09:28.238+0000] {processor.py:914} INFO - Processing file /home/airflow/.local/lib/python3.12/site-packages/airflow/example_dags/example_xcom.py for tasks to queue
[2025-04-01T15:09:28.240+0000] {logging_mixin.py:190} INFO - [2025-04-01T15:09:28.240+0000] {dagbag.py:588} INFO - Filling up the DagBag from /home/airflow/.local/lib/python3.12/site-packages/airflow/example_dags/example_xcom.py
[2025-04-01T15:09:28.246+0000] {processor.py:925} INFO - DAG(s) 'example_xcom' retrieved from /home/airflow/.local/lib/python3.12/site-packages/airflow/example_dags/example_xcom.py
[2025-04-01T15:09:28.262+0000] {logging_mixin.py:190} INFO - [2025-04-01T15:09:28.262+0000] {dag.py:3239} INFO - Sync 1 DAGs
[2025-04-01T15:09:28.279+0000] {logging_mixin.py:190} INFO - [2025-04-01T15:09:28.279+0000] {dag.py:4180} INFO - Setting next_dagrun for example_xcom to 2021-01-01 00:00:00+00:00, run_after=2021-01-01 00:00:00+00:00
[2025-04-01T15:09:28.292+0000] {processor.py:208} INFO - Processing /home/airflow/.local/lib/python3.12/site-packages/airflow/example_dags/example_xcom.py took 0.058 seconds
[2025-04-01T15:09:59.277+0000] {processor.py:186} INFO - Started process (PID=310) to work on /home/airflow/.local/lib/python3.12/site-packages/airflow/example_dags/example_xcom.py
[2025-04-01T15:09:59.278+0000] {processor.py:914} INFO - Processing file /home/airflow/.local/lib/python3.12/site-packages/airflow/example_dags/example_xcom.py for tasks to queue
[2025-04-01T15:09:59.279+0000] {logging_mixin.py:190} INFO - [2025-04-01T15:09:59.279+0000] {dagbag.py:588} INFO - Filling up the DagBag from /home/airflow/.local/lib/python3.12/site-packages/airflow/example_dags/example_xcom.py
[2025-04-01T15:09:59.285+0000] {processor.py:925} INFO - DAG(s) 'example_xcom' retrieved from /home/airflow/.local/lib/python3.12/site-packages/airflow/example_dags/example_xcom.py
[2025-04-01T15:09:59.300+0000] {logging_mixin.py:190} INFO - [2025-04-01T15:09:59.300+0000] {dag.py:3239} INFO - Sync 1 DAGs
[2025-04-01T15:09:59.318+0000] {logging_mixin.py:190} INFO - [2025-04-01T15:09:59.317+0000] {dag.py:4180} INFO - Setting next_dagrun for example_xcom to 2021-01-01 00:00:00+00:00, run_after=2021-01-01 00:00:00+00:00
[2025-04-01T15:09:59.332+0000] {processor.py:208} INFO - Processing /home/airflow/.local/lib/python3.12/site-packages/airflow/example_dags/example_xcom.py took 0.059 seconds
[2025-04-01T15:10:30.481+0000] {processor.py:186} INFO - Started process (PID=374) to work on /home/airflow/.local/lib/python3.12/site-packages/airflow/example_dags/example_xcom.py
[2025-04-01T15:10:30.483+0000] {processor.py:914} INFO - Processing file /home/airflow/.local/lib/python3.12/site-packages/airflow/example_dags/example_xcom.py for tasks to queue
[2025-04-01T15:10:30.484+0000] {logging_mixin.py:190} INFO - [2025-04-01T15:10:30.484+0000] {dagbag.py:588} INFO - Filling up the DagBag from /home/airflow/.local/lib/python3.12/site-packages/airflow/example_dags/example_xcom.py
[2025-04-01T15:10:30.491+0000] {processor.py:925} INFO - DAG(s) 'example_xcom' retrieved from /home/airflow/.local/lib/python3.12/site-packages/airflow/example_dags/example_xcom.py
[2025-04-01T15:10:30.506+0000] {logging_mixin.py:190} INFO - [2025-04-01T15:10:30.506+0000] {dag.py:3239} INFO - Sync 1 DAGs
[2025-04-01T15:10:30.524+0000] {logging_mixin.py:190} INFO - [2025-04-01T15:10:30.524+0000] {dag.py:4180} INFO - Setting next_dagrun for example_xcom to 2021-01-01 00:00:00+00:00, run_after=2021-01-01 00:00:00+00:00
[2025-04-01T15:10:30.541+0000] {processor.py:208} INFO - Processing /home/airflow/.local/lib/python3.12/site-packages/airflow/example_dags/example_xcom.py took 0.064 seconds
[2025-04-01T15:11:01.673+0000] {processor.py:186} INFO - Started process (PID=439) to work on /home/airflow/.local/lib/python3.12/site-packages/airflow/example_dags/example_xcom.py
[2025-04-01T15:11:01.673+0000] {processor.py:914} INFO - Processing file /home/airflow/.local/lib/python3.12/site-packages/airflow/example_dags/example_xcom.py for tasks to queue
[2025-04-01T15:11:01.675+0000] {logging_mixin.py:190} INFO - [2025-04-01T15:11:01.675+0000] {dagbag.py:588} INFO - Filling up the DagBag from /home/airflow/.local/lib/python3.12/site-packages/airflow/example_dags/example_xcom.py
[2025-04-01T15:11:01.682+0000] {processor.py:925} INFO - DAG(s) 'example_xcom' retrieved from /home/airflow/.local/lib/python3.12/site-packages/airflow/example_dags/example_xcom.py
[2025-04-01T15:11:01.705+0000] {logging_mixin.py:190} INFO - [2025-04-01T15:11:01.705+0000] {dag.py:3239} INFO - Sync 1 DAGs
[2025-04-01T15:11:01.729+0000] {logging_mixin.py:190} INFO - [2025-04-01T15:11:01.729+0000] {dag.py:4180} INFO - Setting next_dagrun for example_xcom to 2021-01-01 00:00:00+00:00, run_after=2021-01-01 00:00:00+00:00
[2025-04-01T15:11:01.745+0000] {processor.py:208} INFO - Processing /home/airflow/.local/lib/python3.12/site-packages/airflow/example_dags/example_xcom.py took 0.079 seconds
[2025-04-01T15:11:32.858+0000] {processor.py:186} INFO - Started process (PID=504) to work on /home/airflow/.local/lib/python3.12/site-packages/airflow/example_dags/example_xcom.py
[2025-04-01T15:11:32.858+0000] {processor.py:914} INFO - Processing file /home/airflow/.local/lib/python3.12/site-packages/airflow/example_dags/example_xcom.py for tasks to queue
[2025-04-01T15:11:32.860+0000] {logging_mixin.py:190} INFO - [2025-04-01T15:11:32.860+0000] {dagbag.py:588} INFO - Filling up the DagBag from /home/airflow/.local/lib/python3.12/site-packages/airflow/example_dags/example_xcom.py
[2025-04-01T15:11:32.867+0000] {processor.py:925} INFO - DAG(s) 'example_xcom' retrieved from /home/airflow/.local/lib/python3.12/site-packages/airflow/example_dags/example_xcom.py
[2025-04-01T15:11:32.882+0000] {logging_mixin.py:190} INFO - [2025-04-01T15:11:32.881+0000] {dag.py:3239} INFO - Sync 1 DAGs
[2025-04-01T15:11:32.899+0000] {logging_mixin.py:190} INFO - [2025-04-01T15:11:32.899+0000] {dag.py:4180} INFO - Setting next_dagrun for example_xcom to 2021-01-01 00:00:00+00:00, run_after=2021-01-01 00:00:00+00:00
[2025-04-01T15:11:32.913+0000] {processor.py:208} INFO - Processing /home/airflow/.local/lib/python3.12/site-packages/airflow/example_dags/example_xcom.py took 0.060 seconds
[2025-04-01T15:12:04.127+0000] {processor.py:186} INFO - Started process (PID=569) to work on /home/airflow/.local/lib/python3.12/site-packages/airflow/example_dags/example_xcom.py
[2025-04-01T15:12:04.128+0000] {processor.py:914} INFO - Processing file /home/airflow/.local/lib/python3.12/site-packages/airflow/example_dags/example_xcom.py for tasks to queue
[2025-04-01T15:12:04.129+0000] {logging_mixin.py:190} INFO - [2025-04-01T15:12:04.129+0000] {dagbag.py:588} INFO - Filling up the DagBag from /home/airflow/.local/lib/python3.12/site-packages/airflow/example_dags/example_xcom.py
[2025-04-01T15:12:04.136+0000] {processor.py:925} INFO - DAG(s) 'example_xcom' retrieved from /home/airflow/.local/lib/python3.12/site-packages/airflow/example_dags/example_xcom.py
[2025-04-01T15:12:04.153+0000] {logging_mixin.py:190} INFO - [2025-04-01T15:12:04.153+0000] {dag.py:3239} INFO - Sync 1 DAGs
[2025-04-01T15:12:04.175+0000] {logging_mixin.py:190} INFO - [2025-04-01T15:12:04.174+0000] {dag.py:4180} INFO - Setting next_dagrun for example_xcom to 2021-01-01 00:00:00+00:00, run_after=2021-01-01 00:00:00+00:00
[2025-04-01T15:12:04.194+0000] {processor.py:208} INFO - Processing /home/airflow/.local/lib/python3.12/site-packages/airflow/example_dags/example_xcom.py took 0.071 seconds
[2025-04-01T15:12:34.871+0000] {processor.py:186} INFO - Started process (PID=634) to work on /home/airflow/.local/lib/python3.12/site-packages/airflow/example_dags/example_xcom.py
[2025-04-01T15:12:34.871+0000] {processor.py:914} INFO - Processing file /home/airflow/.local/lib/python3.12/site-packages/airflow/example_dags/example_xcom.py for tasks to queue
[2025-04-01T15:12:34.873+0000] {logging_mixin.py:190} INFO - [2025-04-01T15:12:34.872+0000] {dagbag.py:588} INFO - Filling up the DagBag from /home/airflow/.local/lib/python3.12/site-packages/airflow/example_dags/example_xcom.py
[2025-04-01T15:12:34.879+0000] {processor.py:925} INFO - DAG(s) 'example_xcom' retrieved from /home/airflow/.local/lib/python3.12/site-packages/airflow/example_dags/example_xcom.py
[2025-04-01T15:12:34.896+0000] {logging_mixin.py:190} INFO - [2025-04-01T15:12:34.895+0000] {dag.py:3239} INFO - Sync 1 DAGs
[2025-04-01T15:12:34.921+0000] {logging_mixin.py:190} INFO - [2025-04-01T15:12:34.921+0000] {dag.py:4180} INFO - Setting next_dagrun for example_xcom to 2021-01-01 00:00:00+00:00, run_after=2021-01-01 00:00:00+00:00
[2025-04-01T15:12:34.937+0000] {processor.py:208} INFO - Processing /home/airflow/.local/lib/python3.12/site-packages/airflow/example_dags/example_xcom.py took 0.071 seconds
[2025-04-01T15:13:05.728+0000] {processor.py:186} INFO - Started process (PID=699) to work on /home/airflow/.local/lib/python3.12/site-packages/airflow/example_dags/example_xcom.py
[2025-04-01T15:13:05.730+0000] {processor.py:914} INFO - Processing file /home/airflow/.local/lib/python3.12/site-packages/airflow/example_dags/example_xcom.py for tasks to queue
[2025-04-01T15:13:05.732+0000] {logging_mixin.py:190} INFO - [2025-04-01T15:13:05.731+0000] {dagbag.py:588} INFO - Filling up the DagBag from /home/airflow/.local/lib/python3.12/site-packages/airflow/example_dags/example_xcom.py
[2025-04-01T15:13:05.741+0000] {processor.py:925} INFO - DAG(s) 'example_xcom' retrieved from /home/airflow/.local/lib/python3.12/site-packages/airflow/example_dags/example_xcom.py
[2025-04-01T15:13:05.761+0000] {logging_mixin.py:190} INFO - [2025-04-01T15:13:05.761+0000] {dag.py:3239} INFO - Sync 1 DAGs
[2025-04-01T15:13:05.784+0000] {logging_mixin.py:190} INFO - [2025-04-01T15:13:05.784+0000] {dag.py:4180} INFO - Setting next_dagrun for example_xcom to 2021-01-01 00:00:00+00:00, run_after=2021-01-01 00:00:00+00:00
[2025-04-01T15:13:05.800+0000] {processor.py:208} INFO - Processing /home/airflow/.local/lib/python3.12/site-packages/airflow/example_dags/example_xcom.py took 0.077 seconds
[2025-04-01T15:13:36.643+0000] {processor.py:186} INFO - Started process (PID=764) to work on /home/airflow/.local/lib/python3.12/site-packages/airflow/example_dags/example_xcom.py
[2025-04-01T15:13:36.645+0000] {processor.py:914} INFO - Processing file /home/airflow/.local/lib/python3.12/site-packages/airflow/example_dags/example_xcom.py for tasks to queue
[2025-04-01T15:13:36.647+0000] {logging_mixin.py:190} INFO - [2025-04-01T15:13:36.646+0000] {dagbag.py:588} INFO - Filling up the DagBag from /home/airflow/.local/lib/python3.12/site-packages/airflow/example_dags/example_xcom.py
[2025-04-01T15:13:36.654+0000] {processor.py:925} INFO - DAG(s) 'example_xcom' retrieved from /home/airflow/.local/lib/python3.12/site-packages/airflow/example_dags/example_xcom.py
[2025-04-01T15:13:36.676+0000] {logging_mixin.py:190} INFO - [2025-04-01T15:13:36.676+0000] {dag.py:3239} INFO - Sync 1 DAGs
[2025-04-01T15:13:36.701+0000] {logging_mixin.py:190} INFO - [2025-04-01T15:13:36.701+0000] {dag.py:4180} INFO - Setting next_dagrun for example_xcom to 2021-01-01 00:00:00+00:00, run_after=2021-01-01 00:00:00+00:00
[2025-04-01T15:13:36.717+0000] {processor.py:208} INFO - Processing /home/airflow/.local/lib/python3.12/site-packages/airflow/example_dags/example_xcom.py took 0.079 seconds
