[2025-04-01T15:08:20.876+0000] {processor.py:186} INFO - Started process (PID=88) to work on /home/airflow/.local/lib/python3.12/site-packages/airflow/example_dags/example_params_trigger_ui.py
[2025-04-01T15:08:20.876+0000] {processor.py:914} INFO - Processing file /home/airflow/.local/lib/python3.12/site-packages/airflow/example_dags/example_params_trigger_ui.py for tasks to queue
[2025-04-01T15:08:20.878+0000] {logging_mixin.py:190} INFO - [2025-04-01T15:08:20.878+0000] {dagbag.py:588} INFO - Filling up the DagBag from /home/airflow/.local/lib/python3.12/site-packages/airflow/example_dags/example_params_trigger_ui.py
[2025-04-01T15:08:20.888+0000] {processor.py:925} INFO - DAG(s) 'example_params_trigger_ui' retrieved from /home/airflow/.local/lib/python3.12/site-packages/airflow/example_dags/example_params_trigger_ui.py
[2025-04-01T15:08:20.999+0000] {logging_mixin.py:190} INFO - [2025-04-01T15:08:20.998+0000] {override.py:1912} INFO - Created Permission View: can read on DAG:example_params_trigger_ui
[2025-04-01T15:08:21.008+0000] {logging_mixin.py:190} INFO - [2025-04-01T15:08:21.008+0000] {override.py:1912} INFO - Created Permission View: can edit on DAG:example_params_trigger_ui
[2025-04-01T15:08:21.014+0000] {logging_mixin.py:190} INFO - [2025-04-01T15:08:21.014+0000] {override.py:1912} INFO - Created Permission View: can delete on DAG:example_params_trigger_ui
[2025-04-01T15:08:21.021+0000] {logging_mixin.py:190} INFO - [2025-04-01T15:08:21.021+0000] {override.py:1912} INFO - Created Permission View: can read on DAG Run:example_params_trigger_ui
[2025-04-01T15:08:21.027+0000] {logging_mixin.py:190} INFO - [2025-04-01T15:08:21.026+0000] {override.py:1912} INFO - Created Permission View: can create on DAG Run:example_params_trigger_ui
[2025-04-01T15:08:21.033+0000] {logging_mixin.py:190} INFO - [2025-04-01T15:08:21.032+0000] {override.py:1912} INFO - Created Permission View: can delete on DAG Run:example_params_trigger_ui
[2025-04-01T15:08:21.038+0000] {logging_mixin.py:190} INFO - [2025-04-01T15:08:21.038+0000] {override.py:1912} INFO - Created Permission View: menu access on DAG Run:example_params_trigger_ui
[2025-04-01T15:08:21.039+0000] {logging_mixin.py:190} INFO - [2025-04-01T15:08:21.039+0000] {dag.py:3239} INFO - Sync 1 DAGs
[2025-04-01T15:08:21.049+0000] {logging_mixin.py:190} INFO - [2025-04-01T15:08:21.049+0000] {dag.py:3262} INFO - Creating ORM DAG for example_params_trigger_ui
[2025-04-01T15:08:21.049+0000] {logging_mixin.py:190} INFO - [2025-04-01T15:08:21.049+0000] {dag.py:4180} INFO - Setting next_dagrun for example_params_trigger_ui to None, run_after=None
[2025-04-01T15:08:21.065+0000] {processor.py:208} INFO - Processing /home/airflow/.local/lib/python3.12/site-packages/airflow/example_dags/example_params_trigger_ui.py took 0.194 seconds
[2025-04-01T15:08:52.052+0000] {processor.py:186} INFO - Started process (PID=153) to work on /home/airflow/.local/lib/python3.12/site-packages/airflow/example_dags/example_params_trigger_ui.py
[2025-04-01T15:08:52.054+0000] {processor.py:914} INFO - Processing file /home/airflow/.local/lib/python3.12/site-packages/airflow/example_dags/example_params_trigger_ui.py for tasks to queue
[2025-04-01T15:08:52.056+0000] {logging_mixin.py:190} INFO - [2025-04-01T15:08:52.056+0000] {dagbag.py:588} INFO - Filling up the DagBag from /home/airflow/.local/lib/python3.12/site-packages/airflow/example_dags/example_params_trigger_ui.py
[2025-04-01T15:08:52.067+0000] {processor.py:925} INFO - DAG(s) 'example_params_trigger_ui' retrieved from /home/airflow/.local/lib/python3.12/site-packages/airflow/example_dags/example_params_trigger_ui.py
[2025-04-01T15:08:52.103+0000] {logging_mixin.py:190} INFO - [2025-04-01T15:08:52.102+0000] {dag.py:3239} INFO - Sync 1 DAGs
[2025-04-01T15:08:52.115+0000] {logging_mixin.py:190} INFO - [2025-04-01T15:08:52.115+0000] {dag.py:4180} INFO - Setting next_dagrun for example_params_trigger_ui to None, run_after=None
[2025-04-01T15:08:52.130+0000] {processor.py:208} INFO - Processing /home/airflow/.local/lib/python3.12/site-packages/airflow/example_dags/example_params_trigger_ui.py took 0.083 seconds
[2025-04-01T15:09:22.916+0000] {processor.py:186} INFO - Started process (PID=218) to work on /home/airflow/.local/lib/python3.12/site-packages/airflow/example_dags/example_params_trigger_ui.py
[2025-04-01T15:09:22.919+0000] {processor.py:914} INFO - Processing file /home/airflow/.local/lib/python3.12/site-packages/airflow/example_dags/example_params_trigger_ui.py for tasks to queue
[2025-04-01T15:09:22.920+0000] {logging_mixin.py:190} INFO - [2025-04-01T15:09:22.920+0000] {dagbag.py:588} INFO - Filling up the DagBag from /home/airflow/.local/lib/python3.12/site-packages/airflow/example_dags/example_params_trigger_ui.py
[2025-04-01T15:09:22.932+0000] {processor.py:925} INFO - DAG(s) 'example_params_trigger_ui' retrieved from /home/airflow/.local/lib/python3.12/site-packages/airflow/example_dags/example_params_trigger_ui.py
[2025-04-01T15:09:23.012+0000] {logging_mixin.py:190} INFO - [2025-04-01T15:09:23.011+0000] {dag.py:3239} INFO - Sync 1 DAGs
[2025-04-01T15:09:23.028+0000] {logging_mixin.py:190} INFO - [2025-04-01T15:09:23.028+0000] {dag.py:4180} INFO - Setting next_dagrun for example_params_trigger_ui to None, run_after=None
[2025-04-01T15:09:23.051+0000] {processor.py:208} INFO - Processing /home/airflow/.local/lib/python3.12/site-packages/airflow/example_dags/example_params_trigger_ui.py took 0.140 seconds
[2025-04-01T15:09:53.392+0000] {processor.py:186} INFO - Started process (PID=283) to work on /home/airflow/.local/lib/python3.12/site-packages/airflow/example_dags/example_params_trigger_ui.py
[2025-04-01T15:09:53.394+0000] {processor.py:914} INFO - Processing file /home/airflow/.local/lib/python3.12/site-packages/airflow/example_dags/example_params_trigger_ui.py for tasks to queue
[2025-04-01T15:09:53.396+0000] {logging_mixin.py:190} INFO - [2025-04-01T15:09:53.396+0000] {dagbag.py:588} INFO - Filling up the DagBag from /home/airflow/.local/lib/python3.12/site-packages/airflow/example_dags/example_params_trigger_ui.py
[2025-04-01T15:09:53.411+0000] {processor.py:925} INFO - DAG(s) 'example_params_trigger_ui' retrieved from /home/airflow/.local/lib/python3.12/site-packages/airflow/example_dags/example_params_trigger_ui.py
[2025-04-01T15:09:53.453+0000] {logging_mixin.py:190} INFO - [2025-04-01T15:09:53.453+0000] {dag.py:3239} INFO - Sync 1 DAGs
[2025-04-01T15:09:53.462+0000] {logging_mixin.py:190} INFO - [2025-04-01T15:09:53.462+0000] {dag.py:4180} INFO - Setting next_dagrun for example_params_trigger_ui to None, run_after=None
[2025-04-01T15:09:53.477+0000] {processor.py:208} INFO - Processing /home/airflow/.local/lib/python3.12/site-packages/airflow/example_dags/example_params_trigger_ui.py took 0.089 seconds
[2025-04-01T15:10:23.724+0000] {processor.py:186} INFO - Started process (PID=347) to work on /home/airflow/.local/lib/python3.12/site-packages/airflow/example_dags/example_params_trigger_ui.py
[2025-04-01T15:10:23.726+0000] {processor.py:914} INFO - Processing file /home/airflow/.local/lib/python3.12/site-packages/airflow/example_dags/example_params_trigger_ui.py for tasks to queue
[2025-04-01T15:10:23.727+0000] {logging_mixin.py:190} INFO - [2025-04-01T15:10:23.727+0000] {dagbag.py:588} INFO - Filling up the DagBag from /home/airflow/.local/lib/python3.12/site-packages/airflow/example_dags/example_params_trigger_ui.py
[2025-04-01T15:10:23.733+0000] {processor.py:925} INFO - DAG(s) 'example_params_trigger_ui' retrieved from /home/airflow/.local/lib/python3.12/site-packages/airflow/example_dags/example_params_trigger_ui.py
[2025-04-01T15:10:23.763+0000] {logging_mixin.py:190} INFO - [2025-04-01T15:10:23.762+0000] {dag.py:3239} INFO - Sync 1 DAGs
[2025-04-01T15:10:23.772+0000] {logging_mixin.py:190} INFO - [2025-04-01T15:10:23.772+0000] {dag.py:4180} INFO - Setting next_dagrun for example_params_trigger_ui to None, run_after=None
[2025-04-01T15:10:23.786+0000] {processor.py:208} INFO - Processing /home/airflow/.local/lib/python3.12/site-packages/airflow/example_dags/example_params_trigger_ui.py took 0.066 seconds
[2025-04-01T15:10:54.070+0000] {processor.py:186} INFO - Started process (PID=412) to work on /home/airflow/.local/lib/python3.12/site-packages/airflow/example_dags/example_params_trigger_ui.py
[2025-04-01T15:10:54.071+0000] {processor.py:914} INFO - Processing file /home/airflow/.local/lib/python3.12/site-packages/airflow/example_dags/example_params_trigger_ui.py for tasks to queue
[2025-04-01T15:10:54.072+0000] {logging_mixin.py:190} INFO - [2025-04-01T15:10:54.072+0000] {dagbag.py:588} INFO - Filling up the DagBag from /home/airflow/.local/lib/python3.12/site-packages/airflow/example_dags/example_params_trigger_ui.py
[2025-04-01T15:10:54.082+0000] {processor.py:925} INFO - DAG(s) 'example_params_trigger_ui' retrieved from /home/airflow/.local/lib/python3.12/site-packages/airflow/example_dags/example_params_trigger_ui.py
[2025-04-01T15:10:54.122+0000] {logging_mixin.py:190} INFO - [2025-04-01T15:10:54.122+0000] {dag.py:3239} INFO - Sync 1 DAGs
[2025-04-01T15:10:54.135+0000] {logging_mixin.py:190} INFO - [2025-04-01T15:10:54.135+0000] {dag.py:4180} INFO - Setting next_dagrun for example_params_trigger_ui to None, run_after=None
[2025-04-01T15:10:54.151+0000] {processor.py:208} INFO - Processing /home/airflow/.local/lib/python3.12/site-packages/airflow/example_dags/example_params_trigger_ui.py took 0.085 seconds
[2025-04-01T15:11:24.206+0000] {processor.py:186} INFO - Started process (PID=477) to work on /home/airflow/.local/lib/python3.12/site-packages/airflow/example_dags/example_params_trigger_ui.py
[2025-04-01T15:11:24.208+0000] {processor.py:914} INFO - Processing file /home/airflow/.local/lib/python3.12/site-packages/airflow/example_dags/example_params_trigger_ui.py for tasks to queue
[2025-04-01T15:11:24.209+0000] {logging_mixin.py:190} INFO - [2025-04-01T15:11:24.209+0000] {dagbag.py:588} INFO - Filling up the DagBag from /home/airflow/.local/lib/python3.12/site-packages/airflow/example_dags/example_params_trigger_ui.py
[2025-04-01T15:11:24.218+0000] {processor.py:925} INFO - DAG(s) 'example_params_trigger_ui' retrieved from /home/airflow/.local/lib/python3.12/site-packages/airflow/example_dags/example_params_trigger_ui.py
[2025-04-01T15:11:24.260+0000] {logging_mixin.py:190} INFO - [2025-04-01T15:11:24.260+0000] {dag.py:3239} INFO - Sync 1 DAGs
[2025-04-01T15:11:24.272+0000] {logging_mixin.py:190} INFO - [2025-04-01T15:11:24.271+0000] {dag.py:4180} INFO - Setting next_dagrun for example_params_trigger_ui to None, run_after=None
[2025-04-01T15:11:24.290+0000] {processor.py:208} INFO - Processing /home/airflow/.local/lib/python3.12/site-packages/airflow/example_dags/example_params_trigger_ui.py took 0.088 seconds
[2025-04-01T15:11:54.385+0000] {processor.py:186} INFO - Started process (PID=542) to work on /home/airflow/.local/lib/python3.12/site-packages/airflow/example_dags/example_params_trigger_ui.py
[2025-04-01T15:11:54.390+0000] {processor.py:914} INFO - Processing file /home/airflow/.local/lib/python3.12/site-packages/airflow/example_dags/example_params_trigger_ui.py for tasks to queue
[2025-04-01T15:11:54.391+0000] {logging_mixin.py:190} INFO - [2025-04-01T15:11:54.391+0000] {dagbag.py:588} INFO - Filling up the DagBag from /home/airflow/.local/lib/python3.12/site-packages/airflow/example_dags/example_params_trigger_ui.py
[2025-04-01T15:11:54.400+0000] {processor.py:925} INFO - DAG(s) 'example_params_trigger_ui' retrieved from /home/airflow/.local/lib/python3.12/site-packages/airflow/example_dags/example_params_trigger_ui.py
[2025-04-01T15:11:54.431+0000] {logging_mixin.py:190} INFO - [2025-04-01T15:11:54.431+0000] {dag.py:3239} INFO - Sync 1 DAGs
[2025-04-01T15:11:54.441+0000] {logging_mixin.py:190} INFO - [2025-04-01T15:11:54.441+0000] {dag.py:4180} INFO - Setting next_dagrun for example_params_trigger_ui to None, run_after=None
[2025-04-01T15:11:54.455+0000] {processor.py:208} INFO - Processing /home/airflow/.local/lib/python3.12/site-packages/airflow/example_dags/example_params_trigger_ui.py took 0.074 seconds
[2025-04-01T15:12:25.390+0000] {processor.py:186} INFO - Started process (PID=607) to work on /home/airflow/.local/lib/python3.12/site-packages/airflow/example_dags/example_params_trigger_ui.py
[2025-04-01T15:12:25.392+0000] {processor.py:914} INFO - Processing file /home/airflow/.local/lib/python3.12/site-packages/airflow/example_dags/example_params_trigger_ui.py for tasks to queue
[2025-04-01T15:12:25.394+0000] {logging_mixin.py:190} INFO - [2025-04-01T15:12:25.394+0000] {dagbag.py:588} INFO - Filling up the DagBag from /home/airflow/.local/lib/python3.12/site-packages/airflow/example_dags/example_params_trigger_ui.py
[2025-04-01T15:12:25.402+0000] {processor.py:925} INFO - DAG(s) 'example_params_trigger_ui' retrieved from /home/airflow/.local/lib/python3.12/site-packages/airflow/example_dags/example_params_trigger_ui.py
[2025-04-01T15:12:25.434+0000] {logging_mixin.py:190} INFO - [2025-04-01T15:12:25.434+0000] {dag.py:3239} INFO - Sync 1 DAGs
[2025-04-01T15:12:25.445+0000] {logging_mixin.py:190} INFO - [2025-04-01T15:12:25.444+0000] {dag.py:4180} INFO - Setting next_dagrun for example_params_trigger_ui to None, run_after=None
[2025-04-01T15:12:25.465+0000] {processor.py:208} INFO - Processing /home/airflow/.local/lib/python3.12/site-packages/airflow/example_dags/example_params_trigger_ui.py took 0.079 seconds
[2025-04-01T15:12:56.269+0000] {processor.py:186} INFO - Started process (PID=672) to work on /home/airflow/.local/lib/python3.12/site-packages/airflow/example_dags/example_params_trigger_ui.py
[2025-04-01T15:12:56.271+0000] {processor.py:914} INFO - Processing file /home/airflow/.local/lib/python3.12/site-packages/airflow/example_dags/example_params_trigger_ui.py for tasks to queue
[2025-04-01T15:12:56.272+0000] {logging_mixin.py:190} INFO - [2025-04-01T15:12:56.272+0000] {dagbag.py:588} INFO - Filling up the DagBag from /home/airflow/.local/lib/python3.12/site-packages/airflow/example_dags/example_params_trigger_ui.py
[2025-04-01T15:12:56.280+0000] {processor.py:925} INFO - DAG(s) 'example_params_trigger_ui' retrieved from /home/airflow/.local/lib/python3.12/site-packages/airflow/example_dags/example_params_trigger_ui.py
[2025-04-01T15:12:56.310+0000] {logging_mixin.py:190} INFO - [2025-04-01T15:12:56.310+0000] {dag.py:3239} INFO - Sync 1 DAGs
[2025-04-01T15:12:56.321+0000] {logging_mixin.py:190} INFO - [2025-04-01T15:12:56.320+0000] {dag.py:4180} INFO - Setting next_dagrun for example_params_trigger_ui to None, run_after=None
[2025-04-01T15:12:56.336+0000] {processor.py:208} INFO - Processing /home/airflow/.local/lib/python3.12/site-packages/airflow/example_dags/example_params_trigger_ui.py took 0.072 seconds
[2025-04-01T15:13:27.205+0000] {processor.py:186} INFO - Started process (PID=737) to work on /home/airflow/.local/lib/python3.12/site-packages/airflow/example_dags/example_params_trigger_ui.py
[2025-04-01T15:13:27.208+0000] {processor.py:914} INFO - Processing file /home/airflow/.local/lib/python3.12/site-packages/airflow/example_dags/example_params_trigger_ui.py for tasks to queue
[2025-04-01T15:13:27.211+0000] {logging_mixin.py:190} INFO - [2025-04-01T15:13:27.210+0000] {dagbag.py:588} INFO - Filling up the DagBag from /home/airflow/.local/lib/python3.12/site-packages/airflow/example_dags/example_params_trigger_ui.py
[2025-04-01T15:13:27.225+0000] {processor.py:925} INFO - DAG(s) 'example_params_trigger_ui' retrieved from /home/airflow/.local/lib/python3.12/site-packages/airflow/example_dags/example_params_trigger_ui.py
[2025-04-01T15:13:27.270+0000] {logging_mixin.py:190} INFO - [2025-04-01T15:13:27.270+0000] {dag.py:3239} INFO - Sync 1 DAGs
[2025-04-01T15:13:27.288+0000] {logging_mixin.py:190} INFO - [2025-04-01T15:13:27.287+0000] {dag.py:4180} INFO - Setting next_dagrun for example_params_trigger_ui to None, run_after=None
[2025-04-01T15:13:27.311+0000] {processor.py:208} INFO - Processing /home/airflow/.local/lib/python3.12/site-packages/airflow/example_dags/example_params_trigger_ui.py took 0.114 seconds
