[2025-04-01T15:08:24.947+0000] {processor.py:186} INFO - Started process (PID=110) to work on /home/airflow/.local/lib/python3.12/site-packages/airflow/example_dags/example_python_operator.py
[2025-04-01T15:08:24.948+0000] {processor.py:914} INFO - Processing file /home/airflow/.local/lib/python3.12/site-packages/airflow/example_dags/example_python_operator.py for tasks to queue
[2025-04-01T15:08:24.949+0000] {logging_mixin.py:190} INFO - [2025-04-01T15:08:24.949+0000] {dagbag.py:588} INFO - Filling up the DagBag from /home/airflow/.local/lib/python3.12/site-packages/airflow/example_dags/example_python_operator.py
[2025-04-01T15:08:24.961+0000] {processor.py:925} INFO - DAG(s) 'example_python_operator' retrieved from /home/airflow/.local/lib/python3.12/site-packages/airflow/example_dags/example_python_operator.py
[2025-04-01T15:08:25.054+0000] {logging_mixin.py:190} INFO - [2025-04-01T15:08:25.054+0000] {override.py:1912} INFO - Created Permission View: can read on DAG:example_python_operator
[2025-04-01T15:08:25.067+0000] {logging_mixin.py:190} INFO - [2025-04-01T15:08:25.067+0000] {override.py:1912} INFO - Created Permission View: can edit on DAG:example_python_operator
[2025-04-01T15:08:25.074+0000] {logging_mixin.py:190} INFO - [2025-04-01T15:08:25.073+0000] {override.py:1912} INFO - Created Permission View: can delete on DAG:example_python_operator
[2025-04-01T15:08:25.081+0000] {logging_mixin.py:190} INFO - [2025-04-01T15:08:25.081+0000] {override.py:1912} INFO - Created Permission View: can read on DAG Run:example_python_operator
[2025-04-01T15:08:25.090+0000] {logging_mixin.py:190} INFO - [2025-04-01T15:08:25.090+0000] {override.py:1912} INFO - Created Permission View: can create on DAG Run:example_python_operator
[2025-04-01T15:08:25.098+0000] {logging_mixin.py:190} INFO - [2025-04-01T15:08:25.097+0000] {override.py:1912} INFO - Created Permission View: can delete on DAG Run:example_python_operator
[2025-04-01T15:08:25.105+0000] {logging_mixin.py:190} INFO - [2025-04-01T15:08:25.104+0000] {override.py:1912} INFO - Created Permission View: menu access on DAG Run:example_python_operator
[2025-04-01T15:08:25.105+0000] {logging_mixin.py:190} INFO - [2025-04-01T15:08:25.105+0000] {dag.py:3239} INFO - Sync 1 DAGs
[2025-04-01T15:08:25.121+0000] {logging_mixin.py:190} INFO - [2025-04-01T15:08:25.120+0000] {dag.py:3262} INFO - Creating ORM DAG for example_python_operator
[2025-04-01T15:08:25.121+0000] {logging_mixin.py:190} INFO - [2025-04-01T15:08:25.121+0000] {dag.py:4180} INFO - Setting next_dagrun for example_python_operator to None, run_after=None
[2025-04-01T15:08:25.136+0000] {processor.py:208} INFO - Processing /home/airflow/.local/lib/python3.12/site-packages/airflow/example_dags/example_python_operator.py took 0.194 seconds
[2025-04-01T15:08:55.693+0000] {processor.py:186} INFO - Started process (PID=175) to work on /home/airflow/.local/lib/python3.12/site-packages/airflow/example_dags/example_python_operator.py
[2025-04-01T15:08:55.694+0000] {processor.py:914} INFO - Processing file /home/airflow/.local/lib/python3.12/site-packages/airflow/example_dags/example_python_operator.py for tasks to queue
[2025-04-01T15:08:55.696+0000] {logging_mixin.py:190} INFO - [2025-04-01T15:08:55.695+0000] {dagbag.py:588} INFO - Filling up the DagBag from /home/airflow/.local/lib/python3.12/site-packages/airflow/example_dags/example_python_operator.py
[2025-04-01T15:08:55.705+0000] {processor.py:925} INFO - DAG(s) 'example_python_operator' retrieved from /home/airflow/.local/lib/python3.12/site-packages/airflow/example_dags/example_python_operator.py
[2025-04-01T15:08:55.722+0000] {logging_mixin.py:190} INFO - [2025-04-01T15:08:55.722+0000] {dag.py:3239} INFO - Sync 1 DAGs
[2025-04-01T15:08:55.734+0000] {logging_mixin.py:190} INFO - [2025-04-01T15:08:55.734+0000] {dag.py:4180} INFO - Setting next_dagrun for example_python_operator to None, run_after=None
[2025-04-01T15:08:55.752+0000] {processor.py:208} INFO - Processing /home/airflow/.local/lib/python3.12/site-packages/airflow/example_dags/example_python_operator.py took 0.064 seconds
[2025-04-01T15:09:26.375+0000] {processor.py:186} INFO - Started process (PID=240) to work on /home/airflow/.local/lib/python3.12/site-packages/airflow/example_dags/example_python_operator.py
[2025-04-01T15:09:26.376+0000] {processor.py:914} INFO - Processing file /home/airflow/.local/lib/python3.12/site-packages/airflow/example_dags/example_python_operator.py for tasks to queue
[2025-04-01T15:09:26.377+0000] {logging_mixin.py:190} INFO - [2025-04-01T15:09:26.377+0000] {dagbag.py:588} INFO - Filling up the DagBag from /home/airflow/.local/lib/python3.12/site-packages/airflow/example_dags/example_python_operator.py
[2025-04-01T15:09:26.386+0000] {processor.py:925} INFO - DAG(s) 'example_python_operator' retrieved from /home/airflow/.local/lib/python3.12/site-packages/airflow/example_dags/example_python_operator.py
[2025-04-01T15:09:26.401+0000] {logging_mixin.py:190} INFO - [2025-04-01T15:09:26.400+0000] {dag.py:3239} INFO - Sync 1 DAGs
[2025-04-01T15:09:26.411+0000] {logging_mixin.py:190} INFO - [2025-04-01T15:09:26.411+0000] {dag.py:4180} INFO - Setting next_dagrun for example_python_operator to None, run_after=None
[2025-04-01T15:09:26.428+0000] {processor.py:208} INFO - Processing /home/airflow/.local/lib/python3.12/site-packages/airflow/example_dags/example_python_operator.py took 0.057 seconds
[2025-04-01T15:09:58.297+0000] {processor.py:186} INFO - Started process (PID=305) to work on /home/airflow/.local/lib/python3.12/site-packages/airflow/example_dags/example_python_operator.py
[2025-04-01T15:09:58.298+0000] {processor.py:914} INFO - Processing file /home/airflow/.local/lib/python3.12/site-packages/airflow/example_dags/example_python_operator.py for tasks to queue
[2025-04-01T15:09:58.299+0000] {logging_mixin.py:190} INFO - [2025-04-01T15:09:58.299+0000] {dagbag.py:588} INFO - Filling up the DagBag from /home/airflow/.local/lib/python3.12/site-packages/airflow/example_dags/example_python_operator.py
[2025-04-01T15:09:58.312+0000] {processor.py:925} INFO - DAG(s) 'example_python_operator' retrieved from /home/airflow/.local/lib/python3.12/site-packages/airflow/example_dags/example_python_operator.py
[2025-04-01T15:09:58.346+0000] {logging_mixin.py:190} INFO - [2025-04-01T15:09:58.346+0000] {dag.py:3239} INFO - Sync 1 DAGs
[2025-04-01T15:09:58.367+0000] {logging_mixin.py:190} INFO - [2025-04-01T15:09:58.367+0000] {dag.py:4180} INFO - Setting next_dagrun for example_python_operator to None, run_after=None
[2025-04-01T15:09:58.392+0000] {processor.py:208} INFO - Processing /home/airflow/.local/lib/python3.12/site-packages/airflow/example_dags/example_python_operator.py took 0.100 seconds
[2025-04-01T15:10:29.524+0000] {processor.py:186} INFO - Started process (PID=369) to work on /home/airflow/.local/lib/python3.12/site-packages/airflow/example_dags/example_python_operator.py
[2025-04-01T15:10:29.525+0000] {processor.py:914} INFO - Processing file /home/airflow/.local/lib/python3.12/site-packages/airflow/example_dags/example_python_operator.py for tasks to queue
[2025-04-01T15:10:29.526+0000] {logging_mixin.py:190} INFO - [2025-04-01T15:10:29.526+0000] {dagbag.py:588} INFO - Filling up the DagBag from /home/airflow/.local/lib/python3.12/site-packages/airflow/example_dags/example_python_operator.py
[2025-04-01T15:10:29.535+0000] {processor.py:925} INFO - DAG(s) 'example_python_operator' retrieved from /home/airflow/.local/lib/python3.12/site-packages/airflow/example_dags/example_python_operator.py
[2025-04-01T15:10:29.552+0000] {logging_mixin.py:190} INFO - [2025-04-01T15:10:29.552+0000] {dag.py:3239} INFO - Sync 1 DAGs
[2025-04-01T15:10:29.563+0000] {logging_mixin.py:190} INFO - [2025-04-01T15:10:29.563+0000] {dag.py:4180} INFO - Setting next_dagrun for example_python_operator to None, run_after=None
[2025-04-01T15:10:29.578+0000] {processor.py:208} INFO - Processing /home/airflow/.local/lib/python3.12/site-packages/airflow/example_dags/example_python_operator.py took 0.058 seconds
[2025-04-01T15:10:59.826+0000] {processor.py:186} INFO - Started process (PID=434) to work on /home/airflow/.local/lib/python3.12/site-packages/airflow/example_dags/example_python_operator.py
[2025-04-01T15:10:59.827+0000] {processor.py:914} INFO - Processing file /home/airflow/.local/lib/python3.12/site-packages/airflow/example_dags/example_python_operator.py for tasks to queue
[2025-04-01T15:10:59.829+0000] {logging_mixin.py:190} INFO - [2025-04-01T15:10:59.828+0000] {dagbag.py:588} INFO - Filling up the DagBag from /home/airflow/.local/lib/python3.12/site-packages/airflow/example_dags/example_python_operator.py
[2025-04-01T15:10:59.837+0000] {processor.py:925} INFO - DAG(s) 'example_python_operator' retrieved from /home/airflow/.local/lib/python3.12/site-packages/airflow/example_dags/example_python_operator.py
[2025-04-01T15:10:59.853+0000] {logging_mixin.py:190} INFO - [2025-04-01T15:10:59.853+0000] {dag.py:3239} INFO - Sync 1 DAGs
[2025-04-01T15:10:59.866+0000] {logging_mixin.py:190} INFO - [2025-04-01T15:10:59.866+0000] {dag.py:4180} INFO - Setting next_dagrun for example_python_operator to None, run_after=None
[2025-04-01T15:10:59.884+0000] {processor.py:208} INFO - Processing /home/airflow/.local/lib/python3.12/site-packages/airflow/example_dags/example_python_operator.py took 0.063 seconds
[2025-04-01T15:11:30.867+0000] {processor.py:186} INFO - Started process (PID=498) to work on /home/airflow/.local/lib/python3.12/site-packages/airflow/example_dags/example_python_operator.py
[2025-04-01T15:11:30.873+0000] {processor.py:914} INFO - Processing file /home/airflow/.local/lib/python3.12/site-packages/airflow/example_dags/example_python_operator.py for tasks to queue
[2025-04-01T15:11:30.875+0000] {logging_mixin.py:190} INFO - [2025-04-01T15:11:30.875+0000] {dagbag.py:588} INFO - Filling up the DagBag from /home/airflow/.local/lib/python3.12/site-packages/airflow/example_dags/example_python_operator.py
[2025-04-01T15:11:30.883+0000] {processor.py:925} INFO - DAG(s) 'example_python_operator' retrieved from /home/airflow/.local/lib/python3.12/site-packages/airflow/example_dags/example_python_operator.py
[2025-04-01T15:11:30.903+0000] {logging_mixin.py:190} INFO - [2025-04-01T15:11:30.903+0000] {dag.py:3239} INFO - Sync 1 DAGs
[2025-04-01T15:11:30.915+0000] {logging_mixin.py:190} INFO - [2025-04-01T15:11:30.915+0000] {dag.py:4180} INFO - Setting next_dagrun for example_python_operator to None, run_after=None
[2025-04-01T15:11:30.931+0000] {processor.py:208} INFO - Processing /home/airflow/.local/lib/python3.12/site-packages/airflow/example_dags/example_python_operator.py took 0.067 seconds
[2025-04-01T15:12:01.799+0000] {processor.py:186} INFO - Started process (PID=563) to work on /home/airflow/.local/lib/python3.12/site-packages/airflow/example_dags/example_python_operator.py
[2025-04-01T15:12:01.800+0000] {processor.py:914} INFO - Processing file /home/airflow/.local/lib/python3.12/site-packages/airflow/example_dags/example_python_operator.py for tasks to queue
[2025-04-01T15:12:01.801+0000] {logging_mixin.py:190} INFO - [2025-04-01T15:12:01.801+0000] {dagbag.py:588} INFO - Filling up the DagBag from /home/airflow/.local/lib/python3.12/site-packages/airflow/example_dags/example_python_operator.py
[2025-04-01T15:12:01.812+0000] {processor.py:925} INFO - DAG(s) 'example_python_operator' retrieved from /home/airflow/.local/lib/python3.12/site-packages/airflow/example_dags/example_python_operator.py
[2025-04-01T15:12:01.831+0000] {logging_mixin.py:190} INFO - [2025-04-01T15:12:01.831+0000] {dag.py:3239} INFO - Sync 1 DAGs
[2025-04-01T15:12:01.843+0000] {logging_mixin.py:190} INFO - [2025-04-01T15:12:01.843+0000] {dag.py:4180} INFO - Setting next_dagrun for example_python_operator to None, run_after=None
[2025-04-01T15:12:01.860+0000] {processor.py:208} INFO - Processing /home/airflow/.local/lib/python3.12/site-packages/airflow/example_dags/example_python_operator.py took 0.065 seconds
[2025-04-01T15:12:32.837+0000] {processor.py:186} INFO - Started process (PID=628) to work on /home/airflow/.local/lib/python3.12/site-packages/airflow/example_dags/example_python_operator.py
[2025-04-01T15:12:32.838+0000] {processor.py:914} INFO - Processing file /home/airflow/.local/lib/python3.12/site-packages/airflow/example_dags/example_python_operator.py for tasks to queue
[2025-04-01T15:12:32.840+0000] {logging_mixin.py:190} INFO - [2025-04-01T15:12:32.839+0000] {dagbag.py:588} INFO - Filling up the DagBag from /home/airflow/.local/lib/python3.12/site-packages/airflow/example_dags/example_python_operator.py
[2025-04-01T15:12:32.849+0000] {processor.py:925} INFO - DAG(s) 'example_python_operator' retrieved from /home/airflow/.local/lib/python3.12/site-packages/airflow/example_dags/example_python_operator.py
[2025-04-01T15:12:32.862+0000] {logging_mixin.py:190} INFO - [2025-04-01T15:12:32.862+0000] {dag.py:3239} INFO - Sync 1 DAGs
[2025-04-01T15:12:32.872+0000] {logging_mixin.py:190} INFO - [2025-04-01T15:12:32.872+0000] {dag.py:4180} INFO - Setting next_dagrun for example_python_operator to None, run_after=None
[2025-04-01T15:12:32.886+0000] {processor.py:208} INFO - Processing /home/airflow/.local/lib/python3.12/site-packages/airflow/example_dags/example_python_operator.py took 0.053 seconds
[2025-04-01T15:13:03.628+0000] {processor.py:186} INFO - Started process (PID=694) to work on /home/airflow/.local/lib/python3.12/site-packages/airflow/example_dags/example_python_operator.py
[2025-04-01T15:13:03.629+0000] {processor.py:914} INFO - Processing file /home/airflow/.local/lib/python3.12/site-packages/airflow/example_dags/example_python_operator.py for tasks to queue
[2025-04-01T15:13:03.631+0000] {logging_mixin.py:190} INFO - [2025-04-01T15:13:03.631+0000] {dagbag.py:588} INFO - Filling up the DagBag from /home/airflow/.local/lib/python3.12/site-packages/airflow/example_dags/example_python_operator.py
[2025-04-01T15:13:03.642+0000] {processor.py:925} INFO - DAG(s) 'example_python_operator' retrieved from /home/airflow/.local/lib/python3.12/site-packages/airflow/example_dags/example_python_operator.py
[2025-04-01T15:13:03.662+0000] {logging_mixin.py:190} INFO - [2025-04-01T15:13:03.661+0000] {dag.py:3239} INFO - Sync 1 DAGs
[2025-04-01T15:13:03.673+0000] {logging_mixin.py:190} INFO - [2025-04-01T15:13:03.673+0000] {dag.py:4180} INFO - Setting next_dagrun for example_python_operator to None, run_after=None
[2025-04-01T15:13:03.689+0000] {processor.py:208} INFO - Processing /home/airflow/.local/lib/python3.12/site-packages/airflow/example_dags/example_python_operator.py took 0.066 seconds
[2025-04-01T15:13:35.018+0000] {processor.py:186} INFO - Started process (PID=758) to work on /home/airflow/.local/lib/python3.12/site-packages/airflow/example_dags/example_python_operator.py
[2025-04-01T15:13:35.018+0000] {processor.py:914} INFO - Processing file /home/airflow/.local/lib/python3.12/site-packages/airflow/example_dags/example_python_operator.py for tasks to queue
[2025-04-01T15:13:35.020+0000] {logging_mixin.py:190} INFO - [2025-04-01T15:13:35.020+0000] {dagbag.py:588} INFO - Filling up the DagBag from /home/airflow/.local/lib/python3.12/site-packages/airflow/example_dags/example_python_operator.py
[2025-04-01T15:13:35.031+0000] {processor.py:925} INFO - DAG(s) 'example_python_operator' retrieved from /home/airflow/.local/lib/python3.12/site-packages/airflow/example_dags/example_python_operator.py
[2025-04-01T15:13:35.047+0000] {logging_mixin.py:190} INFO - [2025-04-01T15:13:35.047+0000] {dag.py:3239} INFO - Sync 1 DAGs
[2025-04-01T15:13:35.060+0000] {logging_mixin.py:190} INFO - [2025-04-01T15:13:35.060+0000] {dag.py:4180} INFO - Setting next_dagrun for example_python_operator to None, run_after=None
[2025-04-01T15:13:35.076+0000] {processor.py:208} INFO - Processing /home/airflow/.local/lib/python3.12/site-packages/airflow/example_dags/example_python_operator.py took 0.062 seconds
