[2025-04-01T15:08:24.656+0000] {processor.py:186} INFO - Started process (PID=108) to work on /home/airflow/.local/lib/python3.12/site-packages/airflow/example_dags/example_setup_teardown.py
[2025-04-01T15:08:24.656+0000] {processor.py:914} INFO - Processing file /home/airflow/.local/lib/python3.12/site-packages/airflow/example_dags/example_setup_teardown.py for tasks to queue
[2025-04-01T15:08:24.658+0000] {logging_mixin.py:190} INFO - [2025-04-01T15:08:24.658+0000] {dagbag.py:588} INFO - Filling up the DagBag from /home/airflow/.local/lib/python3.12/site-packages/airflow/example_dags/example_setup_teardown.py
[2025-04-01T15:08:24.670+0000] {processor.py:925} INFO - DAG(s) 'example_setup_teardown' retrieved from /home/airflow/.local/lib/python3.12/site-packages/airflow/example_dags/example_setup_teardown.py
[2025-04-01T15:08:24.776+0000] {logging_mixin.py:190} INFO - [2025-04-01T15:08:24.776+0000] {override.py:1912} INFO - Created Permission View: can read on DAG:example_setup_teardown
[2025-04-01T15:08:24.785+0000] {logging_mixin.py:190} INFO - [2025-04-01T15:08:24.784+0000] {override.py:1912} INFO - Created Permission View: can edit on DAG:example_setup_teardown
[2025-04-01T15:08:24.791+0000] {logging_mixin.py:190} INFO - [2025-04-01T15:08:24.790+0000] {override.py:1912} INFO - Created Permission View: can delete on DAG:example_setup_teardown
[2025-04-01T15:08:24.797+0000] {logging_mixin.py:190} INFO - [2025-04-01T15:08:24.797+0000] {override.py:1912} INFO - Created Permission View: can read on DAG Run:example_setup_teardown
[2025-04-01T15:08:24.803+0000] {logging_mixin.py:190} INFO - [2025-04-01T15:08:24.803+0000] {override.py:1912} INFO - Created Permission View: can create on DAG Run:example_setup_teardown
[2025-04-01T15:08:24.809+0000] {logging_mixin.py:190} INFO - [2025-04-01T15:08:24.809+0000] {override.py:1912} INFO - Created Permission View: can delete on DAG Run:example_setup_teardown
[2025-04-01T15:08:24.815+0000] {logging_mixin.py:190} INFO - [2025-04-01T15:08:24.815+0000] {override.py:1912} INFO - Created Permission View: menu access on DAG Run:example_setup_teardown
[2025-04-01T15:08:24.815+0000] {logging_mixin.py:190} INFO - [2025-04-01T15:08:24.815+0000] {dag.py:3239} INFO - Sync 1 DAGs
[2025-04-01T15:08:24.826+0000] {logging_mixin.py:190} INFO - [2025-04-01T15:08:24.826+0000] {dag.py:3262} INFO - Creating ORM DAG for example_setup_teardown
[2025-04-01T15:08:24.826+0000] {logging_mixin.py:190} INFO - [2025-04-01T15:08:24.826+0000] {dag.py:4180} INFO - Setting next_dagrun for example_setup_teardown to None, run_after=None
[2025-04-01T15:08:24.840+0000] {processor.py:208} INFO - Processing /home/airflow/.local/lib/python3.12/site-packages/airflow/example_dags/example_setup_teardown.py took 0.190 seconds
[2025-04-01T15:08:55.527+0000] {processor.py:186} INFO - Started process (PID=173) to work on /home/airflow/.local/lib/python3.12/site-packages/airflow/example_dags/example_setup_teardown.py
[2025-04-01T15:08:55.528+0000] {processor.py:914} INFO - Processing file /home/airflow/.local/lib/python3.12/site-packages/airflow/example_dags/example_setup_teardown.py for tasks to queue
[2025-04-01T15:08:55.529+0000] {logging_mixin.py:190} INFO - [2025-04-01T15:08:55.529+0000] {dagbag.py:588} INFO - Filling up the DagBag from /home/airflow/.local/lib/python3.12/site-packages/airflow/example_dags/example_setup_teardown.py
[2025-04-01T15:08:55.536+0000] {processor.py:925} INFO - DAG(s) 'example_setup_teardown' retrieved from /home/airflow/.local/lib/python3.12/site-packages/airflow/example_dags/example_setup_teardown.py
[2025-04-01T15:08:55.552+0000] {logging_mixin.py:190} INFO - [2025-04-01T15:08:55.552+0000] {dag.py:3239} INFO - Sync 1 DAGs
[2025-04-01T15:08:55.564+0000] {logging_mixin.py:190} INFO - [2025-04-01T15:08:55.564+0000] {dag.py:4180} INFO - Setting next_dagrun for example_setup_teardown to None, run_after=None
[2025-04-01T15:08:55.583+0000] {processor.py:208} INFO - Processing /home/airflow/.local/lib/python3.12/site-packages/airflow/example_dags/example_setup_teardown.py took 0.061 seconds
[2025-04-01T15:09:26.232+0000] {processor.py:186} INFO - Started process (PID=238) to work on /home/airflow/.local/lib/python3.12/site-packages/airflow/example_dags/example_setup_teardown.py
[2025-04-01T15:09:26.233+0000] {processor.py:914} INFO - Processing file /home/airflow/.local/lib/python3.12/site-packages/airflow/example_dags/example_setup_teardown.py for tasks to queue
[2025-04-01T15:09:26.234+0000] {logging_mixin.py:190} INFO - [2025-04-01T15:09:26.234+0000] {dagbag.py:588} INFO - Filling up the DagBag from /home/airflow/.local/lib/python3.12/site-packages/airflow/example_dags/example_setup_teardown.py
[2025-04-01T15:09:26.239+0000] {processor.py:925} INFO - DAG(s) 'example_setup_teardown' retrieved from /home/airflow/.local/lib/python3.12/site-packages/airflow/example_dags/example_setup_teardown.py
[2025-04-01T15:09:26.254+0000] {logging_mixin.py:190} INFO - [2025-04-01T15:09:26.254+0000] {dag.py:3239} INFO - Sync 1 DAGs
[2025-04-01T15:09:26.264+0000] {logging_mixin.py:190} INFO - [2025-04-01T15:09:26.264+0000] {dag.py:4180} INFO - Setting next_dagrun for example_setup_teardown to None, run_after=None
[2025-04-01T15:09:26.276+0000] {processor.py:208} INFO - Processing /home/airflow/.local/lib/python3.12/site-packages/airflow/example_dags/example_setup_teardown.py took 0.049 seconds
[2025-04-01T15:09:58.207+0000] {processor.py:186} INFO - Started process (PID=303) to work on /home/airflow/.local/lib/python3.12/site-packages/airflow/example_dags/example_setup_teardown.py
[2025-04-01T15:09:58.208+0000] {processor.py:914} INFO - Processing file /home/airflow/.local/lib/python3.12/site-packages/airflow/example_dags/example_setup_teardown.py for tasks to queue
[2025-04-01T15:09:58.209+0000] {logging_mixin.py:190} INFO - [2025-04-01T15:09:58.209+0000] {dagbag.py:588} INFO - Filling up the DagBag from /home/airflow/.local/lib/python3.12/site-packages/airflow/example_dags/example_setup_teardown.py
[2025-04-01T15:09:58.215+0000] {processor.py:925} INFO - DAG(s) 'example_setup_teardown' retrieved from /home/airflow/.local/lib/python3.12/site-packages/airflow/example_dags/example_setup_teardown.py
[2025-04-01T15:09:58.228+0000] {logging_mixin.py:190} INFO - [2025-04-01T15:09:58.228+0000] {dag.py:3239} INFO - Sync 1 DAGs
[2025-04-01T15:09:58.239+0000] {logging_mixin.py:190} INFO - [2025-04-01T15:09:58.239+0000] {dag.py:4180} INFO - Setting next_dagrun for example_setup_teardown to None, run_after=None
[2025-04-01T15:09:58.261+0000] {processor.py:208} INFO - Processing /home/airflow/.local/lib/python3.12/site-packages/airflow/example_dags/example_setup_teardown.py took 0.058 seconds
[2025-04-01T15:10:29.452+0000] {processor.py:186} INFO - Started process (PID=367) to work on /home/airflow/.local/lib/python3.12/site-packages/airflow/example_dags/example_setup_teardown.py
[2025-04-01T15:10:29.452+0000] {processor.py:914} INFO - Processing file /home/airflow/.local/lib/python3.12/site-packages/airflow/example_dags/example_setup_teardown.py for tasks to queue
[2025-04-01T15:10:29.454+0000] {logging_mixin.py:190} INFO - [2025-04-01T15:10:29.454+0000] {dagbag.py:588} INFO - Filling up the DagBag from /home/airflow/.local/lib/python3.12/site-packages/airflow/example_dags/example_setup_teardown.py
[2025-04-01T15:10:29.460+0000] {processor.py:925} INFO - DAG(s) 'example_setup_teardown' retrieved from /home/airflow/.local/lib/python3.12/site-packages/airflow/example_dags/example_setup_teardown.py
[2025-04-01T15:10:29.476+0000] {logging_mixin.py:190} INFO - [2025-04-01T15:10:29.476+0000] {dag.py:3239} INFO - Sync 1 DAGs
[2025-04-01T15:10:29.487+0000] {logging_mixin.py:190} INFO - [2025-04-01T15:10:29.487+0000] {dag.py:4180} INFO - Setting next_dagrun for example_setup_teardown to None, run_after=None
[2025-04-01T15:10:29.502+0000] {processor.py:208} INFO - Processing /home/airflow/.local/lib/python3.12/site-packages/airflow/example_dags/example_setup_teardown.py took 0.056 seconds
[2025-04-01T15:10:59.653+0000] {processor.py:186} INFO - Started process (PID=432) to work on /home/airflow/.local/lib/python3.12/site-packages/airflow/example_dags/example_setup_teardown.py
[2025-04-01T15:10:59.653+0000] {processor.py:914} INFO - Processing file /home/airflow/.local/lib/python3.12/site-packages/airflow/example_dags/example_setup_teardown.py for tasks to queue
[2025-04-01T15:10:59.655+0000] {logging_mixin.py:190} INFO - [2025-04-01T15:10:59.655+0000] {dagbag.py:588} INFO - Filling up the DagBag from /home/airflow/.local/lib/python3.12/site-packages/airflow/example_dags/example_setup_teardown.py
[2025-04-01T15:10:59.662+0000] {processor.py:925} INFO - DAG(s) 'example_setup_teardown' retrieved from /home/airflow/.local/lib/python3.12/site-packages/airflow/example_dags/example_setup_teardown.py
[2025-04-01T15:10:59.677+0000] {logging_mixin.py:190} INFO - [2025-04-01T15:10:59.677+0000] {dag.py:3239} INFO - Sync 1 DAGs
[2025-04-01T15:10:59.689+0000] {logging_mixin.py:190} INFO - [2025-04-01T15:10:59.689+0000] {dag.py:4180} INFO - Setting next_dagrun for example_setup_teardown to None, run_after=None
[2025-04-01T15:10:59.715+0000] {processor.py:208} INFO - Processing /home/airflow/.local/lib/python3.12/site-packages/airflow/example_dags/example_setup_teardown.py took 0.066 seconds
[2025-04-01T15:11:30.667+0000] {processor.py:186} INFO - Started process (PID=496) to work on /home/airflow/.local/lib/python3.12/site-packages/airflow/example_dags/example_setup_teardown.py
[2025-04-01T15:11:30.667+0000] {processor.py:914} INFO - Processing file /home/airflow/.local/lib/python3.12/site-packages/airflow/example_dags/example_setup_teardown.py for tasks to queue
[2025-04-01T15:11:30.670+0000] {logging_mixin.py:190} INFO - [2025-04-01T15:11:30.669+0000] {dagbag.py:588} INFO - Filling up the DagBag from /home/airflow/.local/lib/python3.12/site-packages/airflow/example_dags/example_setup_teardown.py
[2025-04-01T15:11:30.680+0000] {processor.py:925} INFO - DAG(s) 'example_setup_teardown' retrieved from /home/airflow/.local/lib/python3.12/site-packages/airflow/example_dags/example_setup_teardown.py
[2025-04-01T15:11:30.701+0000] {logging_mixin.py:190} INFO - [2025-04-01T15:11:30.701+0000] {dag.py:3239} INFO - Sync 1 DAGs
[2025-04-01T15:11:30.718+0000] {logging_mixin.py:190} INFO - [2025-04-01T15:11:30.718+0000] {dag.py:4180} INFO - Setting next_dagrun for example_setup_teardown to None, run_after=None
[2025-04-01T15:11:30.741+0000] {processor.py:208} INFO - Processing /home/airflow/.local/lib/python3.12/site-packages/airflow/example_dags/example_setup_teardown.py took 0.081 seconds
[2025-04-01T15:12:01.724+0000] {processor.py:186} INFO - Started process (PID=561) to work on /home/airflow/.local/lib/python3.12/site-packages/airflow/example_dags/example_setup_teardown.py
[2025-04-01T15:12:01.725+0000] {processor.py:914} INFO - Processing file /home/airflow/.local/lib/python3.12/site-packages/airflow/example_dags/example_setup_teardown.py for tasks to queue
[2025-04-01T15:12:01.726+0000] {logging_mixin.py:190} INFO - [2025-04-01T15:12:01.726+0000] {dagbag.py:588} INFO - Filling up the DagBag from /home/airflow/.local/lib/python3.12/site-packages/airflow/example_dags/example_setup_teardown.py
[2025-04-01T15:12:01.732+0000] {processor.py:925} INFO - DAG(s) 'example_setup_teardown' retrieved from /home/airflow/.local/lib/python3.12/site-packages/airflow/example_dags/example_setup_teardown.py
[2025-04-01T15:12:01.747+0000] {logging_mixin.py:190} INFO - [2025-04-01T15:12:01.746+0000] {dag.py:3239} INFO - Sync 1 DAGs
[2025-04-01T15:12:01.758+0000] {logging_mixin.py:190} INFO - [2025-04-01T15:12:01.758+0000] {dag.py:4180} INFO - Setting next_dagrun for example_setup_teardown to None, run_after=None
[2025-04-01T15:12:01.775+0000] {processor.py:208} INFO - Processing /home/airflow/.local/lib/python3.12/site-packages/airflow/example_dags/example_setup_teardown.py took 0.055 seconds
[2025-04-01T15:12:32.686+0000] {processor.py:186} INFO - Started process (PID=626) to work on /home/airflow/.local/lib/python3.12/site-packages/airflow/example_dags/example_setup_teardown.py
[2025-04-01T15:12:32.687+0000] {processor.py:914} INFO - Processing file /home/airflow/.local/lib/python3.12/site-packages/airflow/example_dags/example_setup_teardown.py for tasks to queue
[2025-04-01T15:12:32.689+0000] {logging_mixin.py:190} INFO - [2025-04-01T15:12:32.688+0000] {dagbag.py:588} INFO - Filling up the DagBag from /home/airflow/.local/lib/python3.12/site-packages/airflow/example_dags/example_setup_teardown.py
[2025-04-01T15:12:32.696+0000] {processor.py:925} INFO - DAG(s) 'example_setup_teardown' retrieved from /home/airflow/.local/lib/python3.12/site-packages/airflow/example_dags/example_setup_teardown.py
[2025-04-01T15:12:32.715+0000] {logging_mixin.py:190} INFO - [2025-04-01T15:12:32.715+0000] {dag.py:3239} INFO - Sync 1 DAGs
[2025-04-01T15:12:32.728+0000] {logging_mixin.py:190} INFO - [2025-04-01T15:12:32.728+0000] {dag.py:4180} INFO - Setting next_dagrun for example_setup_teardown to None, run_after=None
[2025-04-01T15:12:32.747+0000] {processor.py:208} INFO - Processing /home/airflow/.local/lib/python3.12/site-packages/airflow/example_dags/example_setup_teardown.py took 0.065 seconds
[2025-04-01T15:13:03.526+0000] {processor.py:186} INFO - Started process (PID=691) to work on /home/airflow/.local/lib/python3.12/site-packages/airflow/example_dags/example_setup_teardown.py
[2025-04-01T15:13:03.526+0000] {processor.py:914} INFO - Processing file /home/airflow/.local/lib/python3.12/site-packages/airflow/example_dags/example_setup_teardown.py for tasks to queue
[2025-04-01T15:13:03.528+0000] {logging_mixin.py:190} INFO - [2025-04-01T15:13:03.528+0000] {dagbag.py:588} INFO - Filling up the DagBag from /home/airflow/.local/lib/python3.12/site-packages/airflow/example_dags/example_setup_teardown.py
[2025-04-01T15:13:03.535+0000] {processor.py:925} INFO - DAG(s) 'example_setup_teardown' retrieved from /home/airflow/.local/lib/python3.12/site-packages/airflow/example_dags/example_setup_teardown.py
[2025-04-01T15:13:03.551+0000] {logging_mixin.py:190} INFO - [2025-04-01T15:13:03.551+0000] {dag.py:3239} INFO - Sync 1 DAGs
[2025-04-01T15:13:03.564+0000] {logging_mixin.py:190} INFO - [2025-04-01T15:13:03.563+0000] {dag.py:4180} INFO - Setting next_dagrun for example_setup_teardown to None, run_after=None
[2025-04-01T15:13:03.582+0000] {processor.py:208} INFO - Processing /home/airflow/.local/lib/python3.12/site-packages/airflow/example_dags/example_setup_teardown.py took 0.062 seconds
[2025-04-01T15:13:34.943+0000] {processor.py:186} INFO - Started process (PID=756) to work on /home/airflow/.local/lib/python3.12/site-packages/airflow/example_dags/example_setup_teardown.py
[2025-04-01T15:13:34.943+0000] {processor.py:914} INFO - Processing file /home/airflow/.local/lib/python3.12/site-packages/airflow/example_dags/example_setup_teardown.py for tasks to queue
[2025-04-01T15:13:34.945+0000] {logging_mixin.py:190} INFO - [2025-04-01T15:13:34.944+0000] {dagbag.py:588} INFO - Filling up the DagBag from /home/airflow/.local/lib/python3.12/site-packages/airflow/example_dags/example_setup_teardown.py
[2025-04-01T15:13:34.950+0000] {processor.py:925} INFO - DAG(s) 'example_setup_teardown' retrieved from /home/airflow/.local/lib/python3.12/site-packages/airflow/example_dags/example_setup_teardown.py
[2025-04-01T15:13:34.964+0000] {logging_mixin.py:190} INFO - [2025-04-01T15:13:34.964+0000] {dag.py:3239} INFO - Sync 1 DAGs
[2025-04-01T15:13:34.975+0000] {logging_mixin.py:190} INFO - [2025-04-01T15:13:34.975+0000] {dag.py:4180} INFO - Setting next_dagrun for example_setup_teardown to None, run_after=None
[2025-04-01T15:13:34.991+0000] {processor.py:208} INFO - Processing /home/airflow/.local/lib/python3.12/site-packages/airflow/example_dags/example_setup_teardown.py took 0.054 seconds
