[2025-04-01T15:08:25.358+0000] {processor.py:186} INFO - Started process (PID=113) to work on /home/airflow/.local/lib/python3.12/site-packages/airflow/example_dags/example_dataset_alias_with_no_taskflow.py
[2025-04-01T15:08:25.359+0000] {processor.py:914} INFO - Processing file /home/airflow/.local/lib/python3.12/site-packages/airflow/example_dags/example_dataset_alias_with_no_taskflow.py for tasks to queue
[2025-04-01T15:08:25.361+0000] {logging_mixin.py:190} INFO - [2025-04-01T15:08:25.361+0000] {dagbag.py:588} INFO - Filling up the DagBag from /home/airflow/.local/lib/python3.12/site-packages/airflow/example_dags/example_dataset_alias_with_no_taskflow.py
[2025-04-01T15:08:25.855+0000] {processor.py:925} INFO - DAG(s) 'dataset_s3_bucket_producer_with_no_taskflow', 'dataset_s3_bucket_consumer_with_no_taskflow', 'dataset_alias_example_alias_consumer_with_no_taskflow', 'dataset_alias_example_alias_producer_with_no_taskflow' retrieved from /home/airflow/.local/lib/python3.12/site-packages/airflow/example_dags/example_dataset_alias_with_no_taskflow.py
[2025-04-01T15:08:25.941+0000] {logging_mixin.py:190} INFO - [2025-04-01T15:08:25.940+0000] {override.py:1912} INFO - Created Permission View: can read on DAG:dataset_s3_bucket_producer_with_no_taskflow
[2025-04-01T15:08:25.949+0000] {logging_mixin.py:190} INFO - [2025-04-01T15:08:25.949+0000] {override.py:1912} INFO - Created Permission View: can edit on DAG:dataset_s3_bucket_producer_with_no_taskflow
[2025-04-01T15:08:25.956+0000] {logging_mixin.py:190} INFO - [2025-04-01T15:08:25.956+0000] {override.py:1912} INFO - Created Permission View: can delete on DAG:dataset_s3_bucket_producer_with_no_taskflow
[2025-04-01T15:08:25.963+0000] {logging_mixin.py:190} INFO - [2025-04-01T15:08:25.962+0000] {override.py:1912} INFO - Created Permission View: can read on DAG Run:dataset_s3_bucket_producer_with_no_taskflow
[2025-04-01T15:08:25.968+0000] {logging_mixin.py:190} INFO - [2025-04-01T15:08:25.968+0000] {override.py:1912} INFO - Created Permission View: can create on DAG Run:dataset_s3_bucket_producer_with_no_taskflow
[2025-04-01T15:08:25.974+0000] {logging_mixin.py:190} INFO - [2025-04-01T15:08:25.974+0000] {override.py:1912} INFO - Created Permission View: can delete on DAG Run:dataset_s3_bucket_producer_with_no_taskflow
[2025-04-01T15:08:25.980+0000] {logging_mixin.py:190} INFO - [2025-04-01T15:08:25.979+0000] {override.py:1912} INFO - Created Permission View: menu access on DAG Run:dataset_s3_bucket_producer_with_no_taskflow
[2025-04-01T15:08:25.991+0000] {logging_mixin.py:190} INFO - [2025-04-01T15:08:25.990+0000] {override.py:1912} INFO - Created Permission View: can read on DAG:dataset_s3_bucket_consumer_with_no_taskflow
[2025-04-01T15:08:25.996+0000] {logging_mixin.py:190} INFO - [2025-04-01T15:08:25.996+0000] {override.py:1912} INFO - Created Permission View: can edit on DAG:dataset_s3_bucket_consumer_with_no_taskflow
[2025-04-01T15:08:26.002+0000] {logging_mixin.py:190} INFO - [2025-04-01T15:08:26.002+0000] {override.py:1912} INFO - Created Permission View: can delete on DAG:dataset_s3_bucket_consumer_with_no_taskflow
[2025-04-01T15:08:26.009+0000] {logging_mixin.py:190} INFO - [2025-04-01T15:08:26.009+0000] {override.py:1912} INFO - Created Permission View: can read on DAG Run:dataset_s3_bucket_consumer_with_no_taskflow
[2025-04-01T15:08:26.015+0000] {logging_mixin.py:190} INFO - [2025-04-01T15:08:26.015+0000] {override.py:1912} INFO - Created Permission View: can create on DAG Run:dataset_s3_bucket_consumer_with_no_taskflow
[2025-04-01T15:08:26.020+0000] {logging_mixin.py:190} INFO - [2025-04-01T15:08:26.020+0000] {override.py:1912} INFO - Created Permission View: can delete on DAG Run:dataset_s3_bucket_consumer_with_no_taskflow
[2025-04-01T15:08:26.027+0000] {logging_mixin.py:190} INFO - [2025-04-01T15:08:26.026+0000] {override.py:1912} INFO - Created Permission View: menu access on DAG Run:dataset_s3_bucket_consumer_with_no_taskflow
[2025-04-01T15:08:26.039+0000] {logging_mixin.py:190} INFO - [2025-04-01T15:08:26.039+0000] {override.py:1912} INFO - Created Permission View: can read on DAG:dataset_alias_example_alias_consumer_with_no_taskflow
[2025-04-01T15:08:26.046+0000] {logging_mixin.py:190} INFO - [2025-04-01T15:08:26.045+0000] {override.py:1912} INFO - Created Permission View: can edit on DAG:dataset_alias_example_alias_consumer_with_no_taskflow
[2025-04-01T15:08:26.051+0000] {logging_mixin.py:190} INFO - [2025-04-01T15:08:26.051+0000] {override.py:1912} INFO - Created Permission View: can delete on DAG:dataset_alias_example_alias_consumer_with_no_taskflow
[2025-04-01T15:08:26.058+0000] {logging_mixin.py:190} INFO - [2025-04-01T15:08:26.058+0000] {override.py:1912} INFO - Created Permission View: can read on DAG Run:dataset_alias_example_alias_consumer_with_no_taskflow
[2025-04-01T15:08:26.065+0000] {logging_mixin.py:190} INFO - [2025-04-01T15:08:26.064+0000] {override.py:1912} INFO - Created Permission View: can create on DAG Run:dataset_alias_example_alias_consumer_with_no_taskflow
[2025-04-01T15:08:26.070+0000] {logging_mixin.py:190} INFO - [2025-04-01T15:08:26.070+0000] {override.py:1912} INFO - Created Permission View: can delete on DAG Run:dataset_alias_example_alias_consumer_with_no_taskflow
[2025-04-01T15:08:26.076+0000] {logging_mixin.py:190} INFO - [2025-04-01T15:08:26.075+0000] {override.py:1912} INFO - Created Permission View: menu access on DAG Run:dataset_alias_example_alias_consumer_with_no_taskflow
[2025-04-01T15:08:26.088+0000] {logging_mixin.py:190} INFO - [2025-04-01T15:08:26.088+0000] {override.py:1912} INFO - Created Permission View: can read on DAG:dataset_alias_example_alias_producer_with_no_taskflow
[2025-04-01T15:08:26.094+0000] {logging_mixin.py:190} INFO - [2025-04-01T15:08:26.093+0000] {override.py:1912} INFO - Created Permission View: can edit on DAG:dataset_alias_example_alias_producer_with_no_taskflow
[2025-04-01T15:08:26.099+0000] {logging_mixin.py:190} INFO - [2025-04-01T15:08:26.099+0000] {override.py:1912} INFO - Created Permission View: can delete on DAG:dataset_alias_example_alias_producer_with_no_taskflow
[2025-04-01T15:08:26.105+0000] {logging_mixin.py:190} INFO - [2025-04-01T15:08:26.105+0000] {override.py:1912} INFO - Created Permission View: can read on DAG Run:dataset_alias_example_alias_producer_with_no_taskflow
[2025-04-01T15:08:26.111+0000] {logging_mixin.py:190} INFO - [2025-04-01T15:08:26.111+0000] {override.py:1912} INFO - Created Permission View: can create on DAG Run:dataset_alias_example_alias_producer_with_no_taskflow
[2025-04-01T15:08:26.117+0000] {logging_mixin.py:190} INFO - [2025-04-01T15:08:26.117+0000] {override.py:1912} INFO - Created Permission View: can delete on DAG Run:dataset_alias_example_alias_producer_with_no_taskflow
[2025-04-01T15:08:26.122+0000] {logging_mixin.py:190} INFO - [2025-04-01T15:08:26.122+0000] {override.py:1912} INFO - Created Permission View: menu access on DAG Run:dataset_alias_example_alias_producer_with_no_taskflow
[2025-04-01T15:08:26.123+0000] {logging_mixin.py:190} INFO - [2025-04-01T15:08:26.123+0000] {dag.py:3239} INFO - Sync 4 DAGs
[2025-04-01T15:08:26.135+0000] {logging_mixin.py:190} INFO - [2025-04-01T15:08:26.134+0000] {dag.py:3262} INFO - Creating ORM DAG for dataset_alias_example_alias_consumer_with_no_taskflow
[2025-04-01T15:08:26.135+0000] {logging_mixin.py:190} INFO - [2025-04-01T15:08:26.135+0000] {dag.py:3262} INFO - Creating ORM DAG for dataset_s3_bucket_consumer_with_no_taskflow
[2025-04-01T15:08:26.136+0000] {logging_mixin.py:190} INFO - [2025-04-01T15:08:26.136+0000] {dag.py:3262} INFO - Creating ORM DAG for dataset_alias_example_alias_producer_with_no_taskflow
[2025-04-01T15:08:26.136+0000] {logging_mixin.py:190} INFO - [2025-04-01T15:08:26.136+0000] {dag.py:3262} INFO - Creating ORM DAG for dataset_s3_bucket_producer_with_no_taskflow
[2025-04-01T15:08:26.146+0000] {logging_mixin.py:190} INFO - [2025-04-01T15:08:26.146+0000] {dag.py:4180} INFO - Setting next_dagrun for dataset_alias_example_alias_consumer_with_no_taskflow to None, run_after=None
[2025-04-01T15:08:26.147+0000] {logging_mixin.py:190} INFO - [2025-04-01T15:08:26.147+0000] {dag.py:4180} INFO - Setting next_dagrun for dataset_alias_example_alias_producer_with_no_taskflow to None, run_after=None
[2025-04-01T15:08:26.148+0000] {logging_mixin.py:190} INFO - [2025-04-01T15:08:26.148+0000] {dag.py:4180} INFO - Setting next_dagrun for dataset_s3_bucket_consumer_with_no_taskflow to None, run_after=None
[2025-04-01T15:08:26.149+0000] {logging_mixin.py:190} INFO - [2025-04-01T15:08:26.149+0000] {dag.py:4180} INFO - Setting next_dagrun for dataset_s3_bucket_producer_with_no_taskflow to None, run_after=None
[2025-04-01T15:08:26.201+0000] {processor.py:208} INFO - Processing /home/airflow/.local/lib/python3.12/site-packages/airflow/example_dags/example_dataset_alias_with_no_taskflow.py took 0.848 seconds
[2025-04-01T15:08:57.097+0000] {processor.py:186} INFO - Started process (PID=178) to work on /home/airflow/.local/lib/python3.12/site-packages/airflow/example_dags/example_dataset_alias_with_no_taskflow.py
[2025-04-01T15:08:57.098+0000] {processor.py:914} INFO - Processing file /home/airflow/.local/lib/python3.12/site-packages/airflow/example_dags/example_dataset_alias_with_no_taskflow.py for tasks to queue
[2025-04-01T15:08:57.100+0000] {logging_mixin.py:190} INFO - [2025-04-01T15:08:57.100+0000] {dagbag.py:588} INFO - Filling up the DagBag from /home/airflow/.local/lib/python3.12/site-packages/airflow/example_dags/example_dataset_alias_with_no_taskflow.py
[2025-04-01T15:08:57.533+0000] {processor.py:925} INFO - DAG(s) 'dataset_alias_example_alias_consumer_with_no_taskflow', 'dataset_s3_bucket_producer_with_no_taskflow', 'dataset_alias_example_alias_producer_with_no_taskflow', 'dataset_s3_bucket_consumer_with_no_taskflow' retrieved from /home/airflow/.local/lib/python3.12/site-packages/airflow/example_dags/example_dataset_alias_with_no_taskflow.py
[2025-04-01T15:08:57.549+0000] {logging_mixin.py:190} INFO - [2025-04-01T15:08:57.548+0000] {dag.py:3239} INFO - Sync 4 DAGs
[2025-04-01T15:08:57.566+0000] {logging_mixin.py:190} INFO - [2025-04-01T15:08:57.566+0000] {dag.py:4180} INFO - Setting next_dagrun for dataset_alias_example_alias_consumer_with_no_taskflow to None, run_after=None
[2025-04-01T15:08:57.569+0000] {logging_mixin.py:190} INFO - [2025-04-01T15:08:57.568+0000] {dag.py:4180} INFO - Setting next_dagrun for dataset_alias_example_alias_producer_with_no_taskflow to None, run_after=None
[2025-04-01T15:08:57.570+0000] {logging_mixin.py:190} INFO - [2025-04-01T15:08:57.570+0000] {dag.py:4180} INFO - Setting next_dagrun for dataset_s3_bucket_consumer_with_no_taskflow to None, run_after=None
[2025-04-01T15:08:57.571+0000] {logging_mixin.py:190} INFO - [2025-04-01T15:08:57.571+0000] {dag.py:4180} INFO - Setting next_dagrun for dataset_s3_bucket_producer_with_no_taskflow to None, run_after=None
[2025-04-01T15:08:57.589+0000] {processor.py:208} INFO - Processing /home/airflow/.local/lib/python3.12/site-packages/airflow/example_dags/example_dataset_alias_with_no_taskflow.py took 0.497 seconds
[2025-04-01T15:09:27.735+0000] {processor.py:186} INFO - Started process (PID=243) to work on /home/airflow/.local/lib/python3.12/site-packages/airflow/example_dags/example_dataset_alias_with_no_taskflow.py
[2025-04-01T15:09:27.737+0000] {processor.py:914} INFO - Processing file /home/airflow/.local/lib/python3.12/site-packages/airflow/example_dags/example_dataset_alias_with_no_taskflow.py for tasks to queue
[2025-04-01T15:09:27.739+0000] {logging_mixin.py:190} INFO - [2025-04-01T15:09:27.738+0000] {dagbag.py:588} INFO - Filling up the DagBag from /home/airflow/.local/lib/python3.12/site-packages/airflow/example_dags/example_dataset_alias_with_no_taskflow.py
[2025-04-01T15:09:28.163+0000] {processor.py:925} INFO - DAG(s) 'dataset_s3_bucket_producer_with_no_taskflow', 'dataset_alias_example_alias_producer_with_no_taskflow', 'dataset_s3_bucket_consumer_with_no_taskflow', 'dataset_alias_example_alias_consumer_with_no_taskflow' retrieved from /home/airflow/.local/lib/python3.12/site-packages/airflow/example_dags/example_dataset_alias_with_no_taskflow.py
[2025-04-01T15:09:28.181+0000] {logging_mixin.py:190} INFO - [2025-04-01T15:09:28.180+0000] {dag.py:3239} INFO - Sync 4 DAGs
[2025-04-01T15:09:28.196+0000] {logging_mixin.py:190} INFO - [2025-04-01T15:09:28.196+0000] {dag.py:4180} INFO - Setting next_dagrun for dataset_alias_example_alias_consumer_with_no_taskflow to None, run_after=None
[2025-04-01T15:09:28.198+0000] {logging_mixin.py:190} INFO - [2025-04-01T15:09:28.198+0000] {dag.py:4180} INFO - Setting next_dagrun for dataset_alias_example_alias_producer_with_no_taskflow to None, run_after=None
[2025-04-01T15:09:28.199+0000] {logging_mixin.py:190} INFO - [2025-04-01T15:09:28.199+0000] {dag.py:4180} INFO - Setting next_dagrun for dataset_s3_bucket_consumer_with_no_taskflow to None, run_after=None
[2025-04-01T15:09:28.200+0000] {logging_mixin.py:190} INFO - [2025-04-01T15:09:28.200+0000] {dag.py:4180} INFO - Setting next_dagrun for dataset_s3_bucket_producer_with_no_taskflow to None, run_after=None
[2025-04-01T15:09:28.214+0000] {processor.py:208} INFO - Processing /home/airflow/.local/lib/python3.12/site-packages/airflow/example_dags/example_dataset_alias_with_no_taskflow.py took 0.484 seconds
[2025-04-01T15:09:58.717+0000] {processor.py:186} INFO - Started process (PID=308) to work on /home/airflow/.local/lib/python3.12/site-packages/airflow/example_dags/example_dataset_alias_with_no_taskflow.py
[2025-04-01T15:09:58.717+0000] {processor.py:914} INFO - Processing file /home/airflow/.local/lib/python3.12/site-packages/airflow/example_dags/example_dataset_alias_with_no_taskflow.py for tasks to queue
[2025-04-01T15:09:58.718+0000] {logging_mixin.py:190} INFO - [2025-04-01T15:09:58.718+0000] {dagbag.py:588} INFO - Filling up the DagBag from /home/airflow/.local/lib/python3.12/site-packages/airflow/example_dags/example_dataset_alias_with_no_taskflow.py
[2025-04-01T15:09:59.188+0000] {processor.py:925} INFO - DAG(s) 'dataset_s3_bucket_producer_with_no_taskflow', 'dataset_alias_example_alias_consumer_with_no_taskflow', 'dataset_alias_example_alias_producer_with_no_taskflow', 'dataset_s3_bucket_consumer_with_no_taskflow' retrieved from /home/airflow/.local/lib/python3.12/site-packages/airflow/example_dags/example_dataset_alias_with_no_taskflow.py
[2025-04-01T15:09:59.208+0000] {logging_mixin.py:190} INFO - [2025-04-01T15:09:59.207+0000] {dag.py:3239} INFO - Sync 4 DAGs
[2025-04-01T15:09:59.229+0000] {logging_mixin.py:190} INFO - [2025-04-01T15:09:59.229+0000] {dag.py:4180} INFO - Setting next_dagrun for dataset_alias_example_alias_consumer_with_no_taskflow to None, run_after=None
[2025-04-01T15:09:59.232+0000] {logging_mixin.py:190} INFO - [2025-04-01T15:09:59.231+0000] {dag.py:4180} INFO - Setting next_dagrun for dataset_alias_example_alias_producer_with_no_taskflow to None, run_after=None
[2025-04-01T15:09:59.233+0000] {logging_mixin.py:190} INFO - [2025-04-01T15:09:59.233+0000] {dag.py:4180} INFO - Setting next_dagrun for dataset_s3_bucket_consumer_with_no_taskflow to None, run_after=None
[2025-04-01T15:09:59.234+0000] {logging_mixin.py:190} INFO - [2025-04-01T15:09:59.233+0000] {dag.py:4180} INFO - Setting next_dagrun for dataset_s3_bucket_producer_with_no_taskflow to None, run_after=None
[2025-04-01T15:09:59.251+0000] {processor.py:208} INFO - Processing /home/airflow/.local/lib/python3.12/site-packages/airflow/example_dags/example_dataset_alias_with_no_taskflow.py took 0.538 seconds
[2025-04-01T15:10:29.722+0000] {processor.py:186} INFO - Started process (PID=372) to work on /home/airflow/.local/lib/python3.12/site-packages/airflow/example_dags/example_dataset_alias_with_no_taskflow.py
[2025-04-01T15:10:29.723+0000] {processor.py:914} INFO - Processing file /home/airflow/.local/lib/python3.12/site-packages/airflow/example_dags/example_dataset_alias_with_no_taskflow.py for tasks to queue
[2025-04-01T15:10:29.725+0000] {logging_mixin.py:190} INFO - [2025-04-01T15:10:29.724+0000] {dagbag.py:588} INFO - Filling up the DagBag from /home/airflow/.local/lib/python3.12/site-packages/airflow/example_dags/example_dataset_alias_with_no_taskflow.py
[2025-04-01T15:10:30.378+0000] {processor.py:925} INFO - DAG(s) 'dataset_alias_example_alias_producer_with_no_taskflow', 'dataset_alias_example_alias_consumer_with_no_taskflow', 'dataset_s3_bucket_consumer_with_no_taskflow', 'dataset_s3_bucket_producer_with_no_taskflow' retrieved from /home/airflow/.local/lib/python3.12/site-packages/airflow/example_dags/example_dataset_alias_with_no_taskflow.py
[2025-04-01T15:10:30.401+0000] {logging_mixin.py:190} INFO - [2025-04-01T15:10:30.400+0000] {dag.py:3239} INFO - Sync 4 DAGs
[2025-04-01T15:10:30.424+0000] {logging_mixin.py:190} INFO - [2025-04-01T15:10:30.424+0000] {dag.py:4180} INFO - Setting next_dagrun for dataset_alias_example_alias_consumer_with_no_taskflow to None, run_after=None
[2025-04-01T15:10:30.427+0000] {logging_mixin.py:190} INFO - [2025-04-01T15:10:30.427+0000] {dag.py:4180} INFO - Setting next_dagrun for dataset_alias_example_alias_producer_with_no_taskflow to None, run_after=None
[2025-04-01T15:10:30.428+0000] {logging_mixin.py:190} INFO - [2025-04-01T15:10:30.428+0000] {dag.py:4180} INFO - Setting next_dagrun for dataset_s3_bucket_consumer_with_no_taskflow to None, run_after=None
[2025-04-01T15:10:30.429+0000] {logging_mixin.py:190} INFO - [2025-04-01T15:10:30.429+0000] {dag.py:4180} INFO - Setting next_dagrun for dataset_s3_bucket_producer_with_no_taskflow to None, run_after=None
[2025-04-01T15:10:30.449+0000] {processor.py:208} INFO - Processing /home/airflow/.local/lib/python3.12/site-packages/airflow/example_dags/example_dataset_alias_with_no_taskflow.py took 0.734 seconds
[2025-04-01T15:11:01.043+0000] {processor.py:186} INFO - Started process (PID=437) to work on /home/airflow/.local/lib/python3.12/site-packages/airflow/example_dags/example_dataset_alias_with_no_taskflow.py
[2025-04-01T15:11:01.045+0000] {processor.py:914} INFO - Processing file /home/airflow/.local/lib/python3.12/site-packages/airflow/example_dags/example_dataset_alias_with_no_taskflow.py for tasks to queue
[2025-04-01T15:11:01.046+0000] {logging_mixin.py:190} INFO - [2025-04-01T15:11:01.046+0000] {dagbag.py:588} INFO - Filling up the DagBag from /home/airflow/.local/lib/python3.12/site-packages/airflow/example_dags/example_dataset_alias_with_no_taskflow.py
[2025-04-01T15:11:01.542+0000] {processor.py:925} INFO - DAG(s) 'dataset_alias_example_alias_consumer_with_no_taskflow', 'dataset_alias_example_alias_producer_with_no_taskflow', 'dataset_s3_bucket_producer_with_no_taskflow', 'dataset_s3_bucket_consumer_with_no_taskflow' retrieved from /home/airflow/.local/lib/python3.12/site-packages/airflow/example_dags/example_dataset_alias_with_no_taskflow.py
[2025-04-01T15:11:01.564+0000] {logging_mixin.py:190} INFO - [2025-04-01T15:11:01.564+0000] {dag.py:3239} INFO - Sync 4 DAGs
[2025-04-01T15:11:01.591+0000] {logging_mixin.py:190} INFO - [2025-04-01T15:11:01.591+0000] {dag.py:4180} INFO - Setting next_dagrun for dataset_alias_example_alias_consumer_with_no_taskflow to None, run_after=None
[2025-04-01T15:11:01.593+0000] {logging_mixin.py:190} INFO - [2025-04-01T15:11:01.593+0000] {dag.py:4180} INFO - Setting next_dagrun for dataset_alias_example_alias_producer_with_no_taskflow to None, run_after=None
[2025-04-01T15:11:01.595+0000] {logging_mixin.py:190} INFO - [2025-04-01T15:11:01.595+0000] {dag.py:4180} INFO - Setting next_dagrun for dataset_s3_bucket_consumer_with_no_taskflow to None, run_after=None
[2025-04-01T15:11:01.596+0000] {logging_mixin.py:190} INFO - [2025-04-01T15:11:01.596+0000] {dag.py:4180} INFO - Setting next_dagrun for dataset_s3_bucket_producer_with_no_taskflow to None, run_after=None
[2025-04-01T15:11:01.636+0000] {processor.py:208} INFO - Processing /home/airflow/.local/lib/python3.12/site-packages/airflow/example_dags/example_dataset_alias_with_no_taskflow.py took 0.598 seconds
[2025-04-01T15:11:32.270+0000] {processor.py:186} INFO - Started process (PID=502) to work on /home/airflow/.local/lib/python3.12/site-packages/airflow/example_dags/example_dataset_alias_with_no_taskflow.py
[2025-04-01T15:11:32.271+0000] {processor.py:914} INFO - Processing file /home/airflow/.local/lib/python3.12/site-packages/airflow/example_dags/example_dataset_alias_with_no_taskflow.py for tasks to queue
[2025-04-01T15:11:32.273+0000] {logging_mixin.py:190} INFO - [2025-04-01T15:11:32.273+0000] {dagbag.py:588} INFO - Filling up the DagBag from /home/airflow/.local/lib/python3.12/site-packages/airflow/example_dags/example_dataset_alias_with_no_taskflow.py
[2025-04-01T15:11:32.777+0000] {processor.py:925} INFO - DAG(s) 'dataset_s3_bucket_producer_with_no_taskflow', 'dataset_alias_example_alias_producer_with_no_taskflow', 'dataset_s3_bucket_consumer_with_no_taskflow', 'dataset_alias_example_alias_consumer_with_no_taskflow' retrieved from /home/airflow/.local/lib/python3.12/site-packages/airflow/example_dags/example_dataset_alias_with_no_taskflow.py
[2025-04-01T15:11:32.793+0000] {logging_mixin.py:190} INFO - [2025-04-01T15:11:32.793+0000] {dag.py:3239} INFO - Sync 4 DAGs
[2025-04-01T15:11:32.812+0000] {logging_mixin.py:190} INFO - [2025-04-01T15:11:32.812+0000] {dag.py:4180} INFO - Setting next_dagrun for dataset_alias_example_alias_consumer_with_no_taskflow to None, run_after=None
[2025-04-01T15:11:32.814+0000] {logging_mixin.py:190} INFO - [2025-04-01T15:11:32.814+0000] {dag.py:4180} INFO - Setting next_dagrun for dataset_alias_example_alias_producer_with_no_taskflow to None, run_after=None
[2025-04-01T15:11:32.815+0000] {logging_mixin.py:190} INFO - [2025-04-01T15:11:32.815+0000] {dag.py:4180} INFO - Setting next_dagrun for dataset_s3_bucket_consumer_with_no_taskflow to None, run_after=None
[2025-04-01T15:11:32.817+0000] {logging_mixin.py:190} INFO - [2025-04-01T15:11:32.817+0000] {dag.py:4180} INFO - Setting next_dagrun for dataset_s3_bucket_producer_with_no_taskflow to None, run_after=None
[2025-04-01T15:11:32.834+0000] {processor.py:208} INFO - Processing /home/airflow/.local/lib/python3.12/site-packages/airflow/example_dags/example_dataset_alias_with_no_taskflow.py took 0.569 seconds
[2025-04-01T15:12:03.520+0000] {processor.py:186} INFO - Started process (PID=567) to work on /home/airflow/.local/lib/python3.12/site-packages/airflow/example_dags/example_dataset_alias_with_no_taskflow.py
[2025-04-01T15:12:03.522+0000] {processor.py:914} INFO - Processing file /home/airflow/.local/lib/python3.12/site-packages/airflow/example_dags/example_dataset_alias_with_no_taskflow.py for tasks to queue
[2025-04-01T15:12:03.523+0000] {logging_mixin.py:190} INFO - [2025-04-01T15:12:03.523+0000] {dagbag.py:588} INFO - Filling up the DagBag from /home/airflow/.local/lib/python3.12/site-packages/airflow/example_dags/example_dataset_alias_with_no_taskflow.py
[2025-04-01T15:12:04.043+0000] {processor.py:925} INFO - DAG(s) 'dataset_alias_example_alias_producer_with_no_taskflow', 'dataset_s3_bucket_consumer_with_no_taskflow', 'dataset_alias_example_alias_consumer_with_no_taskflow', 'dataset_s3_bucket_producer_with_no_taskflow' retrieved from /home/airflow/.local/lib/python3.12/site-packages/airflow/example_dags/example_dataset_alias_with_no_taskflow.py
[2025-04-01T15:12:04.061+0000] {logging_mixin.py:190} INFO - [2025-04-01T15:12:04.061+0000] {dag.py:3239} INFO - Sync 4 DAGs
[2025-04-01T15:12:04.080+0000] {logging_mixin.py:190} INFO - [2025-04-01T15:12:04.080+0000] {dag.py:4180} INFO - Setting next_dagrun for dataset_alias_example_alias_consumer_with_no_taskflow to None, run_after=None
[2025-04-01T15:12:04.082+0000] {logging_mixin.py:190} INFO - [2025-04-01T15:12:04.082+0000] {dag.py:4180} INFO - Setting next_dagrun for dataset_alias_example_alias_producer_with_no_taskflow to None, run_after=None
[2025-04-01T15:12:04.084+0000] {logging_mixin.py:190} INFO - [2025-04-01T15:12:04.083+0000] {dag.py:4180} INFO - Setting next_dagrun for dataset_s3_bucket_consumer_with_no_taskflow to None, run_after=None
[2025-04-01T15:12:04.085+0000] {logging_mixin.py:190} INFO - [2025-04-01T15:12:04.084+0000] {dag.py:4180} INFO - Setting next_dagrun for dataset_s3_bucket_producer_with_no_taskflow to None, run_after=None
[2025-04-01T15:12:04.102+0000] {processor.py:208} INFO - Processing /home/airflow/.local/lib/python3.12/site-packages/airflow/example_dags/example_dataset_alias_with_no_taskflow.py took 0.586 seconds
[2025-04-01T15:12:34.234+0000] {processor.py:186} INFO - Started process (PID=632) to work on /home/airflow/.local/lib/python3.12/site-packages/airflow/example_dags/example_dataset_alias_with_no_taskflow.py
[2025-04-01T15:12:34.236+0000] {processor.py:914} INFO - Processing file /home/airflow/.local/lib/python3.12/site-packages/airflow/example_dags/example_dataset_alias_with_no_taskflow.py for tasks to queue
[2025-04-01T15:12:34.237+0000] {logging_mixin.py:190} INFO - [2025-04-01T15:12:34.237+0000] {dagbag.py:588} INFO - Filling up the DagBag from /home/airflow/.local/lib/python3.12/site-packages/airflow/example_dags/example_dataset_alias_with_no_taskflow.py
[2025-04-01T15:12:34.781+0000] {processor.py:925} INFO - DAG(s) 'dataset_s3_bucket_consumer_with_no_taskflow', 'dataset_alias_example_alias_consumer_with_no_taskflow', 'dataset_alias_example_alias_producer_with_no_taskflow', 'dataset_s3_bucket_producer_with_no_taskflow' retrieved from /home/airflow/.local/lib/python3.12/site-packages/airflow/example_dags/example_dataset_alias_with_no_taskflow.py
[2025-04-01T15:12:34.803+0000] {logging_mixin.py:190} INFO - [2025-04-01T15:12:34.802+0000] {dag.py:3239} INFO - Sync 4 DAGs
[2025-04-01T15:12:34.824+0000] {logging_mixin.py:190} INFO - [2025-04-01T15:12:34.824+0000] {dag.py:4180} INFO - Setting next_dagrun for dataset_alias_example_alias_consumer_with_no_taskflow to None, run_after=None
[2025-04-01T15:12:34.826+0000] {logging_mixin.py:190} INFO - [2025-04-01T15:12:34.826+0000] {dag.py:4180} INFO - Setting next_dagrun for dataset_alias_example_alias_producer_with_no_taskflow to None, run_after=None
[2025-04-01T15:12:34.827+0000] {logging_mixin.py:190} INFO - [2025-04-01T15:12:34.827+0000] {dag.py:4180} INFO - Setting next_dagrun for dataset_s3_bucket_consumer_with_no_taskflow to None, run_after=None
[2025-04-01T15:12:34.829+0000] {logging_mixin.py:190} INFO - [2025-04-01T15:12:34.829+0000] {dag.py:4180} INFO - Setting next_dagrun for dataset_s3_bucket_producer_with_no_taskflow to None, run_after=None
[2025-04-01T15:12:34.847+0000] {processor.py:208} INFO - Processing /home/airflow/.local/lib/python3.12/site-packages/airflow/example_dags/example_dataset_alias_with_no_taskflow.py took 0.616 seconds
[2025-04-01T15:13:05.082+0000] {processor.py:186} INFO - Started process (PID=697) to work on /home/airflow/.local/lib/python3.12/site-packages/airflow/example_dags/example_dataset_alias_with_no_taskflow.py
[2025-04-01T15:13:05.084+0000] {processor.py:914} INFO - Processing file /home/airflow/.local/lib/python3.12/site-packages/airflow/example_dags/example_dataset_alias_with_no_taskflow.py for tasks to queue
[2025-04-01T15:13:05.085+0000] {logging_mixin.py:190} INFO - [2025-04-01T15:13:05.085+0000] {dagbag.py:588} INFO - Filling up the DagBag from /home/airflow/.local/lib/python3.12/site-packages/airflow/example_dags/example_dataset_alias_with_no_taskflow.py
[2025-04-01T15:13:05.615+0000] {processor.py:925} INFO - DAG(s) 'dataset_s3_bucket_consumer_with_no_taskflow', 'dataset_alias_example_alias_consumer_with_no_taskflow', 'dataset_s3_bucket_producer_with_no_taskflow', 'dataset_alias_example_alias_producer_with_no_taskflow' retrieved from /home/airflow/.local/lib/python3.12/site-packages/airflow/example_dags/example_dataset_alias_with_no_taskflow.py
[2025-04-01T15:13:05.635+0000] {logging_mixin.py:190} INFO - [2025-04-01T15:13:05.634+0000] {dag.py:3239} INFO - Sync 4 DAGs
[2025-04-01T15:13:05.657+0000] {logging_mixin.py:190} INFO - [2025-04-01T15:13:05.656+0000] {dag.py:4180} INFO - Setting next_dagrun for dataset_alias_example_alias_consumer_with_no_taskflow to None, run_after=None
[2025-04-01T15:13:05.660+0000] {logging_mixin.py:190} INFO - [2025-04-01T15:13:05.660+0000] {dag.py:4180} INFO - Setting next_dagrun for dataset_alias_example_alias_producer_with_no_taskflow to None, run_after=None
[2025-04-01T15:13:05.662+0000] {logging_mixin.py:190} INFO - [2025-04-01T15:13:05.661+0000] {dag.py:4180} INFO - Setting next_dagrun for dataset_s3_bucket_consumer_with_no_taskflow to None, run_after=None
[2025-04-01T15:13:05.663+0000] {logging_mixin.py:190} INFO - [2025-04-01T15:13:05.662+0000] {dag.py:4180} INFO - Setting next_dagrun for dataset_s3_bucket_producer_with_no_taskflow to None, run_after=None
[2025-04-01T15:13:05.694+0000] {processor.py:208} INFO - Processing /home/airflow/.local/lib/python3.12/site-packages/airflow/example_dags/example_dataset_alias_with_no_taskflow.py took 0.617 seconds
[2025-04-01T15:13:35.977+0000] {processor.py:186} INFO - Started process (PID=762) to work on /home/airflow/.local/lib/python3.12/site-packages/airflow/example_dags/example_dataset_alias_with_no_taskflow.py
[2025-04-01T15:13:35.980+0000] {processor.py:914} INFO - Processing file /home/airflow/.local/lib/python3.12/site-packages/airflow/example_dags/example_dataset_alias_with_no_taskflow.py for tasks to queue
[2025-04-01T15:13:35.981+0000] {logging_mixin.py:190} INFO - [2025-04-01T15:13:35.981+0000] {dagbag.py:588} INFO - Filling up the DagBag from /home/airflow/.local/lib/python3.12/site-packages/airflow/example_dags/example_dataset_alias_with_no_taskflow.py
[2025-04-01T15:13:36.528+0000] {processor.py:925} INFO - DAG(s) 'dataset_alias_example_alias_producer_with_no_taskflow', 'dataset_alias_example_alias_consumer_with_no_taskflow', 'dataset_s3_bucket_consumer_with_no_taskflow', 'dataset_s3_bucket_producer_with_no_taskflow' retrieved from /home/airflow/.local/lib/python3.12/site-packages/airflow/example_dags/example_dataset_alias_with_no_taskflow.py
[2025-04-01T15:13:36.550+0000] {logging_mixin.py:190} INFO - [2025-04-01T15:13:36.549+0000] {dag.py:3239} INFO - Sync 4 DAGs
[2025-04-01T15:13:36.574+0000] {logging_mixin.py:190} INFO - [2025-04-01T15:13:36.574+0000] {dag.py:4180} INFO - Setting next_dagrun for dataset_alias_example_alias_consumer_with_no_taskflow to None, run_after=None
[2025-04-01T15:13:36.578+0000] {logging_mixin.py:190} INFO - [2025-04-01T15:13:36.578+0000] {dag.py:4180} INFO - Setting next_dagrun for dataset_alias_example_alias_producer_with_no_taskflow to None, run_after=None
[2025-04-01T15:13:36.580+0000] {logging_mixin.py:190} INFO - [2025-04-01T15:13:36.580+0000] {dag.py:4180} INFO - Setting next_dagrun for dataset_s3_bucket_consumer_with_no_taskflow to None, run_after=None
[2025-04-01T15:13:36.581+0000] {logging_mixin.py:190} INFO - [2025-04-01T15:13:36.581+0000] {dag.py:4180} INFO - Setting next_dagrun for dataset_s3_bucket_producer_with_no_taskflow to None, run_after=None
[2025-04-01T15:13:36.609+0000] {processor.py:208} INFO - Processing /home/airflow/.local/lib/python3.12/site-packages/airflow/example_dags/example_dataset_alias_with_no_taskflow.py took 0.638 seconds
