[2025-04-01T15:08:24.367+0000] {processor.py:186} INFO - Started process (PID=107) to work on /home/airflow/.local/lib/python3.12/site-packages/airflow/example_dags/example_sla_dag.py
[2025-04-01T15:08:24.368+0000] {processor.py:914} INFO - Processing file /home/airflow/.local/lib/python3.12/site-packages/airflow/example_dags/example_sla_dag.py for tasks to queue
[2025-04-01T15:08:24.369+0000] {logging_mixin.py:190} INFO - [2025-04-01T15:08:24.369+0000] {dagbag.py:588} INFO - Filling up the DagBag from /home/airflow/.local/lib/python3.12/site-packages/airflow/example_dags/example_sla_dag.py
[2025-04-01T15:08:24.379+0000] {processor.py:925} INFO - DAG(s) 'example_sla_dag' retrieved from /home/airflow/.local/lib/python3.12/site-packages/airflow/example_dags/example_sla_dag.py
[2025-04-01T15:08:24.529+0000] {logging_mixin.py:190} INFO - [2025-04-01T15:08:24.528+0000] {override.py:1912} INFO - Created Permission View: can read on DAG:example_sla_dag
[2025-04-01T15:08:24.543+0000] {logging_mixin.py:190} INFO - [2025-04-01T15:08:24.542+0000] {override.py:1912} INFO - Created Permission View: can edit on DAG:example_sla_dag
[2025-04-01T15:08:24.551+0000] {logging_mixin.py:190} INFO - [2025-04-01T15:08:24.550+0000] {override.py:1912} INFO - Created Permission View: can delete on DAG:example_sla_dag
[2025-04-01T15:08:24.559+0000] {logging_mixin.py:190} INFO - [2025-04-01T15:08:24.558+0000] {override.py:1912} INFO - Created Permission View: can read on DAG Run:example_sla_dag
[2025-04-01T15:08:24.567+0000] {logging_mixin.py:190} INFO - [2025-04-01T15:08:24.567+0000] {override.py:1912} INFO - Created Permission View: can create on DAG Run:example_sla_dag
[2025-04-01T15:08:24.574+0000] {logging_mixin.py:190} INFO - [2025-04-01T15:08:24.574+0000] {override.py:1912} INFO - Created Permission View: can delete on DAG Run:example_sla_dag
[2025-04-01T15:08:24.582+0000] {logging_mixin.py:190} INFO - [2025-04-01T15:08:24.582+0000] {override.py:1912} INFO - Created Permission View: menu access on DAG Run:example_sla_dag
[2025-04-01T15:08:24.583+0000] {logging_mixin.py:190} INFO - [2025-04-01T15:08:24.583+0000] {dag.py:3239} INFO - Sync 1 DAGs
[2025-04-01T15:08:24.599+0000] {logging_mixin.py:190} INFO - [2025-04-01T15:08:24.598+0000] {dag.py:3262} INFO - Creating ORM DAG for example_sla_dag
[2025-04-01T15:08:24.614+0000] {logging_mixin.py:190} INFO - [2025-04-01T15:08:24.614+0000] {dag.py:4180} INFO - Setting next_dagrun for example_sla_dag to 2025-04-01 15:06:00+00:00, run_after=2025-04-01 15:08:00+00:00
[2025-04-01T15:08:24.630+0000] {processor.py:208} INFO - Processing /home/airflow/.local/lib/python3.12/site-packages/airflow/example_dags/example_sla_dag.py took 0.270 seconds
[2025-04-01T15:08:55.446+0000] {processor.py:186} INFO - Started process (PID=171) to work on /home/airflow/.local/lib/python3.12/site-packages/airflow/example_dags/example_sla_dag.py
[2025-04-01T15:08:55.446+0000] {processor.py:914} INFO - Processing file /home/airflow/.local/lib/python3.12/site-packages/airflow/example_dags/example_sla_dag.py for tasks to queue
[2025-04-01T15:08:55.447+0000] {logging_mixin.py:190} INFO - [2025-04-01T15:08:55.447+0000] {dagbag.py:588} INFO - Filling up the DagBag from /home/airflow/.local/lib/python3.12/site-packages/airflow/example_dags/example_sla_dag.py
[2025-04-01T15:08:55.454+0000] {processor.py:925} INFO - DAG(s) 'example_sla_dag' retrieved from /home/airflow/.local/lib/python3.12/site-packages/airflow/example_dags/example_sla_dag.py
[2025-04-01T15:08:55.465+0000] {logging_mixin.py:190} INFO - [2025-04-01T15:08:55.465+0000] {dag.py:3239} INFO - Sync 1 DAGs
[2025-04-01T15:08:55.482+0000] {logging_mixin.py:190} INFO - [2025-04-01T15:08:55.482+0000] {dag.py:4180} INFO - Setting next_dagrun for example_sla_dag to 2025-04-01 15:06:00+00:00, run_after=2025-04-01 15:08:00+00:00
[2025-04-01T15:08:55.502+0000] {processor.py:208} INFO - Processing /home/airflow/.local/lib/python3.12/site-packages/airflow/example_dags/example_sla_dag.py took 0.060 seconds
[2025-04-01T15:09:26.160+0000] {processor.py:186} INFO - Started process (PID=236) to work on /home/airflow/.local/lib/python3.12/site-packages/airflow/example_dags/example_sla_dag.py
[2025-04-01T15:09:26.160+0000] {processor.py:914} INFO - Processing file /home/airflow/.local/lib/python3.12/site-packages/airflow/example_dags/example_sla_dag.py for tasks to queue
[2025-04-01T15:09:26.162+0000] {logging_mixin.py:190} INFO - [2025-04-01T15:09:26.161+0000] {dagbag.py:588} INFO - Filling up the DagBag from /home/airflow/.local/lib/python3.12/site-packages/airflow/example_dags/example_sla_dag.py
[2025-04-01T15:09:26.168+0000] {processor.py:925} INFO - DAG(s) 'example_sla_dag' retrieved from /home/airflow/.local/lib/python3.12/site-packages/airflow/example_dags/example_sla_dag.py
[2025-04-01T15:09:26.181+0000] {logging_mixin.py:190} INFO - [2025-04-01T15:09:26.180+0000] {dag.py:3239} INFO - Sync 1 DAGs
[2025-04-01T15:09:26.199+0000] {logging_mixin.py:190} INFO - [2025-04-01T15:09:26.199+0000] {dag.py:4180} INFO - Setting next_dagrun for example_sla_dag to 2025-04-01 15:06:00+00:00, run_after=2025-04-01 15:08:00+00:00
[2025-04-01T15:09:26.212+0000] {processor.py:208} INFO - Processing /home/airflow/.local/lib/python3.12/site-packages/airflow/example_dags/example_sla_dag.py took 0.056 seconds
[2025-04-01T15:09:58.124+0000] {processor.py:186} INFO - Started process (PID=302) to work on /home/airflow/.local/lib/python3.12/site-packages/airflow/example_dags/example_sla_dag.py
[2025-04-01T15:09:58.124+0000] {processor.py:914} INFO - Processing file /home/airflow/.local/lib/python3.12/site-packages/airflow/example_dags/example_sla_dag.py for tasks to queue
[2025-04-01T15:09:58.126+0000] {logging_mixin.py:190} INFO - [2025-04-01T15:09:58.126+0000] {dagbag.py:588} INFO - Filling up the DagBag from /home/airflow/.local/lib/python3.12/site-packages/airflow/example_dags/example_sla_dag.py
[2025-04-01T15:09:58.135+0000] {processor.py:925} INFO - DAG(s) 'example_sla_dag' retrieved from /home/airflow/.local/lib/python3.12/site-packages/airflow/example_dags/example_sla_dag.py
[2025-04-01T15:09:58.151+0000] {logging_mixin.py:190} INFO - [2025-04-01T15:09:58.150+0000] {dag.py:3239} INFO - Sync 1 DAGs
[2025-04-01T15:09:58.171+0000] {logging_mixin.py:190} INFO - [2025-04-01T15:09:58.171+0000] {dag.py:4180} INFO - Setting next_dagrun for example_sla_dag to 2025-04-01 15:06:00+00:00, run_after=2025-04-01 15:08:00+00:00
[2025-04-01T15:09:58.187+0000] {processor.py:208} INFO - Processing /home/airflow/.local/lib/python3.12/site-packages/airflow/example_dags/example_sla_dag.py took 0.068 seconds
[2025-04-01T15:10:29.390+0000] {processor.py:186} INFO - Started process (PID=366) to work on /home/airflow/.local/lib/python3.12/site-packages/airflow/example_dags/example_sla_dag.py
[2025-04-01T15:10:29.392+0000] {processor.py:914} INFO - Processing file /home/airflow/.local/lib/python3.12/site-packages/airflow/example_dags/example_sla_dag.py for tasks to queue
[2025-04-01T15:10:29.394+0000] {logging_mixin.py:190} INFO - [2025-04-01T15:10:29.393+0000] {dagbag.py:588} INFO - Filling up the DagBag from /home/airflow/.local/lib/python3.12/site-packages/airflow/example_dags/example_sla_dag.py
[2025-04-01T15:10:29.401+0000] {processor.py:925} INFO - DAG(s) 'example_sla_dag' retrieved from /home/airflow/.local/lib/python3.12/site-packages/airflow/example_dags/example_sla_dag.py
[2025-04-01T15:10:29.415+0000] {logging_mixin.py:190} INFO - [2025-04-01T15:10:29.415+0000] {dag.py:3239} INFO - Sync 1 DAGs
[2025-04-01T15:10:29.437+0000] {logging_mixin.py:190} INFO - [2025-04-01T15:10:29.437+0000] {dag.py:4180} INFO - Setting next_dagrun for example_sla_dag to 2025-04-01 15:08:00+00:00, run_after=2025-04-01 15:10:00+00:00
[2025-04-01T15:10:29.452+0000] {processor.py:208} INFO - Processing /home/airflow/.local/lib/python3.12/site-packages/airflow/example_dags/example_sla_dag.py took 0.066 seconds
[2025-04-01T15:10:59.567+0000] {processor.py:186} INFO - Started process (PID=431) to work on /home/airflow/.local/lib/python3.12/site-packages/airflow/example_dags/example_sla_dag.py
[2025-04-01T15:10:59.568+0000] {processor.py:914} INFO - Processing file /home/airflow/.local/lib/python3.12/site-packages/airflow/example_dags/example_sla_dag.py for tasks to queue
[2025-04-01T15:10:59.569+0000] {logging_mixin.py:190} INFO - [2025-04-01T15:10:59.569+0000] {dagbag.py:588} INFO - Filling up the DagBag from /home/airflow/.local/lib/python3.12/site-packages/airflow/example_dags/example_sla_dag.py
[2025-04-01T15:10:59.578+0000] {processor.py:925} INFO - DAG(s) 'example_sla_dag' retrieved from /home/airflow/.local/lib/python3.12/site-packages/airflow/example_dags/example_sla_dag.py
[2025-04-01T15:10:59.592+0000] {logging_mixin.py:190} INFO - [2025-04-01T15:10:59.592+0000] {dag.py:3239} INFO - Sync 1 DAGs
[2025-04-01T15:10:59.613+0000] {logging_mixin.py:190} INFO - [2025-04-01T15:10:59.613+0000] {dag.py:4180} INFO - Setting next_dagrun for example_sla_dag to 2025-04-01 15:08:00+00:00, run_after=2025-04-01 15:10:00+00:00
[2025-04-01T15:10:59.632+0000] {processor.py:208} INFO - Processing /home/airflow/.local/lib/python3.12/site-packages/airflow/example_dags/example_sla_dag.py took 0.070 seconds
[2025-04-01T15:11:30.658+0000] {processor.py:186} INFO - Started process (PID=495) to work on /home/airflow/.local/lib/python3.12/site-packages/airflow/example_dags/example_sla_dag.py
[2025-04-01T15:11:30.659+0000] {processor.py:914} INFO - Processing file /home/airflow/.local/lib/python3.12/site-packages/airflow/example_dags/example_sla_dag.py for tasks to queue
[2025-04-01T15:11:30.662+0000] {logging_mixin.py:190} INFO - [2025-04-01T15:11:30.662+0000] {dagbag.py:588} INFO - Filling up the DagBag from /home/airflow/.local/lib/python3.12/site-packages/airflow/example_dags/example_sla_dag.py
[2025-04-01T15:11:30.672+0000] {processor.py:925} INFO - DAG(s) 'example_sla_dag' retrieved from /home/airflow/.local/lib/python3.12/site-packages/airflow/example_dags/example_sla_dag.py
[2025-04-01T15:11:30.692+0000] {logging_mixin.py:190} INFO - [2025-04-01T15:11:30.692+0000] {dag.py:3239} INFO - Sync 1 DAGs
[2025-04-01T15:11:30.722+0000] {logging_mixin.py:190} INFO - [2025-04-01T15:11:30.722+0000] {dag.py:4180} INFO - Setting next_dagrun for example_sla_dag to 2025-04-01 15:08:00+00:00, run_after=2025-04-01 15:10:00+00:00
[2025-04-01T15:11:30.741+0000] {processor.py:208} INFO - Processing /home/airflow/.local/lib/python3.12/site-packages/airflow/example_dags/example_sla_dag.py took 0.088 seconds
[2025-04-01T15:12:01.632+0000] {processor.py:186} INFO - Started process (PID=560) to work on /home/airflow/.local/lib/python3.12/site-packages/airflow/example_dags/example_sla_dag.py
[2025-04-01T15:12:01.632+0000] {processor.py:914} INFO - Processing file /home/airflow/.local/lib/python3.12/site-packages/airflow/example_dags/example_sla_dag.py for tasks to queue
[2025-04-01T15:12:01.634+0000] {logging_mixin.py:190} INFO - [2025-04-01T15:12:01.634+0000] {dagbag.py:588} INFO - Filling up the DagBag from /home/airflow/.local/lib/python3.12/site-packages/airflow/example_dags/example_sla_dag.py
[2025-04-01T15:12:01.646+0000] {processor.py:925} INFO - DAG(s) 'example_sla_dag' retrieved from /home/airflow/.local/lib/python3.12/site-packages/airflow/example_dags/example_sla_dag.py
[2025-04-01T15:12:01.666+0000] {logging_mixin.py:190} INFO - [2025-04-01T15:12:01.666+0000] {dag.py:3239} INFO - Sync 1 DAGs
[2025-04-01T15:12:01.691+0000] {logging_mixin.py:190} INFO - [2025-04-01T15:12:01.691+0000] {dag.py:4180} INFO - Setting next_dagrun for example_sla_dag to 2025-04-01 15:10:00+00:00, run_after=2025-04-01 15:12:00+00:00
[2025-04-01T15:12:01.705+0000] {processor.py:208} INFO - Processing /home/airflow/.local/lib/python3.12/site-packages/airflow/example_dags/example_sla_dag.py took 0.079 seconds
[2025-04-01T15:12:32.681+0000] {processor.py:186} INFO - Started process (PID=625) to work on /home/airflow/.local/lib/python3.12/site-packages/airflow/example_dags/example_sla_dag.py
[2025-04-01T15:12:32.681+0000] {processor.py:914} INFO - Processing file /home/airflow/.local/lib/python3.12/site-packages/airflow/example_dags/example_sla_dag.py for tasks to queue
[2025-04-01T15:12:32.683+0000] {logging_mixin.py:190} INFO - [2025-04-01T15:12:32.683+0000] {dagbag.py:588} INFO - Filling up the DagBag from /home/airflow/.local/lib/python3.12/site-packages/airflow/example_dags/example_sla_dag.py
[2025-04-01T15:12:32.691+0000] {processor.py:925} INFO - DAG(s) 'example_sla_dag' retrieved from /home/airflow/.local/lib/python3.12/site-packages/airflow/example_dags/example_sla_dag.py
[2025-04-01T15:12:32.709+0000] {logging_mixin.py:190} INFO - [2025-04-01T15:12:32.708+0000] {dag.py:3239} INFO - Sync 1 DAGs
[2025-04-01T15:12:32.736+0000] {logging_mixin.py:190} INFO - [2025-04-01T15:12:32.736+0000] {dag.py:4180} INFO - Setting next_dagrun for example_sla_dag to 2025-04-01 15:10:00+00:00, run_after=2025-04-01 15:12:00+00:00
[2025-04-01T15:12:32.751+0000] {processor.py:208} INFO - Processing /home/airflow/.local/lib/python3.12/site-packages/airflow/example_dags/example_sla_dag.py took 0.075 seconds
[2025-04-01T15:13:03.452+0000] {processor.py:186} INFO - Started process (PID=690) to work on /home/airflow/.local/lib/python3.12/site-packages/airflow/example_dags/example_sla_dag.py
[2025-04-01T15:13:03.453+0000] {processor.py:914} INFO - Processing file /home/airflow/.local/lib/python3.12/site-packages/airflow/example_dags/example_sla_dag.py for tasks to queue
[2025-04-01T15:13:03.455+0000] {logging_mixin.py:190} INFO - [2025-04-01T15:13:03.455+0000] {dagbag.py:588} INFO - Filling up the DagBag from /home/airflow/.local/lib/python3.12/site-packages/airflow/example_dags/example_sla_dag.py
[2025-04-01T15:13:03.463+0000] {processor.py:925} INFO - DAG(s) 'example_sla_dag' retrieved from /home/airflow/.local/lib/python3.12/site-packages/airflow/example_dags/example_sla_dag.py
[2025-04-01T15:13:03.478+0000] {logging_mixin.py:190} INFO - [2025-04-01T15:13:03.477+0000] {dag.py:3239} INFO - Sync 1 DAGs
[2025-04-01T15:13:03.498+0000] {logging_mixin.py:190} INFO - [2025-04-01T15:13:03.498+0000] {dag.py:4180} INFO - Setting next_dagrun for example_sla_dag to 2025-04-01 15:10:00+00:00, run_after=2025-04-01 15:12:00+00:00
[2025-04-01T15:13:03.516+0000] {processor.py:208} INFO - Processing /home/airflow/.local/lib/python3.12/site-packages/airflow/example_dags/example_sla_dag.py took 0.068 seconds
[2025-04-01T15:13:34.859+0000] {processor.py:186} INFO - Started process (PID=755) to work on /home/airflow/.local/lib/python3.12/site-packages/airflow/example_dags/example_sla_dag.py
[2025-04-01T15:13:34.860+0000] {processor.py:914} INFO - Processing file /home/airflow/.local/lib/python3.12/site-packages/airflow/example_dags/example_sla_dag.py for tasks to queue
[2025-04-01T15:13:34.861+0000] {logging_mixin.py:190} INFO - [2025-04-01T15:13:34.861+0000] {dagbag.py:588} INFO - Filling up the DagBag from /home/airflow/.local/lib/python3.12/site-packages/airflow/example_dags/example_sla_dag.py
[2025-04-01T15:13:34.869+0000] {processor.py:925} INFO - DAG(s) 'example_sla_dag' retrieved from /home/airflow/.local/lib/python3.12/site-packages/airflow/example_dags/example_sla_dag.py
[2025-04-01T15:13:34.884+0000] {logging_mixin.py:190} INFO - [2025-04-01T15:13:34.884+0000] {dag.py:3239} INFO - Sync 1 DAGs
[2025-04-01T15:13:34.906+0000] {logging_mixin.py:190} INFO - [2025-04-01T15:13:34.906+0000] {dag.py:4180} INFO - Setting next_dagrun for example_sla_dag to 2025-04-01 15:10:00+00:00, run_after=2025-04-01 15:12:00+00:00
[2025-04-01T15:13:34.920+0000] {processor.py:208} INFO - Processing /home/airflow/.local/lib/python3.12/site-packages/airflow/example_dags/example_sla_dag.py took 0.067 seconds
