[2025-04-01T15:08:21.304+0000] {processor.py:186} INFO - Started process (PID=92) to work on /home/airflow/.local/lib/python3.12/site-packages/airflow/example_dags/example_subdag_operator.py
[2025-04-01T15:08:21.305+0000] {processor.py:914} INFO - Processing file /home/airflow/.local/lib/python3.12/site-packages/airflow/example_dags/example_subdag_operator.py for tasks to queue
[2025-04-01T15:08:21.307+0000] {logging_mixin.py:190} INFO - [2025-04-01T15:08:21.306+0000] {dagbag.py:588} INFO - Filling up the DagBag from /home/airflow/.local/lib/python3.12/site-packages/airflow/example_dags/example_subdag_operator.py
[2025-04-01T15:08:21.332+0000] {processor.py:925} INFO - DAG(s) 'example_subdag_operator.section-1', 'example_subdag_operator.section-2', 'example_subdag_operator' retrieved from /home/airflow/.local/lib/python3.12/site-packages/airflow/example_dags/example_subdag_operator.py
[2025-04-01T15:08:21.447+0000] {logging_mixin.py:190} INFO - [2025-04-01T15:08:21.447+0000] {override.py:1912} INFO - Created Permission View: can read on DAG:example_subdag_operator
[2025-04-01T15:08:21.456+0000] {logging_mixin.py:190} INFO - [2025-04-01T15:08:21.456+0000] {override.py:1912} INFO - Created Permission View: can edit on DAG:example_subdag_operator
[2025-04-01T15:08:21.463+0000] {logging_mixin.py:190} INFO - [2025-04-01T15:08:21.463+0000] {override.py:1912} INFO - Created Permission View: can delete on DAG:example_subdag_operator
[2025-04-01T15:08:21.471+0000] {logging_mixin.py:190} INFO - [2025-04-01T15:08:21.470+0000] {override.py:1912} INFO - Created Permission View: can read on DAG Run:example_subdag_operator
[2025-04-01T15:08:21.478+0000] {logging_mixin.py:190} INFO - [2025-04-01T15:08:21.477+0000] {override.py:1912} INFO - Created Permission View: can create on DAG Run:example_subdag_operator
[2025-04-01T15:08:21.483+0000] {logging_mixin.py:190} INFO - [2025-04-01T15:08:21.483+0000] {override.py:1912} INFO - Created Permission View: can delete on DAG Run:example_subdag_operator
[2025-04-01T15:08:21.488+0000] {logging_mixin.py:190} INFO - [2025-04-01T15:08:21.488+0000] {override.py:1912} INFO - Created Permission View: menu access on DAG Run:example_subdag_operator
[2025-04-01T15:08:21.488+0000] {logging_mixin.py:190} INFO - [2025-04-01T15:08:21.488+0000] {dag.py:3239} INFO - Sync 3 DAGs
[2025-04-01T15:08:21.500+0000] {logging_mixin.py:190} INFO - [2025-04-01T15:08:21.500+0000] {dag.py:3262} INFO - Creating ORM DAG for example_subdag_operator
[2025-04-01T15:08:21.501+0000] {logging_mixin.py:190} INFO - [2025-04-01T15:08:21.501+0000] {dag.py:3262} INFO - Creating ORM DAG for example_subdag_operator.section-1
[2025-04-01T15:08:21.501+0000] {logging_mixin.py:190} INFO - [2025-04-01T15:08:21.501+0000] {dag.py:3262} INFO - Creating ORM DAG for example_subdag_operator.section-2
[2025-04-01T15:08:21.509+0000] {logging_mixin.py:190} INFO - [2025-04-01T15:08:21.509+0000] {dag.py:4180} INFO - Setting next_dagrun for example_subdag_operator to 2022-01-01 00:00:00+00:00, run_after=2022-01-01 00:00:00+00:00
[2025-04-01T15:08:21.510+0000] {logging_mixin.py:190} INFO - [2025-04-01T15:08:21.510+0000] {dag.py:4180} INFO - Setting next_dagrun for example_subdag_operator.section-1 to None, run_after=None
[2025-04-01T15:08:21.510+0000] {logging_mixin.py:190} INFO - [2025-04-01T15:08:21.510+0000] {dag.py:4180} INFO - Setting next_dagrun for example_subdag_operator.section-2 to None, run_after=None
[2025-04-01T15:08:21.518+0000] {logging_mixin.py:190} INFO - [2025-04-01T15:08:21.518+0000] {dag.py:3239} INFO - Sync 2 DAGs
[2025-04-01T15:08:21.523+0000] {logging_mixin.py:190} INFO - [2025-04-01T15:08:21.523+0000] {dag.py:4180} INFO - Setting next_dagrun for example_subdag_operator.section-1 to None, run_after=None
[2025-04-01T15:08:21.525+0000] {logging_mixin.py:190} INFO - [2025-04-01T15:08:21.525+0000] {dag.py:4180} INFO - Setting next_dagrun for example_subdag_operator.section-2 to None, run_after=None
[2025-04-01T15:08:21.535+0000] {processor.py:208} INFO - Processing /home/airflow/.local/lib/python3.12/site-packages/airflow/example_dags/example_subdag_operator.py took 0.237 seconds
[2025-04-01T15:08:52.223+0000] {processor.py:186} INFO - Started process (PID=157) to work on /home/airflow/.local/lib/python3.12/site-packages/airflow/example_dags/example_subdag_operator.py
[2025-04-01T15:08:52.223+0000] {processor.py:914} INFO - Processing file /home/airflow/.local/lib/python3.12/site-packages/airflow/example_dags/example_subdag_operator.py for tasks to queue
[2025-04-01T15:08:52.225+0000] {logging_mixin.py:190} INFO - [2025-04-01T15:08:52.225+0000] {dagbag.py:588} INFO - Filling up the DagBag from /home/airflow/.local/lib/python3.12/site-packages/airflow/example_dags/example_subdag_operator.py
[2025-04-01T15:08:52.244+0000] {processor.py:925} INFO - DAG(s) 'example_subdag_operator.section-1', 'example_subdag_operator.section-2', 'example_subdag_operator' retrieved from /home/airflow/.local/lib/python3.12/site-packages/airflow/example_dags/example_subdag_operator.py
[2025-04-01T15:08:52.254+0000] {logging_mixin.py:190} INFO - [2025-04-01T15:08:52.254+0000] {dag.py:3239} INFO - Sync 3 DAGs
[2025-04-01T15:08:52.272+0000] {logging_mixin.py:190} INFO - [2025-04-01T15:08:52.272+0000] {dag.py:4180} INFO - Setting next_dagrun for example_subdag_operator to 2022-01-01 00:00:00+00:00, run_after=2022-01-01 00:00:00+00:00
[2025-04-01T15:08:52.275+0000] {logging_mixin.py:190} INFO - [2025-04-01T15:08:52.275+0000] {dag.py:4180} INFO - Setting next_dagrun for example_subdag_operator.section-1 to None, run_after=None
[2025-04-01T15:08:52.276+0000] {logging_mixin.py:190} INFO - [2025-04-01T15:08:52.276+0000] {dag.py:4180} INFO - Setting next_dagrun for example_subdag_operator.section-2 to None, run_after=None
[2025-04-01T15:08:52.281+0000] {logging_mixin.py:190} INFO - [2025-04-01T15:08:52.281+0000] {dag.py:3239} INFO - Sync 2 DAGs
[2025-04-01T15:08:52.285+0000] {logging_mixin.py:190} INFO - [2025-04-01T15:08:52.285+0000] {dag.py:4180} INFO - Setting next_dagrun for example_subdag_operator.section-1 to None, run_after=None
[2025-04-01T15:08:52.285+0000] {logging_mixin.py:190} INFO - [2025-04-01T15:08:52.285+0000] {dag.py:4180} INFO - Setting next_dagrun for example_subdag_operator.section-2 to None, run_after=None
[2025-04-01T15:08:52.293+0000] {processor.py:208} INFO - Processing /home/airflow/.local/lib/python3.12/site-packages/airflow/example_dags/example_subdag_operator.py took 0.076 seconds
[2025-04-01T15:09:23.126+0000] {processor.py:186} INFO - Started process (PID=222) to work on /home/airflow/.local/lib/python3.12/site-packages/airflow/example_dags/example_subdag_operator.py
[2025-04-01T15:09:23.126+0000] {processor.py:914} INFO - Processing file /home/airflow/.local/lib/python3.12/site-packages/airflow/example_dags/example_subdag_operator.py for tasks to queue
[2025-04-01T15:09:23.128+0000] {logging_mixin.py:190} INFO - [2025-04-01T15:09:23.128+0000] {dagbag.py:588} INFO - Filling up the DagBag from /home/airflow/.local/lib/python3.12/site-packages/airflow/example_dags/example_subdag_operator.py
[2025-04-01T15:09:23.145+0000] {processor.py:925} INFO - DAG(s) 'example_subdag_operator.section-1', 'example_subdag_operator.section-2', 'example_subdag_operator' retrieved from /home/airflow/.local/lib/python3.12/site-packages/airflow/example_dags/example_subdag_operator.py
[2025-04-01T15:09:23.155+0000] {logging_mixin.py:190} INFO - [2025-04-01T15:09:23.155+0000] {dag.py:3239} INFO - Sync 3 DAGs
[2025-04-01T15:09:23.175+0000] {logging_mixin.py:190} INFO - [2025-04-01T15:09:23.175+0000] {dag.py:4180} INFO - Setting next_dagrun for example_subdag_operator to 2022-01-01 00:00:00+00:00, run_after=2022-01-01 00:00:00+00:00
[2025-04-01T15:09:23.177+0000] {logging_mixin.py:190} INFO - [2025-04-01T15:09:23.177+0000] {dag.py:4180} INFO - Setting next_dagrun for example_subdag_operator.section-1 to None, run_after=None
[2025-04-01T15:09:23.178+0000] {logging_mixin.py:190} INFO - [2025-04-01T15:09:23.178+0000] {dag.py:4180} INFO - Setting next_dagrun for example_subdag_operator.section-2 to None, run_after=None
[2025-04-01T15:09:23.183+0000] {logging_mixin.py:190} INFO - [2025-04-01T15:09:23.183+0000] {dag.py:3239} INFO - Sync 2 DAGs
[2025-04-01T15:09:23.188+0000] {logging_mixin.py:190} INFO - [2025-04-01T15:09:23.188+0000] {dag.py:4180} INFO - Setting next_dagrun for example_subdag_operator.section-1 to None, run_after=None
[2025-04-01T15:09:23.188+0000] {logging_mixin.py:190} INFO - [2025-04-01T15:09:23.188+0000] {dag.py:4180} INFO - Setting next_dagrun for example_subdag_operator.section-2 to None, run_after=None
[2025-04-01T15:09:23.197+0000] {processor.py:208} INFO - Processing /home/airflow/.local/lib/python3.12/site-packages/airflow/example_dags/example_subdag_operator.py took 0.076 seconds
[2025-04-01T15:09:53.563+0000] {processor.py:186} INFO - Started process (PID=287) to work on /home/airflow/.local/lib/python3.12/site-packages/airflow/example_dags/example_subdag_operator.py
[2025-04-01T15:09:53.563+0000] {processor.py:914} INFO - Processing file /home/airflow/.local/lib/python3.12/site-packages/airflow/example_dags/example_subdag_operator.py for tasks to queue
[2025-04-01T15:09:53.565+0000] {logging_mixin.py:190} INFO - [2025-04-01T15:09:53.565+0000] {dagbag.py:588} INFO - Filling up the DagBag from /home/airflow/.local/lib/python3.12/site-packages/airflow/example_dags/example_subdag_operator.py
[2025-04-01T15:09:53.583+0000] {processor.py:925} INFO - DAG(s) 'example_subdag_operator.section-1', 'example_subdag_operator.section-2', 'example_subdag_operator' retrieved from /home/airflow/.local/lib/python3.12/site-packages/airflow/example_dags/example_subdag_operator.py
[2025-04-01T15:09:53.595+0000] {logging_mixin.py:190} INFO - [2025-04-01T15:09:53.595+0000] {dag.py:3239} INFO - Sync 3 DAGs
[2025-04-01T15:09:53.612+0000] {logging_mixin.py:190} INFO - [2025-04-01T15:09:53.612+0000] {dag.py:4180} INFO - Setting next_dagrun for example_subdag_operator to 2022-01-01 00:00:00+00:00, run_after=2022-01-01 00:00:00+00:00
[2025-04-01T15:09:53.616+0000] {logging_mixin.py:190} INFO - [2025-04-01T15:09:53.616+0000] {dag.py:4180} INFO - Setting next_dagrun for example_subdag_operator.section-1 to None, run_after=None
[2025-04-01T15:09:53.617+0000] {logging_mixin.py:190} INFO - [2025-04-01T15:09:53.617+0000] {dag.py:4180} INFO - Setting next_dagrun for example_subdag_operator.section-2 to None, run_after=None
[2025-04-01T15:09:53.623+0000] {logging_mixin.py:190} INFO - [2025-04-01T15:09:53.622+0000] {dag.py:3239} INFO - Sync 2 DAGs
[2025-04-01T15:09:53.627+0000] {logging_mixin.py:190} INFO - [2025-04-01T15:09:53.627+0000] {dag.py:4180} INFO - Setting next_dagrun for example_subdag_operator.section-1 to None, run_after=None
[2025-04-01T15:09:53.627+0000] {logging_mixin.py:190} INFO - [2025-04-01T15:09:53.627+0000] {dag.py:4180} INFO - Setting next_dagrun for example_subdag_operator.section-2 to None, run_after=None
[2025-04-01T15:09:53.637+0000] {processor.py:208} INFO - Processing /home/airflow/.local/lib/python3.12/site-packages/airflow/example_dags/example_subdag_operator.py took 0.078 seconds
[2025-04-01T15:10:23.856+0000] {processor.py:186} INFO - Started process (PID=351) to work on /home/airflow/.local/lib/python3.12/site-packages/airflow/example_dags/example_subdag_operator.py
[2025-04-01T15:10:23.856+0000] {processor.py:914} INFO - Processing file /home/airflow/.local/lib/python3.12/site-packages/airflow/example_dags/example_subdag_operator.py for tasks to queue
[2025-04-01T15:10:23.858+0000] {logging_mixin.py:190} INFO - [2025-04-01T15:10:23.858+0000] {dagbag.py:588} INFO - Filling up the DagBag from /home/airflow/.local/lib/python3.12/site-packages/airflow/example_dags/example_subdag_operator.py
[2025-04-01T15:10:23.873+0000] {processor.py:925} INFO - DAG(s) 'example_subdag_operator.section-1', 'example_subdag_operator.section-2', 'example_subdag_operator' retrieved from /home/airflow/.local/lib/python3.12/site-packages/airflow/example_dags/example_subdag_operator.py
[2025-04-01T15:10:23.883+0000] {logging_mixin.py:190} INFO - [2025-04-01T15:10:23.883+0000] {dag.py:3239} INFO - Sync 3 DAGs
[2025-04-01T15:10:23.900+0000] {logging_mixin.py:190} INFO - [2025-04-01T15:10:23.900+0000] {dag.py:4180} INFO - Setting next_dagrun for example_subdag_operator to 2022-01-01 00:00:00+00:00, run_after=2022-01-01 00:00:00+00:00
[2025-04-01T15:10:23.902+0000] {logging_mixin.py:190} INFO - [2025-04-01T15:10:23.902+0000] {dag.py:4180} INFO - Setting next_dagrun for example_subdag_operator.section-1 to None, run_after=None
[2025-04-01T15:10:23.903+0000] {logging_mixin.py:190} INFO - [2025-04-01T15:10:23.903+0000] {dag.py:4180} INFO - Setting next_dagrun for example_subdag_operator.section-2 to None, run_after=None
[2025-04-01T15:10:23.908+0000] {logging_mixin.py:190} INFO - [2025-04-01T15:10:23.908+0000] {dag.py:3239} INFO - Sync 2 DAGs
[2025-04-01T15:10:23.913+0000] {logging_mixin.py:190} INFO - [2025-04-01T15:10:23.913+0000] {dag.py:4180} INFO - Setting next_dagrun for example_subdag_operator.section-1 to None, run_after=None
[2025-04-01T15:10:23.913+0000] {logging_mixin.py:190} INFO - [2025-04-01T15:10:23.913+0000] {dag.py:4180} INFO - Setting next_dagrun for example_subdag_operator.section-2 to None, run_after=None
[2025-04-01T15:10:23.922+0000] {processor.py:208} INFO - Processing /home/airflow/.local/lib/python3.12/site-packages/airflow/example_dags/example_subdag_operator.py took 0.069 seconds
[2025-04-01T15:10:54.247+0000] {processor.py:186} INFO - Started process (PID=416) to work on /home/airflow/.local/lib/python3.12/site-packages/airflow/example_dags/example_subdag_operator.py
[2025-04-01T15:10:54.248+0000] {processor.py:914} INFO - Processing file /home/airflow/.local/lib/python3.12/site-packages/airflow/example_dags/example_subdag_operator.py for tasks to queue
[2025-04-01T15:10:54.249+0000] {logging_mixin.py:190} INFO - [2025-04-01T15:10:54.249+0000] {dagbag.py:588} INFO - Filling up the DagBag from /home/airflow/.local/lib/python3.12/site-packages/airflow/example_dags/example_subdag_operator.py
[2025-04-01T15:10:54.270+0000] {processor.py:925} INFO - DAG(s) 'example_subdag_operator.section-1', 'example_subdag_operator.section-2', 'example_subdag_operator' retrieved from /home/airflow/.local/lib/python3.12/site-packages/airflow/example_dags/example_subdag_operator.py
[2025-04-01T15:10:54.284+0000] {logging_mixin.py:190} INFO - [2025-04-01T15:10:54.284+0000] {dag.py:3239} INFO - Sync 3 DAGs
[2025-04-01T15:10:54.314+0000] {logging_mixin.py:190} INFO - [2025-04-01T15:10:54.313+0000] {dag.py:4180} INFO - Setting next_dagrun for example_subdag_operator to 2022-01-01 00:00:00+00:00, run_after=2022-01-01 00:00:00+00:00
[2025-04-01T15:10:54.318+0000] {logging_mixin.py:190} INFO - [2025-04-01T15:10:54.317+0000] {dag.py:4180} INFO - Setting next_dagrun for example_subdag_operator.section-1 to None, run_after=None
[2025-04-01T15:10:54.319+0000] {logging_mixin.py:190} INFO - [2025-04-01T15:10:54.319+0000] {dag.py:4180} INFO - Setting next_dagrun for example_subdag_operator.section-2 to None, run_after=None
[2025-04-01T15:10:54.326+0000] {logging_mixin.py:190} INFO - [2025-04-01T15:10:54.326+0000] {dag.py:3239} INFO - Sync 2 DAGs
[2025-04-01T15:10:54.333+0000] {logging_mixin.py:190} INFO - [2025-04-01T15:10:54.332+0000] {dag.py:4180} INFO - Setting next_dagrun for example_subdag_operator.section-1 to None, run_after=None
[2025-04-01T15:10:54.333+0000] {logging_mixin.py:190} INFO - [2025-04-01T15:10:54.333+0000] {dag.py:4180} INFO - Setting next_dagrun for example_subdag_operator.section-2 to None, run_after=None
[2025-04-01T15:10:54.344+0000] {processor.py:208} INFO - Processing /home/airflow/.local/lib/python3.12/site-packages/airflow/example_dags/example_subdag_operator.py took 0.104 seconds
[2025-04-01T15:11:24.373+0000] {processor.py:186} INFO - Started process (PID=481) to work on /home/airflow/.local/lib/python3.12/site-packages/airflow/example_dags/example_subdag_operator.py
[2025-04-01T15:11:24.374+0000] {processor.py:914} INFO - Processing file /home/airflow/.local/lib/python3.12/site-packages/airflow/example_dags/example_subdag_operator.py for tasks to queue
[2025-04-01T15:11:24.376+0000] {logging_mixin.py:190} INFO - [2025-04-01T15:11:24.376+0000] {dagbag.py:588} INFO - Filling up the DagBag from /home/airflow/.local/lib/python3.12/site-packages/airflow/example_dags/example_subdag_operator.py
[2025-04-01T15:11:24.396+0000] {processor.py:925} INFO - DAG(s) 'example_subdag_operator.section-1', 'example_subdag_operator.section-2', 'example_subdag_operator' retrieved from /home/airflow/.local/lib/python3.12/site-packages/airflow/example_dags/example_subdag_operator.py
[2025-04-01T15:11:24.407+0000] {logging_mixin.py:190} INFO - [2025-04-01T15:11:24.407+0000] {dag.py:3239} INFO - Sync 3 DAGs
[2025-04-01T15:11:24.425+0000] {logging_mixin.py:190} INFO - [2025-04-01T15:11:24.425+0000] {dag.py:4180} INFO - Setting next_dagrun for example_subdag_operator to 2022-01-01 00:00:00+00:00, run_after=2022-01-01 00:00:00+00:00
[2025-04-01T15:11:24.428+0000] {logging_mixin.py:190} INFO - [2025-04-01T15:11:24.428+0000] {dag.py:4180} INFO - Setting next_dagrun for example_subdag_operator.section-1 to None, run_after=None
[2025-04-01T15:11:24.430+0000] {logging_mixin.py:190} INFO - [2025-04-01T15:11:24.429+0000] {dag.py:4180} INFO - Setting next_dagrun for example_subdag_operator.section-2 to None, run_after=None
[2025-04-01T15:11:24.435+0000] {logging_mixin.py:190} INFO - [2025-04-01T15:11:24.435+0000] {dag.py:3239} INFO - Sync 2 DAGs
[2025-04-01T15:11:24.439+0000] {logging_mixin.py:190} INFO - [2025-04-01T15:11:24.438+0000] {dag.py:4180} INFO - Setting next_dagrun for example_subdag_operator.section-1 to None, run_after=None
[2025-04-01T15:11:24.439+0000] {logging_mixin.py:190} INFO - [2025-04-01T15:11:24.439+0000] {dag.py:4180} INFO - Setting next_dagrun for example_subdag_operator.section-2 to None, run_after=None
[2025-04-01T15:11:24.449+0000] {processor.py:208} INFO - Processing /home/airflow/.local/lib/python3.12/site-packages/airflow/example_dags/example_subdag_operator.py took 0.080 seconds
[2025-04-01T15:11:54.545+0000] {processor.py:186} INFO - Started process (PID=546) to work on /home/airflow/.local/lib/python3.12/site-packages/airflow/example_dags/example_subdag_operator.py
[2025-04-01T15:11:54.546+0000] {processor.py:914} INFO - Processing file /home/airflow/.local/lib/python3.12/site-packages/airflow/example_dags/example_subdag_operator.py for tasks to queue
[2025-04-01T15:11:54.547+0000] {logging_mixin.py:190} INFO - [2025-04-01T15:11:54.547+0000] {dagbag.py:588} INFO - Filling up the DagBag from /home/airflow/.local/lib/python3.12/site-packages/airflow/example_dags/example_subdag_operator.py
[2025-04-01T15:11:54.562+0000] {processor.py:925} INFO - DAG(s) 'example_subdag_operator.section-1', 'example_subdag_operator.section-2', 'example_subdag_operator' retrieved from /home/airflow/.local/lib/python3.12/site-packages/airflow/example_dags/example_subdag_operator.py
[2025-04-01T15:11:54.571+0000] {logging_mixin.py:190} INFO - [2025-04-01T15:11:54.571+0000] {dag.py:3239} INFO - Sync 3 DAGs
[2025-04-01T15:11:54.587+0000] {logging_mixin.py:190} INFO - [2025-04-01T15:11:54.587+0000] {dag.py:4180} INFO - Setting next_dagrun for example_subdag_operator to 2022-01-01 00:00:00+00:00, run_after=2022-01-01 00:00:00+00:00
[2025-04-01T15:11:54.589+0000] {logging_mixin.py:190} INFO - [2025-04-01T15:11:54.589+0000] {dag.py:4180} INFO - Setting next_dagrun for example_subdag_operator.section-1 to None, run_after=None
[2025-04-01T15:11:54.590+0000] {logging_mixin.py:190} INFO - [2025-04-01T15:11:54.590+0000] {dag.py:4180} INFO - Setting next_dagrun for example_subdag_operator.section-2 to None, run_after=None
[2025-04-01T15:11:54.595+0000] {logging_mixin.py:190} INFO - [2025-04-01T15:11:54.594+0000] {dag.py:3239} INFO - Sync 2 DAGs
[2025-04-01T15:11:54.599+0000] {logging_mixin.py:190} INFO - [2025-04-01T15:11:54.599+0000] {dag.py:4180} INFO - Setting next_dagrun for example_subdag_operator.section-1 to None, run_after=None
[2025-04-01T15:11:54.599+0000] {logging_mixin.py:190} INFO - [2025-04-01T15:11:54.599+0000] {dag.py:4180} INFO - Setting next_dagrun for example_subdag_operator.section-2 to None, run_after=None
[2025-04-01T15:11:54.607+0000] {processor.py:208} INFO - Processing /home/airflow/.local/lib/python3.12/site-packages/airflow/example_dags/example_subdag_operator.py took 0.066 seconds
[2025-04-01T15:12:25.547+0000] {processor.py:186} INFO - Started process (PID=611) to work on /home/airflow/.local/lib/python3.12/site-packages/airflow/example_dags/example_subdag_operator.py
[2025-04-01T15:12:25.548+0000] {processor.py:914} INFO - Processing file /home/airflow/.local/lib/python3.12/site-packages/airflow/example_dags/example_subdag_operator.py for tasks to queue
[2025-04-01T15:12:25.549+0000] {logging_mixin.py:190} INFO - [2025-04-01T15:12:25.549+0000] {dagbag.py:588} INFO - Filling up the DagBag from /home/airflow/.local/lib/python3.12/site-packages/airflow/example_dags/example_subdag_operator.py
[2025-04-01T15:12:25.566+0000] {processor.py:925} INFO - DAG(s) 'example_subdag_operator.section-1', 'example_subdag_operator.section-2', 'example_subdag_operator' retrieved from /home/airflow/.local/lib/python3.12/site-packages/airflow/example_dags/example_subdag_operator.py
[2025-04-01T15:12:25.577+0000] {logging_mixin.py:190} INFO - [2025-04-01T15:12:25.577+0000] {dag.py:3239} INFO - Sync 3 DAGs
[2025-04-01T15:12:25.595+0000] {logging_mixin.py:190} INFO - [2025-04-01T15:12:25.594+0000] {dag.py:4180} INFO - Setting next_dagrun for example_subdag_operator to 2022-01-01 00:00:00+00:00, run_after=2022-01-01 00:00:00+00:00
[2025-04-01T15:12:25.598+0000] {logging_mixin.py:190} INFO - [2025-04-01T15:12:25.598+0000] {dag.py:4180} INFO - Setting next_dagrun for example_subdag_operator.section-1 to None, run_after=None
[2025-04-01T15:12:25.599+0000] {logging_mixin.py:190} INFO - [2025-04-01T15:12:25.599+0000] {dag.py:4180} INFO - Setting next_dagrun for example_subdag_operator.section-2 to None, run_after=None
[2025-04-01T15:12:25.604+0000] {logging_mixin.py:190} INFO - [2025-04-01T15:12:25.604+0000] {dag.py:3239} INFO - Sync 2 DAGs
[2025-04-01T15:12:25.608+0000] {logging_mixin.py:190} INFO - [2025-04-01T15:12:25.608+0000] {dag.py:4180} INFO - Setting next_dagrun for example_subdag_operator.section-1 to None, run_after=None
[2025-04-01T15:12:25.608+0000] {logging_mixin.py:190} INFO - [2025-04-01T15:12:25.608+0000] {dag.py:4180} INFO - Setting next_dagrun for example_subdag_operator.section-2 to None, run_after=None
[2025-04-01T15:12:25.622+0000] {processor.py:208} INFO - Processing /home/airflow/.local/lib/python3.12/site-packages/airflow/example_dags/example_subdag_operator.py took 0.079 seconds
[2025-04-01T15:12:56.413+0000] {processor.py:186} INFO - Started process (PID=676) to work on /home/airflow/.local/lib/python3.12/site-packages/airflow/example_dags/example_subdag_operator.py
[2025-04-01T15:12:56.414+0000] {processor.py:914} INFO - Processing file /home/airflow/.local/lib/python3.12/site-packages/airflow/example_dags/example_subdag_operator.py for tasks to queue
[2025-04-01T15:12:56.415+0000] {logging_mixin.py:190} INFO - [2025-04-01T15:12:56.415+0000] {dagbag.py:588} INFO - Filling up the DagBag from /home/airflow/.local/lib/python3.12/site-packages/airflow/example_dags/example_subdag_operator.py
[2025-04-01T15:12:56.432+0000] {processor.py:925} INFO - DAG(s) 'example_subdag_operator.section-1', 'example_subdag_operator.section-2', 'example_subdag_operator' retrieved from /home/airflow/.local/lib/python3.12/site-packages/airflow/example_dags/example_subdag_operator.py
[2025-04-01T15:12:56.443+0000] {logging_mixin.py:190} INFO - [2025-04-01T15:12:56.443+0000] {dag.py:3239} INFO - Sync 3 DAGs
[2025-04-01T15:12:56.464+0000] {logging_mixin.py:190} INFO - [2025-04-01T15:12:56.463+0000] {dag.py:4180} INFO - Setting next_dagrun for example_subdag_operator to 2022-01-01 00:00:00+00:00, run_after=2022-01-01 00:00:00+00:00
[2025-04-01T15:12:56.467+0000] {logging_mixin.py:190} INFO - [2025-04-01T15:12:56.466+0000] {dag.py:4180} INFO - Setting next_dagrun for example_subdag_operator.section-1 to None, run_after=None
[2025-04-01T15:12:56.468+0000] {logging_mixin.py:190} INFO - [2025-04-01T15:12:56.468+0000] {dag.py:4180} INFO - Setting next_dagrun for example_subdag_operator.section-2 to None, run_after=None
[2025-04-01T15:12:56.472+0000] {logging_mixin.py:190} INFO - [2025-04-01T15:12:56.472+0000] {dag.py:3239} INFO - Sync 2 DAGs
[2025-04-01T15:12:56.476+0000] {logging_mixin.py:190} INFO - [2025-04-01T15:12:56.476+0000] {dag.py:4180} INFO - Setting next_dagrun for example_subdag_operator.section-1 to None, run_after=None
[2025-04-01T15:12:56.477+0000] {logging_mixin.py:190} INFO - [2025-04-01T15:12:56.477+0000] {dag.py:4180} INFO - Setting next_dagrun for example_subdag_operator.section-2 to None, run_after=None
[2025-04-01T15:12:56.486+0000] {processor.py:208} INFO - Processing /home/airflow/.local/lib/python3.12/site-packages/airflow/example_dags/example_subdag_operator.py took 0.077 seconds
[2025-04-01T15:13:27.415+0000] {processor.py:186} INFO - Started process (PID=741) to work on /home/airflow/.local/lib/python3.12/site-packages/airflow/example_dags/example_subdag_operator.py
[2025-04-01T15:13:27.416+0000] {processor.py:914} INFO - Processing file /home/airflow/.local/lib/python3.12/site-packages/airflow/example_dags/example_subdag_operator.py for tasks to queue
[2025-04-01T15:13:27.417+0000] {logging_mixin.py:190} INFO - [2025-04-01T15:13:27.417+0000] {dagbag.py:588} INFO - Filling up the DagBag from /home/airflow/.local/lib/python3.12/site-packages/airflow/example_dags/example_subdag_operator.py
[2025-04-01T15:13:27.443+0000] {processor.py:925} INFO - DAG(s) 'example_subdag_operator.section-1', 'example_subdag_operator.section-2', 'example_subdag_operator' retrieved from /home/airflow/.local/lib/python3.12/site-packages/airflow/example_dags/example_subdag_operator.py
[2025-04-01T15:13:27.457+0000] {logging_mixin.py:190} INFO - [2025-04-01T15:13:27.457+0000] {dag.py:3239} INFO - Sync 3 DAGs
[2025-04-01T15:13:27.476+0000] {logging_mixin.py:190} INFO - [2025-04-01T15:13:27.476+0000] {dag.py:4180} INFO - Setting next_dagrun for example_subdag_operator to 2022-01-01 00:00:00+00:00, run_after=2022-01-01 00:00:00+00:00
[2025-04-01T15:13:27.478+0000] {logging_mixin.py:190} INFO - [2025-04-01T15:13:27.478+0000] {dag.py:4180} INFO - Setting next_dagrun for example_subdag_operator.section-1 to None, run_after=None
[2025-04-01T15:13:27.479+0000] {logging_mixin.py:190} INFO - [2025-04-01T15:13:27.479+0000] {dag.py:4180} INFO - Setting next_dagrun for example_subdag_operator.section-2 to None, run_after=None
[2025-04-01T15:13:27.483+0000] {logging_mixin.py:190} INFO - [2025-04-01T15:13:27.483+0000] {dag.py:3239} INFO - Sync 2 DAGs
[2025-04-01T15:13:27.489+0000] {logging_mixin.py:190} INFO - [2025-04-01T15:13:27.489+0000] {dag.py:4180} INFO - Setting next_dagrun for example_subdag_operator.section-1 to None, run_after=None
[2025-04-01T15:13:27.489+0000] {logging_mixin.py:190} INFO - [2025-04-01T15:13:27.489+0000] {dag.py:4180} INFO - Setting next_dagrun for example_subdag_operator.section-2 to None, run_after=None
[2025-04-01T15:13:27.497+0000] {processor.py:208} INFO - Processing /home/airflow/.local/lib/python3.12/site-packages/airflow/example_dags/example_subdag_operator.py took 0.086 seconds
