[2025-04-01T15:08:18.573+0000] {processor.py:186} INFO - Started process (PID=63) to work on /home/airflow/.local/lib/python3.12/site-packages/airflow/example_dags/example_task_group_decorator.py
[2025-04-01T15:08:18.574+0000] {processor.py:914} INFO - Processing file /home/airflow/.local/lib/python3.12/site-packages/airflow/example_dags/example_task_group_decorator.py for tasks to queue
[2025-04-01T15:08:18.575+0000] {logging_mixin.py:190} INFO - [2025-04-01T15:08:18.575+0000] {dagbag.py:588} INFO - Filling up the DagBag from /home/airflow/.local/lib/python3.12/site-packages/airflow/example_dags/example_task_group_decorator.py
[2025-04-01T15:08:18.590+0000] {processor.py:925} INFO - DAG(s) 'example_task_group_decorator' retrieved from /home/airflow/.local/lib/python3.12/site-packages/airflow/example_dags/example_task_group_decorator.py
[2025-04-01T15:08:18.730+0000] {logging_mixin.py:190} INFO - [2025-04-01T15:08:18.729+0000] {override.py:1912} INFO - Created Permission View: can read on DAG:example_task_group_decorator
[2025-04-01T15:08:18.739+0000] {logging_mixin.py:190} INFO - [2025-04-01T15:08:18.738+0000] {override.py:1912} INFO - Created Permission View: can edit on DAG:example_task_group_decorator
[2025-04-01T15:08:18.744+0000] {logging_mixin.py:190} INFO - [2025-04-01T15:08:18.744+0000] {override.py:1912} INFO - Created Permission View: can delete on DAG:example_task_group_decorator
[2025-04-01T15:08:18.751+0000] {logging_mixin.py:190} INFO - [2025-04-01T15:08:18.751+0000] {override.py:1912} INFO - Created Permission View: can read on DAG Run:example_task_group_decorator
[2025-04-01T15:08:18.759+0000] {logging_mixin.py:190} INFO - [2025-04-01T15:08:18.759+0000] {override.py:1912} INFO - Created Permission View: can create on DAG Run:example_task_group_decorator
[2025-04-01T15:08:18.767+0000] {logging_mixin.py:190} INFO - [2025-04-01T15:08:18.767+0000] {override.py:1912} INFO - Created Permission View: can delete on DAG Run:example_task_group_decorator
[2025-04-01T15:08:18.776+0000] {logging_mixin.py:190} INFO - [2025-04-01T15:08:18.776+0000] {override.py:1912} INFO - Created Permission View: menu access on DAG Run:example_task_group_decorator
[2025-04-01T15:08:18.776+0000] {logging_mixin.py:190} INFO - [2025-04-01T15:08:18.776+0000] {dag.py:3239} INFO - Sync 1 DAGs
[2025-04-01T15:08:18.799+0000] {logging_mixin.py:190} INFO - [2025-04-01T15:08:18.798+0000] {dag.py:3262} INFO - Creating ORM DAG for example_task_group_decorator
[2025-04-01T15:08:18.800+0000] {logging_mixin.py:190} INFO - [2025-04-01T15:08:18.800+0000] {dag.py:4180} INFO - Setting next_dagrun for example_task_group_decorator to None, run_after=None
[2025-04-01T15:08:18.830+0000] {processor.py:208} INFO - Processing /home/airflow/.local/lib/python3.12/site-packages/airflow/example_dags/example_task_group_decorator.py took 0.262 seconds
[2025-04-01T15:08:49.340+0000] {processor.py:186} INFO - Started process (PID=134) to work on /home/airflow/.local/lib/python3.12/site-packages/airflow/example_dags/example_task_group_decorator.py
[2025-04-01T15:08:49.340+0000] {processor.py:914} INFO - Processing file /home/airflow/.local/lib/python3.12/site-packages/airflow/example_dags/example_task_group_decorator.py for tasks to queue
[2025-04-01T15:08:49.341+0000] {logging_mixin.py:190} INFO - [2025-04-01T15:08:49.341+0000] {dagbag.py:588} INFO - Filling up the DagBag from /home/airflow/.local/lib/python3.12/site-packages/airflow/example_dags/example_task_group_decorator.py
[2025-04-01T15:08:49.355+0000] {processor.py:925} INFO - DAG(s) 'example_task_group_decorator' retrieved from /home/airflow/.local/lib/python3.12/site-packages/airflow/example_dags/example_task_group_decorator.py
[2025-04-01T15:08:49.375+0000] {logging_mixin.py:190} INFO - [2025-04-01T15:08:49.375+0000] {dag.py:3239} INFO - Sync 1 DAGs
[2025-04-01T15:08:49.386+0000] {logging_mixin.py:190} INFO - [2025-04-01T15:08:49.386+0000] {dag.py:4180} INFO - Setting next_dagrun for example_task_group_decorator to None, run_after=None
[2025-04-01T15:08:49.400+0000] {processor.py:208} INFO - Processing /home/airflow/.local/lib/python3.12/site-packages/airflow/example_dags/example_task_group_decorator.py took 0.066 seconds
[2025-04-01T15:09:20.097+0000] {processor.py:186} INFO - Started process (PID=199) to work on /home/airflow/.local/lib/python3.12/site-packages/airflow/example_dags/example_task_group_decorator.py
[2025-04-01T15:09:20.098+0000] {processor.py:914} INFO - Processing file /home/airflow/.local/lib/python3.12/site-packages/airflow/example_dags/example_task_group_decorator.py for tasks to queue
[2025-04-01T15:09:20.099+0000] {logging_mixin.py:190} INFO - [2025-04-01T15:09:20.099+0000] {dagbag.py:588} INFO - Filling up the DagBag from /home/airflow/.local/lib/python3.12/site-packages/airflow/example_dags/example_task_group_decorator.py
[2025-04-01T15:09:20.113+0000] {processor.py:925} INFO - DAG(s) 'example_task_group_decorator' retrieved from /home/airflow/.local/lib/python3.12/site-packages/airflow/example_dags/example_task_group_decorator.py
[2025-04-01T15:09:20.134+0000] {logging_mixin.py:190} INFO - [2025-04-01T15:09:20.134+0000] {dag.py:3239} INFO - Sync 1 DAGs
[2025-04-01T15:09:20.143+0000] {logging_mixin.py:190} INFO - [2025-04-01T15:09:20.143+0000] {dag.py:4180} INFO - Setting next_dagrun for example_task_group_decorator to None, run_after=None
[2025-04-01T15:09:20.157+0000] {processor.py:208} INFO - Processing /home/airflow/.local/lib/python3.12/site-packages/airflow/example_dags/example_task_group_decorator.py took 0.066 seconds
[2025-04-01T15:09:50.709+0000] {processor.py:186} INFO - Started process (PID=264) to work on /home/airflow/.local/lib/python3.12/site-packages/airflow/example_dags/example_task_group_decorator.py
[2025-04-01T15:09:50.710+0000] {processor.py:914} INFO - Processing file /home/airflow/.local/lib/python3.12/site-packages/airflow/example_dags/example_task_group_decorator.py for tasks to queue
[2025-04-01T15:09:50.711+0000] {logging_mixin.py:190} INFO - [2025-04-01T15:09:50.711+0000] {dagbag.py:588} INFO - Filling up the DagBag from /home/airflow/.local/lib/python3.12/site-packages/airflow/example_dags/example_task_group_decorator.py
[2025-04-01T15:09:50.722+0000] {processor.py:925} INFO - DAG(s) 'example_task_group_decorator' retrieved from /home/airflow/.local/lib/python3.12/site-packages/airflow/example_dags/example_task_group_decorator.py
[2025-04-01T15:09:50.739+0000] {logging_mixin.py:190} INFO - [2025-04-01T15:09:50.739+0000] {dag.py:3239} INFO - Sync 1 DAGs
[2025-04-01T15:09:50.751+0000] {logging_mixin.py:190} INFO - [2025-04-01T15:09:50.751+0000] {dag.py:4180} INFO - Setting next_dagrun for example_task_group_decorator to None, run_after=None
[2025-04-01T15:09:50.767+0000] {processor.py:208} INFO - Processing /home/airflow/.local/lib/python3.12/site-packages/airflow/example_dags/example_task_group_decorator.py took 0.062 seconds
[2025-04-01T15:10:21.791+0000] {processor.py:186} INFO - Started process (PID=328) to work on /home/airflow/.local/lib/python3.12/site-packages/airflow/example_dags/example_task_group_decorator.py
[2025-04-01T15:10:21.792+0000] {processor.py:914} INFO - Processing file /home/airflow/.local/lib/python3.12/site-packages/airflow/example_dags/example_task_group_decorator.py for tasks to queue
[2025-04-01T15:10:21.793+0000] {logging_mixin.py:190} INFO - [2025-04-01T15:10:21.793+0000] {dagbag.py:588} INFO - Filling up the DagBag from /home/airflow/.local/lib/python3.12/site-packages/airflow/example_dags/example_task_group_decorator.py
[2025-04-01T15:10:21.809+0000] {processor.py:925} INFO - DAG(s) 'example_task_group_decorator' retrieved from /home/airflow/.local/lib/python3.12/site-packages/airflow/example_dags/example_task_group_decorator.py
[2025-04-01T15:10:21.837+0000] {logging_mixin.py:190} INFO - [2025-04-01T15:10:21.836+0000] {dag.py:3239} INFO - Sync 1 DAGs
[2025-04-01T15:10:21.856+0000] {logging_mixin.py:190} INFO - [2025-04-01T15:10:21.856+0000] {dag.py:4180} INFO - Setting next_dagrun for example_task_group_decorator to None, run_after=None
[2025-04-01T15:10:21.875+0000] {processor.py:208} INFO - Processing /home/airflow/.local/lib/python3.12/site-packages/airflow/example_dags/example_task_group_decorator.py took 0.090 seconds
[2025-04-01T15:10:52.083+0000] {processor.py:186} INFO - Started process (PID=393) to work on /home/airflow/.local/lib/python3.12/site-packages/airflow/example_dags/example_task_group_decorator.py
[2025-04-01T15:10:52.086+0000] {processor.py:914} INFO - Processing file /home/airflow/.local/lib/python3.12/site-packages/airflow/example_dags/example_task_group_decorator.py for tasks to queue
[2025-04-01T15:10:52.088+0000] {logging_mixin.py:190} INFO - [2025-04-01T15:10:52.088+0000] {dagbag.py:588} INFO - Filling up the DagBag from /home/airflow/.local/lib/python3.12/site-packages/airflow/example_dags/example_task_group_decorator.py
[2025-04-01T15:10:52.101+0000] {processor.py:925} INFO - DAG(s) 'example_task_group_decorator' retrieved from /home/airflow/.local/lib/python3.12/site-packages/airflow/example_dags/example_task_group_decorator.py
[2025-04-01T15:10:52.124+0000] {logging_mixin.py:190} INFO - [2025-04-01T15:10:52.124+0000] {dag.py:3239} INFO - Sync 1 DAGs
[2025-04-01T15:10:52.138+0000] {logging_mixin.py:190} INFO - [2025-04-01T15:10:52.137+0000] {dag.py:4180} INFO - Setting next_dagrun for example_task_group_decorator to None, run_after=None
[2025-04-01T15:10:52.173+0000] {processor.py:208} INFO - Processing /home/airflow/.local/lib/python3.12/site-packages/airflow/example_dags/example_task_group_decorator.py took 0.096 seconds
[2025-04-01T15:11:22.245+0000] {processor.py:186} INFO - Started process (PID=458) to work on /home/airflow/.local/lib/python3.12/site-packages/airflow/example_dags/example_task_group_decorator.py
[2025-04-01T15:11:22.245+0000] {processor.py:914} INFO - Processing file /home/airflow/.local/lib/python3.12/site-packages/airflow/example_dags/example_task_group_decorator.py for tasks to queue
[2025-04-01T15:11:22.247+0000] {logging_mixin.py:190} INFO - [2025-04-01T15:11:22.247+0000] {dagbag.py:588} INFO - Filling up the DagBag from /home/airflow/.local/lib/python3.12/site-packages/airflow/example_dags/example_task_group_decorator.py
[2025-04-01T15:11:22.259+0000] {processor.py:925} INFO - DAG(s) 'example_task_group_decorator' retrieved from /home/airflow/.local/lib/python3.12/site-packages/airflow/example_dags/example_task_group_decorator.py
[2025-04-01T15:11:22.280+0000] {logging_mixin.py:190} INFO - [2025-04-01T15:11:22.279+0000] {dag.py:3239} INFO - Sync 1 DAGs
[2025-04-01T15:11:22.290+0000] {logging_mixin.py:190} INFO - [2025-04-01T15:11:22.290+0000] {dag.py:4180} INFO - Setting next_dagrun for example_task_group_decorator to None, run_after=None
[2025-04-01T15:11:22.304+0000] {processor.py:208} INFO - Processing /home/airflow/.local/lib/python3.12/site-packages/airflow/example_dags/example_task_group_decorator.py took 0.065 seconds
[2025-04-01T15:11:52.407+0000] {processor.py:186} INFO - Started process (PID=523) to work on /home/airflow/.local/lib/python3.12/site-packages/airflow/example_dags/example_task_group_decorator.py
[2025-04-01T15:11:52.407+0000] {processor.py:914} INFO - Processing file /home/airflow/.local/lib/python3.12/site-packages/airflow/example_dags/example_task_group_decorator.py for tasks to queue
[2025-04-01T15:11:52.409+0000] {logging_mixin.py:190} INFO - [2025-04-01T15:11:52.408+0000] {dagbag.py:588} INFO - Filling up the DagBag from /home/airflow/.local/lib/python3.12/site-packages/airflow/example_dags/example_task_group_decorator.py
[2025-04-01T15:11:52.421+0000] {processor.py:925} INFO - DAG(s) 'example_task_group_decorator' retrieved from /home/airflow/.local/lib/python3.12/site-packages/airflow/example_dags/example_task_group_decorator.py
[2025-04-01T15:11:52.445+0000] {logging_mixin.py:190} INFO - [2025-04-01T15:11:52.445+0000] {dag.py:3239} INFO - Sync 1 DAGs
[2025-04-01T15:11:52.457+0000] {logging_mixin.py:190} INFO - [2025-04-01T15:11:52.457+0000] {dag.py:4180} INFO - Setting next_dagrun for example_task_group_decorator to None, run_after=None
[2025-04-01T15:11:52.470+0000] {processor.py:208} INFO - Processing /home/airflow/.local/lib/python3.12/site-packages/airflow/example_dags/example_task_group_decorator.py took 0.068 seconds
[2025-04-01T15:12:22.641+0000] {processor.py:186} INFO - Started process (PID=588) to work on /home/airflow/.local/lib/python3.12/site-packages/airflow/example_dags/example_task_group_decorator.py
[2025-04-01T15:12:22.641+0000] {processor.py:914} INFO - Processing file /home/airflow/.local/lib/python3.12/site-packages/airflow/example_dags/example_task_group_decorator.py for tasks to queue
[2025-04-01T15:12:22.642+0000] {logging_mixin.py:190} INFO - [2025-04-01T15:12:22.642+0000] {dagbag.py:588} INFO - Filling up the DagBag from /home/airflow/.local/lib/python3.12/site-packages/airflow/example_dags/example_task_group_decorator.py
[2025-04-01T15:12:22.654+0000] {processor.py:925} INFO - DAG(s) 'example_task_group_decorator' retrieved from /home/airflow/.local/lib/python3.12/site-packages/airflow/example_dags/example_task_group_decorator.py
[2025-04-01T15:12:22.672+0000] {logging_mixin.py:190} INFO - [2025-04-01T15:12:22.672+0000] {dag.py:3239} INFO - Sync 1 DAGs
[2025-04-01T15:12:22.683+0000] {logging_mixin.py:190} INFO - [2025-04-01T15:12:22.682+0000] {dag.py:4180} INFO - Setting next_dagrun for example_task_group_decorator to None, run_after=None
[2025-04-01T15:12:22.696+0000] {processor.py:208} INFO - Processing /home/airflow/.local/lib/python3.12/site-packages/airflow/example_dags/example_task_group_decorator.py took 0.059 seconds
[2025-04-01T15:12:53.389+0000] {processor.py:186} INFO - Started process (PID=653) to work on /home/airflow/.local/lib/python3.12/site-packages/airflow/example_dags/example_task_group_decorator.py
[2025-04-01T15:12:53.390+0000] {processor.py:914} INFO - Processing file /home/airflow/.local/lib/python3.12/site-packages/airflow/example_dags/example_task_group_decorator.py for tasks to queue
[2025-04-01T15:12:53.392+0000] {logging_mixin.py:190} INFO - [2025-04-01T15:12:53.391+0000] {dagbag.py:588} INFO - Filling up the DagBag from /home/airflow/.local/lib/python3.12/site-packages/airflow/example_dags/example_task_group_decorator.py
[2025-04-01T15:12:53.406+0000] {processor.py:925} INFO - DAG(s) 'example_task_group_decorator' retrieved from /home/airflow/.local/lib/python3.12/site-packages/airflow/example_dags/example_task_group_decorator.py
[2025-04-01T15:12:53.434+0000] {logging_mixin.py:190} INFO - [2025-04-01T15:12:53.433+0000] {dag.py:3239} INFO - Sync 1 DAGs
[2025-04-01T15:12:53.449+0000] {logging_mixin.py:190} INFO - [2025-04-01T15:12:53.449+0000] {dag.py:4180} INFO - Setting next_dagrun for example_task_group_decorator to None, run_after=None
[2025-04-01T15:12:53.471+0000] {processor.py:208} INFO - Processing /home/airflow/.local/lib/python3.12/site-packages/airflow/example_dags/example_task_group_decorator.py took 0.086 seconds
[2025-04-01T15:13:24.278+0000] {processor.py:186} INFO - Started process (PID=718) to work on /home/airflow/.local/lib/python3.12/site-packages/airflow/example_dags/example_task_group_decorator.py
[2025-04-01T15:13:24.279+0000] {processor.py:914} INFO - Processing file /home/airflow/.local/lib/python3.12/site-packages/airflow/example_dags/example_task_group_decorator.py for tasks to queue
[2025-04-01T15:13:24.281+0000] {logging_mixin.py:190} INFO - [2025-04-01T15:13:24.281+0000] {dagbag.py:588} INFO - Filling up the DagBag from /home/airflow/.local/lib/python3.12/site-packages/airflow/example_dags/example_task_group_decorator.py
[2025-04-01T15:13:24.293+0000] {processor.py:925} INFO - DAG(s) 'example_task_group_decorator' retrieved from /home/airflow/.local/lib/python3.12/site-packages/airflow/example_dags/example_task_group_decorator.py
[2025-04-01T15:13:24.312+0000] {logging_mixin.py:190} INFO - [2025-04-01T15:13:24.312+0000] {dag.py:3239} INFO - Sync 1 DAGs
[2025-04-01T15:13:24.326+0000] {logging_mixin.py:190} INFO - [2025-04-01T15:13:24.326+0000] {dag.py:4180} INFO - Setting next_dagrun for example_task_group_decorator to None, run_after=None
[2025-04-01T15:13:24.341+0000] {processor.py:208} INFO - Processing /home/airflow/.local/lib/python3.12/site-packages/airflow/example_dags/example_task_group_decorator.py took 0.068 seconds
