[2025-04-01T15:08:25.630+0000] {processor.py:186} INFO - Started process (PID=114) to work on /home/airflow/.local/lib/python3.12/site-packages/airflow/example_dags/example_datasets.py
[2025-04-01T15:08:25.630+0000] {processor.py:914} INFO - Processing file /home/airflow/.local/lib/python3.12/site-packages/airflow/example_dags/example_datasets.py for tasks to queue
[2025-04-01T15:08:25.632+0000] {logging_mixin.py:190} INFO - [2025-04-01T15:08:25.632+0000] {dagbag.py:588} INFO - Filling up the DagBag from /home/airflow/.local/lib/python3.12/site-packages/airflow/example_dags/example_datasets.py
[2025-04-01T15:08:26.108+0000] {processor.py:925} INFO - DAG(s) 'consume_1_and_2_with_dataset_expressions', 'conditional_dataset_and_time_based_timetable', 'dataset_consumes_1_never_scheduled', 'consume_1_or_2_with_dataset_expressions', 'dataset_produces_1', 'consume_1_or_both_2_and_3_with_dataset_expressions', 'dataset_consumes_1_and_2', 'dataset_consumes_1', 'dataset_consumes_unknown_never_scheduled', 'dataset_produces_2' retrieved from /home/airflow/.local/lib/python3.12/site-packages/airflow/example_dags/example_datasets.py
[2025-04-01T15:08:26.209+0000] {logging_mixin.py:190} INFO - [2025-04-01T15:08:26.209+0000] {override.py:1912} INFO - Created Permission View: can read on DAG:consume_1_and_2_with_dataset_expressions
[2025-04-01T15:08:26.220+0000] {logging_mixin.py:190} INFO - [2025-04-01T15:08:26.219+0000] {override.py:1912} INFO - Created Permission View: can edit on DAG:consume_1_and_2_with_dataset_expressions
[2025-04-01T15:08:26.225+0000] {logging_mixin.py:190} INFO - [2025-04-01T15:08:26.225+0000] {override.py:1912} INFO - Created Permission View: can delete on DAG:consume_1_and_2_with_dataset_expressions
[2025-04-01T15:08:26.232+0000] {logging_mixin.py:190} INFO - [2025-04-01T15:08:26.232+0000] {override.py:1912} INFO - Created Permission View: can read on DAG Run:consume_1_and_2_with_dataset_expressions
[2025-04-01T15:08:26.239+0000] {logging_mixin.py:190} INFO - [2025-04-01T15:08:26.239+0000] {override.py:1912} INFO - Created Permission View: can create on DAG Run:consume_1_and_2_with_dataset_expressions
[2025-04-01T15:08:26.246+0000] {logging_mixin.py:190} INFO - [2025-04-01T15:08:26.246+0000] {override.py:1912} INFO - Created Permission View: can delete on DAG Run:consume_1_and_2_with_dataset_expressions
[2025-04-01T15:08:26.253+0000] {logging_mixin.py:190} INFO - [2025-04-01T15:08:26.253+0000] {override.py:1912} INFO - Created Permission View: menu access on DAG Run:consume_1_and_2_with_dataset_expressions
[2025-04-01T15:08:26.264+0000] {logging_mixin.py:190} INFO - [2025-04-01T15:08:26.264+0000] {override.py:1912} INFO - Created Permission View: can read on DAG:conditional_dataset_and_time_based_timetable
[2025-04-01T15:08:26.271+0000] {logging_mixin.py:190} INFO - [2025-04-01T15:08:26.270+0000] {override.py:1912} INFO - Created Permission View: can edit on DAG:conditional_dataset_and_time_based_timetable
[2025-04-01T15:08:26.277+0000] {logging_mixin.py:190} INFO - [2025-04-01T15:08:26.277+0000] {override.py:1912} INFO - Created Permission View: can delete on DAG:conditional_dataset_and_time_based_timetable
[2025-04-01T15:08:26.284+0000] {logging_mixin.py:190} INFO - [2025-04-01T15:08:26.284+0000] {override.py:1912} INFO - Created Permission View: can read on DAG Run:conditional_dataset_and_time_based_timetable
[2025-04-01T15:08:26.290+0000] {logging_mixin.py:190} INFO - [2025-04-01T15:08:26.290+0000] {override.py:1912} INFO - Created Permission View: can create on DAG Run:conditional_dataset_and_time_based_timetable
[2025-04-01T15:08:26.296+0000] {logging_mixin.py:190} INFO - [2025-04-01T15:08:26.296+0000] {override.py:1912} INFO - Created Permission View: can delete on DAG Run:conditional_dataset_and_time_based_timetable
[2025-04-01T15:08:26.302+0000] {logging_mixin.py:190} INFO - [2025-04-01T15:08:26.302+0000] {override.py:1912} INFO - Created Permission View: menu access on DAG Run:conditional_dataset_and_time_based_timetable
[2025-04-01T15:08:26.313+0000] {logging_mixin.py:190} INFO - [2025-04-01T15:08:26.313+0000] {override.py:1912} INFO - Created Permission View: can read on DAG:dataset_consumes_1_never_scheduled
[2025-04-01T15:08:26.319+0000] {logging_mixin.py:190} INFO - [2025-04-01T15:08:26.319+0000] {override.py:1912} INFO - Created Permission View: can edit on DAG:dataset_consumes_1_never_scheduled
[2025-04-01T15:08:26.328+0000] {logging_mixin.py:190} INFO - [2025-04-01T15:08:26.328+0000] {override.py:1912} INFO - Created Permission View: can delete on DAG:dataset_consumes_1_never_scheduled
[2025-04-01T15:08:26.338+0000] {logging_mixin.py:190} INFO - [2025-04-01T15:08:26.337+0000] {override.py:1912} INFO - Created Permission View: can read on DAG Run:dataset_consumes_1_never_scheduled
[2025-04-01T15:08:26.346+0000] {logging_mixin.py:190} INFO - [2025-04-01T15:08:26.346+0000] {override.py:1912} INFO - Created Permission View: can create on DAG Run:dataset_consumes_1_never_scheduled
[2025-04-01T15:08:26.353+0000] {logging_mixin.py:190} INFO - [2025-04-01T15:08:26.353+0000] {override.py:1912} INFO - Created Permission View: can delete on DAG Run:dataset_consumes_1_never_scheduled
[2025-04-01T15:08:26.360+0000] {logging_mixin.py:190} INFO - [2025-04-01T15:08:26.360+0000] {override.py:1912} INFO - Created Permission View: menu access on DAG Run:dataset_consumes_1_never_scheduled
[2025-04-01T15:08:26.373+0000] {logging_mixin.py:190} INFO - [2025-04-01T15:08:26.372+0000] {override.py:1912} INFO - Created Permission View: can read on DAG:consume_1_or_2_with_dataset_expressions
[2025-04-01T15:08:26.380+0000] {logging_mixin.py:190} INFO - [2025-04-01T15:08:26.380+0000] {override.py:1912} INFO - Created Permission View: can edit on DAG:consume_1_or_2_with_dataset_expressions
[2025-04-01T15:08:26.386+0000] {logging_mixin.py:190} INFO - [2025-04-01T15:08:26.386+0000] {override.py:1912} INFO - Created Permission View: can delete on DAG:consume_1_or_2_with_dataset_expressions
[2025-04-01T15:08:26.393+0000] {logging_mixin.py:190} INFO - [2025-04-01T15:08:26.392+0000] {override.py:1912} INFO - Created Permission View: can read on DAG Run:consume_1_or_2_with_dataset_expressions
[2025-04-01T15:08:26.400+0000] {logging_mixin.py:190} INFO - [2025-04-01T15:08:26.399+0000] {override.py:1912} INFO - Created Permission View: can create on DAG Run:consume_1_or_2_with_dataset_expressions
[2025-04-01T15:08:26.406+0000] {logging_mixin.py:190} INFO - [2025-04-01T15:08:26.405+0000] {override.py:1912} INFO - Created Permission View: can delete on DAG Run:consume_1_or_2_with_dataset_expressions
[2025-04-01T15:08:26.411+0000] {logging_mixin.py:190} INFO - [2025-04-01T15:08:26.411+0000] {override.py:1912} INFO - Created Permission View: menu access on DAG Run:consume_1_or_2_with_dataset_expressions
[2025-04-01T15:08:26.422+0000] {logging_mixin.py:190} INFO - [2025-04-01T15:08:26.422+0000] {override.py:1912} INFO - Created Permission View: can read on DAG:dataset_produces_1
[2025-04-01T15:08:26.429+0000] {logging_mixin.py:190} INFO - [2025-04-01T15:08:26.429+0000] {override.py:1912} INFO - Created Permission View: can edit on DAG:dataset_produces_1
[2025-04-01T15:08:26.436+0000] {logging_mixin.py:190} INFO - [2025-04-01T15:08:26.435+0000] {override.py:1912} INFO - Created Permission View: can delete on DAG:dataset_produces_1
[2025-04-01T15:08:26.442+0000] {logging_mixin.py:190} INFO - [2025-04-01T15:08:26.442+0000] {override.py:1912} INFO - Created Permission View: can read on DAG Run:dataset_produces_1
[2025-04-01T15:08:26.449+0000] {logging_mixin.py:190} INFO - [2025-04-01T15:08:26.449+0000] {override.py:1912} INFO - Created Permission View: can create on DAG Run:dataset_produces_1
[2025-04-01T15:08:26.455+0000] {logging_mixin.py:190} INFO - [2025-04-01T15:08:26.455+0000] {override.py:1912} INFO - Created Permission View: can delete on DAG Run:dataset_produces_1
[2025-04-01T15:08:26.461+0000] {logging_mixin.py:190} INFO - [2025-04-01T15:08:26.460+0000] {override.py:1912} INFO - Created Permission View: menu access on DAG Run:dataset_produces_1
[2025-04-01T15:08:26.472+0000] {logging_mixin.py:190} INFO - [2025-04-01T15:08:26.471+0000] {override.py:1912} INFO - Created Permission View: can read on DAG:consume_1_or_both_2_and_3_with_dataset_expressions
[2025-04-01T15:08:26.479+0000] {logging_mixin.py:190} INFO - [2025-04-01T15:08:26.478+0000] {override.py:1912} INFO - Created Permission View: can edit on DAG:consume_1_or_both_2_and_3_with_dataset_expressions
[2025-04-01T15:08:26.488+0000] {logging_mixin.py:190} INFO - [2025-04-01T15:08:26.488+0000] {override.py:1912} INFO - Created Permission View: can delete on DAG:consume_1_or_both_2_and_3_with_dataset_expressions
[2025-04-01T15:08:26.496+0000] {logging_mixin.py:190} INFO - [2025-04-01T15:08:26.495+0000] {override.py:1912} INFO - Created Permission View: can read on DAG Run:consume_1_or_both_2_and_3_with_dataset_expressions
[2025-04-01T15:08:26.506+0000] {logging_mixin.py:190} INFO - [2025-04-01T15:08:26.505+0000] {override.py:1912} INFO - Created Permission View: can create on DAG Run:consume_1_or_both_2_and_3_with_dataset_expressions
[2025-04-01T15:08:26.514+0000] {logging_mixin.py:190} INFO - [2025-04-01T15:08:26.514+0000] {override.py:1912} INFO - Created Permission View: can delete on DAG Run:consume_1_or_both_2_and_3_with_dataset_expressions
[2025-04-01T15:08:26.523+0000] {logging_mixin.py:190} INFO - [2025-04-01T15:08:26.523+0000] {override.py:1912} INFO - Created Permission View: menu access on DAG Run:consume_1_or_both_2_and_3_with_dataset_expressions
[2025-04-01T15:08:26.537+0000] {logging_mixin.py:190} INFO - [2025-04-01T15:08:26.536+0000] {override.py:1912} INFO - Created Permission View: can read on DAG:dataset_consumes_1_and_2
[2025-04-01T15:08:26.545+0000] {logging_mixin.py:190} INFO - [2025-04-01T15:08:26.545+0000] {override.py:1912} INFO - Created Permission View: can edit on DAG:dataset_consumes_1_and_2
[2025-04-01T15:08:26.553+0000] {logging_mixin.py:190} INFO - [2025-04-01T15:08:26.553+0000] {override.py:1912} INFO - Created Permission View: can delete on DAG:dataset_consumes_1_and_2
[2025-04-01T15:08:26.560+0000] {logging_mixin.py:190} INFO - [2025-04-01T15:08:26.560+0000] {override.py:1912} INFO - Created Permission View: can read on DAG Run:dataset_consumes_1_and_2
[2025-04-01T15:08:26.566+0000] {logging_mixin.py:190} INFO - [2025-04-01T15:08:26.566+0000] {override.py:1912} INFO - Created Permission View: can create on DAG Run:dataset_consumes_1_and_2
[2025-04-01T15:08:26.575+0000] {logging_mixin.py:190} INFO - [2025-04-01T15:08:26.574+0000] {override.py:1912} INFO - Created Permission View: can delete on DAG Run:dataset_consumes_1_and_2
[2025-04-01T15:08:26.582+0000] {logging_mixin.py:190} INFO - [2025-04-01T15:08:26.581+0000] {override.py:1912} INFO - Created Permission View: menu access on DAG Run:dataset_consumes_1_and_2
[2025-04-01T15:08:26.596+0000] {logging_mixin.py:190} INFO - [2025-04-01T15:08:26.596+0000] {override.py:1912} INFO - Created Permission View: can read on DAG:dataset_consumes_1
[2025-04-01T15:08:26.602+0000] {logging_mixin.py:190} INFO - [2025-04-01T15:08:26.602+0000] {override.py:1912} INFO - Created Permission View: can edit on DAG:dataset_consumes_1
[2025-04-01T15:08:26.607+0000] {logging_mixin.py:190} INFO - [2025-04-01T15:08:26.607+0000] {override.py:1912} INFO - Created Permission View: can delete on DAG:dataset_consumes_1
[2025-04-01T15:08:26.614+0000] {logging_mixin.py:190} INFO - [2025-04-01T15:08:26.614+0000] {override.py:1912} INFO - Created Permission View: can read on DAG Run:dataset_consumes_1
[2025-04-01T15:08:26.620+0000] {logging_mixin.py:190} INFO - [2025-04-01T15:08:26.619+0000] {override.py:1912} INFO - Created Permission View: can create on DAG Run:dataset_consumes_1
[2025-04-01T15:08:26.626+0000] {logging_mixin.py:190} INFO - [2025-04-01T15:08:26.625+0000] {override.py:1912} INFO - Created Permission View: can delete on DAG Run:dataset_consumes_1
[2025-04-01T15:08:26.632+0000] {logging_mixin.py:190} INFO - [2025-04-01T15:08:26.632+0000] {override.py:1912} INFO - Created Permission View: menu access on DAG Run:dataset_consumes_1
[2025-04-01T15:08:26.643+0000] {logging_mixin.py:190} INFO - [2025-04-01T15:08:26.643+0000] {override.py:1912} INFO - Created Permission View: can read on DAG:dataset_consumes_unknown_never_scheduled
[2025-04-01T15:08:26.649+0000] {logging_mixin.py:190} INFO - [2025-04-01T15:08:26.649+0000] {override.py:1912} INFO - Created Permission View: can edit on DAG:dataset_consumes_unknown_never_scheduled
[2025-04-01T15:08:26.655+0000] {logging_mixin.py:190} INFO - [2025-04-01T15:08:26.654+0000] {override.py:1912} INFO - Created Permission View: can delete on DAG:dataset_consumes_unknown_never_scheduled
[2025-04-01T15:08:26.661+0000] {logging_mixin.py:190} INFO - [2025-04-01T15:08:26.661+0000] {override.py:1912} INFO - Created Permission View: can read on DAG Run:dataset_consumes_unknown_never_scheduled
[2025-04-01T15:08:26.668+0000] {logging_mixin.py:190} INFO - [2025-04-01T15:08:26.668+0000] {override.py:1912} INFO - Created Permission View: can create on DAG Run:dataset_consumes_unknown_never_scheduled
[2025-04-01T15:08:26.676+0000] {logging_mixin.py:190} INFO - [2025-04-01T15:08:26.675+0000] {override.py:1912} INFO - Created Permission View: can delete on DAG Run:dataset_consumes_unknown_never_scheduled
[2025-04-01T15:08:26.683+0000] {logging_mixin.py:190} INFO - [2025-04-01T15:08:26.682+0000] {override.py:1912} INFO - Created Permission View: menu access on DAG Run:dataset_consumes_unknown_never_scheduled
[2025-04-01T15:08:26.697+0000] {logging_mixin.py:190} INFO - [2025-04-01T15:08:26.697+0000] {override.py:1912} INFO - Created Permission View: can read on DAG:dataset_produces_2
[2025-04-01T15:08:26.704+0000] {logging_mixin.py:190} INFO - [2025-04-01T15:08:26.704+0000] {override.py:1912} INFO - Created Permission View: can edit on DAG:dataset_produces_2
[2025-04-01T15:08:26.712+0000] {logging_mixin.py:190} INFO - [2025-04-01T15:08:26.711+0000] {override.py:1912} INFO - Created Permission View: can delete on DAG:dataset_produces_2
[2025-04-01T15:08:26.720+0000] {logging_mixin.py:190} INFO - [2025-04-01T15:08:26.719+0000] {override.py:1912} INFO - Created Permission View: can read on DAG Run:dataset_produces_2
[2025-04-01T15:08:26.727+0000] {logging_mixin.py:190} INFO - [2025-04-01T15:08:26.727+0000] {override.py:1912} INFO - Created Permission View: can create on DAG Run:dataset_produces_2
[2025-04-01T15:08:26.735+0000] {logging_mixin.py:190} INFO - [2025-04-01T15:08:26.735+0000] {override.py:1912} INFO - Created Permission View: can delete on DAG Run:dataset_produces_2
[2025-04-01T15:08:26.742+0000] {logging_mixin.py:190} INFO - [2025-04-01T15:08:26.742+0000] {override.py:1912} INFO - Created Permission View: menu access on DAG Run:dataset_produces_2
[2025-04-01T15:08:26.743+0000] {logging_mixin.py:190} INFO - [2025-04-01T15:08:26.743+0000] {dag.py:3239} INFO - Sync 10 DAGs
[2025-04-01T15:08:26.763+0000] {logging_mixin.py:190} INFO - [2025-04-01T15:08:26.762+0000] {dag.py:3262} INFO - Creating ORM DAG for dataset_consumes_1
[2025-04-01T15:08:26.763+0000] {logging_mixin.py:190} INFO - [2025-04-01T15:08:26.763+0000] {dag.py:3262} INFO - Creating ORM DAG for consume_1_or_both_2_and_3_with_dataset_expressions
[2025-04-01T15:08:26.764+0000] {logging_mixin.py:190} INFO - [2025-04-01T15:08:26.764+0000] {dag.py:3262} INFO - Creating ORM DAG for dataset_produces_2
[2025-04-01T15:08:26.764+0000] {logging_mixin.py:190} INFO - [2025-04-01T15:08:26.764+0000] {dag.py:3262} INFO - Creating ORM DAG for dataset_produces_1
[2025-04-01T15:08:26.765+0000] {logging_mixin.py:190} INFO - [2025-04-01T15:08:26.765+0000] {dag.py:3262} INFO - Creating ORM DAG for conditional_dataset_and_time_based_timetable
[2025-04-01T15:08:26.765+0000] {logging_mixin.py:190} INFO - [2025-04-01T15:08:26.765+0000] {dag.py:3262} INFO - Creating ORM DAG for dataset_consumes_1_never_scheduled
[2025-04-01T15:08:26.766+0000] {logging_mixin.py:190} INFO - [2025-04-01T15:08:26.766+0000] {dag.py:3262} INFO - Creating ORM DAG for dataset_consumes_1_and_2
[2025-04-01T15:08:26.766+0000] {logging_mixin.py:190} INFO - [2025-04-01T15:08:26.766+0000] {dag.py:3262} INFO - Creating ORM DAG for consume_1_or_2_with_dataset_expressions
[2025-04-01T15:08:26.767+0000] {logging_mixin.py:190} INFO - [2025-04-01T15:08:26.767+0000] {dag.py:3262} INFO - Creating ORM DAG for consume_1_and_2_with_dataset_expressions
[2025-04-01T15:08:26.767+0000] {logging_mixin.py:190} INFO - [2025-04-01T15:08:26.767+0000] {dag.py:3262} INFO - Creating ORM DAG for dataset_consumes_unknown_never_scheduled
[2025-04-01T15:08:26.777+0000] {logging_mixin.py:190} INFO - [2025-04-01T15:08:26.777+0000] {dag.py:4180} INFO - Setting next_dagrun for conditional_dataset_and_time_based_timetable to 2025-03-26 01:00:00+00:00, run_after=2025-03-26 01:00:00+00:00
[2025-04-01T15:08:26.778+0000] {logging_mixin.py:190} INFO - [2025-04-01T15:08:26.778+0000] {dag.py:4180} INFO - Setting next_dagrun for consume_1_and_2_with_dataset_expressions to None, run_after=None
[2025-04-01T15:08:26.778+0000] {logging_mixin.py:190} INFO - [2025-04-01T15:08:26.778+0000] {dag.py:4180} INFO - Setting next_dagrun for consume_1_or_2_with_dataset_expressions to None, run_after=None
[2025-04-01T15:08:26.778+0000] {logging_mixin.py:190} INFO - [2025-04-01T15:08:26.778+0000] {dag.py:4180} INFO - Setting next_dagrun for consume_1_or_both_2_and_3_with_dataset_expressions to None, run_after=None
[2025-04-01T15:08:26.779+0000] {logging_mixin.py:190} INFO - [2025-04-01T15:08:26.779+0000] {dag.py:4180} INFO - Setting next_dagrun for dataset_consumes_1 to None, run_after=None
[2025-04-01T15:08:26.779+0000] {logging_mixin.py:190} INFO - [2025-04-01T15:08:26.779+0000] {dag.py:4180} INFO - Setting next_dagrun for dataset_consumes_1_and_2 to None, run_after=None
[2025-04-01T15:08:26.780+0000] {logging_mixin.py:190} INFO - [2025-04-01T15:08:26.779+0000] {dag.py:4180} INFO - Setting next_dagrun for dataset_consumes_1_never_scheduled to None, run_after=None
[2025-04-01T15:08:26.780+0000] {logging_mixin.py:190} INFO - [2025-04-01T15:08:26.780+0000] {dag.py:4180} INFO - Setting next_dagrun for dataset_consumes_unknown_never_scheduled to None, run_after=None
[2025-04-01T15:08:26.782+0000] {logging_mixin.py:190} INFO - [2025-04-01T15:08:26.782+0000] {dag.py:4180} INFO - Setting next_dagrun for dataset_produces_1 to 2025-03-31 00:00:00+00:00, run_after=2025-04-01 00:00:00+00:00
[2025-04-01T15:08:26.782+0000] {logging_mixin.py:190} INFO - [2025-04-01T15:08:26.782+0000] {dag.py:4180} INFO - Setting next_dagrun for dataset_produces_2 to None, run_after=None
[2025-04-01T15:08:26.824+0000] {processor.py:208} INFO - Processing /home/airflow/.local/lib/python3.12/site-packages/airflow/example_dags/example_datasets.py took 1.199 seconds
[2025-04-01T15:08:57.104+0000] {processor.py:186} INFO - Started process (PID=179) to work on /home/airflow/.local/lib/python3.12/site-packages/airflow/example_dags/example_datasets.py
[2025-04-01T15:08:57.104+0000] {processor.py:914} INFO - Processing file /home/airflow/.local/lib/python3.12/site-packages/airflow/example_dags/example_datasets.py for tasks to queue
[2025-04-01T15:08:57.106+0000] {logging_mixin.py:190} INFO - [2025-04-01T15:08:57.105+0000] {dagbag.py:588} INFO - Filling up the DagBag from /home/airflow/.local/lib/python3.12/site-packages/airflow/example_dags/example_datasets.py
[2025-04-01T15:08:57.552+0000] {processor.py:925} INFO - DAG(s) 'consume_1_or_2_with_dataset_expressions', 'dataset_consumes_1', 'consume_1_or_both_2_and_3_with_dataset_expressions', 'conditional_dataset_and_time_based_timetable', 'dataset_consumes_1_never_scheduled', 'consume_1_and_2_with_dataset_expressions', 'dataset_produces_2', 'dataset_consumes_unknown_never_scheduled', 'dataset_consumes_1_and_2', 'dataset_produces_1' retrieved from /home/airflow/.local/lib/python3.12/site-packages/airflow/example_dags/example_datasets.py
[2025-04-01T15:08:57.585+0000] {logging_mixin.py:190} INFO - [2025-04-01T15:08:57.585+0000] {dag.py:3239} INFO - Sync 10 DAGs
[2025-04-01T15:08:57.604+0000] {logging_mixin.py:190} INFO - [2025-04-01T15:08:57.604+0000] {dag.py:4180} INFO - Setting next_dagrun for conditional_dataset_and_time_based_timetable to 2025-03-26 01:00:00+00:00, run_after=2025-03-26 01:00:00+00:00
[2025-04-01T15:08:57.607+0000] {logging_mixin.py:190} INFO - [2025-04-01T15:08:57.607+0000] {dag.py:4180} INFO - Setting next_dagrun for consume_1_and_2_with_dataset_expressions to None, run_after=None
[2025-04-01T15:08:57.609+0000] {logging_mixin.py:190} INFO - [2025-04-01T15:08:57.609+0000] {dag.py:4180} INFO - Setting next_dagrun for consume_1_or_2_with_dataset_expressions to None, run_after=None
[2025-04-01T15:08:57.610+0000] {logging_mixin.py:190} INFO - [2025-04-01T15:08:57.610+0000] {dag.py:4180} INFO - Setting next_dagrun for consume_1_or_both_2_and_3_with_dataset_expressions to None, run_after=None
[2025-04-01T15:08:57.611+0000] {logging_mixin.py:190} INFO - [2025-04-01T15:08:57.611+0000] {dag.py:4180} INFO - Setting next_dagrun for dataset_consumes_1 to None, run_after=None
[2025-04-01T15:08:57.611+0000] {logging_mixin.py:190} INFO - [2025-04-01T15:08:57.611+0000] {dag.py:4180} INFO - Setting next_dagrun for dataset_consumes_1_and_2 to None, run_after=None
[2025-04-01T15:08:57.612+0000] {logging_mixin.py:190} INFO - [2025-04-01T15:08:57.612+0000] {dag.py:4180} INFO - Setting next_dagrun for dataset_consumes_1_never_scheduled to None, run_after=None
[2025-04-01T15:08:57.613+0000] {logging_mixin.py:190} INFO - [2025-04-01T15:08:57.613+0000] {dag.py:4180} INFO - Setting next_dagrun for dataset_consumes_unknown_never_scheduled to None, run_after=None
[2025-04-01T15:08:57.615+0000] {logging_mixin.py:190} INFO - [2025-04-01T15:08:57.615+0000] {dag.py:4180} INFO - Setting next_dagrun for dataset_produces_1 to 2025-03-31 00:00:00+00:00, run_after=2025-04-01 00:00:00+00:00
[2025-04-01T15:08:57.615+0000] {logging_mixin.py:190} INFO - [2025-04-01T15:08:57.615+0000] {dag.py:4180} INFO - Setting next_dagrun for dataset_produces_2 to None, run_after=None
[2025-04-01T15:08:57.641+0000] {processor.py:208} INFO - Processing /home/airflow/.local/lib/python3.12/site-packages/airflow/example_dags/example_datasets.py took 0.542 seconds
[2025-04-01T15:09:27.741+0000] {processor.py:186} INFO - Started process (PID=244) to work on /home/airflow/.local/lib/python3.12/site-packages/airflow/example_dags/example_datasets.py
[2025-04-01T15:09:27.741+0000] {processor.py:914} INFO - Processing file /home/airflow/.local/lib/python3.12/site-packages/airflow/example_dags/example_datasets.py for tasks to queue
[2025-04-01T15:09:27.743+0000] {logging_mixin.py:190} INFO - [2025-04-01T15:09:27.742+0000] {dagbag.py:588} INFO - Filling up the DagBag from /home/airflow/.local/lib/python3.12/site-packages/airflow/example_dags/example_datasets.py
[2025-04-01T15:09:28.163+0000] {processor.py:925} INFO - DAG(s) 'dataset_produces_2', 'dataset_consumes_1', 'consume_1_or_2_with_dataset_expressions', 'conditional_dataset_and_time_based_timetable', 'dataset_consumes_1_and_2', 'dataset_consumes_1_never_scheduled', 'dataset_consumes_unknown_never_scheduled', 'dataset_produces_1', 'consume_1_or_both_2_and_3_with_dataset_expressions', 'consume_1_and_2_with_dataset_expressions' retrieved from /home/airflow/.local/lib/python3.12/site-packages/airflow/example_dags/example_datasets.py
[2025-04-01T15:09:28.200+0000] {logging_mixin.py:190} INFO - [2025-04-01T15:09:28.200+0000] {dag.py:3239} INFO - Sync 10 DAGs
[2025-04-01T15:09:28.219+0000] {logging_mixin.py:190} INFO - [2025-04-01T15:09:28.219+0000] {dag.py:4180} INFO - Setting next_dagrun for conditional_dataset_and_time_based_timetable to 2025-03-26 01:00:00+00:00, run_after=2025-03-26 01:00:00+00:00
[2025-04-01T15:09:28.222+0000] {logging_mixin.py:190} INFO - [2025-04-01T15:09:28.222+0000] {dag.py:4180} INFO - Setting next_dagrun for consume_1_and_2_with_dataset_expressions to None, run_after=None
[2025-04-01T15:09:28.223+0000] {logging_mixin.py:190} INFO - [2025-04-01T15:09:28.223+0000] {dag.py:4180} INFO - Setting next_dagrun for consume_1_or_2_with_dataset_expressions to None, run_after=None
[2025-04-01T15:09:28.224+0000] {logging_mixin.py:190} INFO - [2025-04-01T15:09:28.224+0000] {dag.py:4180} INFO - Setting next_dagrun for consume_1_or_both_2_and_3_with_dataset_expressions to None, run_after=None
[2025-04-01T15:09:28.225+0000] {logging_mixin.py:190} INFO - [2025-04-01T15:09:28.225+0000] {dag.py:4180} INFO - Setting next_dagrun for dataset_consumes_1 to None, run_after=None
[2025-04-01T15:09:28.226+0000] {logging_mixin.py:190} INFO - [2025-04-01T15:09:28.226+0000] {dag.py:4180} INFO - Setting next_dagrun for dataset_consumes_1_and_2 to None, run_after=None
[2025-04-01T15:09:28.227+0000] {logging_mixin.py:190} INFO - [2025-04-01T15:09:28.227+0000] {dag.py:4180} INFO - Setting next_dagrun for dataset_consumes_1_never_scheduled to None, run_after=None
[2025-04-01T15:09:28.227+0000] {logging_mixin.py:190} INFO - [2025-04-01T15:09:28.227+0000] {dag.py:4180} INFO - Setting next_dagrun for dataset_consumes_unknown_never_scheduled to None, run_after=None
[2025-04-01T15:09:28.229+0000] {logging_mixin.py:190} INFO - [2025-04-01T15:09:28.229+0000] {dag.py:4180} INFO - Setting next_dagrun for dataset_produces_1 to 2025-03-31 00:00:00+00:00, run_after=2025-04-01 00:00:00+00:00
[2025-04-01T15:09:28.230+0000] {logging_mixin.py:190} INFO - [2025-04-01T15:09:28.230+0000] {dag.py:4180} INFO - Setting next_dagrun for dataset_produces_2 to None, run_after=None
[2025-04-01T15:09:28.255+0000] {processor.py:208} INFO - Processing /home/airflow/.local/lib/python3.12/site-packages/airflow/example_dags/example_datasets.py took 0.518 seconds
[2025-04-01T15:09:58.722+0000] {processor.py:186} INFO - Started process (PID=309) to work on /home/airflow/.local/lib/python3.12/site-packages/airflow/example_dags/example_datasets.py
[2025-04-01T15:09:58.724+0000] {processor.py:914} INFO - Processing file /home/airflow/.local/lib/python3.12/site-packages/airflow/example_dags/example_datasets.py for tasks to queue
[2025-04-01T15:09:58.725+0000] {logging_mixin.py:190} INFO - [2025-04-01T15:09:58.725+0000] {dagbag.py:588} INFO - Filling up the DagBag from /home/airflow/.local/lib/python3.12/site-packages/airflow/example_dags/example_datasets.py
[2025-04-01T15:09:59.192+0000] {processor.py:925} INFO - DAG(s) 'conditional_dataset_and_time_based_timetable', 'dataset_produces_2', 'dataset_consumes_1_and_2', 'consume_1_or_2_with_dataset_expressions', 'dataset_consumes_1_never_scheduled', 'dataset_consumes_1', 'consume_1_or_both_2_and_3_with_dataset_expressions', 'dataset_consumes_unknown_never_scheduled', 'dataset_produces_1', 'consume_1_and_2_with_dataset_expressions' retrieved from /home/airflow/.local/lib/python3.12/site-packages/airflow/example_dags/example_datasets.py
[2025-04-01T15:09:59.229+0000] {logging_mixin.py:190} INFO - [2025-04-01T15:09:59.229+0000] {dag.py:3239} INFO - Sync 10 DAGs
[2025-04-01T15:09:59.248+0000] {logging_mixin.py:190} INFO - [2025-04-01T15:09:59.248+0000] {dag.py:4180} INFO - Setting next_dagrun for conditional_dataset_and_time_based_timetable to 2025-03-26 01:00:00+00:00, run_after=2025-03-26 01:00:00+00:00
[2025-04-01T15:09:59.251+0000] {logging_mixin.py:190} INFO - [2025-04-01T15:09:59.251+0000] {dag.py:4180} INFO - Setting next_dagrun for consume_1_and_2_with_dataset_expressions to None, run_after=None
[2025-04-01T15:09:59.253+0000] {logging_mixin.py:190} INFO - [2025-04-01T15:09:59.252+0000] {dag.py:4180} INFO - Setting next_dagrun for consume_1_or_2_with_dataset_expressions to None, run_after=None
[2025-04-01T15:09:59.255+0000] {logging_mixin.py:190} INFO - [2025-04-01T15:09:59.254+0000] {dag.py:4180} INFO - Setting next_dagrun for consume_1_or_both_2_and_3_with_dataset_expressions to None, run_after=None
[2025-04-01T15:09:59.256+0000] {logging_mixin.py:190} INFO - [2025-04-01T15:09:59.256+0000] {dag.py:4180} INFO - Setting next_dagrun for dataset_consumes_1 to None, run_after=None
[2025-04-01T15:09:59.257+0000] {logging_mixin.py:190} INFO - [2025-04-01T15:09:59.257+0000] {dag.py:4180} INFO - Setting next_dagrun for dataset_consumes_1_and_2 to None, run_after=None
[2025-04-01T15:09:59.258+0000] {logging_mixin.py:190} INFO - [2025-04-01T15:09:59.258+0000] {dag.py:4180} INFO - Setting next_dagrun for dataset_consumes_1_never_scheduled to None, run_after=None
[2025-04-01T15:09:59.259+0000] {logging_mixin.py:190} INFO - [2025-04-01T15:09:59.259+0000] {dag.py:4180} INFO - Setting next_dagrun for dataset_consumes_unknown_never_scheduled to None, run_after=None
[2025-04-01T15:09:59.261+0000] {logging_mixin.py:190} INFO - [2025-04-01T15:09:59.261+0000] {dag.py:4180} INFO - Setting next_dagrun for dataset_produces_1 to 2025-03-31 00:00:00+00:00, run_after=2025-04-01 00:00:00+00:00
[2025-04-01T15:09:59.262+0000] {logging_mixin.py:190} INFO - [2025-04-01T15:09:59.262+0000] {dag.py:4180} INFO - Setting next_dagrun for dataset_produces_2 to None, run_after=None
[2025-04-01T15:09:59.289+0000] {processor.py:208} INFO - Processing /home/airflow/.local/lib/python3.12/site-packages/airflow/example_dags/example_datasets.py took 0.571 seconds
[2025-04-01T15:10:29.851+0000] {processor.py:186} INFO - Started process (PID=373) to work on /home/airflow/.local/lib/python3.12/site-packages/airflow/example_dags/example_datasets.py
[2025-04-01T15:10:29.852+0000] {processor.py:914} INFO - Processing file /home/airflow/.local/lib/python3.12/site-packages/airflow/example_dags/example_datasets.py for tasks to queue
[2025-04-01T15:10:29.854+0000] {logging_mixin.py:190} INFO - [2025-04-01T15:10:29.854+0000] {dagbag.py:588} INFO - Filling up the DagBag from /home/airflow/.local/lib/python3.12/site-packages/airflow/example_dags/example_datasets.py
[2025-04-01T15:10:30.491+0000] {processor.py:925} INFO - DAG(s) 'consume_1_or_both_2_and_3_with_dataset_expressions', 'dataset_produces_1', 'conditional_dataset_and_time_based_timetable', 'dataset_consumes_1', 'dataset_produces_2', 'consume_1_and_2_with_dataset_expressions', 'dataset_consumes_1_and_2', 'dataset_consumes_unknown_never_scheduled', 'consume_1_or_2_with_dataset_expressions', 'dataset_consumes_1_never_scheduled' retrieved from /home/airflow/.local/lib/python3.12/site-packages/airflow/example_dags/example_datasets.py
[2025-04-01T15:10:30.527+0000] {logging_mixin.py:190} INFO - [2025-04-01T15:10:30.527+0000] {dag.py:3239} INFO - Sync 10 DAGs
[2025-04-01T15:10:30.551+0000] {logging_mixin.py:190} INFO - [2025-04-01T15:10:30.550+0000] {dag.py:4180} INFO - Setting next_dagrun for conditional_dataset_and_time_based_timetable to 2025-03-26 01:00:00+00:00, run_after=2025-03-26 01:00:00+00:00
[2025-04-01T15:10:30.554+0000] {logging_mixin.py:190} INFO - [2025-04-01T15:10:30.554+0000] {dag.py:4180} INFO - Setting next_dagrun for consume_1_and_2_with_dataset_expressions to None, run_after=None
[2025-04-01T15:10:30.556+0000] {logging_mixin.py:190} INFO - [2025-04-01T15:10:30.555+0000] {dag.py:4180} INFO - Setting next_dagrun for consume_1_or_2_with_dataset_expressions to None, run_after=None
[2025-04-01T15:10:30.557+0000] {logging_mixin.py:190} INFO - [2025-04-01T15:10:30.557+0000] {dag.py:4180} INFO - Setting next_dagrun for consume_1_or_both_2_and_3_with_dataset_expressions to None, run_after=None
[2025-04-01T15:10:30.558+0000] {logging_mixin.py:190} INFO - [2025-04-01T15:10:30.557+0000] {dag.py:4180} INFO - Setting next_dagrun for dataset_consumes_1 to None, run_after=None
[2025-04-01T15:10:30.558+0000] {logging_mixin.py:190} INFO - [2025-04-01T15:10:30.558+0000] {dag.py:4180} INFO - Setting next_dagrun for dataset_consumes_1_and_2 to None, run_after=None
[2025-04-01T15:10:30.559+0000] {logging_mixin.py:190} INFO - [2025-04-01T15:10:30.559+0000] {dag.py:4180} INFO - Setting next_dagrun for dataset_consumes_1_never_scheduled to None, run_after=None
[2025-04-01T15:10:30.560+0000] {logging_mixin.py:190} INFO - [2025-04-01T15:10:30.560+0000] {dag.py:4180} INFO - Setting next_dagrun for dataset_consumes_unknown_never_scheduled to None, run_after=None
[2025-04-01T15:10:30.562+0000] {logging_mixin.py:190} INFO - [2025-04-01T15:10:30.562+0000] {dag.py:4180} INFO - Setting next_dagrun for dataset_produces_1 to 2025-03-31 00:00:00+00:00, run_after=2025-04-01 00:00:00+00:00
[2025-04-01T15:10:30.563+0000] {logging_mixin.py:190} INFO - [2025-04-01T15:10:30.563+0000] {dag.py:4180} INFO - Setting next_dagrun for dataset_produces_2 to None, run_after=None
[2025-04-01T15:10:30.591+0000] {processor.py:208} INFO - Processing /home/airflow/.local/lib/python3.12/site-packages/airflow/example_dags/example_datasets.py took 0.747 seconds
[2025-04-01T15:11:01.048+0000] {processor.py:186} INFO - Started process (PID=438) to work on /home/airflow/.local/lib/python3.12/site-packages/airflow/example_dags/example_datasets.py
[2025-04-01T15:11:01.049+0000] {processor.py:914} INFO - Processing file /home/airflow/.local/lib/python3.12/site-packages/airflow/example_dags/example_datasets.py for tasks to queue
[2025-04-01T15:11:01.050+0000] {logging_mixin.py:190} INFO - [2025-04-01T15:11:01.050+0000] {dagbag.py:588} INFO - Filling up the DagBag from /home/airflow/.local/lib/python3.12/site-packages/airflow/example_dags/example_datasets.py
[2025-04-01T15:11:01.575+0000] {processor.py:925} INFO - DAG(s) 'conditional_dataset_and_time_based_timetable', 'consume_1_and_2_with_dataset_expressions', 'dataset_produces_1', 'dataset_consumes_1_never_scheduled', 'consume_1_or_both_2_and_3_with_dataset_expressions', 'dataset_consumes_unknown_never_scheduled', 'dataset_consumes_1_and_2', 'consume_1_or_2_with_dataset_expressions', 'dataset_consumes_1', 'dataset_produces_2' retrieved from /home/airflow/.local/lib/python3.12/site-packages/airflow/example_dags/example_datasets.py
[2025-04-01T15:11:01.617+0000] {logging_mixin.py:190} INFO - [2025-04-01T15:11:01.617+0000] {dag.py:3239} INFO - Sync 10 DAGs
[2025-04-01T15:11:01.643+0000] {logging_mixin.py:190} INFO - [2025-04-01T15:11:01.643+0000] {dag.py:4180} INFO - Setting next_dagrun for conditional_dataset_and_time_based_timetable to 2025-03-26 01:00:00+00:00, run_after=2025-03-26 01:00:00+00:00
[2025-04-01T15:11:01.647+0000] {logging_mixin.py:190} INFO - [2025-04-01T15:11:01.647+0000] {dag.py:4180} INFO - Setting next_dagrun for consume_1_and_2_with_dataset_expressions to None, run_after=None
[2025-04-01T15:11:01.649+0000] {logging_mixin.py:190} INFO - [2025-04-01T15:11:01.649+0000] {dag.py:4180} INFO - Setting next_dagrun for consume_1_or_2_with_dataset_expressions to None, run_after=None
[2025-04-01T15:11:01.651+0000] {logging_mixin.py:190} INFO - [2025-04-01T15:11:01.650+0000] {dag.py:4180} INFO - Setting next_dagrun for consume_1_or_both_2_and_3_with_dataset_expressions to None, run_after=None
[2025-04-01T15:11:01.652+0000] {logging_mixin.py:190} INFO - [2025-04-01T15:11:01.652+0000] {dag.py:4180} INFO - Setting next_dagrun for dataset_consumes_1 to None, run_after=None
[2025-04-01T15:11:01.654+0000] {logging_mixin.py:190} INFO - [2025-04-01T15:11:01.654+0000] {dag.py:4180} INFO - Setting next_dagrun for dataset_consumes_1_and_2 to None, run_after=None
[2025-04-01T15:11:01.655+0000] {logging_mixin.py:190} INFO - [2025-04-01T15:11:01.655+0000] {dag.py:4180} INFO - Setting next_dagrun for dataset_consumes_1_never_scheduled to None, run_after=None
[2025-04-01T15:11:01.656+0000] {logging_mixin.py:190} INFO - [2025-04-01T15:11:01.656+0000] {dag.py:4180} INFO - Setting next_dagrun for dataset_consumes_unknown_never_scheduled to None, run_after=None
[2025-04-01T15:11:01.658+0000] {logging_mixin.py:190} INFO - [2025-04-01T15:11:01.658+0000] {dag.py:4180} INFO - Setting next_dagrun for dataset_produces_1 to 2025-03-31 00:00:00+00:00, run_after=2025-04-01 00:00:00+00:00
[2025-04-01T15:11:01.659+0000] {logging_mixin.py:190} INFO - [2025-04-01T15:11:01.659+0000] {dag.py:4180} INFO - Setting next_dagrun for dataset_produces_2 to None, run_after=None
[2025-04-01T15:11:01.688+0000] {processor.py:208} INFO - Processing /home/airflow/.local/lib/python3.12/site-packages/airflow/example_dags/example_datasets.py took 0.644 seconds
[2025-04-01T15:11:32.275+0000] {processor.py:186} INFO - Started process (PID=503) to work on /home/airflow/.local/lib/python3.12/site-packages/airflow/example_dags/example_datasets.py
[2025-04-01T15:11:32.276+0000] {processor.py:914} INFO - Processing file /home/airflow/.local/lib/python3.12/site-packages/airflow/example_dags/example_datasets.py for tasks to queue
[2025-04-01T15:11:32.277+0000] {logging_mixin.py:190} INFO - [2025-04-01T15:11:32.277+0000] {dagbag.py:588} INFO - Filling up the DagBag from /home/airflow/.local/lib/python3.12/site-packages/airflow/example_dags/example_datasets.py
[2025-04-01T15:11:32.781+0000] {processor.py:925} INFO - DAG(s) 'dataset_consumes_unknown_never_scheduled', 'dataset_produces_1', 'dataset_produces_2', 'consume_1_or_both_2_and_3_with_dataset_expressions', 'dataset_consumes_1_never_scheduled', 'consume_1_or_2_with_dataset_expressions', 'dataset_consumes_1', 'consume_1_and_2_with_dataset_expressions', 'conditional_dataset_and_time_based_timetable', 'dataset_consumes_1_and_2' retrieved from /home/airflow/.local/lib/python3.12/site-packages/airflow/example_dags/example_datasets.py
[2025-04-01T15:11:32.815+0000] {logging_mixin.py:190} INFO - [2025-04-01T15:11:32.815+0000] {dag.py:3239} INFO - Sync 10 DAGs
[2025-04-01T15:11:32.834+0000] {logging_mixin.py:190} INFO - [2025-04-01T15:11:32.833+0000] {dag.py:4180} INFO - Setting next_dagrun for conditional_dataset_and_time_based_timetable to 2025-03-26 01:00:00+00:00, run_after=2025-03-26 01:00:00+00:00
[2025-04-01T15:11:32.837+0000] {logging_mixin.py:190} INFO - [2025-04-01T15:11:32.837+0000] {dag.py:4180} INFO - Setting next_dagrun for consume_1_and_2_with_dataset_expressions to None, run_after=None
[2025-04-01T15:11:32.838+0000] {logging_mixin.py:190} INFO - [2025-04-01T15:11:32.838+0000] {dag.py:4180} INFO - Setting next_dagrun for consume_1_or_2_with_dataset_expressions to None, run_after=None
[2025-04-01T15:11:32.839+0000] {logging_mixin.py:190} INFO - [2025-04-01T15:11:32.839+0000] {dag.py:4180} INFO - Setting next_dagrun for consume_1_or_both_2_and_3_with_dataset_expressions to None, run_after=None
[2025-04-01T15:11:32.840+0000] {logging_mixin.py:190} INFO - [2025-04-01T15:11:32.840+0000] {dag.py:4180} INFO - Setting next_dagrun for dataset_consumes_1 to None, run_after=None
[2025-04-01T15:11:32.841+0000] {logging_mixin.py:190} INFO - [2025-04-01T15:11:32.841+0000] {dag.py:4180} INFO - Setting next_dagrun for dataset_consumes_1_and_2 to None, run_after=None
[2025-04-01T15:11:32.842+0000] {logging_mixin.py:190} INFO - [2025-04-01T15:11:32.842+0000] {dag.py:4180} INFO - Setting next_dagrun for dataset_consumes_1_never_scheduled to None, run_after=None
[2025-04-01T15:11:32.843+0000] {logging_mixin.py:190} INFO - [2025-04-01T15:11:32.842+0000] {dag.py:4180} INFO - Setting next_dagrun for dataset_consumes_unknown_never_scheduled to None, run_after=None
[2025-04-01T15:11:32.844+0000] {logging_mixin.py:190} INFO - [2025-04-01T15:11:32.844+0000] {dag.py:4180} INFO - Setting next_dagrun for dataset_produces_1 to 2025-03-31 00:00:00+00:00, run_after=2025-04-01 00:00:00+00:00
[2025-04-01T15:11:32.845+0000] {logging_mixin.py:190} INFO - [2025-04-01T15:11:32.845+0000] {dag.py:4180} INFO - Setting next_dagrun for dataset_produces_2 to None, run_after=None
[2025-04-01T15:11:32.873+0000] {processor.py:208} INFO - Processing /home/airflow/.local/lib/python3.12/site-packages/airflow/example_dags/example_datasets.py took 0.601 seconds
[2025-04-01T15:12:03.526+0000] {processor.py:186} INFO - Started process (PID=568) to work on /home/airflow/.local/lib/python3.12/site-packages/airflow/example_dags/example_datasets.py
[2025-04-01T15:12:03.527+0000] {processor.py:914} INFO - Processing file /home/airflow/.local/lib/python3.12/site-packages/airflow/example_dags/example_datasets.py for tasks to queue
[2025-04-01T15:12:03.529+0000] {logging_mixin.py:190} INFO - [2025-04-01T15:12:03.528+0000] {dagbag.py:588} INFO - Filling up the DagBag from /home/airflow/.local/lib/python3.12/site-packages/airflow/example_dags/example_datasets.py
[2025-04-01T15:12:04.041+0000] {processor.py:925} INFO - DAG(s) 'conditional_dataset_and_time_based_timetable', 'dataset_consumes_1_and_2', 'dataset_consumes_1_never_scheduled', 'consume_1_or_2_with_dataset_expressions', 'consume_1_and_2_with_dataset_expressions', 'dataset_consumes_unknown_never_scheduled', 'dataset_produces_2', 'dataset_consumes_1', 'dataset_produces_1', 'consume_1_or_both_2_and_3_with_dataset_expressions' retrieved from /home/airflow/.local/lib/python3.12/site-packages/airflow/example_dags/example_datasets.py
[2025-04-01T15:12:04.078+0000] {logging_mixin.py:190} INFO - [2025-04-01T15:12:04.077+0000] {dag.py:3239} INFO - Sync 10 DAGs
[2025-04-01T15:12:04.101+0000] {logging_mixin.py:190} INFO - [2025-04-01T15:12:04.101+0000] {dag.py:4180} INFO - Setting next_dagrun for conditional_dataset_and_time_based_timetable to 2025-03-26 01:00:00+00:00, run_after=2025-03-26 01:00:00+00:00
[2025-04-01T15:12:04.105+0000] {logging_mixin.py:190} INFO - [2025-04-01T15:12:04.105+0000] {dag.py:4180} INFO - Setting next_dagrun for consume_1_and_2_with_dataset_expressions to None, run_after=None
[2025-04-01T15:12:04.106+0000] {logging_mixin.py:190} INFO - [2025-04-01T15:12:04.106+0000] {dag.py:4180} INFO - Setting next_dagrun for consume_1_or_2_with_dataset_expressions to None, run_after=None
[2025-04-01T15:12:04.107+0000] {logging_mixin.py:190} INFO - [2025-04-01T15:12:04.107+0000] {dag.py:4180} INFO - Setting next_dagrun for consume_1_or_both_2_and_3_with_dataset_expressions to None, run_after=None
[2025-04-01T15:12:04.108+0000] {logging_mixin.py:190} INFO - [2025-04-01T15:12:04.107+0000] {dag.py:4180} INFO - Setting next_dagrun for dataset_consumes_1 to None, run_after=None
[2025-04-01T15:12:04.108+0000] {logging_mixin.py:190} INFO - [2025-04-01T15:12:04.108+0000] {dag.py:4180} INFO - Setting next_dagrun for dataset_consumes_1_and_2 to None, run_after=None
[2025-04-01T15:12:04.109+0000] {logging_mixin.py:190} INFO - [2025-04-01T15:12:04.109+0000] {dag.py:4180} INFO - Setting next_dagrun for dataset_consumes_1_never_scheduled to None, run_after=None
[2025-04-01T15:12:04.111+0000] {logging_mixin.py:190} INFO - [2025-04-01T15:12:04.110+0000] {dag.py:4180} INFO - Setting next_dagrun for dataset_consumes_unknown_never_scheduled to None, run_after=None
[2025-04-01T15:12:04.113+0000] {logging_mixin.py:190} INFO - [2025-04-01T15:12:04.113+0000] {dag.py:4180} INFO - Setting next_dagrun for dataset_produces_1 to 2025-03-31 00:00:00+00:00, run_after=2025-04-01 00:00:00+00:00
[2025-04-01T15:12:04.114+0000] {logging_mixin.py:190} INFO - [2025-04-01T15:12:04.114+0000] {dag.py:4180} INFO - Setting next_dagrun for dataset_produces_2 to None, run_after=None
[2025-04-01T15:12:04.137+0000] {processor.py:208} INFO - Processing /home/airflow/.local/lib/python3.12/site-packages/airflow/example_dags/example_datasets.py took 0.615 seconds
[2025-04-01T15:12:34.245+0000] {processor.py:186} INFO - Started process (PID=633) to work on /home/airflow/.local/lib/python3.12/site-packages/airflow/example_dags/example_datasets.py
[2025-04-01T15:12:34.246+0000] {processor.py:914} INFO - Processing file /home/airflow/.local/lib/python3.12/site-packages/airflow/example_dags/example_datasets.py for tasks to queue
[2025-04-01T15:12:34.248+0000] {logging_mixin.py:190} INFO - [2025-04-01T15:12:34.248+0000] {dagbag.py:588} INFO - Filling up the DagBag from /home/airflow/.local/lib/python3.12/site-packages/airflow/example_dags/example_datasets.py
[2025-04-01T15:12:34.782+0000] {processor.py:925} INFO - DAG(s) 'consume_1_or_both_2_and_3_with_dataset_expressions', 'dataset_consumes_1', 'dataset_consumes_1_and_2', 'dataset_consumes_unknown_never_scheduled', 'consume_1_or_2_with_dataset_expressions', 'dataset_produces_2', 'conditional_dataset_and_time_based_timetable', 'dataset_produces_1', 'consume_1_and_2_with_dataset_expressions', 'dataset_consumes_1_never_scheduled' retrieved from /home/airflow/.local/lib/python3.12/site-packages/airflow/example_dags/example_datasets.py
[2025-04-01T15:12:34.821+0000] {logging_mixin.py:190} INFO - [2025-04-01T15:12:34.821+0000] {dag.py:3239} INFO - Sync 10 DAGs
[2025-04-01T15:12:34.842+0000] {logging_mixin.py:190} INFO - [2025-04-01T15:12:34.842+0000] {dag.py:4180} INFO - Setting next_dagrun for conditional_dataset_and_time_based_timetable to 2025-03-26 01:00:00+00:00, run_after=2025-03-26 01:00:00+00:00
[2025-04-01T15:12:34.846+0000] {logging_mixin.py:190} INFO - [2025-04-01T15:12:34.845+0000] {dag.py:4180} INFO - Setting next_dagrun for consume_1_and_2_with_dataset_expressions to None, run_after=None
[2025-04-01T15:12:34.847+0000] {logging_mixin.py:190} INFO - [2025-04-01T15:12:34.847+0000] {dag.py:4180} INFO - Setting next_dagrun for consume_1_or_2_with_dataset_expressions to None, run_after=None
[2025-04-01T15:12:34.848+0000] {logging_mixin.py:190} INFO - [2025-04-01T15:12:34.848+0000] {dag.py:4180} INFO - Setting next_dagrun for consume_1_or_both_2_and_3_with_dataset_expressions to None, run_after=None
[2025-04-01T15:12:34.849+0000] {logging_mixin.py:190} INFO - [2025-04-01T15:12:34.849+0000] {dag.py:4180} INFO - Setting next_dagrun for dataset_consumes_1 to None, run_after=None
[2025-04-01T15:12:34.850+0000] {logging_mixin.py:190} INFO - [2025-04-01T15:12:34.850+0000] {dag.py:4180} INFO - Setting next_dagrun for dataset_consumes_1_and_2 to None, run_after=None
[2025-04-01T15:12:34.851+0000] {logging_mixin.py:190} INFO - [2025-04-01T15:12:34.851+0000] {dag.py:4180} INFO - Setting next_dagrun for dataset_consumes_1_never_scheduled to None, run_after=None
[2025-04-01T15:12:34.852+0000] {logging_mixin.py:190} INFO - [2025-04-01T15:12:34.852+0000] {dag.py:4180} INFO - Setting next_dagrun for dataset_consumes_unknown_never_scheduled to None, run_after=None
[2025-04-01T15:12:34.854+0000] {logging_mixin.py:190} INFO - [2025-04-01T15:12:34.854+0000] {dag.py:4180} INFO - Setting next_dagrun for dataset_produces_1 to 2025-03-31 00:00:00+00:00, run_after=2025-04-01 00:00:00+00:00
[2025-04-01T15:12:34.855+0000] {logging_mixin.py:190} INFO - [2025-04-01T15:12:34.855+0000] {dag.py:4180} INFO - Setting next_dagrun for dataset_produces_2 to None, run_after=None
[2025-04-01T15:12:34.881+0000] {processor.py:208} INFO - Processing /home/airflow/.local/lib/python3.12/site-packages/airflow/example_dags/example_datasets.py took 0.641 seconds
[2025-04-01T15:13:05.089+0000] {processor.py:186} INFO - Started process (PID=698) to work on /home/airflow/.local/lib/python3.12/site-packages/airflow/example_dags/example_datasets.py
[2025-04-01T15:13:05.090+0000] {processor.py:914} INFO - Processing file /home/airflow/.local/lib/python3.12/site-packages/airflow/example_dags/example_datasets.py for tasks to queue
[2025-04-01T15:13:05.091+0000] {logging_mixin.py:190} INFO - [2025-04-01T15:13:05.091+0000] {dagbag.py:588} INFO - Filling up the DagBag from /home/airflow/.local/lib/python3.12/site-packages/airflow/example_dags/example_datasets.py
[2025-04-01T15:13:05.606+0000] {processor.py:925} INFO - DAG(s) 'conditional_dataset_and_time_based_timetable', 'dataset_produces_1', 'consume_1_and_2_with_dataset_expressions', 'dataset_consumes_1_never_scheduled', 'dataset_consumes_1_and_2', 'consume_1_or_2_with_dataset_expressions', 'consume_1_or_both_2_and_3_with_dataset_expressions', 'dataset_consumes_unknown_never_scheduled', 'dataset_produces_2', 'dataset_consumes_1' retrieved from /home/airflow/.local/lib/python3.12/site-packages/airflow/example_dags/example_datasets.py
[2025-04-01T15:13:05.646+0000] {logging_mixin.py:190} INFO - [2025-04-01T15:13:05.646+0000] {dag.py:3239} INFO - Sync 10 DAGs
[2025-04-01T15:13:05.675+0000] {logging_mixin.py:190} INFO - [2025-04-01T15:13:05.675+0000] {dag.py:4180} INFO - Setting next_dagrun for conditional_dataset_and_time_based_timetable to 2025-03-26 01:00:00+00:00, run_after=2025-03-26 01:00:00+00:00
[2025-04-01T15:13:05.680+0000] {logging_mixin.py:190} INFO - [2025-04-01T15:13:05.680+0000] {dag.py:4180} INFO - Setting next_dagrun for consume_1_and_2_with_dataset_expressions to None, run_after=None
[2025-04-01T15:13:05.682+0000] {logging_mixin.py:190} INFO - [2025-04-01T15:13:05.681+0000] {dag.py:4180} INFO - Setting next_dagrun for consume_1_or_2_with_dataset_expressions to None, run_after=None
[2025-04-01T15:13:05.683+0000] {logging_mixin.py:190} INFO - [2025-04-01T15:13:05.683+0000] {dag.py:4180} INFO - Setting next_dagrun for consume_1_or_both_2_and_3_with_dataset_expressions to None, run_after=None
[2025-04-01T15:13:05.685+0000] {logging_mixin.py:190} INFO - [2025-04-01T15:13:05.685+0000] {dag.py:4180} INFO - Setting next_dagrun for dataset_consumes_1 to None, run_after=None
[2025-04-01T15:13:05.687+0000] {logging_mixin.py:190} INFO - [2025-04-01T15:13:05.686+0000] {dag.py:4180} INFO - Setting next_dagrun for dataset_consumes_1_and_2 to None, run_after=None
[2025-04-01T15:13:05.688+0000] {logging_mixin.py:190} INFO - [2025-04-01T15:13:05.688+0000] {dag.py:4180} INFO - Setting next_dagrun for dataset_consumes_1_never_scheduled to None, run_after=None
[2025-04-01T15:13:05.690+0000] {logging_mixin.py:190} INFO - [2025-04-01T15:13:05.690+0000] {dag.py:4180} INFO - Setting next_dagrun for dataset_consumes_unknown_never_scheduled to None, run_after=None
[2025-04-01T15:13:05.693+0000] {logging_mixin.py:190} INFO - [2025-04-01T15:13:05.693+0000] {dag.py:4180} INFO - Setting next_dagrun for dataset_produces_1 to 2025-03-31 00:00:00+00:00, run_after=2025-04-01 00:00:00+00:00
[2025-04-01T15:13:05.695+0000] {logging_mixin.py:190} INFO - [2025-04-01T15:13:05.695+0000] {dag.py:4180} INFO - Setting next_dagrun for dataset_produces_2 to None, run_after=None
[2025-04-01T15:13:05.737+0000] {processor.py:208} INFO - Processing /home/airflow/.local/lib/python3.12/site-packages/airflow/example_dags/example_datasets.py took 0.652 seconds
[2025-04-01T15:13:35.984+0000] {processor.py:186} INFO - Started process (PID=763) to work on /home/airflow/.local/lib/python3.12/site-packages/airflow/example_dags/example_datasets.py
[2025-04-01T15:13:35.985+0000] {processor.py:914} INFO - Processing file /home/airflow/.local/lib/python3.12/site-packages/airflow/example_dags/example_datasets.py for tasks to queue
[2025-04-01T15:13:35.987+0000] {logging_mixin.py:190} INFO - [2025-04-01T15:13:35.986+0000] {dagbag.py:588} INFO - Filling up the DagBag from /home/airflow/.local/lib/python3.12/site-packages/airflow/example_dags/example_datasets.py
[2025-04-01T15:13:36.541+0000] {processor.py:925} INFO - DAG(s) 'dataset_consumes_unknown_never_scheduled', 'consume_1_or_2_with_dataset_expressions', 'consume_1_and_2_with_dataset_expressions', 'dataset_consumes_1_never_scheduled', 'dataset_consumes_1', 'dataset_produces_1', 'consume_1_or_both_2_and_3_with_dataset_expressions', 'conditional_dataset_and_time_based_timetable', 'dataset_consumes_1_and_2', 'dataset_produces_2' retrieved from /home/airflow/.local/lib/python3.12/site-packages/airflow/example_dags/example_datasets.py
[2025-04-01T15:13:36.585+0000] {logging_mixin.py:190} INFO - [2025-04-01T15:13:36.585+0000] {dag.py:3239} INFO - Sync 10 DAGs
[2025-04-01T15:13:36.622+0000] {logging_mixin.py:190} INFO - [2025-04-01T15:13:36.621+0000] {dag.py:4180} INFO - Setting next_dagrun for conditional_dataset_and_time_based_timetable to 2025-03-26 01:00:00+00:00, run_after=2025-03-26 01:00:00+00:00
[2025-04-01T15:13:36.627+0000] {logging_mixin.py:190} INFO - [2025-04-01T15:13:36.627+0000] {dag.py:4180} INFO - Setting next_dagrun for consume_1_and_2_with_dataset_expressions to None, run_after=None
[2025-04-01T15:13:36.629+0000] {logging_mixin.py:190} INFO - [2025-04-01T15:13:36.628+0000] {dag.py:4180} INFO - Setting next_dagrun for consume_1_or_2_with_dataset_expressions to None, run_after=None
[2025-04-01T15:13:36.630+0000] {logging_mixin.py:190} INFO - [2025-04-01T15:13:36.630+0000] {dag.py:4180} INFO - Setting next_dagrun for consume_1_or_both_2_and_3_with_dataset_expressions to None, run_after=None
[2025-04-01T15:13:36.631+0000] {logging_mixin.py:190} INFO - [2025-04-01T15:13:36.631+0000] {dag.py:4180} INFO - Setting next_dagrun for dataset_consumes_1 to None, run_after=None
[2025-04-01T15:13:36.633+0000] {logging_mixin.py:190} INFO - [2025-04-01T15:13:36.632+0000] {dag.py:4180} INFO - Setting next_dagrun for dataset_consumes_1_and_2 to None, run_after=None
[2025-04-01T15:13:36.634+0000] {logging_mixin.py:190} INFO - [2025-04-01T15:13:36.634+0000] {dag.py:4180} INFO - Setting next_dagrun for dataset_consumes_1_never_scheduled to None, run_after=None
[2025-04-01T15:13:36.635+0000] {logging_mixin.py:190} INFO - [2025-04-01T15:13:36.635+0000] {dag.py:4180} INFO - Setting next_dagrun for dataset_consumes_unknown_never_scheduled to None, run_after=None
[2025-04-01T15:13:36.637+0000] {logging_mixin.py:190} INFO - [2025-04-01T15:13:36.637+0000] {dag.py:4180} INFO - Setting next_dagrun for dataset_produces_1 to 2025-03-31 00:00:00+00:00, run_after=2025-04-01 00:00:00+00:00
[2025-04-01T15:13:36.640+0000] {logging_mixin.py:190} INFO - [2025-04-01T15:13:36.640+0000] {dag.py:4180} INFO - Setting next_dagrun for dataset_produces_2 to None, run_after=None
[2025-04-01T15:13:36.672+0000] {processor.py:208} INFO - Processing /home/airflow/.local/lib/python3.12/site-packages/airflow/example_dags/example_datasets.py took 0.693 seconds
