[2025-04-01T15:08:22.230+0000] {processor.py:186} INFO - Started process (PID=100) to work on /home/airflow/.local/lib/python3.12/site-packages/airflow/example_dags/example_inlet_event_extra.py
[2025-04-01T15:08:22.230+0000] {processor.py:914} INFO - Processing file /home/airflow/.local/lib/python3.12/site-packages/airflow/example_dags/example_inlet_event_extra.py for tasks to queue
[2025-04-01T15:08:22.232+0000] {logging_mixin.py:190} INFO - [2025-04-01T15:08:22.232+0000] {dagbag.py:588} INFO - Filling up the DagBag from /home/airflow/.local/lib/python3.12/site-packages/airflow/example_dags/example_inlet_event_extra.py
[2025-04-01T15:08:23.571+0000] {processor.py:925} INFO - DAG(s) 'read_dataset_event', 'read_dataset_event_from_classic' retrieved from /home/airflow/.local/lib/python3.12/site-packages/airflow/example_dags/example_inlet_event_extra.py
[2025-04-01T15:08:23.662+0000] {logging_mixin.py:190} INFO - [2025-04-01T15:08:23.661+0000] {override.py:1912} INFO - Created Permission View: can read on DAG:read_dataset_event
[2025-04-01T15:08:23.680+0000] {logging_mixin.py:190} INFO - [2025-04-01T15:08:23.680+0000] {override.py:1912} INFO - Created Permission View: can edit on DAG:read_dataset_event
[2025-04-01T15:08:23.688+0000] {logging_mixin.py:190} INFO - [2025-04-01T15:08:23.688+0000] {override.py:1912} INFO - Created Permission View: can delete on DAG:read_dataset_event
[2025-04-01T15:08:23.696+0000] {logging_mixin.py:190} INFO - [2025-04-01T15:08:23.696+0000] {override.py:1912} INFO - Created Permission View: can read on DAG Run:read_dataset_event
[2025-04-01T15:08:23.704+0000] {logging_mixin.py:190} INFO - [2025-04-01T15:08:23.704+0000] {override.py:1912} INFO - Created Permission View: can create on DAG Run:read_dataset_event
[2025-04-01T15:08:23.712+0000] {logging_mixin.py:190} INFO - [2025-04-01T15:08:23.711+0000] {override.py:1912} INFO - Created Permission View: can delete on DAG Run:read_dataset_event
[2025-04-01T15:08:23.720+0000] {logging_mixin.py:190} INFO - [2025-04-01T15:08:23.719+0000] {override.py:1912} INFO - Created Permission View: menu access on DAG Run:read_dataset_event
[2025-04-01T15:08:23.735+0000] {logging_mixin.py:190} INFO - [2025-04-01T15:08:23.734+0000] {override.py:1912} INFO - Created Permission View: can read on DAG:read_dataset_event_from_classic
[2025-04-01T15:08:23.742+0000] {logging_mixin.py:190} INFO - [2025-04-01T15:08:23.742+0000] {override.py:1912} INFO - Created Permission View: can edit on DAG:read_dataset_event_from_classic
[2025-04-01T15:08:23.749+0000] {logging_mixin.py:190} INFO - [2025-04-01T15:08:23.748+0000] {override.py:1912} INFO - Created Permission View: can delete on DAG:read_dataset_event_from_classic
[2025-04-01T15:08:23.756+0000] {logging_mixin.py:190} INFO - [2025-04-01T15:08:23.756+0000] {override.py:1912} INFO - Created Permission View: can read on DAG Run:read_dataset_event_from_classic
[2025-04-01T15:08:23.763+0000] {logging_mixin.py:190} INFO - [2025-04-01T15:08:23.763+0000] {override.py:1912} INFO - Created Permission View: can create on DAG Run:read_dataset_event_from_classic
[2025-04-01T15:08:23.769+0000] {logging_mixin.py:190} INFO - [2025-04-01T15:08:23.769+0000] {override.py:1912} INFO - Created Permission View: can delete on DAG Run:read_dataset_event_from_classic
[2025-04-01T15:08:23.775+0000] {logging_mixin.py:190} INFO - [2025-04-01T15:08:23.775+0000] {override.py:1912} INFO - Created Permission View: menu access on DAG Run:read_dataset_event_from_classic
[2025-04-01T15:08:23.776+0000] {logging_mixin.py:190} INFO - [2025-04-01T15:08:23.776+0000] {dag.py:3239} INFO - Sync 2 DAGs
[2025-04-01T15:08:23.791+0000] {logging_mixin.py:190} INFO - [2025-04-01T15:08:23.790+0000] {dag.py:3262} INFO - Creating ORM DAG for read_dataset_event
[2025-04-01T15:08:23.792+0000] {logging_mixin.py:190} INFO - [2025-04-01T15:08:23.791+0000] {dag.py:3262} INFO - Creating ORM DAG for read_dataset_event_from_classic
[2025-04-01T15:08:23.808+0000] {logging_mixin.py:190} INFO - [2025-04-01T15:08:23.808+0000] {dag.py:4180} INFO - Setting next_dagrun for read_dataset_event to 2025-03-31 00:00:00+00:00, run_after=2025-04-01 00:00:00+00:00
[2025-04-01T15:08:23.810+0000] {logging_mixin.py:190} INFO - [2025-04-01T15:08:23.810+0000] {dag.py:4180} INFO - Setting next_dagrun for read_dataset_event_from_classic to 2025-03-31 00:00:00+00:00, run_after=2025-04-01 00:00:00+00:00
[2025-04-01T15:08:23.834+0000] {processor.py:208} INFO - Processing /home/airflow/.local/lib/python3.12/site-packages/airflow/example_dags/example_inlet_event_extra.py took 1.608 seconds
[2025-04-01T15:08:54.722+0000] {processor.py:186} INFO - Started process (PID=168) to work on /home/airflow/.local/lib/python3.12/site-packages/airflow/example_dags/example_inlet_event_extra.py
[2025-04-01T15:08:54.724+0000] {processor.py:914} INFO - Processing file /home/airflow/.local/lib/python3.12/site-packages/airflow/example_dags/example_inlet_event_extra.py for tasks to queue
[2025-04-01T15:08:54.725+0000] {logging_mixin.py:190} INFO - [2025-04-01T15:08:54.725+0000] {dagbag.py:588} INFO - Filling up the DagBag from /home/airflow/.local/lib/python3.12/site-packages/airflow/example_dags/example_inlet_event_extra.py
[2025-04-01T15:08:55.271+0000] {processor.py:925} INFO - DAG(s) 'read_dataset_event_from_classic', 'read_dataset_event' retrieved from /home/airflow/.local/lib/python3.12/site-packages/airflow/example_dags/example_inlet_event_extra.py
[2025-04-01T15:08:55.287+0000] {logging_mixin.py:190} INFO - [2025-04-01T15:08:55.287+0000] {dag.py:3239} INFO - Sync 2 DAGs
[2025-04-01T15:08:55.311+0000] {logging_mixin.py:190} INFO - [2025-04-01T15:08:55.311+0000] {dag.py:4180} INFO - Setting next_dagrun for read_dataset_event to 2025-03-31 00:00:00+00:00, run_after=2025-04-01 00:00:00+00:00
[2025-04-01T15:08:55.317+0000] {logging_mixin.py:190} INFO - [2025-04-01T15:08:55.317+0000] {dag.py:4180} INFO - Setting next_dagrun for read_dataset_event_from_classic to 2025-03-31 00:00:00+00:00, run_after=2025-04-01 00:00:00+00:00
[2025-04-01T15:08:55.334+0000] {processor.py:208} INFO - Processing /home/airflow/.local/lib/python3.12/site-packages/airflow/example_dags/example_inlet_event_extra.py took 0.616 seconds
[2025-04-01T15:09:25.590+0000] {processor.py:186} INFO - Started process (PID=233) to work on /home/airflow/.local/lib/python3.12/site-packages/airflow/example_dags/example_inlet_event_extra.py
[2025-04-01T15:09:25.592+0000] {processor.py:914} INFO - Processing file /home/airflow/.local/lib/python3.12/site-packages/airflow/example_dags/example_inlet_event_extra.py for tasks to queue
[2025-04-01T15:09:25.594+0000] {logging_mixin.py:190} INFO - [2025-04-01T15:09:25.593+0000] {dagbag.py:588} INFO - Filling up the DagBag from /home/airflow/.local/lib/python3.12/site-packages/airflow/example_dags/example_inlet_event_extra.py
[2025-04-01T15:09:26.056+0000] {processor.py:925} INFO - DAG(s) 'read_dataset_event_from_classic', 'read_dataset_event' retrieved from /home/airflow/.local/lib/python3.12/site-packages/airflow/example_dags/example_inlet_event_extra.py
[2025-04-01T15:09:26.072+0000] {logging_mixin.py:190} INFO - [2025-04-01T15:09:26.072+0000] {dag.py:3239} INFO - Sync 2 DAGs
[2025-04-01T15:09:26.093+0000] {logging_mixin.py:190} INFO - [2025-04-01T15:09:26.093+0000] {dag.py:4180} INFO - Setting next_dagrun for read_dataset_event to 2025-03-31 00:00:00+00:00, run_after=2025-04-01 00:00:00+00:00
[2025-04-01T15:09:26.098+0000] {logging_mixin.py:190} INFO - [2025-04-01T15:09:26.098+0000] {dag.py:4180} INFO - Setting next_dagrun for read_dataset_event_from_classic to 2025-03-31 00:00:00+00:00, run_after=2025-04-01 00:00:00+00:00
[2025-04-01T15:09:26.113+0000] {processor.py:208} INFO - Processing /home/airflow/.local/lib/python3.12/site-packages/airflow/example_dags/example_inlet_event_extra.py took 0.528 seconds
[2025-04-01T15:09:57.050+0000] {processor.py:186} INFO - Started process (PID=298) to work on /home/airflow/.local/lib/python3.12/site-packages/airflow/example_dags/example_inlet_event_extra.py
[2025-04-01T15:09:57.051+0000] {processor.py:914} INFO - Processing file /home/airflow/.local/lib/python3.12/site-packages/airflow/example_dags/example_inlet_event_extra.py for tasks to queue
[2025-04-01T15:09:57.053+0000] {logging_mixin.py:190} INFO - [2025-04-01T15:09:57.053+0000] {dagbag.py:588} INFO - Filling up the DagBag from /home/airflow/.local/lib/python3.12/site-packages/airflow/example_dags/example_inlet_event_extra.py
[2025-04-01T15:09:57.507+0000] {processor.py:925} INFO - DAG(s) 'read_dataset_event_from_classic', 'read_dataset_event' retrieved from /home/airflow/.local/lib/python3.12/site-packages/airflow/example_dags/example_inlet_event_extra.py
[2025-04-01T15:09:57.526+0000] {logging_mixin.py:190} INFO - [2025-04-01T15:09:57.526+0000] {dag.py:3239} INFO - Sync 2 DAGs
[2025-04-01T15:09:57.552+0000] {logging_mixin.py:190} INFO - [2025-04-01T15:09:57.552+0000] {dag.py:4180} INFO - Setting next_dagrun for read_dataset_event to 2025-03-31 00:00:00+00:00, run_after=2025-04-01 00:00:00+00:00
[2025-04-01T15:09:57.557+0000] {logging_mixin.py:190} INFO - [2025-04-01T15:09:57.557+0000] {dag.py:4180} INFO - Setting next_dagrun for read_dataset_event_from_classic to 2025-03-31 00:00:00+00:00, run_after=2025-04-01 00:00:00+00:00
[2025-04-01T15:09:57.575+0000] {processor.py:208} INFO - Processing /home/airflow/.local/lib/python3.12/site-packages/airflow/example_dags/example_inlet_event_extra.py took 0.529 seconds
[2025-04-01T15:10:28.303+0000] {processor.py:186} INFO - Started process (PID=362) to work on /home/airflow/.local/lib/python3.12/site-packages/airflow/example_dags/example_inlet_event_extra.py
[2025-04-01T15:10:28.304+0000] {processor.py:914} INFO - Processing file /home/airflow/.local/lib/python3.12/site-packages/airflow/example_dags/example_inlet_event_extra.py for tasks to queue
[2025-04-01T15:10:28.305+0000] {logging_mixin.py:190} INFO - [2025-04-01T15:10:28.305+0000] {dagbag.py:588} INFO - Filling up the DagBag from /home/airflow/.local/lib/python3.12/site-packages/airflow/example_dags/example_inlet_event_extra.py
[2025-04-01T15:10:28.758+0000] {processor.py:925} INFO - DAG(s) 'read_dataset_event_from_classic', 'read_dataset_event' retrieved from /home/airflow/.local/lib/python3.12/site-packages/airflow/example_dags/example_inlet_event_extra.py
[2025-04-01T15:10:28.774+0000] {logging_mixin.py:190} INFO - [2025-04-01T15:10:28.774+0000] {dag.py:3239} INFO - Sync 2 DAGs
[2025-04-01T15:10:28.797+0000] {logging_mixin.py:190} INFO - [2025-04-01T15:10:28.796+0000] {dag.py:4180} INFO - Setting next_dagrun for read_dataset_event to 2025-03-31 00:00:00+00:00, run_after=2025-04-01 00:00:00+00:00
[2025-04-01T15:10:28.802+0000] {logging_mixin.py:190} INFO - [2025-04-01T15:10:28.801+0000] {dag.py:4180} INFO - Setting next_dagrun for read_dataset_event_from_classic to 2025-03-31 00:00:00+00:00, run_after=2025-04-01 00:00:00+00:00
[2025-04-01T15:10:28.818+0000] {processor.py:208} INFO - Processing /home/airflow/.local/lib/python3.12/site-packages/airflow/example_dags/example_inlet_event_extra.py took 0.522 seconds
[2025-04-01T15:10:58.897+0000] {processor.py:186} INFO - Started process (PID=427) to work on /home/airflow/.local/lib/python3.12/site-packages/airflow/example_dags/example_inlet_event_extra.py
[2025-04-01T15:10:58.897+0000] {processor.py:914} INFO - Processing file /home/airflow/.local/lib/python3.12/site-packages/airflow/example_dags/example_inlet_event_extra.py for tasks to queue
[2025-04-01T15:10:58.899+0000] {logging_mixin.py:190} INFO - [2025-04-01T15:10:58.898+0000] {dagbag.py:588} INFO - Filling up the DagBag from /home/airflow/.local/lib/python3.12/site-packages/airflow/example_dags/example_inlet_event_extra.py
[2025-04-01T15:10:59.362+0000] {processor.py:925} INFO - DAG(s) 'read_dataset_event_from_classic', 'read_dataset_event' retrieved from /home/airflow/.local/lib/python3.12/site-packages/airflow/example_dags/example_inlet_event_extra.py
[2025-04-01T15:10:59.378+0000] {logging_mixin.py:190} INFO - [2025-04-01T15:10:59.378+0000] {dag.py:3239} INFO - Sync 2 DAGs
[2025-04-01T15:10:59.400+0000] {logging_mixin.py:190} INFO - [2025-04-01T15:10:59.400+0000] {dag.py:4180} INFO - Setting next_dagrun for read_dataset_event to 2025-03-31 00:00:00+00:00, run_after=2025-04-01 00:00:00+00:00
[2025-04-01T15:10:59.404+0000] {logging_mixin.py:190} INFO - [2025-04-01T15:10:59.404+0000] {dag.py:4180} INFO - Setting next_dagrun for read_dataset_event_from_classic to 2025-03-31 00:00:00+00:00, run_after=2025-04-01 00:00:00+00:00
[2025-04-01T15:10:59.418+0000] {processor.py:208} INFO - Processing /home/airflow/.local/lib/python3.12/site-packages/airflow/example_dags/example_inlet_event_extra.py took 0.526 seconds
[2025-04-01T15:11:29.947+0000] {processor.py:186} INFO - Started process (PID=492) to work on /home/airflow/.local/lib/python3.12/site-packages/airflow/example_dags/example_inlet_event_extra.py
[2025-04-01T15:11:29.947+0000] {processor.py:914} INFO - Processing file /home/airflow/.local/lib/python3.12/site-packages/airflow/example_dags/example_inlet_event_extra.py for tasks to queue
[2025-04-01T15:11:29.949+0000] {logging_mixin.py:190} INFO - [2025-04-01T15:11:29.948+0000] {dagbag.py:588} INFO - Filling up the DagBag from /home/airflow/.local/lib/python3.12/site-packages/airflow/example_dags/example_inlet_event_extra.py
[2025-04-01T15:11:30.447+0000] {processor.py:925} INFO - DAG(s) 'read_dataset_event', 'read_dataset_event_from_classic' retrieved from /home/airflow/.local/lib/python3.12/site-packages/airflow/example_dags/example_inlet_event_extra.py
[2025-04-01T15:11:30.465+0000] {logging_mixin.py:190} INFO - [2025-04-01T15:11:30.464+0000] {dag.py:3239} INFO - Sync 2 DAGs
[2025-04-01T15:11:30.492+0000] {logging_mixin.py:190} INFO - [2025-04-01T15:11:30.492+0000] {dag.py:4180} INFO - Setting next_dagrun for read_dataset_event to 2025-03-31 00:00:00+00:00, run_after=2025-04-01 00:00:00+00:00
[2025-04-01T15:11:30.498+0000] {logging_mixin.py:190} INFO - [2025-04-01T15:11:30.498+0000] {dag.py:4180} INFO - Setting next_dagrun for read_dataset_event_from_classic to 2025-03-31 00:00:00+00:00, run_after=2025-04-01 00:00:00+00:00
[2025-04-01T15:11:30.514+0000] {processor.py:208} INFO - Processing /home/airflow/.local/lib/python3.12/site-packages/airflow/example_dags/example_inlet_event_extra.py took 0.572 seconds
[2025-04-01T15:12:01.064+0000] {processor.py:186} INFO - Started process (PID=557) to work on /home/airflow/.local/lib/python3.12/site-packages/airflow/example_dags/example_inlet_event_extra.py
[2025-04-01T15:12:01.066+0000] {processor.py:914} INFO - Processing file /home/airflow/.local/lib/python3.12/site-packages/airflow/example_dags/example_inlet_event_extra.py for tasks to queue
[2025-04-01T15:12:01.068+0000] {logging_mixin.py:190} INFO - [2025-04-01T15:12:01.068+0000] {dagbag.py:588} INFO - Filling up the DagBag from /home/airflow/.local/lib/python3.12/site-packages/airflow/example_dags/example_inlet_event_extra.py
[2025-04-01T15:12:01.524+0000] {processor.py:925} INFO - DAG(s) 'read_dataset_event', 'read_dataset_event_from_classic' retrieved from /home/airflow/.local/lib/python3.12/site-packages/airflow/example_dags/example_inlet_event_extra.py
[2025-04-01T15:12:01.543+0000] {logging_mixin.py:190} INFO - [2025-04-01T15:12:01.543+0000] {dag.py:3239} INFO - Sync 2 DAGs
[2025-04-01T15:12:01.572+0000] {logging_mixin.py:190} INFO - [2025-04-01T15:12:01.571+0000] {dag.py:4180} INFO - Setting next_dagrun for read_dataset_event to 2025-03-31 00:00:00+00:00, run_after=2025-04-01 00:00:00+00:00
[2025-04-01T15:12:01.579+0000] {logging_mixin.py:190} INFO - [2025-04-01T15:12:01.579+0000] {dag.py:4180} INFO - Setting next_dagrun for read_dataset_event_from_classic to 2025-03-31 00:00:00+00:00, run_after=2025-04-01 00:00:00+00:00
[2025-04-01T15:12:01.596+0000] {processor.py:208} INFO - Processing /home/airflow/.local/lib/python3.12/site-packages/airflow/example_dags/example_inlet_event_extra.py took 0.536 seconds
[2025-04-01T15:12:32.018+0000] {processor.py:186} INFO - Started process (PID=622) to work on /home/airflow/.local/lib/python3.12/site-packages/airflow/example_dags/example_inlet_event_extra.py
[2025-04-01T15:12:32.022+0000] {processor.py:914} INFO - Processing file /home/airflow/.local/lib/python3.12/site-packages/airflow/example_dags/example_inlet_event_extra.py for tasks to queue
[2025-04-01T15:12:32.024+0000] {logging_mixin.py:190} INFO - [2025-04-01T15:12:32.023+0000] {dagbag.py:588} INFO - Filling up the DagBag from /home/airflow/.local/lib/python3.12/site-packages/airflow/example_dags/example_inlet_event_extra.py
[2025-04-01T15:12:32.500+0000] {processor.py:925} INFO - DAG(s) 'read_dataset_event_from_classic', 'read_dataset_event' retrieved from /home/airflow/.local/lib/python3.12/site-packages/airflow/example_dags/example_inlet_event_extra.py
[2025-04-01T15:12:32.518+0000] {logging_mixin.py:190} INFO - [2025-04-01T15:12:32.518+0000] {dag.py:3239} INFO - Sync 2 DAGs
[2025-04-01T15:12:32.544+0000] {logging_mixin.py:190} INFO - [2025-04-01T15:12:32.544+0000] {dag.py:4180} INFO - Setting next_dagrun for read_dataset_event to 2025-03-31 00:00:00+00:00, run_after=2025-04-01 00:00:00+00:00
[2025-04-01T15:12:32.549+0000] {logging_mixin.py:190} INFO - [2025-04-01T15:12:32.549+0000] {dag.py:4180} INFO - Setting next_dagrun for read_dataset_event_from_classic to 2025-03-31 00:00:00+00:00, run_after=2025-04-01 00:00:00+00:00
[2025-04-01T15:12:32.563+0000] {processor.py:208} INFO - Processing /home/airflow/.local/lib/python3.12/site-packages/airflow/example_dags/example_inlet_event_extra.py took 0.549 seconds
[2025-04-01T15:13:02.869+0000] {processor.py:186} INFO - Started process (PID=687) to work on /home/airflow/.local/lib/python3.12/site-packages/airflow/example_dags/example_inlet_event_extra.py
[2025-04-01T15:13:02.871+0000] {processor.py:914} INFO - Processing file /home/airflow/.local/lib/python3.12/site-packages/airflow/example_dags/example_inlet_event_extra.py for tasks to queue
[2025-04-01T15:13:02.873+0000] {logging_mixin.py:190} INFO - [2025-04-01T15:13:02.872+0000] {dagbag.py:588} INFO - Filling up the DagBag from /home/airflow/.local/lib/python3.12/site-packages/airflow/example_dags/example_inlet_event_extra.py
[2025-04-01T15:13:03.338+0000] {processor.py:925} INFO - DAG(s) 'read_dataset_event_from_classic', 'read_dataset_event' retrieved from /home/airflow/.local/lib/python3.12/site-packages/airflow/example_dags/example_inlet_event_extra.py
[2025-04-01T15:13:03.356+0000] {logging_mixin.py:190} INFO - [2025-04-01T15:13:03.355+0000] {dag.py:3239} INFO - Sync 2 DAGs
[2025-04-01T15:13:03.380+0000] {logging_mixin.py:190} INFO - [2025-04-01T15:13:03.380+0000] {dag.py:4180} INFO - Setting next_dagrun for read_dataset_event to 2025-03-31 00:00:00+00:00, run_after=2025-04-01 00:00:00+00:00
[2025-04-01T15:13:03.385+0000] {logging_mixin.py:190} INFO - [2025-04-01T15:13:03.384+0000] {dag.py:4180} INFO - Setting next_dagrun for read_dataset_event_from_classic to 2025-03-31 00:00:00+00:00, run_after=2025-04-01 00:00:00+00:00
[2025-04-01T15:13:03.400+0000] {processor.py:208} INFO - Processing /home/airflow/.local/lib/python3.12/site-packages/airflow/example_dags/example_inlet_event_extra.py took 0.535 seconds
[2025-04-01T15:13:34.233+0000] {processor.py:186} INFO - Started process (PID=752) to work on /home/airflow/.local/lib/python3.12/site-packages/airflow/example_dags/example_inlet_event_extra.py
[2025-04-01T15:13:34.237+0000] {processor.py:914} INFO - Processing file /home/airflow/.local/lib/python3.12/site-packages/airflow/example_dags/example_inlet_event_extra.py for tasks to queue
[2025-04-01T15:13:34.238+0000] {logging_mixin.py:190} INFO - [2025-04-01T15:13:34.238+0000] {dagbag.py:588} INFO - Filling up the DagBag from /home/airflow/.local/lib/python3.12/site-packages/airflow/example_dags/example_inlet_event_extra.py
[2025-04-01T15:13:34.756+0000] {processor.py:925} INFO - DAG(s) 'read_dataset_event', 'read_dataset_event_from_classic' retrieved from /home/airflow/.local/lib/python3.12/site-packages/airflow/example_dags/example_inlet_event_extra.py
[2025-04-01T15:13:34.771+0000] {logging_mixin.py:190} INFO - [2025-04-01T15:13:34.770+0000] {dag.py:3239} INFO - Sync 2 DAGs
[2025-04-01T15:13:34.794+0000] {logging_mixin.py:190} INFO - [2025-04-01T15:13:34.794+0000] {dag.py:4180} INFO - Setting next_dagrun for read_dataset_event to 2025-03-31 00:00:00+00:00, run_after=2025-04-01 00:00:00+00:00
[2025-04-01T15:13:34.799+0000] {logging_mixin.py:190} INFO - [2025-04-01T15:13:34.799+0000] {dag.py:4180} INFO - Setting next_dagrun for read_dataset_event_from_classic to 2025-03-31 00:00:00+00:00, run_after=2025-04-01 00:00:00+00:00
[2025-04-01T15:13:34.817+0000] {processor.py:208} INFO - Processing /home/airflow/.local/lib/python3.12/site-packages/airflow/example_dags/example_inlet_event_extra.py took 0.588 seconds
