[2025-04-01T15:08:20.233+0000] {processor.py:186} INFO - Started process (PID=82) to work on /home/airflow/.local/lib/python3.12/site-packages/airflow/example_dags/example_short_circuit_operator.py
[2025-04-01T15:08:20.234+0000] {processor.py:914} INFO - Processing file /home/airflow/.local/lib/python3.12/site-packages/airflow/example_dags/example_short_circuit_operator.py for tasks to queue
[2025-04-01T15:08:20.235+0000] {logging_mixin.py:190} INFO - [2025-04-01T15:08:20.235+0000] {dagbag.py:588} INFO - Filling up the DagBag from /home/airflow/.local/lib/python3.12/site-packages/airflow/example_dags/example_short_circuit_operator.py
[2025-04-01T15:08:20.243+0000] {processor.py:925} INFO - DAG(s) 'example_short_circuit_operator' retrieved from /home/airflow/.local/lib/python3.12/site-packages/airflow/example_dags/example_short_circuit_operator.py
[2025-04-01T15:08:20.350+0000] {logging_mixin.py:190} INFO - [2025-04-01T15:08:20.350+0000] {override.py:1912} INFO - Created Permission View: can read on DAG:example_short_circuit_operator
[2025-04-01T15:08:20.359+0000] {logging_mixin.py:190} INFO - [2025-04-01T15:08:20.359+0000] {override.py:1912} INFO - Created Permission View: can edit on DAG:example_short_circuit_operator
[2025-04-01T15:08:20.364+0000] {logging_mixin.py:190} INFO - [2025-04-01T15:08:20.364+0000] {override.py:1912} INFO - Created Permission View: can delete on DAG:example_short_circuit_operator
[2025-04-01T15:08:20.371+0000] {logging_mixin.py:190} INFO - [2025-04-01T15:08:20.370+0000] {override.py:1912} INFO - Created Permission View: can read on DAG Run:example_short_circuit_operator
[2025-04-01T15:08:20.376+0000] {logging_mixin.py:190} INFO - [2025-04-01T15:08:20.376+0000] {override.py:1912} INFO - Created Permission View: can create on DAG Run:example_short_circuit_operator
[2025-04-01T15:08:20.382+0000] {logging_mixin.py:190} INFO - [2025-04-01T15:08:20.381+0000] {override.py:1912} INFO - Created Permission View: can delete on DAG Run:example_short_circuit_operator
[2025-04-01T15:08:20.387+0000] {logging_mixin.py:190} INFO - [2025-04-01T15:08:20.387+0000] {override.py:1912} INFO - Created Permission View: menu access on DAG Run:example_short_circuit_operator
[2025-04-01T15:08:20.388+0000] {logging_mixin.py:190} INFO - [2025-04-01T15:08:20.387+0000] {dag.py:3239} INFO - Sync 1 DAGs
[2025-04-01T15:08:20.399+0000] {logging_mixin.py:190} INFO - [2025-04-01T15:08:20.398+0000] {dag.py:3262} INFO - Creating ORM DAG for example_short_circuit_operator
[2025-04-01T15:08:20.399+0000] {logging_mixin.py:190} INFO - [2025-04-01T15:08:20.399+0000] {dag.py:4180} INFO - Setting next_dagrun for example_short_circuit_operator to None, run_after=None
[2025-04-01T15:08:20.412+0000] {processor.py:208} INFO - Processing /home/airflow/.local/lib/python3.12/site-packages/airflow/example_dags/example_short_circuit_operator.py took 0.184 seconds
[2025-04-01T15:08:50.821+0000] {processor.py:186} INFO - Started process (PID=147) to work on /home/airflow/.local/lib/python3.12/site-packages/airflow/example_dags/example_short_circuit_operator.py
[2025-04-01T15:08:50.821+0000] {processor.py:914} INFO - Processing file /home/airflow/.local/lib/python3.12/site-packages/airflow/example_dags/example_short_circuit_operator.py for tasks to queue
[2025-04-01T15:08:50.822+0000] {logging_mixin.py:190} INFO - [2025-04-01T15:08:50.822+0000] {dagbag.py:588} INFO - Filling up the DagBag from /home/airflow/.local/lib/python3.12/site-packages/airflow/example_dags/example_short_circuit_operator.py
[2025-04-01T15:08:50.829+0000] {processor.py:925} INFO - DAG(s) 'example_short_circuit_operator' retrieved from /home/airflow/.local/lib/python3.12/site-packages/airflow/example_dags/example_short_circuit_operator.py
[2025-04-01T15:08:50.843+0000] {logging_mixin.py:190} INFO - [2025-04-01T15:08:50.843+0000] {dag.py:3239} INFO - Sync 1 DAGs
[2025-04-01T15:08:50.854+0000] {logging_mixin.py:190} INFO - [2025-04-01T15:08:50.854+0000] {dag.py:4180} INFO - Setting next_dagrun for example_short_circuit_operator to None, run_after=None
[2025-04-01T15:08:50.869+0000] {processor.py:208} INFO - Processing /home/airflow/.local/lib/python3.12/site-packages/airflow/example_dags/example_short_circuit_operator.py took 0.052 seconds
[2025-04-01T15:09:21.631+0000] {processor.py:186} INFO - Started process (PID=212) to work on /home/airflow/.local/lib/python3.12/site-packages/airflow/example_dags/example_short_circuit_operator.py
[2025-04-01T15:09:21.631+0000] {processor.py:914} INFO - Processing file /home/airflow/.local/lib/python3.12/site-packages/airflow/example_dags/example_short_circuit_operator.py for tasks to queue
[2025-04-01T15:09:21.632+0000] {logging_mixin.py:190} INFO - [2025-04-01T15:09:21.632+0000] {dagbag.py:588} INFO - Filling up the DagBag from /home/airflow/.local/lib/python3.12/site-packages/airflow/example_dags/example_short_circuit_operator.py
[2025-04-01T15:09:21.638+0000] {processor.py:925} INFO - DAG(s) 'example_short_circuit_operator' retrieved from /home/airflow/.local/lib/python3.12/site-packages/airflow/example_dags/example_short_circuit_operator.py
[2025-04-01T15:09:21.657+0000] {logging_mixin.py:190} INFO - [2025-04-01T15:09:21.656+0000] {dag.py:3239} INFO - Sync 1 DAGs
[2025-04-01T15:09:21.670+0000] {logging_mixin.py:190} INFO - [2025-04-01T15:09:21.670+0000] {dag.py:4180} INFO - Setting next_dagrun for example_short_circuit_operator to None, run_after=None
[2025-04-01T15:09:21.685+0000] {processor.py:208} INFO - Processing /home/airflow/.local/lib/python3.12/site-packages/airflow/example_dags/example_short_circuit_operator.py took 0.058 seconds
[2025-04-01T15:09:52.160+0000] {processor.py:186} INFO - Started process (PID=277) to work on /home/airflow/.local/lib/python3.12/site-packages/airflow/example_dags/example_short_circuit_operator.py
[2025-04-01T15:09:52.161+0000] {processor.py:914} INFO - Processing file /home/airflow/.local/lib/python3.12/site-packages/airflow/example_dags/example_short_circuit_operator.py for tasks to queue
[2025-04-01T15:09:52.162+0000] {logging_mixin.py:190} INFO - [2025-04-01T15:09:52.162+0000] {dagbag.py:588} INFO - Filling up the DagBag from /home/airflow/.local/lib/python3.12/site-packages/airflow/example_dags/example_short_circuit_operator.py
[2025-04-01T15:09:52.169+0000] {processor.py:925} INFO - DAG(s) 'example_short_circuit_operator' retrieved from /home/airflow/.local/lib/python3.12/site-packages/airflow/example_dags/example_short_circuit_operator.py
[2025-04-01T15:09:52.184+0000] {logging_mixin.py:190} INFO - [2025-04-01T15:09:52.183+0000] {dag.py:3239} INFO - Sync 1 DAGs
[2025-04-01T15:09:52.195+0000] {logging_mixin.py:190} INFO - [2025-04-01T15:09:52.194+0000] {dag.py:4180} INFO - Setting next_dagrun for example_short_circuit_operator to None, run_after=None
[2025-04-01T15:09:52.207+0000] {processor.py:208} INFO - Processing /home/airflow/.local/lib/python3.12/site-packages/airflow/example_dags/example_short_circuit_operator.py took 0.051 seconds
[2025-04-01T15:10:22.472+0000] {processor.py:186} INFO - Started process (PID=341) to work on /home/airflow/.local/lib/python3.12/site-packages/airflow/example_dags/example_short_circuit_operator.py
[2025-04-01T15:10:22.472+0000] {processor.py:914} INFO - Processing file /home/airflow/.local/lib/python3.12/site-packages/airflow/example_dags/example_short_circuit_operator.py for tasks to queue
[2025-04-01T15:10:22.473+0000] {logging_mixin.py:190} INFO - [2025-04-01T15:10:22.473+0000] {dagbag.py:588} INFO - Filling up the DagBag from /home/airflow/.local/lib/python3.12/site-packages/airflow/example_dags/example_short_circuit_operator.py
[2025-04-01T15:10:22.481+0000] {processor.py:925} INFO - DAG(s) 'example_short_circuit_operator' retrieved from /home/airflow/.local/lib/python3.12/site-packages/airflow/example_dags/example_short_circuit_operator.py
[2025-04-01T15:10:22.498+0000] {logging_mixin.py:190} INFO - [2025-04-01T15:10:22.498+0000] {dag.py:3239} INFO - Sync 1 DAGs
[2025-04-01T15:10:22.509+0000] {logging_mixin.py:190} INFO - [2025-04-01T15:10:22.509+0000] {dag.py:4180} INFO - Setting next_dagrun for example_short_circuit_operator to None, run_after=None
[2025-04-01T15:10:22.524+0000] {processor.py:208} INFO - Processing /home/airflow/.local/lib/python3.12/site-packages/airflow/example_dags/example_short_circuit_operator.py took 0.056 seconds
[2025-04-01T15:10:52.775+0000] {processor.py:186} INFO - Started process (PID=406) to work on /home/airflow/.local/lib/python3.12/site-packages/airflow/example_dags/example_short_circuit_operator.py
[2025-04-01T15:10:52.775+0000] {processor.py:914} INFO - Processing file /home/airflow/.local/lib/python3.12/site-packages/airflow/example_dags/example_short_circuit_operator.py for tasks to queue
[2025-04-01T15:10:52.777+0000] {logging_mixin.py:190} INFO - [2025-04-01T15:10:52.777+0000] {dagbag.py:588} INFO - Filling up the DagBag from /home/airflow/.local/lib/python3.12/site-packages/airflow/example_dags/example_short_circuit_operator.py
[2025-04-01T15:10:52.783+0000] {processor.py:925} INFO - DAG(s) 'example_short_circuit_operator' retrieved from /home/airflow/.local/lib/python3.12/site-packages/airflow/example_dags/example_short_circuit_operator.py
[2025-04-01T15:10:52.800+0000] {logging_mixin.py:190} INFO - [2025-04-01T15:10:52.800+0000] {dag.py:3239} INFO - Sync 1 DAGs
[2025-04-01T15:10:52.812+0000] {logging_mixin.py:190} INFO - [2025-04-01T15:10:52.812+0000] {dag.py:4180} INFO - Setting next_dagrun for example_short_circuit_operator to None, run_after=None
[2025-04-01T15:10:52.839+0000] {processor.py:208} INFO - Processing /home/airflow/.local/lib/python3.12/site-packages/airflow/example_dags/example_short_circuit_operator.py took 0.069 seconds
[2025-04-01T15:11:22.898+0000] {processor.py:186} INFO - Started process (PID=471) to work on /home/airflow/.local/lib/python3.12/site-packages/airflow/example_dags/example_short_circuit_operator.py
[2025-04-01T15:11:22.899+0000] {processor.py:914} INFO - Processing file /home/airflow/.local/lib/python3.12/site-packages/airflow/example_dags/example_short_circuit_operator.py for tasks to queue
[2025-04-01T15:11:22.900+0000] {logging_mixin.py:190} INFO - [2025-04-01T15:11:22.900+0000] {dagbag.py:588} INFO - Filling up the DagBag from /home/airflow/.local/lib/python3.12/site-packages/airflow/example_dags/example_short_circuit_operator.py
[2025-04-01T15:11:22.906+0000] {processor.py:925} INFO - DAG(s) 'example_short_circuit_operator' retrieved from /home/airflow/.local/lib/python3.12/site-packages/airflow/example_dags/example_short_circuit_operator.py
[2025-04-01T15:11:22.921+0000] {logging_mixin.py:190} INFO - [2025-04-01T15:11:22.921+0000] {dag.py:3239} INFO - Sync 1 DAGs
[2025-04-01T15:11:22.932+0000] {logging_mixin.py:190} INFO - [2025-04-01T15:11:22.932+0000] {dag.py:4180} INFO - Setting next_dagrun for example_short_circuit_operator to None, run_after=None
[2025-04-01T15:11:22.944+0000] {processor.py:208} INFO - Processing /home/airflow/.local/lib/python3.12/site-packages/airflow/example_dags/example_short_circuit_operator.py took 0.050 seconds
[2025-04-01T15:11:53.015+0000] {processor.py:186} INFO - Started process (PID=536) to work on /home/airflow/.local/lib/python3.12/site-packages/airflow/example_dags/example_short_circuit_operator.py
[2025-04-01T15:11:53.016+0000] {processor.py:914} INFO - Processing file /home/airflow/.local/lib/python3.12/site-packages/airflow/example_dags/example_short_circuit_operator.py for tasks to queue
[2025-04-01T15:11:53.018+0000] {logging_mixin.py:190} INFO - [2025-04-01T15:11:53.018+0000] {dagbag.py:588} INFO - Filling up the DagBag from /home/airflow/.local/lib/python3.12/site-packages/airflow/example_dags/example_short_circuit_operator.py
[2025-04-01T15:11:53.024+0000] {processor.py:925} INFO - DAG(s) 'example_short_circuit_operator' retrieved from /home/airflow/.local/lib/python3.12/site-packages/airflow/example_dags/example_short_circuit_operator.py
[2025-04-01T15:11:53.041+0000] {logging_mixin.py:190} INFO - [2025-04-01T15:11:53.041+0000] {dag.py:3239} INFO - Sync 1 DAGs
[2025-04-01T15:11:53.053+0000] {logging_mixin.py:190} INFO - [2025-04-01T15:11:53.053+0000] {dag.py:4180} INFO - Setting next_dagrun for example_short_circuit_operator to None, run_after=None
[2025-04-01T15:11:53.070+0000] {processor.py:208} INFO - Processing /home/airflow/.local/lib/python3.12/site-packages/airflow/example_dags/example_short_circuit_operator.py took 0.059 seconds
[2025-04-01T15:12:23.170+0000] {processor.py:186} INFO - Started process (PID=601) to work on /home/airflow/.local/lib/python3.12/site-packages/airflow/example_dags/example_short_circuit_operator.py
[2025-04-01T15:12:23.171+0000] {processor.py:914} INFO - Processing file /home/airflow/.local/lib/python3.12/site-packages/airflow/example_dags/example_short_circuit_operator.py for tasks to queue
[2025-04-01T15:12:23.172+0000] {logging_mixin.py:190} INFO - [2025-04-01T15:12:23.172+0000] {dagbag.py:588} INFO - Filling up the DagBag from /home/airflow/.local/lib/python3.12/site-packages/airflow/example_dags/example_short_circuit_operator.py
[2025-04-01T15:12:23.178+0000] {processor.py:925} INFO - DAG(s) 'example_short_circuit_operator' retrieved from /home/airflow/.local/lib/python3.12/site-packages/airflow/example_dags/example_short_circuit_operator.py
[2025-04-01T15:12:23.196+0000] {logging_mixin.py:190} INFO - [2025-04-01T15:12:23.196+0000] {dag.py:3239} INFO - Sync 1 DAGs
[2025-04-01T15:12:23.207+0000] {logging_mixin.py:190} INFO - [2025-04-01T15:12:23.207+0000] {dag.py:4180} INFO - Setting next_dagrun for example_short_circuit_operator to None, run_after=None
[2025-04-01T15:12:23.222+0000] {processor.py:208} INFO - Processing /home/airflow/.local/lib/python3.12/site-packages/airflow/example_dags/example_short_circuit_operator.py took 0.056 seconds
[2025-04-01T15:12:54.027+0000] {processor.py:186} INFO - Started process (PID=666) to work on /home/airflow/.local/lib/python3.12/site-packages/airflow/example_dags/example_short_circuit_operator.py
[2025-04-01T15:12:54.028+0000] {processor.py:914} INFO - Processing file /home/airflow/.local/lib/python3.12/site-packages/airflow/example_dags/example_short_circuit_operator.py for tasks to queue
[2025-04-01T15:12:54.029+0000] {logging_mixin.py:190} INFO - [2025-04-01T15:12:54.029+0000] {dagbag.py:588} INFO - Filling up the DagBag from /home/airflow/.local/lib/python3.12/site-packages/airflow/example_dags/example_short_circuit_operator.py
[2025-04-01T15:12:54.036+0000] {processor.py:925} INFO - DAG(s) 'example_short_circuit_operator' retrieved from /home/airflow/.local/lib/python3.12/site-packages/airflow/example_dags/example_short_circuit_operator.py
[2025-04-01T15:12:54.053+0000] {logging_mixin.py:190} INFO - [2025-04-01T15:12:54.052+0000] {dag.py:3239} INFO - Sync 1 DAGs
[2025-04-01T15:12:54.064+0000] {logging_mixin.py:190} INFO - [2025-04-01T15:12:54.064+0000] {dag.py:4180} INFO - Setting next_dagrun for example_short_circuit_operator to None, run_after=None
[2025-04-01T15:12:54.079+0000] {processor.py:208} INFO - Processing /home/airflow/.local/lib/python3.12/site-packages/airflow/example_dags/example_short_circuit_operator.py took 0.056 seconds
[2025-04-01T15:13:24.943+0000] {processor.py:186} INFO - Started process (PID=731) to work on /home/airflow/.local/lib/python3.12/site-packages/airflow/example_dags/example_short_circuit_operator.py
[2025-04-01T15:13:24.944+0000] {processor.py:914} INFO - Processing file /home/airflow/.local/lib/python3.12/site-packages/airflow/example_dags/example_short_circuit_operator.py for tasks to queue
[2025-04-01T15:13:24.947+0000] {logging_mixin.py:190} INFO - [2025-04-01T15:13:24.946+0000] {dagbag.py:588} INFO - Filling up the DagBag from /home/airflow/.local/lib/python3.12/site-packages/airflow/example_dags/example_short_circuit_operator.py
[2025-04-01T15:13:24.953+0000] {processor.py:925} INFO - DAG(s) 'example_short_circuit_operator' retrieved from /home/airflow/.local/lib/python3.12/site-packages/airflow/example_dags/example_short_circuit_operator.py
[2025-04-01T15:13:24.971+0000] {logging_mixin.py:190} INFO - [2025-04-01T15:13:24.971+0000] {dag.py:3239} INFO - Sync 1 DAGs
[2025-04-01T15:13:24.984+0000] {logging_mixin.py:190} INFO - [2025-04-01T15:13:24.984+0000] {dag.py:4180} INFO - Setting next_dagrun for example_short_circuit_operator to None, run_after=None
[2025-04-01T15:13:25.002+0000] {processor.py:208} INFO - Processing /home/airflow/.local/lib/python3.12/site-packages/airflow/example_dags/example_short_circuit_operator.py took 0.062 seconds
