[2025-04-01T15:08:20.436+0000] {processor.py:186} INFO - Started process (PID=84) to work on /home/airflow/.local/lib/python3.12/site-packages/airflow/example_dags/example_skip_dag.py
[2025-04-01T15:08:20.437+0000] {processor.py:914} INFO - Processing file /home/airflow/.local/lib/python3.12/site-packages/airflow/example_dags/example_skip_dag.py for tasks to queue
[2025-04-01T15:08:20.438+0000] {logging_mixin.py:190} INFO - [2025-04-01T15:08:20.438+0000] {dagbag.py:588} INFO - Filling up the DagBag from /home/airflow/.local/lib/python3.12/site-packages/airflow/example_dags/example_skip_dag.py
[2025-04-01T15:08:20.446+0000] {processor.py:925} INFO - DAG(s) 'example_skip_dag' retrieved from /home/airflow/.local/lib/python3.12/site-packages/airflow/example_dags/example_skip_dag.py
[2025-04-01T15:08:20.549+0000] {logging_mixin.py:190} INFO - [2025-04-01T15:08:20.548+0000] {override.py:1912} INFO - Created Permission View: can read on DAG:example_skip_dag
[2025-04-01T15:08:20.559+0000] {logging_mixin.py:190} INFO - [2025-04-01T15:08:20.559+0000] {override.py:1912} INFO - Created Permission View: can edit on DAG:example_skip_dag
[2025-04-01T15:08:20.564+0000] {logging_mixin.py:190} INFO - [2025-04-01T15:08:20.564+0000] {override.py:1912} INFO - Created Permission View: can delete on DAG:example_skip_dag
[2025-04-01T15:08:20.570+0000] {logging_mixin.py:190} INFO - [2025-04-01T15:08:20.570+0000] {override.py:1912} INFO - Created Permission View: can read on DAG Run:example_skip_dag
[2025-04-01T15:08:20.576+0000] {logging_mixin.py:190} INFO - [2025-04-01T15:08:20.576+0000] {override.py:1912} INFO - Created Permission View: can create on DAG Run:example_skip_dag
[2025-04-01T15:08:20.581+0000] {logging_mixin.py:190} INFO - [2025-04-01T15:08:20.581+0000] {override.py:1912} INFO - Created Permission View: can delete on DAG Run:example_skip_dag
[2025-04-01T15:08:20.587+0000] {logging_mixin.py:190} INFO - [2025-04-01T15:08:20.587+0000] {override.py:1912} INFO - Created Permission View: menu access on DAG Run:example_skip_dag
[2025-04-01T15:08:20.587+0000] {logging_mixin.py:190} INFO - [2025-04-01T15:08:20.587+0000] {dag.py:3239} INFO - Sync 1 DAGs
[2025-04-01T15:08:20.600+0000] {logging_mixin.py:190} INFO - [2025-04-01T15:08:20.599+0000] {dag.py:3262} INFO - Creating ORM DAG for example_skip_dag
[2025-04-01T15:08:20.612+0000] {logging_mixin.py:190} INFO - [2025-04-01T15:08:20.612+0000] {dag.py:4180} INFO - Setting next_dagrun for example_skip_dag to 2025-03-31 00:00:00+00:00, run_after=2025-04-01 00:00:00+00:00
[2025-04-01T15:08:20.630+0000] {processor.py:208} INFO - Processing /home/airflow/.local/lib/python3.12/site-packages/airflow/example_dags/example_skip_dag.py took 0.199 seconds
[2025-04-01T15:08:50.890+0000] {processor.py:186} INFO - Started process (PID=149) to work on /home/airflow/.local/lib/python3.12/site-packages/airflow/example_dags/example_skip_dag.py
[2025-04-01T15:08:50.890+0000] {processor.py:914} INFO - Processing file /home/airflow/.local/lib/python3.12/site-packages/airflow/example_dags/example_skip_dag.py for tasks to queue
[2025-04-01T15:08:50.891+0000] {logging_mixin.py:190} INFO - [2025-04-01T15:08:50.891+0000] {dagbag.py:588} INFO - Filling up the DagBag from /home/airflow/.local/lib/python3.12/site-packages/airflow/example_dags/example_skip_dag.py
[2025-04-01T15:08:50.897+0000] {processor.py:925} INFO - DAG(s) 'example_skip_dag' retrieved from /home/airflow/.local/lib/python3.12/site-packages/airflow/example_dags/example_skip_dag.py
[2025-04-01T15:08:50.912+0000] {logging_mixin.py:190} INFO - [2025-04-01T15:08:50.911+0000] {dag.py:3239} INFO - Sync 1 DAGs
[2025-04-01T15:08:50.931+0000] {logging_mixin.py:190} INFO - [2025-04-01T15:08:50.931+0000] {dag.py:4180} INFO - Setting next_dagrun for example_skip_dag to 2025-03-31 00:00:00+00:00, run_after=2025-04-01 00:00:00+00:00
[2025-04-01T15:08:50.947+0000] {processor.py:208} INFO - Processing /home/airflow/.local/lib/python3.12/site-packages/airflow/example_dags/example_skip_dag.py took 0.062 seconds
[2025-04-01T15:09:21.761+0000] {processor.py:186} INFO - Started process (PID=214) to work on /home/airflow/.local/lib/python3.12/site-packages/airflow/example_dags/example_skip_dag.py
[2025-04-01T15:09:21.761+0000] {processor.py:914} INFO - Processing file /home/airflow/.local/lib/python3.12/site-packages/airflow/example_dags/example_skip_dag.py for tasks to queue
[2025-04-01T15:09:21.763+0000] {logging_mixin.py:190} INFO - [2025-04-01T15:09:21.762+0000] {dagbag.py:588} INFO - Filling up the DagBag from /home/airflow/.local/lib/python3.12/site-packages/airflow/example_dags/example_skip_dag.py
[2025-04-01T15:09:21.767+0000] {processor.py:925} INFO - DAG(s) 'example_skip_dag' retrieved from /home/airflow/.local/lib/python3.12/site-packages/airflow/example_dags/example_skip_dag.py
[2025-04-01T15:09:21.781+0000] {logging_mixin.py:190} INFO - [2025-04-01T15:09:21.781+0000] {dag.py:3239} INFO - Sync 1 DAGs
[2025-04-01T15:09:21.798+0000] {logging_mixin.py:190} INFO - [2025-04-01T15:09:21.798+0000] {dag.py:4180} INFO - Setting next_dagrun for example_skip_dag to 2025-03-31 00:00:00+00:00, run_after=2025-04-01 00:00:00+00:00
[2025-04-01T15:09:21.814+0000] {processor.py:208} INFO - Processing /home/airflow/.local/lib/python3.12/site-packages/airflow/example_dags/example_skip_dag.py took 0.057 seconds
[2025-04-01T15:09:52.226+0000] {processor.py:186} INFO - Started process (PID=279) to work on /home/airflow/.local/lib/python3.12/site-packages/airflow/example_dags/example_skip_dag.py
[2025-04-01T15:09:52.227+0000] {processor.py:914} INFO - Processing file /home/airflow/.local/lib/python3.12/site-packages/airflow/example_dags/example_skip_dag.py for tasks to queue
[2025-04-01T15:09:52.228+0000] {logging_mixin.py:190} INFO - [2025-04-01T15:09:52.228+0000] {dagbag.py:588} INFO - Filling up the DagBag from /home/airflow/.local/lib/python3.12/site-packages/airflow/example_dags/example_skip_dag.py
[2025-04-01T15:09:52.233+0000] {processor.py:925} INFO - DAG(s) 'example_skip_dag' retrieved from /home/airflow/.local/lib/python3.12/site-packages/airflow/example_dags/example_skip_dag.py
[2025-04-01T15:09:52.247+0000] {logging_mixin.py:190} INFO - [2025-04-01T15:09:52.247+0000] {dag.py:3239} INFO - Sync 1 DAGs
[2025-04-01T15:09:52.267+0000] {logging_mixin.py:190} INFO - [2025-04-01T15:09:52.267+0000] {dag.py:4180} INFO - Setting next_dagrun for example_skip_dag to 2025-03-31 00:00:00+00:00, run_after=2025-04-01 00:00:00+00:00
[2025-04-01T15:09:52.279+0000] {processor.py:208} INFO - Processing /home/airflow/.local/lib/python3.12/site-packages/airflow/example_dags/example_skip_dag.py took 0.057 seconds
[2025-04-01T15:10:22.545+0000] {processor.py:186} INFO - Started process (PID=343) to work on /home/airflow/.local/lib/python3.12/site-packages/airflow/example_dags/example_skip_dag.py
[2025-04-01T15:10:22.546+0000] {processor.py:914} INFO - Processing file /home/airflow/.local/lib/python3.12/site-packages/airflow/example_dags/example_skip_dag.py for tasks to queue
[2025-04-01T15:10:22.548+0000] {logging_mixin.py:190} INFO - [2025-04-01T15:10:22.547+0000] {dagbag.py:588} INFO - Filling up the DagBag from /home/airflow/.local/lib/python3.12/site-packages/airflow/example_dags/example_skip_dag.py
[2025-04-01T15:10:22.553+0000] {processor.py:925} INFO - DAG(s) 'example_skip_dag' retrieved from /home/airflow/.local/lib/python3.12/site-packages/airflow/example_dags/example_skip_dag.py
[2025-04-01T15:10:22.571+0000] {logging_mixin.py:190} INFO - [2025-04-01T15:10:22.571+0000] {dag.py:3239} INFO - Sync 1 DAGs
[2025-04-01T15:10:22.590+0000] {logging_mixin.py:190} INFO - [2025-04-01T15:10:22.589+0000] {dag.py:4180} INFO - Setting next_dagrun for example_skip_dag to 2025-03-31 00:00:00+00:00, run_after=2025-04-01 00:00:00+00:00
[2025-04-01T15:10:22.608+0000] {processor.py:208} INFO - Processing /home/airflow/.local/lib/python3.12/site-packages/airflow/example_dags/example_skip_dag.py took 0.067 seconds
[2025-04-01T15:10:52.863+0000] {processor.py:186} INFO - Started process (PID=408) to work on /home/airflow/.local/lib/python3.12/site-packages/airflow/example_dags/example_skip_dag.py
[2025-04-01T15:10:52.864+0000] {processor.py:914} INFO - Processing file /home/airflow/.local/lib/python3.12/site-packages/airflow/example_dags/example_skip_dag.py for tasks to queue
[2025-04-01T15:10:52.867+0000] {logging_mixin.py:190} INFO - [2025-04-01T15:10:52.866+0000] {dagbag.py:588} INFO - Filling up the DagBag from /home/airflow/.local/lib/python3.12/site-packages/airflow/example_dags/example_skip_dag.py
[2025-04-01T15:10:52.874+0000] {processor.py:925} INFO - DAG(s) 'example_skip_dag' retrieved from /home/airflow/.local/lib/python3.12/site-packages/airflow/example_dags/example_skip_dag.py
[2025-04-01T15:10:52.889+0000] {logging_mixin.py:190} INFO - [2025-04-01T15:10:52.889+0000] {dag.py:3239} INFO - Sync 1 DAGs
[2025-04-01T15:10:52.907+0000] {logging_mixin.py:190} INFO - [2025-04-01T15:10:52.907+0000] {dag.py:4180} INFO - Setting next_dagrun for example_skip_dag to 2025-03-31 00:00:00+00:00, run_after=2025-04-01 00:00:00+00:00
[2025-04-01T15:10:52.929+0000] {processor.py:208} INFO - Processing /home/airflow/.local/lib/python3.12/site-packages/airflow/example_dags/example_skip_dag.py took 0.073 seconds
[2025-04-01T15:11:23.031+0000] {processor.py:186} INFO - Started process (PID=473) to work on /home/airflow/.local/lib/python3.12/site-packages/airflow/example_dags/example_skip_dag.py
[2025-04-01T15:11:23.032+0000] {processor.py:914} INFO - Processing file /home/airflow/.local/lib/python3.12/site-packages/airflow/example_dags/example_skip_dag.py for tasks to queue
[2025-04-01T15:11:23.033+0000] {logging_mixin.py:190} INFO - [2025-04-01T15:11:23.033+0000] {dagbag.py:588} INFO - Filling up the DagBag from /home/airflow/.local/lib/python3.12/site-packages/airflow/example_dags/example_skip_dag.py
[2025-04-01T15:11:23.039+0000] {processor.py:925} INFO - DAG(s) 'example_skip_dag' retrieved from /home/airflow/.local/lib/python3.12/site-packages/airflow/example_dags/example_skip_dag.py
[2025-04-01T15:11:23.055+0000] {logging_mixin.py:190} INFO - [2025-04-01T15:11:23.054+0000] {dag.py:3239} INFO - Sync 1 DAGs
[2025-04-01T15:11:23.074+0000] {logging_mixin.py:190} INFO - [2025-04-01T15:11:23.074+0000] {dag.py:4180} INFO - Setting next_dagrun for example_skip_dag to 2025-03-31 00:00:00+00:00, run_after=2025-04-01 00:00:00+00:00
[2025-04-01T15:11:23.088+0000] {processor.py:208} INFO - Processing /home/airflow/.local/lib/python3.12/site-packages/airflow/example_dags/example_skip_dag.py took 0.061 seconds
[2025-04-01T15:11:53.188+0000] {processor.py:186} INFO - Started process (PID=538) to work on /home/airflow/.local/lib/python3.12/site-packages/airflow/example_dags/example_skip_dag.py
[2025-04-01T15:11:53.189+0000] {processor.py:914} INFO - Processing file /home/airflow/.local/lib/python3.12/site-packages/airflow/example_dags/example_skip_dag.py for tasks to queue
[2025-04-01T15:11:53.190+0000] {logging_mixin.py:190} INFO - [2025-04-01T15:11:53.190+0000] {dagbag.py:588} INFO - Filling up the DagBag from /home/airflow/.local/lib/python3.12/site-packages/airflow/example_dags/example_skip_dag.py
[2025-04-01T15:11:53.198+0000] {processor.py:925} INFO - DAG(s) 'example_skip_dag' retrieved from /home/airflow/.local/lib/python3.12/site-packages/airflow/example_dags/example_skip_dag.py
[2025-04-01T15:11:53.217+0000] {logging_mixin.py:190} INFO - [2025-04-01T15:11:53.216+0000] {dag.py:3239} INFO - Sync 1 DAGs
[2025-04-01T15:11:53.238+0000] {logging_mixin.py:190} INFO - [2025-04-01T15:11:53.238+0000] {dag.py:4180} INFO - Setting next_dagrun for example_skip_dag to 2025-03-31 00:00:00+00:00, run_after=2025-04-01 00:00:00+00:00
[2025-04-01T15:11:53.256+0000] {processor.py:208} INFO - Processing /home/airflow/.local/lib/python3.12/site-packages/airflow/example_dags/example_skip_dag.py took 0.074 seconds
[2025-04-01T15:12:23.289+0000] {processor.py:186} INFO - Started process (PID=603) to work on /home/airflow/.local/lib/python3.12/site-packages/airflow/example_dags/example_skip_dag.py
[2025-04-01T15:12:23.290+0000] {processor.py:914} INFO - Processing file /home/airflow/.local/lib/python3.12/site-packages/airflow/example_dags/example_skip_dag.py for tasks to queue
[2025-04-01T15:12:23.291+0000] {logging_mixin.py:190} INFO - [2025-04-01T15:12:23.291+0000] {dagbag.py:588} INFO - Filling up the DagBag from /home/airflow/.local/lib/python3.12/site-packages/airflow/example_dags/example_skip_dag.py
[2025-04-01T15:12:23.297+0000] {processor.py:925} INFO - DAG(s) 'example_skip_dag' retrieved from /home/airflow/.local/lib/python3.12/site-packages/airflow/example_dags/example_skip_dag.py
[2025-04-01T15:12:23.312+0000] {logging_mixin.py:190} INFO - [2025-04-01T15:12:23.311+0000] {dag.py:3239} INFO - Sync 1 DAGs
[2025-04-01T15:12:23.332+0000] {logging_mixin.py:190} INFO - [2025-04-01T15:12:23.331+0000] {dag.py:4180} INFO - Setting next_dagrun for example_skip_dag to 2025-03-31 00:00:00+00:00, run_after=2025-04-01 00:00:00+00:00
[2025-04-01T15:12:23.348+0000] {processor.py:208} INFO - Processing /home/airflow/.local/lib/python3.12/site-packages/airflow/example_dags/example_skip_dag.py took 0.062 seconds
[2025-04-01T15:12:54.100+0000] {processor.py:186} INFO - Started process (PID=668) to work on /home/airflow/.local/lib/python3.12/site-packages/airflow/example_dags/example_skip_dag.py
[2025-04-01T15:12:54.100+0000] {processor.py:914} INFO - Processing file /home/airflow/.local/lib/python3.12/site-packages/airflow/example_dags/example_skip_dag.py for tasks to queue
[2025-04-01T15:12:54.102+0000] {logging_mixin.py:190} INFO - [2025-04-01T15:12:54.101+0000] {dagbag.py:588} INFO - Filling up the DagBag from /home/airflow/.local/lib/python3.12/site-packages/airflow/example_dags/example_skip_dag.py
[2025-04-01T15:12:54.108+0000] {processor.py:925} INFO - DAG(s) 'example_skip_dag' retrieved from /home/airflow/.local/lib/python3.12/site-packages/airflow/example_dags/example_skip_dag.py
[2025-04-01T15:12:54.123+0000] {logging_mixin.py:190} INFO - [2025-04-01T15:12:54.123+0000] {dag.py:3239} INFO - Sync 1 DAGs
[2025-04-01T15:12:54.142+0000] {logging_mixin.py:190} INFO - [2025-04-01T15:12:54.142+0000] {dag.py:4180} INFO - Setting next_dagrun for example_skip_dag to 2025-03-31 00:00:00+00:00, run_after=2025-04-01 00:00:00+00:00
[2025-04-01T15:12:54.155+0000] {processor.py:208} INFO - Processing /home/airflow/.local/lib/python3.12/site-packages/airflow/example_dags/example_skip_dag.py took 0.060 seconds
[2025-04-01T15:13:25.024+0000] {processor.py:186} INFO - Started process (PID=733) to work on /home/airflow/.local/lib/python3.12/site-packages/airflow/example_dags/example_skip_dag.py
[2025-04-01T15:13:25.024+0000] {processor.py:914} INFO - Processing file /home/airflow/.local/lib/python3.12/site-packages/airflow/example_dags/example_skip_dag.py for tasks to queue
[2025-04-01T15:13:25.025+0000] {logging_mixin.py:190} INFO - [2025-04-01T15:13:25.025+0000] {dagbag.py:588} INFO - Filling up the DagBag from /home/airflow/.local/lib/python3.12/site-packages/airflow/example_dags/example_skip_dag.py
[2025-04-01T15:13:25.032+0000] {processor.py:925} INFO - DAG(s) 'example_skip_dag' retrieved from /home/airflow/.local/lib/python3.12/site-packages/airflow/example_dags/example_skip_dag.py
[2025-04-01T15:13:25.045+0000] {logging_mixin.py:190} INFO - [2025-04-01T15:13:25.045+0000] {dag.py:3239} INFO - Sync 1 DAGs
[2025-04-01T15:13:25.063+0000] {logging_mixin.py:190} INFO - [2025-04-01T15:13:25.063+0000] {dag.py:4180} INFO - Setting next_dagrun for example_skip_dag to 2025-03-31 00:00:00+00:00, run_after=2025-04-01 00:00:00+00:00
[2025-04-01T15:13:25.080+0000] {processor.py:208} INFO - Processing /home/airflow/.local/lib/python3.12/site-packages/airflow/example_dags/example_skip_dag.py took 0.060 seconds
