[2025-04-01T15:08:19.688+0000] {processor.py:186} INFO - Started process (PID=77) to work on /home/airflow/.local/lib/python3.12/site-packages/airflow/example_dags/example_task_group.py
[2025-04-01T15:08:19.689+0000] {processor.py:914} INFO - Processing file /home/airflow/.local/lib/python3.12/site-packages/airflow/example_dags/example_task_group.py for tasks to queue
[2025-04-01T15:08:19.690+0000] {logging_mixin.py:190} INFO - [2025-04-01T15:08:19.690+0000] {dagbag.py:588} INFO - Filling up the DagBag from /home/airflow/.local/lib/python3.12/site-packages/airflow/example_dags/example_task_group.py
[2025-04-01T15:08:19.698+0000] {processor.py:925} INFO - DAG(s) 'example_task_group' retrieved from /home/airflow/.local/lib/python3.12/site-packages/airflow/example_dags/example_task_group.py
[2025-04-01T15:08:19.801+0000] {logging_mixin.py:190} INFO - [2025-04-01T15:08:19.801+0000] {override.py:1912} INFO - Created Permission View: can read on DAG:example_task_group
[2025-04-01T15:08:19.810+0000] {logging_mixin.py:190} INFO - [2025-04-01T15:08:19.810+0000] {override.py:1912} INFO - Created Permission View: can edit on DAG:example_task_group
[2025-04-01T15:08:19.816+0000] {logging_mixin.py:190} INFO - [2025-04-01T15:08:19.816+0000] {override.py:1912} INFO - Created Permission View: can delete on DAG:example_task_group
[2025-04-01T15:08:19.824+0000] {logging_mixin.py:190} INFO - [2025-04-01T15:08:19.824+0000] {override.py:1912} INFO - Created Permission View: can read on DAG Run:example_task_group
[2025-04-01T15:08:19.832+0000] {logging_mixin.py:190} INFO - [2025-04-01T15:08:19.831+0000] {override.py:1912} INFO - Created Permission View: can create on DAG Run:example_task_group
[2025-04-01T15:08:19.838+0000] {logging_mixin.py:190} INFO - [2025-04-01T15:08:19.838+0000] {override.py:1912} INFO - Created Permission View: can delete on DAG Run:example_task_group
[2025-04-01T15:08:19.845+0000] {logging_mixin.py:190} INFO - [2025-04-01T15:08:19.845+0000] {override.py:1912} INFO - Created Permission View: menu access on DAG Run:example_task_group
[2025-04-01T15:08:19.845+0000] {logging_mixin.py:190} INFO - [2025-04-01T15:08:19.845+0000] {dag.py:3239} INFO - Sync 1 DAGs
[2025-04-01T15:08:19.857+0000] {logging_mixin.py:190} INFO - [2025-04-01T15:08:19.857+0000] {dag.py:3262} INFO - Creating ORM DAG for example_task_group
[2025-04-01T15:08:19.858+0000] {logging_mixin.py:190} INFO - [2025-04-01T15:08:19.857+0000] {dag.py:4180} INFO - Setting next_dagrun for example_task_group to None, run_after=None
[2025-04-01T15:08:19.873+0000] {processor.py:208} INFO - Processing /home/airflow/.local/lib/python3.12/site-packages/airflow/example_dags/example_task_group.py took 0.190 seconds
[2025-04-01T15:08:50.672+0000] {processor.py:186} INFO - Started process (PID=142) to work on /home/airflow/.local/lib/python3.12/site-packages/airflow/example_dags/example_task_group.py
[2025-04-01T15:08:50.673+0000] {processor.py:914} INFO - Processing file /home/airflow/.local/lib/python3.12/site-packages/airflow/example_dags/example_task_group.py for tasks to queue
[2025-04-01T15:08:50.674+0000] {logging_mixin.py:190} INFO - [2025-04-01T15:08:50.674+0000] {dagbag.py:588} INFO - Filling up the DagBag from /home/airflow/.local/lib/python3.12/site-packages/airflow/example_dags/example_task_group.py
[2025-04-01T15:08:50.680+0000] {processor.py:925} INFO - DAG(s) 'example_task_group' retrieved from /home/airflow/.local/lib/python3.12/site-packages/airflow/example_dags/example_task_group.py
[2025-04-01T15:08:50.695+0000] {logging_mixin.py:190} INFO - [2025-04-01T15:08:50.695+0000] {dag.py:3239} INFO - Sync 1 DAGs
[2025-04-01T15:08:50.706+0000] {logging_mixin.py:190} INFO - [2025-04-01T15:08:50.706+0000] {dag.py:4180} INFO - Setting next_dagrun for example_task_group to None, run_after=None
[2025-04-01T15:08:50.720+0000] {processor.py:208} INFO - Processing /home/airflow/.local/lib/python3.12/site-packages/airflow/example_dags/example_task_group.py took 0.052 seconds
[2025-04-01T15:09:21.437+0000] {processor.py:186} INFO - Started process (PID=207) to work on /home/airflow/.local/lib/python3.12/site-packages/airflow/example_dags/example_task_group.py
[2025-04-01T15:09:21.438+0000] {processor.py:914} INFO - Processing file /home/airflow/.local/lib/python3.12/site-packages/airflow/example_dags/example_task_group.py for tasks to queue
[2025-04-01T15:09:21.439+0000] {logging_mixin.py:190} INFO - [2025-04-01T15:09:21.439+0000] {dagbag.py:588} INFO - Filling up the DagBag from /home/airflow/.local/lib/python3.12/site-packages/airflow/example_dags/example_task_group.py
[2025-04-01T15:09:21.444+0000] {processor.py:925} INFO - DAG(s) 'example_task_group' retrieved from /home/airflow/.local/lib/python3.12/site-packages/airflow/example_dags/example_task_group.py
[2025-04-01T15:09:21.458+0000] {logging_mixin.py:190} INFO - [2025-04-01T15:09:21.457+0000] {dag.py:3239} INFO - Sync 1 DAGs
[2025-04-01T15:09:21.467+0000] {logging_mixin.py:190} INFO - [2025-04-01T15:09:21.466+0000] {dag.py:4180} INFO - Setting next_dagrun for example_task_group to None, run_after=None
[2025-04-01T15:09:21.482+0000] {processor.py:208} INFO - Processing /home/airflow/.local/lib/python3.12/site-packages/airflow/example_dags/example_task_group.py took 0.048 seconds
[2025-04-01T15:09:52.024+0000] {processor.py:186} INFO - Started process (PID=272) to work on /home/airflow/.local/lib/python3.12/site-packages/airflow/example_dags/example_task_group.py
[2025-04-01T15:09:52.025+0000] {processor.py:914} INFO - Processing file /home/airflow/.local/lib/python3.12/site-packages/airflow/example_dags/example_task_group.py for tasks to queue
[2025-04-01T15:09:52.026+0000] {logging_mixin.py:190} INFO - [2025-04-01T15:09:52.026+0000] {dagbag.py:588} INFO - Filling up the DagBag from /home/airflow/.local/lib/python3.12/site-packages/airflow/example_dags/example_task_group.py
[2025-04-01T15:09:52.032+0000] {processor.py:925} INFO - DAG(s) 'example_task_group' retrieved from /home/airflow/.local/lib/python3.12/site-packages/airflow/example_dags/example_task_group.py
[2025-04-01T15:09:52.045+0000] {logging_mixin.py:190} INFO - [2025-04-01T15:09:52.045+0000] {dag.py:3239} INFO - Sync 1 DAGs
[2025-04-01T15:09:52.055+0000] {logging_mixin.py:190} INFO - [2025-04-01T15:09:52.054+0000] {dag.py:4180} INFO - Setting next_dagrun for example_task_group to None, run_after=None
[2025-04-01T15:09:52.066+0000] {processor.py:208} INFO - Processing /home/airflow/.local/lib/python3.12/site-packages/airflow/example_dags/example_task_group.py took 0.046 seconds
[2025-04-01T15:10:22.194+0000] {processor.py:186} INFO - Started process (PID=336) to work on /home/airflow/.local/lib/python3.12/site-packages/airflow/example_dags/example_task_group.py
[2025-04-01T15:10:22.195+0000] {processor.py:914} INFO - Processing file /home/airflow/.local/lib/python3.12/site-packages/airflow/example_dags/example_task_group.py for tasks to queue
[2025-04-01T15:10:22.196+0000] {logging_mixin.py:190} INFO - [2025-04-01T15:10:22.196+0000] {dagbag.py:588} INFO - Filling up the DagBag from /home/airflow/.local/lib/python3.12/site-packages/airflow/example_dags/example_task_group.py
[2025-04-01T15:10:22.203+0000] {processor.py:925} INFO - DAG(s) 'example_task_group' retrieved from /home/airflow/.local/lib/python3.12/site-packages/airflow/example_dags/example_task_group.py
[2025-04-01T15:10:22.221+0000] {logging_mixin.py:190} INFO - [2025-04-01T15:10:22.221+0000] {dag.py:3239} INFO - Sync 1 DAGs
[2025-04-01T15:10:22.232+0000] {logging_mixin.py:190} INFO - [2025-04-01T15:10:22.232+0000] {dag.py:4180} INFO - Setting next_dagrun for example_task_group to None, run_after=None
[2025-04-01T15:10:22.249+0000] {processor.py:208} INFO - Processing /home/airflow/.local/lib/python3.12/site-packages/airflow/example_dags/example_task_group.py took 0.059 seconds
[2025-04-01T15:10:52.501+0000] {processor.py:186} INFO - Started process (PID=401) to work on /home/airflow/.local/lib/python3.12/site-packages/airflow/example_dags/example_task_group.py
[2025-04-01T15:10:52.509+0000] {processor.py:914} INFO - Processing file /home/airflow/.local/lib/python3.12/site-packages/airflow/example_dags/example_task_group.py for tasks to queue
[2025-04-01T15:10:52.511+0000] {logging_mixin.py:190} INFO - [2025-04-01T15:10:52.511+0000] {dagbag.py:588} INFO - Filling up the DagBag from /home/airflow/.local/lib/python3.12/site-packages/airflow/example_dags/example_task_group.py
[2025-04-01T15:10:52.520+0000] {processor.py:925} INFO - DAG(s) 'example_task_group' retrieved from /home/airflow/.local/lib/python3.12/site-packages/airflow/example_dags/example_task_group.py
[2025-04-01T15:10:52.544+0000] {logging_mixin.py:190} INFO - [2025-04-01T15:10:52.544+0000] {dag.py:3239} INFO - Sync 1 DAGs
[2025-04-01T15:10:52.555+0000] {logging_mixin.py:190} INFO - [2025-04-01T15:10:52.555+0000] {dag.py:4180} INFO - Setting next_dagrun for example_task_group to None, run_after=None
[2025-04-01T15:10:52.582+0000] {processor.py:208} INFO - Processing /home/airflow/.local/lib/python3.12/site-packages/airflow/example_dags/example_task_group.py took 0.086 seconds
[2025-04-01T15:11:22.608+0000] {processor.py:186} INFO - Started process (PID=466) to work on /home/airflow/.local/lib/python3.12/site-packages/airflow/example_dags/example_task_group.py
[2025-04-01T15:11:22.609+0000] {processor.py:914} INFO - Processing file /home/airflow/.local/lib/python3.12/site-packages/airflow/example_dags/example_task_group.py for tasks to queue
[2025-04-01T15:11:22.610+0000] {logging_mixin.py:190} INFO - [2025-04-01T15:11:22.610+0000] {dagbag.py:588} INFO - Filling up the DagBag from /home/airflow/.local/lib/python3.12/site-packages/airflow/example_dags/example_task_group.py
[2025-04-01T15:11:22.616+0000] {processor.py:925} INFO - DAG(s) 'example_task_group' retrieved from /home/airflow/.local/lib/python3.12/site-packages/airflow/example_dags/example_task_group.py
[2025-04-01T15:11:22.633+0000] {logging_mixin.py:190} INFO - [2025-04-01T15:11:22.633+0000] {dag.py:3239} INFO - Sync 1 DAGs
[2025-04-01T15:11:22.645+0000] {logging_mixin.py:190} INFO - [2025-04-01T15:11:22.645+0000] {dag.py:4180} INFO - Setting next_dagrun for example_task_group to None, run_after=None
[2025-04-01T15:11:22.663+0000] {processor.py:208} INFO - Processing /home/airflow/.local/lib/python3.12/site-packages/airflow/example_dags/example_task_group.py took 0.059 seconds
[2025-04-01T15:11:52.691+0000] {processor.py:186} INFO - Started process (PID=530) to work on /home/airflow/.local/lib/python3.12/site-packages/airflow/example_dags/example_task_group.py
[2025-04-01T15:11:52.695+0000] {processor.py:914} INFO - Processing file /home/airflow/.local/lib/python3.12/site-packages/airflow/example_dags/example_task_group.py for tasks to queue
[2025-04-01T15:11:52.697+0000] {logging_mixin.py:190} INFO - [2025-04-01T15:11:52.697+0000] {dagbag.py:588} INFO - Filling up the DagBag from /home/airflow/.local/lib/python3.12/site-packages/airflow/example_dags/example_task_group.py
[2025-04-01T15:11:52.706+0000] {processor.py:925} INFO - DAG(s) 'example_task_group' retrieved from /home/airflow/.local/lib/python3.12/site-packages/airflow/example_dags/example_task_group.py
[2025-04-01T15:11:52.723+0000] {logging_mixin.py:190} INFO - [2025-04-01T15:11:52.723+0000] {dag.py:3239} INFO - Sync 1 DAGs
[2025-04-01T15:11:52.736+0000] {logging_mixin.py:190} INFO - [2025-04-01T15:11:52.736+0000] {dag.py:4180} INFO - Setting next_dagrun for example_task_group to None, run_after=None
[2025-04-01T15:11:52.757+0000] {processor.py:208} INFO - Processing /home/airflow/.local/lib/python3.12/site-packages/airflow/example_dags/example_task_group.py took 0.070 seconds
[2025-04-01T15:12:22.963+0000] {processor.py:186} INFO - Started process (PID=596) to work on /home/airflow/.local/lib/python3.12/site-packages/airflow/example_dags/example_task_group.py
[2025-04-01T15:12:22.964+0000] {processor.py:914} INFO - Processing file /home/airflow/.local/lib/python3.12/site-packages/airflow/example_dags/example_task_group.py for tasks to queue
[2025-04-01T15:12:22.965+0000] {logging_mixin.py:190} INFO - [2025-04-01T15:12:22.965+0000] {dagbag.py:588} INFO - Filling up the DagBag from /home/airflow/.local/lib/python3.12/site-packages/airflow/example_dags/example_task_group.py
[2025-04-01T15:12:22.971+0000] {processor.py:925} INFO - DAG(s) 'example_task_group' retrieved from /home/airflow/.local/lib/python3.12/site-packages/airflow/example_dags/example_task_group.py
[2025-04-01T15:12:22.986+0000] {logging_mixin.py:190} INFO - [2025-04-01T15:12:22.986+0000] {dag.py:3239} INFO - Sync 1 DAGs
[2025-04-01T15:12:22.997+0000] {logging_mixin.py:190} INFO - [2025-04-01T15:12:22.997+0000] {dag.py:4180} INFO - Setting next_dagrun for example_task_group to None, run_after=None
[2025-04-01T15:12:23.012+0000] {processor.py:208} INFO - Processing /home/airflow/.local/lib/python3.12/site-packages/airflow/example_dags/example_task_group.py took 0.054 seconds
[2025-04-01T15:12:53.841+0000] {processor.py:186} INFO - Started process (PID=661) to work on /home/airflow/.local/lib/python3.12/site-packages/airflow/example_dags/example_task_group.py
[2025-04-01T15:12:53.845+0000] {processor.py:914} INFO - Processing file /home/airflow/.local/lib/python3.12/site-packages/airflow/example_dags/example_task_group.py for tasks to queue
[2025-04-01T15:12:53.847+0000] {logging_mixin.py:190} INFO - [2025-04-01T15:12:53.846+0000] {dagbag.py:588} INFO - Filling up the DagBag from /home/airflow/.local/lib/python3.12/site-packages/airflow/example_dags/example_task_group.py
[2025-04-01T15:12:53.855+0000] {processor.py:925} INFO - DAG(s) 'example_task_group' retrieved from /home/airflow/.local/lib/python3.12/site-packages/airflow/example_dags/example_task_group.py
[2025-04-01T15:12:53.872+0000] {logging_mixin.py:190} INFO - [2025-04-01T15:12:53.872+0000] {dag.py:3239} INFO - Sync 1 DAGs
[2025-04-01T15:12:53.883+0000] {logging_mixin.py:190} INFO - [2025-04-01T15:12:53.883+0000] {dag.py:4180} INFO - Setting next_dagrun for example_task_group to None, run_after=None
[2025-04-01T15:12:53.900+0000] {processor.py:208} INFO - Processing /home/airflow/.local/lib/python3.12/site-packages/airflow/example_dags/example_task_group.py took 0.063 seconds
[2025-04-01T15:13:24.714+0000] {processor.py:186} INFO - Started process (PID=726) to work on /home/airflow/.local/lib/python3.12/site-packages/airflow/example_dags/example_task_group.py
[2025-04-01T15:13:24.715+0000] {processor.py:914} INFO - Processing file /home/airflow/.local/lib/python3.12/site-packages/airflow/example_dags/example_task_group.py for tasks to queue
[2025-04-01T15:13:24.717+0000] {logging_mixin.py:190} INFO - [2025-04-01T15:13:24.717+0000] {dagbag.py:588} INFO - Filling up the DagBag from /home/airflow/.local/lib/python3.12/site-packages/airflow/example_dags/example_task_group.py
[2025-04-01T15:13:24.723+0000] {processor.py:925} INFO - DAG(s) 'example_task_group' retrieved from /home/airflow/.local/lib/python3.12/site-packages/airflow/example_dags/example_task_group.py
[2025-04-01T15:13:24.740+0000] {logging_mixin.py:190} INFO - [2025-04-01T15:13:24.740+0000] {dag.py:3239} INFO - Sync 1 DAGs
[2025-04-01T15:13:24.753+0000] {logging_mixin.py:190} INFO - [2025-04-01T15:13:24.753+0000] {dag.py:4180} INFO - Setting next_dagrun for example_task_group to None, run_after=None
[2025-04-01T15:13:24.775+0000] {processor.py:208} INFO - Processing /home/airflow/.local/lib/python3.12/site-packages/airflow/example_dags/example_task_group.py took 0.067 seconds
