[2025-04-01T15:08:21.995+0000] {processor.py:186} INFO - Started process (PID=97) to work on /home/airflow/.local/lib/python3.12/site-packages/airflow/example_dags/example_python_decorator.py
[2025-04-01T15:08:21.995+0000] {processor.py:914} INFO - Processing file /home/airflow/.local/lib/python3.12/site-packages/airflow/example_dags/example_python_decorator.py for tasks to queue
[2025-04-01T15:08:21.998+0000] {logging_mixin.py:190} INFO - [2025-04-01T15:08:21.997+0000] {dagbag.py:588} INFO - Filling up the DagBag from /home/airflow/.local/lib/python3.12/site-packages/airflow/example_dags/example_python_decorator.py
[2025-04-01T15:08:22.012+0000] {processor.py:925} INFO - DAG(s) 'example_python_decorator' retrieved from /home/airflow/.local/lib/python3.12/site-packages/airflow/example_dags/example_python_decorator.py
[2025-04-01T15:08:22.111+0000] {logging_mixin.py:190} INFO - [2025-04-01T15:08:22.110+0000] {override.py:1912} INFO - Created Permission View: can read on DAG:example_python_decorator
[2025-04-01T15:08:22.121+0000] {logging_mixin.py:190} INFO - [2025-04-01T15:08:22.120+0000] {override.py:1912} INFO - Created Permission View: can edit on DAG:example_python_decorator
[2025-04-01T15:08:22.126+0000] {logging_mixin.py:190} INFO - [2025-04-01T15:08:22.126+0000] {override.py:1912} INFO - Created Permission View: can delete on DAG:example_python_decorator
[2025-04-01T15:08:22.135+0000] {logging_mixin.py:190} INFO - [2025-04-01T15:08:22.135+0000] {override.py:1912} INFO - Created Permission View: can read on DAG Run:example_python_decorator
[2025-04-01T15:08:22.140+0000] {logging_mixin.py:190} INFO - [2025-04-01T15:08:22.140+0000] {override.py:1912} INFO - Created Permission View: can create on DAG Run:example_python_decorator
[2025-04-01T15:08:22.146+0000] {logging_mixin.py:190} INFO - [2025-04-01T15:08:22.146+0000] {override.py:1912} INFO - Created Permission View: can delete on DAG Run:example_python_decorator
[2025-04-01T15:08:22.152+0000] {logging_mixin.py:190} INFO - [2025-04-01T15:08:22.152+0000] {override.py:1912} INFO - Created Permission View: menu access on DAG Run:example_python_decorator
[2025-04-01T15:08:22.152+0000] {logging_mixin.py:190} INFO - [2025-04-01T15:08:22.152+0000] {dag.py:3239} INFO - Sync 1 DAGs
[2025-04-01T15:08:22.164+0000] {logging_mixin.py:190} INFO - [2025-04-01T15:08:22.164+0000] {dag.py:3262} INFO - Creating ORM DAG for example_python_decorator
[2025-04-01T15:08:22.164+0000] {logging_mixin.py:190} INFO - [2025-04-01T15:08:22.164+0000] {dag.py:4180} INFO - Setting next_dagrun for example_python_decorator to None, run_after=None
[2025-04-01T15:08:22.181+0000] {processor.py:208} INFO - Processing /home/airflow/.local/lib/python3.12/site-packages/airflow/example_dags/example_python_decorator.py took 0.192 seconds
[2025-04-01T15:08:52.482+0000] {processor.py:186} INFO - Started process (PID=162) to work on /home/airflow/.local/lib/python3.12/site-packages/airflow/example_dags/example_python_decorator.py
[2025-04-01T15:08:52.483+0000] {processor.py:914} INFO - Processing file /home/airflow/.local/lib/python3.12/site-packages/airflow/example_dags/example_python_decorator.py for tasks to queue
[2025-04-01T15:08:52.484+0000] {logging_mixin.py:190} INFO - [2025-04-01T15:08:52.484+0000] {dagbag.py:588} INFO - Filling up the DagBag from /home/airflow/.local/lib/python3.12/site-packages/airflow/example_dags/example_python_decorator.py
[2025-04-01T15:08:52.499+0000] {processor.py:925} INFO - DAG(s) 'example_python_decorator' retrieved from /home/airflow/.local/lib/python3.12/site-packages/airflow/example_dags/example_python_decorator.py
[2025-04-01T15:08:52.516+0000] {logging_mixin.py:190} INFO - [2025-04-01T15:08:52.516+0000] {dag.py:3239} INFO - Sync 1 DAGs
[2025-04-01T15:08:52.529+0000] {logging_mixin.py:190} INFO - [2025-04-01T15:08:52.528+0000] {dag.py:4180} INFO - Setting next_dagrun for example_python_decorator to None, run_after=None
[2025-04-01T15:08:52.543+0000] {processor.py:208} INFO - Processing /home/airflow/.local/lib/python3.12/site-packages/airflow/example_dags/example_python_decorator.py took 0.066 seconds
[2025-04-01T15:09:23.362+0000] {processor.py:186} INFO - Started process (PID=227) to work on /home/airflow/.local/lib/python3.12/site-packages/airflow/example_dags/example_python_decorator.py
[2025-04-01T15:09:23.362+0000] {processor.py:914} INFO - Processing file /home/airflow/.local/lib/python3.12/site-packages/airflow/example_dags/example_python_decorator.py for tasks to queue
[2025-04-01T15:09:23.364+0000] {logging_mixin.py:190} INFO - [2025-04-01T15:09:23.363+0000] {dagbag.py:588} INFO - Filling up the DagBag from /home/airflow/.local/lib/python3.12/site-packages/airflow/example_dags/example_python_decorator.py
[2025-04-01T15:09:23.375+0000] {processor.py:925} INFO - DAG(s) 'example_python_decorator' retrieved from /home/airflow/.local/lib/python3.12/site-packages/airflow/example_dags/example_python_decorator.py
[2025-04-01T15:09:23.394+0000] {logging_mixin.py:190} INFO - [2025-04-01T15:09:23.394+0000] {dag.py:3239} INFO - Sync 1 DAGs
[2025-04-01T15:09:23.406+0000] {logging_mixin.py:190} INFO - [2025-04-01T15:09:23.405+0000] {dag.py:4180} INFO - Setting next_dagrun for example_python_decorator to None, run_after=None
[2025-04-01T15:09:23.425+0000] {processor.py:208} INFO - Processing /home/airflow/.local/lib/python3.12/site-packages/airflow/example_dags/example_python_decorator.py took 0.068 seconds
[2025-04-01T15:09:53.818+0000] {processor.py:186} INFO - Started process (PID=292) to work on /home/airflow/.local/lib/python3.12/site-packages/airflow/example_dags/example_python_decorator.py
[2025-04-01T15:09:53.819+0000] {processor.py:914} INFO - Processing file /home/airflow/.local/lib/python3.12/site-packages/airflow/example_dags/example_python_decorator.py for tasks to queue
[2025-04-01T15:09:53.820+0000] {logging_mixin.py:190} INFO - [2025-04-01T15:09:53.820+0000] {dagbag.py:588} INFO - Filling up the DagBag from /home/airflow/.local/lib/python3.12/site-packages/airflow/example_dags/example_python_decorator.py
[2025-04-01T15:09:53.830+0000] {processor.py:925} INFO - DAG(s) 'example_python_decorator' retrieved from /home/airflow/.local/lib/python3.12/site-packages/airflow/example_dags/example_python_decorator.py
[2025-04-01T15:09:53.846+0000] {logging_mixin.py:190} INFO - [2025-04-01T15:09:53.846+0000] {dag.py:3239} INFO - Sync 1 DAGs
[2025-04-01T15:09:53.857+0000] {logging_mixin.py:190} INFO - [2025-04-01T15:09:53.857+0000] {dag.py:4180} INFO - Setting next_dagrun for example_python_decorator to None, run_after=None
[2025-04-01T15:09:53.876+0000] {processor.py:208} INFO - Processing /home/airflow/.local/lib/python3.12/site-packages/airflow/example_dags/example_python_decorator.py took 0.062 seconds
[2025-04-01T15:10:24.084+0000] {processor.py:186} INFO - Started process (PID=356) to work on /home/airflow/.local/lib/python3.12/site-packages/airflow/example_dags/example_python_decorator.py
[2025-04-01T15:10:24.085+0000] {processor.py:914} INFO - Processing file /home/airflow/.local/lib/python3.12/site-packages/airflow/example_dags/example_python_decorator.py for tasks to queue
[2025-04-01T15:10:24.086+0000] {logging_mixin.py:190} INFO - [2025-04-01T15:10:24.086+0000] {dagbag.py:588} INFO - Filling up the DagBag from /home/airflow/.local/lib/python3.12/site-packages/airflow/example_dags/example_python_decorator.py
[2025-04-01T15:10:24.095+0000] {processor.py:925} INFO - DAG(s) 'example_python_decorator' retrieved from /home/airflow/.local/lib/python3.12/site-packages/airflow/example_dags/example_python_decorator.py
[2025-04-01T15:10:24.109+0000] {logging_mixin.py:190} INFO - [2025-04-01T15:10:24.109+0000] {dag.py:3239} INFO - Sync 1 DAGs
[2025-04-01T15:10:24.118+0000] {logging_mixin.py:190} INFO - [2025-04-01T15:10:24.118+0000] {dag.py:4180} INFO - Setting next_dagrun for example_python_decorator to None, run_after=None
[2025-04-01T15:10:24.136+0000] {processor.py:208} INFO - Processing /home/airflow/.local/lib/python3.12/site-packages/airflow/example_dags/example_python_decorator.py took 0.055 seconds
[2025-04-01T15:10:54.528+0000] {processor.py:186} INFO - Started process (PID=421) to work on /home/airflow/.local/lib/python3.12/site-packages/airflow/example_dags/example_python_decorator.py
[2025-04-01T15:10:54.529+0000] {processor.py:914} INFO - Processing file /home/airflow/.local/lib/python3.12/site-packages/airflow/example_dags/example_python_decorator.py for tasks to queue
[2025-04-01T15:10:54.532+0000] {logging_mixin.py:190} INFO - [2025-04-01T15:10:54.531+0000] {dagbag.py:588} INFO - Filling up the DagBag from /home/airflow/.local/lib/python3.12/site-packages/airflow/example_dags/example_python_decorator.py
[2025-04-01T15:10:54.547+0000] {processor.py:925} INFO - DAG(s) 'example_python_decorator' retrieved from /home/airflow/.local/lib/python3.12/site-packages/airflow/example_dags/example_python_decorator.py
[2025-04-01T15:10:54.564+0000] {logging_mixin.py:190} INFO - [2025-04-01T15:10:54.564+0000] {dag.py:3239} INFO - Sync 1 DAGs
[2025-04-01T15:10:54.576+0000] {logging_mixin.py:190} INFO - [2025-04-01T15:10:54.576+0000] {dag.py:4180} INFO - Setting next_dagrun for example_python_decorator to None, run_after=None
[2025-04-01T15:10:54.590+0000] {processor.py:208} INFO - Processing /home/airflow/.local/lib/python3.12/site-packages/airflow/example_dags/example_python_decorator.py took 0.069 seconds
[2025-04-01T15:11:25.557+0000] {processor.py:186} INFO - Started process (PID=486) to work on /home/airflow/.local/lib/python3.12/site-packages/airflow/example_dags/example_python_decorator.py
[2025-04-01T15:11:25.558+0000] {processor.py:914} INFO - Processing file /home/airflow/.local/lib/python3.12/site-packages/airflow/example_dags/example_python_decorator.py for tasks to queue
[2025-04-01T15:11:25.560+0000] {logging_mixin.py:190} INFO - [2025-04-01T15:11:25.559+0000] {dagbag.py:588} INFO - Filling up the DagBag from /home/airflow/.local/lib/python3.12/site-packages/airflow/example_dags/example_python_decorator.py
[2025-04-01T15:11:25.571+0000] {processor.py:925} INFO - DAG(s) 'example_python_decorator' retrieved from /home/airflow/.local/lib/python3.12/site-packages/airflow/example_dags/example_python_decorator.py
[2025-04-01T15:11:25.589+0000] {logging_mixin.py:190} INFO - [2025-04-01T15:11:25.589+0000] {dag.py:3239} INFO - Sync 1 DAGs
[2025-04-01T15:11:25.604+0000] {logging_mixin.py:190} INFO - [2025-04-01T15:11:25.604+0000] {dag.py:4180} INFO - Setting next_dagrun for example_python_decorator to None, run_after=None
[2025-04-01T15:11:25.630+0000] {processor.py:208} INFO - Processing /home/airflow/.local/lib/python3.12/site-packages/airflow/example_dags/example_python_decorator.py took 0.078 seconds
[2025-04-01T15:11:55.734+0000] {processor.py:186} INFO - Started process (PID=551) to work on /home/airflow/.local/lib/python3.12/site-packages/airflow/example_dags/example_python_decorator.py
[2025-04-01T15:11:55.735+0000] {processor.py:914} INFO - Processing file /home/airflow/.local/lib/python3.12/site-packages/airflow/example_dags/example_python_decorator.py for tasks to queue
[2025-04-01T15:11:55.736+0000] {logging_mixin.py:190} INFO - [2025-04-01T15:11:55.736+0000] {dagbag.py:588} INFO - Filling up the DagBag from /home/airflow/.local/lib/python3.12/site-packages/airflow/example_dags/example_python_decorator.py
[2025-04-01T15:11:55.745+0000] {processor.py:925} INFO - DAG(s) 'example_python_decorator' retrieved from /home/airflow/.local/lib/python3.12/site-packages/airflow/example_dags/example_python_decorator.py
[2025-04-01T15:11:55.761+0000] {logging_mixin.py:190} INFO - [2025-04-01T15:11:55.761+0000] {dag.py:3239} INFO - Sync 1 DAGs
[2025-04-01T15:11:55.772+0000] {logging_mixin.py:190} INFO - [2025-04-01T15:11:55.771+0000] {dag.py:4180} INFO - Setting next_dagrun for example_python_decorator to None, run_after=None
[2025-04-01T15:11:55.789+0000] {processor.py:208} INFO - Processing /home/airflow/.local/lib/python3.12/site-packages/airflow/example_dags/example_python_decorator.py took 0.058 seconds
[2025-04-01T15:12:26.723+0000] {processor.py:186} INFO - Started process (PID=616) to work on /home/airflow/.local/lib/python3.12/site-packages/airflow/example_dags/example_python_decorator.py
[2025-04-01T15:12:26.724+0000] {processor.py:914} INFO - Processing file /home/airflow/.local/lib/python3.12/site-packages/airflow/example_dags/example_python_decorator.py for tasks to queue
[2025-04-01T15:12:26.725+0000] {logging_mixin.py:190} INFO - [2025-04-01T15:12:26.725+0000] {dagbag.py:588} INFO - Filling up the DagBag from /home/airflow/.local/lib/python3.12/site-packages/airflow/example_dags/example_python_decorator.py
[2025-04-01T15:12:26.736+0000] {processor.py:925} INFO - DAG(s) 'example_python_decorator' retrieved from /home/airflow/.local/lib/python3.12/site-packages/airflow/example_dags/example_python_decorator.py
[2025-04-01T15:12:26.751+0000] {logging_mixin.py:190} INFO - [2025-04-01T15:12:26.750+0000] {dag.py:3239} INFO - Sync 1 DAGs
[2025-04-01T15:12:26.761+0000] {logging_mixin.py:190} INFO - [2025-04-01T15:12:26.761+0000] {dag.py:4180} INFO - Setting next_dagrun for example_python_decorator to None, run_after=None
[2025-04-01T15:12:26.778+0000] {processor.py:208} INFO - Processing /home/airflow/.local/lib/python3.12/site-packages/airflow/example_dags/example_python_decorator.py took 0.058 seconds
[2025-04-01T15:12:57.587+0000] {processor.py:186} INFO - Started process (PID=681) to work on /home/airflow/.local/lib/python3.12/site-packages/airflow/example_dags/example_python_decorator.py
[2025-04-01T15:12:57.588+0000] {processor.py:914} INFO - Processing file /home/airflow/.local/lib/python3.12/site-packages/airflow/example_dags/example_python_decorator.py for tasks to queue
[2025-04-01T15:12:57.590+0000] {logging_mixin.py:190} INFO - [2025-04-01T15:12:57.589+0000] {dagbag.py:588} INFO - Filling up the DagBag from /home/airflow/.local/lib/python3.12/site-packages/airflow/example_dags/example_python_decorator.py
[2025-04-01T15:12:57.601+0000] {processor.py:925} INFO - DAG(s) 'example_python_decorator' retrieved from /home/airflow/.local/lib/python3.12/site-packages/airflow/example_dags/example_python_decorator.py
[2025-04-01T15:12:57.615+0000] {logging_mixin.py:190} INFO - [2025-04-01T15:12:57.615+0000] {dag.py:3239} INFO - Sync 1 DAGs
[2025-04-01T15:12:57.626+0000] {logging_mixin.py:190} INFO - [2025-04-01T15:12:57.626+0000] {dag.py:4180} INFO - Setting next_dagrun for example_python_decorator to None, run_after=None
[2025-04-01T15:12:57.647+0000] {processor.py:208} INFO - Processing /home/airflow/.local/lib/python3.12/site-packages/airflow/example_dags/example_python_decorator.py took 0.063 seconds
[2025-04-01T15:13:27.694+0000] {processor.py:186} INFO - Started process (PID=746) to work on /home/airflow/.local/lib/python3.12/site-packages/airflow/example_dags/example_python_decorator.py
[2025-04-01T15:13:27.694+0000] {processor.py:914} INFO - Processing file /home/airflow/.local/lib/python3.12/site-packages/airflow/example_dags/example_python_decorator.py for tasks to queue
[2025-04-01T15:13:27.696+0000] {logging_mixin.py:190} INFO - [2025-04-01T15:13:27.696+0000] {dagbag.py:588} INFO - Filling up the DagBag from /home/airflow/.local/lib/python3.12/site-packages/airflow/example_dags/example_python_decorator.py
[2025-04-01T15:13:27.708+0000] {processor.py:925} INFO - DAG(s) 'example_python_decorator' retrieved from /home/airflow/.local/lib/python3.12/site-packages/airflow/example_dags/example_python_decorator.py
[2025-04-01T15:13:27.725+0000] {logging_mixin.py:190} INFO - [2025-04-01T15:13:27.725+0000] {dag.py:3239} INFO - Sync 1 DAGs
[2025-04-01T15:13:27.735+0000] {logging_mixin.py:190} INFO - [2025-04-01T15:13:27.735+0000] {dag.py:4180} INFO - Setting next_dagrun for example_python_decorator to None, run_after=None
[2025-04-01T15:13:27.754+0000] {processor.py:208} INFO - Processing /home/airflow/.local/lib/python3.12/site-packages/airflow/example_dags/example_python_decorator.py took 0.064 seconds
