[2025-04-01T15:08:18.933+0000] {processor.py:186} INFO - Started process (PID=72) to work on /home/airflow/.local/lib/python3.12/site-packages/airflow/example_dags/example_branch_python_dop_operator_3.py
[2025-04-01T15:08:18.934+0000] {processor.py:914} INFO - Processing file /home/airflow/.local/lib/python3.12/site-packages/airflow/example_dags/example_branch_python_dop_operator_3.py for tasks to queue
[2025-04-01T15:08:18.937+0000] {logging_mixin.py:190} INFO - [2025-04-01T15:08:18.937+0000] {dagbag.py:588} INFO - Filling up the DagBag from /home/airflow/.local/lib/python3.12/site-packages/airflow/example_dags/example_branch_python_dop_operator_3.py
[2025-04-01T15:08:18.950+0000] {processor.py:925} INFO - DAG(s) 'example_branch_dop_operator_v3' retrieved from /home/airflow/.local/lib/python3.12/site-packages/airflow/example_dags/example_branch_python_dop_operator_3.py
[2025-04-01T15:08:19.069+0000] {logging_mixin.py:190} INFO - [2025-04-01T15:08:19.068+0000] {override.py:1912} INFO - Created Permission View: can read on DAG:example_branch_dop_operator_v3
[2025-04-01T15:08:19.083+0000] {logging_mixin.py:190} INFO - [2025-04-01T15:08:19.082+0000] {override.py:1912} INFO - Created Permission View: can edit on DAG:example_branch_dop_operator_v3
[2025-04-01T15:08:19.090+0000] {logging_mixin.py:190} INFO - [2025-04-01T15:08:19.090+0000] {override.py:1912} INFO - Created Permission View: can delete on DAG:example_branch_dop_operator_v3
[2025-04-01T15:08:19.099+0000] {logging_mixin.py:190} INFO - [2025-04-01T15:08:19.099+0000] {override.py:1912} INFO - Created Permission View: can read on DAG Run:example_branch_dop_operator_v3
[2025-04-01T15:08:19.105+0000] {logging_mixin.py:190} INFO - [2025-04-01T15:08:19.105+0000] {override.py:1912} INFO - Created Permission View: can create on DAG Run:example_branch_dop_operator_v3
[2025-04-01T15:08:19.111+0000] {logging_mixin.py:190} INFO - [2025-04-01T15:08:19.111+0000] {override.py:1912} INFO - Created Permission View: can delete on DAG Run:example_branch_dop_operator_v3
[2025-04-01T15:08:19.119+0000] {logging_mixin.py:190} INFO - [2025-04-01T15:08:19.119+0000] {override.py:1912} INFO - Created Permission View: menu access on DAG Run:example_branch_dop_operator_v3
[2025-04-01T15:08:19.120+0000] {logging_mixin.py:190} INFO - [2025-04-01T15:08:19.119+0000] {dag.py:3239} INFO - Sync 1 DAGs
[2025-04-01T15:08:19.132+0000] {logging_mixin.py:190} INFO - [2025-04-01T15:08:19.132+0000] {dag.py:3262} INFO - Creating ORM DAG for example_branch_dop_operator_v3
[2025-04-01T15:08:19.145+0000] {logging_mixin.py:190} INFO - [2025-04-01T15:08:19.145+0000] {dag.py:4180} INFO - Setting next_dagrun for example_branch_dop_operator_v3 to 2025-04-01 15:07:00+00:00, run_after=2025-04-01 15:08:00+00:00
[2025-04-01T15:08:19.160+0000] {processor.py:208} INFO - Processing /home/airflow/.local/lib/python3.12/site-packages/airflow/example_dags/example_branch_python_dop_operator_3.py took 0.235 seconds
[2025-04-01T15:08:49.420+0000] {processor.py:186} INFO - Started process (PID=136) to work on /home/airflow/.local/lib/python3.12/site-packages/airflow/example_dags/example_branch_python_dop_operator_3.py
[2025-04-01T15:08:49.421+0000] {processor.py:914} INFO - Processing file /home/airflow/.local/lib/python3.12/site-packages/airflow/example_dags/example_branch_python_dop_operator_3.py for tasks to queue
[2025-04-01T15:08:49.422+0000] {logging_mixin.py:190} INFO - [2025-04-01T15:08:49.422+0000] {dagbag.py:588} INFO - Filling up the DagBag from /home/airflow/.local/lib/python3.12/site-packages/airflow/example_dags/example_branch_python_dop_operator_3.py
[2025-04-01T15:08:49.430+0000] {processor.py:925} INFO - DAG(s) 'example_branch_dop_operator_v3' retrieved from /home/airflow/.local/lib/python3.12/site-packages/airflow/example_dags/example_branch_python_dop_operator_3.py
[2025-04-01T15:08:49.443+0000] {logging_mixin.py:190} INFO - [2025-04-01T15:08:49.443+0000] {dag.py:3239} INFO - Sync 1 DAGs
[2025-04-01T15:08:49.464+0000] {logging_mixin.py:190} INFO - [2025-04-01T15:08:49.464+0000] {dag.py:4180} INFO - Setting next_dagrun for example_branch_dop_operator_v3 to 2025-04-01 15:07:00+00:00, run_after=2025-04-01 15:08:00+00:00
[2025-04-01T15:08:49.480+0000] {processor.py:208} INFO - Processing /home/airflow/.local/lib/python3.12/site-packages/airflow/example_dags/example_branch_python_dop_operator_3.py took 0.063 seconds
[2025-04-01T15:09:20.237+0000] {processor.py:186} INFO - Started process (PID=202) to work on /home/airflow/.local/lib/python3.12/site-packages/airflow/example_dags/example_branch_python_dop_operator_3.py
[2025-04-01T15:09:20.237+0000] {processor.py:914} INFO - Processing file /home/airflow/.local/lib/python3.12/site-packages/airflow/example_dags/example_branch_python_dop_operator_3.py for tasks to queue
[2025-04-01T15:09:20.239+0000] {logging_mixin.py:190} INFO - [2025-04-01T15:09:20.239+0000] {dagbag.py:588} INFO - Filling up the DagBag from /home/airflow/.local/lib/python3.12/site-packages/airflow/example_dags/example_branch_python_dop_operator_3.py
[2025-04-01T15:09:20.249+0000] {processor.py:925} INFO - DAG(s) 'example_branch_dop_operator_v3' retrieved from /home/airflow/.local/lib/python3.12/site-packages/airflow/example_dags/example_branch_python_dop_operator_3.py
[2025-04-01T15:09:20.268+0000] {logging_mixin.py:190} INFO - [2025-04-01T15:09:20.267+0000] {dag.py:3239} INFO - Sync 1 DAGs
[2025-04-01T15:09:20.291+0000] {logging_mixin.py:190} INFO - [2025-04-01T15:09:20.291+0000] {dag.py:4180} INFO - Setting next_dagrun for example_branch_dop_operator_v3 to 2025-04-01 15:08:00+00:00, run_after=2025-04-01 15:09:00+00:00
[2025-04-01T15:09:20.309+0000] {processor.py:208} INFO - Processing /home/airflow/.local/lib/python3.12/site-packages/airflow/example_dags/example_branch_python_dop_operator_3.py took 0.077 seconds
[2025-04-01T15:09:50.858+0000] {processor.py:186} INFO - Started process (PID=267) to work on /home/airflow/.local/lib/python3.12/site-packages/airflow/example_dags/example_branch_python_dop_operator_3.py
[2025-04-01T15:09:50.859+0000] {processor.py:914} INFO - Processing file /home/airflow/.local/lib/python3.12/site-packages/airflow/example_dags/example_branch_python_dop_operator_3.py for tasks to queue
[2025-04-01T15:09:50.860+0000] {logging_mixin.py:190} INFO - [2025-04-01T15:09:50.860+0000] {dagbag.py:588} INFO - Filling up the DagBag from /home/airflow/.local/lib/python3.12/site-packages/airflow/example_dags/example_branch_python_dop_operator_3.py
[2025-04-01T15:09:50.868+0000] {processor.py:925} INFO - DAG(s) 'example_branch_dop_operator_v3' retrieved from /home/airflow/.local/lib/python3.12/site-packages/airflow/example_dags/example_branch_python_dop_operator_3.py
[2025-04-01T15:09:50.880+0000] {logging_mixin.py:190} INFO - [2025-04-01T15:09:50.879+0000] {dag.py:3239} INFO - Sync 1 DAGs
[2025-04-01T15:09:50.900+0000] {logging_mixin.py:190} INFO - [2025-04-01T15:09:50.899+0000] {dag.py:4180} INFO - Setting next_dagrun for example_branch_dop_operator_v3 to 2025-04-01 15:08:00+00:00, run_after=2025-04-01 15:09:00+00:00
[2025-04-01T15:09:50.918+0000] {processor.py:208} INFO - Processing /home/airflow/.local/lib/python3.12/site-packages/airflow/example_dags/example_branch_python_dop_operator_3.py took 0.064 seconds
[2025-04-01T15:10:21.943+0000] {processor.py:186} INFO - Started process (PID=331) to work on /home/airflow/.local/lib/python3.12/site-packages/airflow/example_dags/example_branch_python_dop_operator_3.py
[2025-04-01T15:10:21.947+0000] {processor.py:914} INFO - Processing file /home/airflow/.local/lib/python3.12/site-packages/airflow/example_dags/example_branch_python_dop_operator_3.py for tasks to queue
[2025-04-01T15:10:21.948+0000] {logging_mixin.py:190} INFO - [2025-04-01T15:10:21.948+0000] {dagbag.py:588} INFO - Filling up the DagBag from /home/airflow/.local/lib/python3.12/site-packages/airflow/example_dags/example_branch_python_dop_operator_3.py
[2025-04-01T15:10:21.958+0000] {processor.py:925} INFO - DAG(s) 'example_branch_dop_operator_v3' retrieved from /home/airflow/.local/lib/python3.12/site-packages/airflow/example_dags/example_branch_python_dop_operator_3.py
[2025-04-01T15:10:21.973+0000] {logging_mixin.py:190} INFO - [2025-04-01T15:10:21.973+0000] {dag.py:3239} INFO - Sync 1 DAGs
[2025-04-01T15:10:22.000+0000] {logging_mixin.py:190} INFO - [2025-04-01T15:10:22.000+0000] {dag.py:4180} INFO - Setting next_dagrun for example_branch_dop_operator_v3 to 2025-04-01 15:09:00+00:00, run_after=2025-04-01 15:10:00+00:00
[2025-04-01T15:10:22.017+0000] {processor.py:208} INFO - Processing /home/airflow/.local/lib/python3.12/site-packages/airflow/example_dags/example_branch_python_dop_operator_3.py took 0.081 seconds
[2025-04-01T15:10:52.255+0000] {processor.py:186} INFO - Started process (PID=396) to work on /home/airflow/.local/lib/python3.12/site-packages/airflow/example_dags/example_branch_python_dop_operator_3.py
[2025-04-01T15:10:52.255+0000] {processor.py:914} INFO - Processing file /home/airflow/.local/lib/python3.12/site-packages/airflow/example_dags/example_branch_python_dop_operator_3.py for tasks to queue
[2025-04-01T15:10:52.257+0000] {logging_mixin.py:190} INFO - [2025-04-01T15:10:52.257+0000] {dagbag.py:588} INFO - Filling up the DagBag from /home/airflow/.local/lib/python3.12/site-packages/airflow/example_dags/example_branch_python_dop_operator_3.py
[2025-04-01T15:10:52.265+0000] {processor.py:925} INFO - DAG(s) 'example_branch_dop_operator_v3' retrieved from /home/airflow/.local/lib/python3.12/site-packages/airflow/example_dags/example_branch_python_dop_operator_3.py
[2025-04-01T15:10:52.279+0000] {logging_mixin.py:190} INFO - [2025-04-01T15:10:52.278+0000] {dag.py:3239} INFO - Sync 1 DAGs
[2025-04-01T15:10:52.301+0000] {logging_mixin.py:190} INFO - [2025-04-01T15:10:52.301+0000] {dag.py:4180} INFO - Setting next_dagrun for example_branch_dop_operator_v3 to 2025-04-01 15:09:00+00:00, run_after=2025-04-01 15:10:00+00:00
[2025-04-01T15:10:52.333+0000] {processor.py:208} INFO - Processing /home/airflow/.local/lib/python3.12/site-packages/airflow/example_dags/example_branch_python_dop_operator_3.py took 0.083 seconds
[2025-04-01T15:11:22.390+0000] {processor.py:186} INFO - Started process (PID=461) to work on /home/airflow/.local/lib/python3.12/site-packages/airflow/example_dags/example_branch_python_dop_operator_3.py
[2025-04-01T15:11:22.391+0000] {processor.py:914} INFO - Processing file /home/airflow/.local/lib/python3.12/site-packages/airflow/example_dags/example_branch_python_dop_operator_3.py for tasks to queue
[2025-04-01T15:11:22.392+0000] {logging_mixin.py:190} INFO - [2025-04-01T15:11:22.392+0000] {dagbag.py:588} INFO - Filling up the DagBag from /home/airflow/.local/lib/python3.12/site-packages/airflow/example_dags/example_branch_python_dop_operator_3.py
[2025-04-01T15:11:22.399+0000] {processor.py:925} INFO - DAG(s) 'example_branch_dop_operator_v3' retrieved from /home/airflow/.local/lib/python3.12/site-packages/airflow/example_dags/example_branch_python_dop_operator_3.py
[2025-04-01T15:11:22.412+0000] {logging_mixin.py:190} INFO - [2025-04-01T15:11:22.412+0000] {dag.py:3239} INFO - Sync 1 DAGs
[2025-04-01T15:11:22.432+0000] {logging_mixin.py:190} INFO - [2025-04-01T15:11:22.432+0000] {dag.py:4180} INFO - Setting next_dagrun for example_branch_dop_operator_v3 to 2025-04-01 15:10:00+00:00, run_after=2025-04-01 15:11:00+00:00
[2025-04-01T15:11:22.446+0000] {processor.py:208} INFO - Processing /home/airflow/.local/lib/python3.12/site-packages/airflow/example_dags/example_branch_python_dop_operator_3.py took 0.061 seconds
[2025-04-01T15:11:52.519+0000] {processor.py:186} INFO - Started process (PID=526) to work on /home/airflow/.local/lib/python3.12/site-packages/airflow/example_dags/example_branch_python_dop_operator_3.py
[2025-04-01T15:11:52.520+0000] {processor.py:914} INFO - Processing file /home/airflow/.local/lib/python3.12/site-packages/airflow/example_dags/example_branch_python_dop_operator_3.py for tasks to queue
[2025-04-01T15:11:52.521+0000] {logging_mixin.py:190} INFO - [2025-04-01T15:11:52.521+0000] {dagbag.py:588} INFO - Filling up the DagBag from /home/airflow/.local/lib/python3.12/site-packages/airflow/example_dags/example_branch_python_dop_operator_3.py
[2025-04-01T15:11:52.529+0000] {processor.py:925} INFO - DAG(s) 'example_branch_dop_operator_v3' retrieved from /home/airflow/.local/lib/python3.12/site-packages/airflow/example_dags/example_branch_python_dop_operator_3.py
[2025-04-01T15:11:52.542+0000] {logging_mixin.py:190} INFO - [2025-04-01T15:11:52.542+0000] {dag.py:3239} INFO - Sync 1 DAGs
[2025-04-01T15:11:52.566+0000] {logging_mixin.py:190} INFO - [2025-04-01T15:11:52.565+0000] {dag.py:4180} INFO - Setting next_dagrun for example_branch_dop_operator_v3 to 2025-04-01 15:10:00+00:00, run_after=2025-04-01 15:11:00+00:00
[2025-04-01T15:11:52.581+0000] {processor.py:208} INFO - Processing /home/airflow/.local/lib/python3.12/site-packages/airflow/example_dags/example_branch_python_dop_operator_3.py took 0.066 seconds
[2025-04-01T15:12:22.780+0000] {processor.py:186} INFO - Started process (PID=591) to work on /home/airflow/.local/lib/python3.12/site-packages/airflow/example_dags/example_branch_python_dop_operator_3.py
[2025-04-01T15:12:22.781+0000] {processor.py:914} INFO - Processing file /home/airflow/.local/lib/python3.12/site-packages/airflow/example_dags/example_branch_python_dop_operator_3.py for tasks to queue
[2025-04-01T15:12:22.782+0000] {logging_mixin.py:190} INFO - [2025-04-01T15:12:22.782+0000] {dagbag.py:588} INFO - Filling up the DagBag from /home/airflow/.local/lib/python3.12/site-packages/airflow/example_dags/example_branch_python_dop_operator_3.py
[2025-04-01T15:12:22.790+0000] {processor.py:925} INFO - DAG(s) 'example_branch_dop_operator_v3' retrieved from /home/airflow/.local/lib/python3.12/site-packages/airflow/example_dags/example_branch_python_dop_operator_3.py
[2025-04-01T15:12:22.803+0000] {logging_mixin.py:190} INFO - [2025-04-01T15:12:22.803+0000] {dag.py:3239} INFO - Sync 1 DAGs
[2025-04-01T15:12:22.825+0000] {logging_mixin.py:190} INFO - [2025-04-01T15:12:22.825+0000] {dag.py:4180} INFO - Setting next_dagrun for example_branch_dop_operator_v3 to 2025-04-01 15:11:00+00:00, run_after=2025-04-01 15:12:00+00:00
[2025-04-01T15:12:22.840+0000] {processor.py:208} INFO - Processing /home/airflow/.local/lib/python3.12/site-packages/airflow/example_dags/example_branch_python_dop_operator_3.py took 0.065 seconds
[2025-04-01T15:12:53.607+0000] {processor.py:186} INFO - Started process (PID=656) to work on /home/airflow/.local/lib/python3.12/site-packages/airflow/example_dags/example_branch_python_dop_operator_3.py
[2025-04-01T15:12:53.609+0000] {processor.py:914} INFO - Processing file /home/airflow/.local/lib/python3.12/site-packages/airflow/example_dags/example_branch_python_dop_operator_3.py for tasks to queue
[2025-04-01T15:12:53.613+0000] {logging_mixin.py:190} INFO - [2025-04-01T15:12:53.612+0000] {dagbag.py:588} INFO - Filling up the DagBag from /home/airflow/.local/lib/python3.12/site-packages/airflow/example_dags/example_branch_python_dop_operator_3.py
[2025-04-01T15:12:53.624+0000] {processor.py:925} INFO - DAG(s) 'example_branch_dop_operator_v3' retrieved from /home/airflow/.local/lib/python3.12/site-packages/airflow/example_dags/example_branch_python_dop_operator_3.py
[2025-04-01T15:12:53.638+0000] {logging_mixin.py:190} INFO - [2025-04-01T15:12:53.637+0000] {dag.py:3239} INFO - Sync 1 DAGs
[2025-04-01T15:12:53.659+0000] {logging_mixin.py:190} INFO - [2025-04-01T15:12:53.658+0000] {dag.py:4180} INFO - Setting next_dagrun for example_branch_dop_operator_v3 to 2025-04-01 15:11:00+00:00, run_after=2025-04-01 15:12:00+00:00
[2025-04-01T15:12:53.674+0000] {processor.py:208} INFO - Processing /home/airflow/.local/lib/python3.12/site-packages/airflow/example_dags/example_branch_python_dop_operator_3.py took 0.074 seconds
[2025-04-01T15:13:24.446+0000] {processor.py:186} INFO - Started process (PID=721) to work on /home/airflow/.local/lib/python3.12/site-packages/airflow/example_dags/example_branch_python_dop_operator_3.py
[2025-04-01T15:13:24.447+0000] {processor.py:914} INFO - Processing file /home/airflow/.local/lib/python3.12/site-packages/airflow/example_dags/example_branch_python_dop_operator_3.py for tasks to queue
[2025-04-01T15:13:24.450+0000] {logging_mixin.py:190} INFO - [2025-04-01T15:13:24.449+0000] {dagbag.py:588} INFO - Filling up the DagBag from /home/airflow/.local/lib/python3.12/site-packages/airflow/example_dags/example_branch_python_dop_operator_3.py
[2025-04-01T15:13:24.460+0000] {processor.py:925} INFO - DAG(s) 'example_branch_dop_operator_v3' retrieved from /home/airflow/.local/lib/python3.12/site-packages/airflow/example_dags/example_branch_python_dop_operator_3.py
[2025-04-01T15:13:24.476+0000] {logging_mixin.py:190} INFO - [2025-04-01T15:13:24.476+0000] {dag.py:3239} INFO - Sync 1 DAGs
[2025-04-01T15:13:24.505+0000] {logging_mixin.py:190} INFO - [2025-04-01T15:13:24.504+0000] {dag.py:4180} INFO - Setting next_dagrun for example_branch_dop_operator_v3 to 2025-04-01 15:12:00+00:00, run_after=2025-04-01 15:13:00+00:00
[2025-04-01T15:13:24.520+0000] {processor.py:208} INFO - Processing /home/airflow/.local/lib/python3.12/site-packages/airflow/example_dags/example_branch_python_dop_operator_3.py took 0.079 seconds
