[2025-04-01T15:08:18.917+0000] {processor.py:186} INFO - Started process (PID=71) to work on /home/airflow/.local/lib/python3.12/site-packages/airflow/example_dags/example_complex.py
[2025-04-01T15:08:18.919+0000] {processor.py:914} INFO - Processing file /home/airflow/.local/lib/python3.12/site-packages/airflow/example_dags/example_complex.py for tasks to queue
[2025-04-01T15:08:18.921+0000] {logging_mixin.py:190} INFO - [2025-04-01T15:08:18.921+0000] {dagbag.py:588} INFO - Filling up the DagBag from /home/airflow/.local/lib/python3.12/site-packages/airflow/example_dags/example_complex.py
[2025-04-01T15:08:18.940+0000] {processor.py:925} INFO - DAG(s) 'example_complex' retrieved from /home/airflow/.local/lib/python3.12/site-packages/airflow/example_dags/example_complex.py
[2025-04-01T15:08:19.121+0000] {logging_mixin.py:190} INFO - [2025-04-01T15:08:19.120+0000] {override.py:1912} INFO - Created Permission View: can read on DAG:example_complex
[2025-04-01T15:08:19.133+0000] {logging_mixin.py:190} INFO - [2025-04-01T15:08:19.133+0000] {override.py:1912} INFO - Created Permission View: can edit on DAG:example_complex
[2025-04-01T15:08:19.141+0000] {logging_mixin.py:190} INFO - [2025-04-01T15:08:19.141+0000] {override.py:1912} INFO - Created Permission View: can delete on DAG:example_complex
[2025-04-01T15:08:19.151+0000] {logging_mixin.py:190} INFO - [2025-04-01T15:08:19.150+0000] {override.py:1912} INFO - Created Permission View: can read on DAG Run:example_complex
[2025-04-01T15:08:19.158+0000] {logging_mixin.py:190} INFO - [2025-04-01T15:08:19.158+0000] {override.py:1912} INFO - Created Permission View: can create on DAG Run:example_complex
[2025-04-01T15:08:19.167+0000] {logging_mixin.py:190} INFO - [2025-04-01T15:08:19.167+0000] {override.py:1912} INFO - Created Permission View: can delete on DAG Run:example_complex
[2025-04-01T15:08:19.173+0000] {logging_mixin.py:190} INFO - [2025-04-01T15:08:19.173+0000] {override.py:1912} INFO - Created Permission View: menu access on DAG Run:example_complex
[2025-04-01T15:08:19.173+0000] {logging_mixin.py:190} INFO - [2025-04-01T15:08:19.173+0000] {dag.py:3239} INFO - Sync 1 DAGs
[2025-04-01T15:08:19.189+0000] {logging_mixin.py:190} INFO - [2025-04-01T15:08:19.188+0000] {dag.py:3262} INFO - Creating ORM DAG for example_complex
[2025-04-01T15:08:19.190+0000] {logging_mixin.py:190} INFO - [2025-04-01T15:08:19.189+0000] {dag.py:4180} INFO - Setting next_dagrun for example_complex to None, run_after=None
[2025-04-01T15:08:19.215+0000] {processor.py:208} INFO - Processing /home/airflow/.local/lib/python3.12/site-packages/airflow/example_dags/example_complex.py took 0.317 seconds
[2025-04-01T15:08:49.499+0000] {processor.py:186} INFO - Started process (PID=137) to work on /home/airflow/.local/lib/python3.12/site-packages/airflow/example_dags/example_complex.py
[2025-04-01T15:08:49.499+0000] {processor.py:914} INFO - Processing file /home/airflow/.local/lib/python3.12/site-packages/airflow/example_dags/example_complex.py for tasks to queue
[2025-04-01T15:08:49.501+0000] {logging_mixin.py:190} INFO - [2025-04-01T15:08:49.501+0000] {dagbag.py:588} INFO - Filling up the DagBag from /home/airflow/.local/lib/python3.12/site-packages/airflow/example_dags/example_complex.py
[2025-04-01T15:08:49.512+0000] {processor.py:925} INFO - DAG(s) 'example_complex' retrieved from /home/airflow/.local/lib/python3.12/site-packages/airflow/example_dags/example_complex.py
[2025-04-01T15:08:49.532+0000] {logging_mixin.py:190} INFO - [2025-04-01T15:08:49.532+0000] {dag.py:3239} INFO - Sync 1 DAGs
[2025-04-01T15:08:49.547+0000] {logging_mixin.py:190} INFO - [2025-04-01T15:08:49.547+0000] {dag.py:4180} INFO - Setting next_dagrun for example_complex to None, run_after=None
[2025-04-01T15:08:49.563+0000] {processor.py:208} INFO - Processing /home/airflow/.local/lib/python3.12/site-packages/airflow/example_dags/example_complex.py took 0.069 seconds
[2025-04-01T15:09:20.176+0000] {processor.py:186} INFO - Started process (PID=201) to work on /home/airflow/.local/lib/python3.12/site-packages/airflow/example_dags/example_complex.py
[2025-04-01T15:09:20.177+0000] {processor.py:914} INFO - Processing file /home/airflow/.local/lib/python3.12/site-packages/airflow/example_dags/example_complex.py for tasks to queue
[2025-04-01T15:09:20.178+0000] {logging_mixin.py:190} INFO - [2025-04-01T15:09:20.178+0000] {dagbag.py:588} INFO - Filling up the DagBag from /home/airflow/.local/lib/python3.12/site-packages/airflow/example_dags/example_complex.py
[2025-04-01T15:09:20.187+0000] {processor.py:925} INFO - DAG(s) 'example_complex' retrieved from /home/airflow/.local/lib/python3.12/site-packages/airflow/example_dags/example_complex.py
[2025-04-01T15:09:20.210+0000] {logging_mixin.py:190} INFO - [2025-04-01T15:09:20.209+0000] {dag.py:3239} INFO - Sync 1 DAGs
[2025-04-01T15:09:20.222+0000] {logging_mixin.py:190} INFO - [2025-04-01T15:09:20.222+0000] {dag.py:4180} INFO - Setting next_dagrun for example_complex to None, run_after=None
[2025-04-01T15:09:20.239+0000] {processor.py:208} INFO - Processing /home/airflow/.local/lib/python3.12/site-packages/airflow/example_dags/example_complex.py took 0.066 seconds
[2025-04-01T15:09:50.792+0000] {processor.py:186} INFO - Started process (PID=266) to work on /home/airflow/.local/lib/python3.12/site-packages/airflow/example_dags/example_complex.py
[2025-04-01T15:09:50.793+0000] {processor.py:914} INFO - Processing file /home/airflow/.local/lib/python3.12/site-packages/airflow/example_dags/example_complex.py for tasks to queue
[2025-04-01T15:09:50.794+0000] {logging_mixin.py:190} INFO - [2025-04-01T15:09:50.794+0000] {dagbag.py:588} INFO - Filling up the DagBag from /home/airflow/.local/lib/python3.12/site-packages/airflow/example_dags/example_complex.py
[2025-04-01T15:09:50.803+0000] {processor.py:925} INFO - DAG(s) 'example_complex' retrieved from /home/airflow/.local/lib/python3.12/site-packages/airflow/example_dags/example_complex.py
[2025-04-01T15:09:50.824+0000] {logging_mixin.py:190} INFO - [2025-04-01T15:09:50.823+0000] {dag.py:3239} INFO - Sync 1 DAGs
[2025-04-01T15:09:50.833+0000] {logging_mixin.py:190} INFO - [2025-04-01T15:09:50.833+0000] {dag.py:4180} INFO - Setting next_dagrun for example_complex to None, run_after=None
[2025-04-01T15:09:50.846+0000] {processor.py:208} INFO - Processing /home/airflow/.local/lib/python3.12/site-packages/airflow/example_dags/example_complex.py took 0.058 seconds
[2025-04-01T15:10:21.900+0000] {processor.py:186} INFO - Started process (PID=330) to work on /home/airflow/.local/lib/python3.12/site-packages/airflow/example_dags/example_complex.py
[2025-04-01T15:10:21.904+0000] {processor.py:914} INFO - Processing file /home/airflow/.local/lib/python3.12/site-packages/airflow/example_dags/example_complex.py for tasks to queue
[2025-04-01T15:10:21.906+0000] {logging_mixin.py:190} INFO - [2025-04-01T15:10:21.906+0000] {dagbag.py:588} INFO - Filling up the DagBag from /home/airflow/.local/lib/python3.12/site-packages/airflow/example_dags/example_complex.py
[2025-04-01T15:10:21.916+0000] {processor.py:925} INFO - DAG(s) 'example_complex' retrieved from /home/airflow/.local/lib/python3.12/site-packages/airflow/example_dags/example_complex.py
[2025-04-01T15:10:21.957+0000] {logging_mixin.py:190} INFO - [2025-04-01T15:10:21.956+0000] {dag.py:3239} INFO - Sync 1 DAGs
[2025-04-01T15:10:21.975+0000] {logging_mixin.py:190} INFO - [2025-04-01T15:10:21.974+0000] {dag.py:4180} INFO - Setting next_dagrun for example_complex to None, run_after=None
[2025-04-01T15:10:22.002+0000] {processor.py:208} INFO - Processing /home/airflow/.local/lib/python3.12/site-packages/airflow/example_dags/example_complex.py took 0.107 seconds
[2025-04-01T15:10:52.198+0000] {processor.py:186} INFO - Started process (PID=395) to work on /home/airflow/.local/lib/python3.12/site-packages/airflow/example_dags/example_complex.py
[2025-04-01T15:10:52.200+0000] {processor.py:914} INFO - Processing file /home/airflow/.local/lib/python3.12/site-packages/airflow/example_dags/example_complex.py for tasks to queue
[2025-04-01T15:10:52.202+0000] {logging_mixin.py:190} INFO - [2025-04-01T15:10:52.202+0000] {dagbag.py:588} INFO - Filling up the DagBag from /home/airflow/.local/lib/python3.12/site-packages/airflow/example_dags/example_complex.py
[2025-04-01T15:10:52.212+0000] {processor.py:925} INFO - DAG(s) 'example_complex' retrieved from /home/airflow/.local/lib/python3.12/site-packages/airflow/example_dags/example_complex.py
[2025-04-01T15:10:52.236+0000] {logging_mixin.py:190} INFO - [2025-04-01T15:10:52.236+0000] {dag.py:3239} INFO - Sync 1 DAGs
[2025-04-01T15:10:52.250+0000] {logging_mixin.py:190} INFO - [2025-04-01T15:10:52.249+0000] {dag.py:4180} INFO - Setting next_dagrun for example_complex to None, run_after=None
[2025-04-01T15:10:52.283+0000] {processor.py:208} INFO - Processing /home/airflow/.local/lib/python3.12/site-packages/airflow/example_dags/example_complex.py took 0.089 seconds
[2025-04-01T15:11:22.327+0000] {processor.py:186} INFO - Started process (PID=460) to work on /home/airflow/.local/lib/python3.12/site-packages/airflow/example_dags/example_complex.py
[2025-04-01T15:11:22.327+0000] {processor.py:914} INFO - Processing file /home/airflow/.local/lib/python3.12/site-packages/airflow/example_dags/example_complex.py for tasks to queue
[2025-04-01T15:11:22.329+0000] {logging_mixin.py:190} INFO - [2025-04-01T15:11:22.329+0000] {dagbag.py:588} INFO - Filling up the DagBag from /home/airflow/.local/lib/python3.12/site-packages/airflow/example_dags/example_complex.py
[2025-04-01T15:11:22.338+0000] {processor.py:925} INFO - DAG(s) 'example_complex' retrieved from /home/airflow/.local/lib/python3.12/site-packages/airflow/example_dags/example_complex.py
[2025-04-01T15:11:22.360+0000] {logging_mixin.py:190} INFO - [2025-04-01T15:11:22.360+0000] {dag.py:3239} INFO - Sync 1 DAGs
[2025-04-01T15:11:22.372+0000] {logging_mixin.py:190} INFO - [2025-04-01T15:11:22.372+0000] {dag.py:4180} INFO - Setting next_dagrun for example_complex to None, run_after=None
[2025-04-01T15:11:22.387+0000] {processor.py:208} INFO - Processing /home/airflow/.local/lib/python3.12/site-packages/airflow/example_dags/example_complex.py took 0.065 seconds
[2025-04-01T15:11:52.490+0000] {processor.py:186} INFO - Started process (PID=525) to work on /home/airflow/.local/lib/python3.12/site-packages/airflow/example_dags/example_complex.py
[2025-04-01T15:11:52.491+0000] {processor.py:914} INFO - Processing file /home/airflow/.local/lib/python3.12/site-packages/airflow/example_dags/example_complex.py for tasks to queue
[2025-04-01T15:11:52.493+0000] {logging_mixin.py:190} INFO - [2025-04-01T15:11:52.492+0000] {dagbag.py:588} INFO - Filling up the DagBag from /home/airflow/.local/lib/python3.12/site-packages/airflow/example_dags/example_complex.py
[2025-04-01T15:11:52.502+0000] {processor.py:925} INFO - DAG(s) 'example_complex' retrieved from /home/airflow/.local/lib/python3.12/site-packages/airflow/example_dags/example_complex.py
[2025-04-01T15:11:52.525+0000] {logging_mixin.py:190} INFO - [2025-04-01T15:11:52.524+0000] {dag.py:3239} INFO - Sync 1 DAGs
[2025-04-01T15:11:52.536+0000] {logging_mixin.py:190} INFO - [2025-04-01T15:11:52.536+0000] {dag.py:4180} INFO - Setting next_dagrun for example_complex to None, run_after=None
[2025-04-01T15:11:52.549+0000] {processor.py:208} INFO - Processing /home/airflow/.local/lib/python3.12/site-packages/airflow/example_dags/example_complex.py took 0.063 seconds
[2025-04-01T15:12:22.720+0000] {processor.py:186} INFO - Started process (PID=590) to work on /home/airflow/.local/lib/python3.12/site-packages/airflow/example_dags/example_complex.py
[2025-04-01T15:12:22.720+0000] {processor.py:914} INFO - Processing file /home/airflow/.local/lib/python3.12/site-packages/airflow/example_dags/example_complex.py for tasks to queue
[2025-04-01T15:12:22.722+0000] {logging_mixin.py:190} INFO - [2025-04-01T15:12:22.721+0000] {dagbag.py:588} INFO - Filling up the DagBag from /home/airflow/.local/lib/python3.12/site-packages/airflow/example_dags/example_complex.py
[2025-04-01T15:12:22.731+0000] {processor.py:925} INFO - DAG(s) 'example_complex' retrieved from /home/airflow/.local/lib/python3.12/site-packages/airflow/example_dags/example_complex.py
[2025-04-01T15:12:22.754+0000] {logging_mixin.py:190} INFO - [2025-04-01T15:12:22.754+0000] {dag.py:3239} INFO - Sync 1 DAGs
[2025-04-01T15:12:22.767+0000] {logging_mixin.py:190} INFO - [2025-04-01T15:12:22.767+0000] {dag.py:4180} INFO - Setting next_dagrun for example_complex to None, run_after=None
[2025-04-01T15:12:22.782+0000] {processor.py:208} INFO - Processing /home/airflow/.local/lib/python3.12/site-packages/airflow/example_dags/example_complex.py took 0.066 seconds
[2025-04-01T15:12:53.553+0000] {processor.py:186} INFO - Started process (PID=655) to work on /home/airflow/.local/lib/python3.12/site-packages/airflow/example_dags/example_complex.py
[2025-04-01T15:12:53.555+0000] {processor.py:914} INFO - Processing file /home/airflow/.local/lib/python3.12/site-packages/airflow/example_dags/example_complex.py for tasks to queue
[2025-04-01T15:12:53.557+0000] {logging_mixin.py:190} INFO - [2025-04-01T15:12:53.557+0000] {dagbag.py:588} INFO - Filling up the DagBag from /home/airflow/.local/lib/python3.12/site-packages/airflow/example_dags/example_complex.py
[2025-04-01T15:12:53.575+0000] {processor.py:925} INFO - DAG(s) 'example_complex' retrieved from /home/airflow/.local/lib/python3.12/site-packages/airflow/example_dags/example_complex.py
[2025-04-01T15:12:53.622+0000] {logging_mixin.py:190} INFO - [2025-04-01T15:12:53.622+0000] {dag.py:3239} INFO - Sync 1 DAGs
[2025-04-01T15:12:53.634+0000] {logging_mixin.py:190} INFO - [2025-04-01T15:12:53.633+0000] {dag.py:4180} INFO - Setting next_dagrun for example_complex to None, run_after=None
[2025-04-01T15:12:53.653+0000] {processor.py:208} INFO - Processing /home/airflow/.local/lib/python3.12/site-packages/airflow/example_dags/example_complex.py took 0.108 seconds
[2025-04-01T15:13:24.366+0000] {processor.py:186} INFO - Started process (PID=720) to work on /home/airflow/.local/lib/python3.12/site-packages/airflow/example_dags/example_complex.py
[2025-04-01T15:13:24.367+0000] {processor.py:914} INFO - Processing file /home/airflow/.local/lib/python3.12/site-packages/airflow/example_dags/example_complex.py for tasks to queue
[2025-04-01T15:13:24.369+0000] {logging_mixin.py:190} INFO - [2025-04-01T15:13:24.368+0000] {dagbag.py:588} INFO - Filling up the DagBag from /home/airflow/.local/lib/python3.12/site-packages/airflow/example_dags/example_complex.py
[2025-04-01T15:13:24.380+0000] {processor.py:925} INFO - DAG(s) 'example_complex' retrieved from /home/airflow/.local/lib/python3.12/site-packages/airflow/example_dags/example_complex.py
[2025-04-01T15:13:24.406+0000] {logging_mixin.py:190} INFO - [2025-04-01T15:13:24.406+0000] {dag.py:3239} INFO - Sync 1 DAGs
[2025-04-01T15:13:24.419+0000] {logging_mixin.py:190} INFO - [2025-04-01T15:13:24.419+0000] {dag.py:4180} INFO - Setting next_dagrun for example_complex to None, run_after=None
[2025-04-01T15:13:24.434+0000] {processor.py:208} INFO - Processing /home/airflow/.local/lib/python3.12/site-packages/airflow/example_dags/example_complex.py took 0.074 seconds
