[2025-04-01T15:08:21.621+0000] {processor.py:186} INFO - Started process (PID=95) to work on /home/airflow/.local/lib/python3.12/site-packages/airflow/example_dags/example_sensor_decorator.py
[2025-04-01T15:08:21.621+0000] {processor.py:914} INFO - Processing file /home/airflow/.local/lib/python3.12/site-packages/airflow/example_dags/example_sensor_decorator.py for tasks to queue
[2025-04-01T15:08:21.623+0000] {logging_mixin.py:190} INFO - [2025-04-01T15:08:21.623+0000] {dagbag.py:588} INFO - Filling up the DagBag from /home/airflow/.local/lib/python3.12/site-packages/airflow/example_dags/example_sensor_decorator.py
[2025-04-01T15:08:21.631+0000] {processor.py:925} INFO - DAG(s) 'example_sensor_decorator' retrieved from /home/airflow/.local/lib/python3.12/site-packages/airflow/example_dags/example_sensor_decorator.py
[2025-04-01T15:08:21.713+0000] {logging_mixin.py:190} INFO - [2025-04-01T15:08:21.712+0000] {override.py:1912} INFO - Created Permission View: can read on DAG:example_sensor_decorator
[2025-04-01T15:08:21.720+0000] {logging_mixin.py:190} INFO - [2025-04-01T15:08:21.720+0000] {override.py:1912} INFO - Created Permission View: can edit on DAG:example_sensor_decorator
[2025-04-01T15:08:21.726+0000] {logging_mixin.py:190} INFO - [2025-04-01T15:08:21.725+0000] {override.py:1912} INFO - Created Permission View: can delete on DAG:example_sensor_decorator
[2025-04-01T15:08:21.732+0000] {logging_mixin.py:190} INFO - [2025-04-01T15:08:21.732+0000] {override.py:1912} INFO - Created Permission View: can read on DAG Run:example_sensor_decorator
[2025-04-01T15:08:21.740+0000] {logging_mixin.py:190} INFO - [2025-04-01T15:08:21.740+0000] {override.py:1912} INFO - Created Permission View: can create on DAG Run:example_sensor_decorator
[2025-04-01T15:08:21.746+0000] {logging_mixin.py:190} INFO - [2025-04-01T15:08:21.746+0000] {override.py:1912} INFO - Created Permission View: can delete on DAG Run:example_sensor_decorator
[2025-04-01T15:08:21.752+0000] {logging_mixin.py:190} INFO - [2025-04-01T15:08:21.751+0000] {override.py:1912} INFO - Created Permission View: menu access on DAG Run:example_sensor_decorator
[2025-04-01T15:08:21.752+0000] {logging_mixin.py:190} INFO - [2025-04-01T15:08:21.752+0000] {dag.py:3239} INFO - Sync 1 DAGs
[2025-04-01T15:08:21.761+0000] {logging_mixin.py:190} INFO - [2025-04-01T15:08:21.761+0000] {dag.py:3262} INFO - Creating ORM DAG for example_sensor_decorator
[2025-04-01T15:08:21.762+0000] {logging_mixin.py:190} INFO - [2025-04-01T15:08:21.762+0000] {dag.py:4180} INFO - Setting next_dagrun for example_sensor_decorator to None, run_after=None
[2025-04-01T15:08:21.774+0000] {processor.py:208} INFO - Processing /home/airflow/.local/lib/python3.12/site-packages/airflow/example_dags/example_sensor_decorator.py took 0.159 seconds
[2025-04-01T15:08:52.403+0000] {processor.py:186} INFO - Started process (PID=160) to work on /home/airflow/.local/lib/python3.12/site-packages/airflow/example_dags/example_sensor_decorator.py
[2025-04-01T15:08:52.404+0000] {processor.py:914} INFO - Processing file /home/airflow/.local/lib/python3.12/site-packages/airflow/example_dags/example_sensor_decorator.py for tasks to queue
[2025-04-01T15:08:52.405+0000] {logging_mixin.py:190} INFO - [2025-04-01T15:08:52.405+0000] {dagbag.py:588} INFO - Filling up the DagBag from /home/airflow/.local/lib/python3.12/site-packages/airflow/example_dags/example_sensor_decorator.py
[2025-04-01T15:08:52.413+0000] {processor.py:925} INFO - DAG(s) 'example_sensor_decorator' retrieved from /home/airflow/.local/lib/python3.12/site-packages/airflow/example_dags/example_sensor_decorator.py
[2025-04-01T15:08:52.427+0000] {logging_mixin.py:190} INFO - [2025-04-01T15:08:52.427+0000] {dag.py:3239} INFO - Sync 1 DAGs
[2025-04-01T15:08:52.439+0000] {logging_mixin.py:190} INFO - [2025-04-01T15:08:52.439+0000] {dag.py:4180} INFO - Setting next_dagrun for example_sensor_decorator to None, run_after=None
[2025-04-01T15:08:52.459+0000] {processor.py:208} INFO - Processing /home/airflow/.local/lib/python3.12/site-packages/airflow/example_dags/example_sensor_decorator.py took 0.060 seconds
[2025-04-01T15:09:23.227+0000] {processor.py:186} INFO - Started process (PID=225) to work on /home/airflow/.local/lib/python3.12/site-packages/airflow/example_dags/example_sensor_decorator.py
[2025-04-01T15:09:23.227+0000] {processor.py:914} INFO - Processing file /home/airflow/.local/lib/python3.12/site-packages/airflow/example_dags/example_sensor_decorator.py for tasks to queue
[2025-04-01T15:09:23.229+0000] {logging_mixin.py:190} INFO - [2025-04-01T15:09:23.228+0000] {dagbag.py:588} INFO - Filling up the DagBag from /home/airflow/.local/lib/python3.12/site-packages/airflow/example_dags/example_sensor_decorator.py
[2025-04-01T15:09:23.234+0000] {processor.py:925} INFO - DAG(s) 'example_sensor_decorator' retrieved from /home/airflow/.local/lib/python3.12/site-packages/airflow/example_dags/example_sensor_decorator.py
[2025-04-01T15:09:23.246+0000] {logging_mixin.py:190} INFO - [2025-04-01T15:09:23.246+0000] {dag.py:3239} INFO - Sync 1 DAGs
[2025-04-01T15:09:23.256+0000] {logging_mixin.py:190} INFO - [2025-04-01T15:09:23.255+0000] {dag.py:4180} INFO - Setting next_dagrun for example_sensor_decorator to None, run_after=None
[2025-04-01T15:09:23.269+0000] {processor.py:208} INFO - Processing /home/airflow/.local/lib/python3.12/site-packages/airflow/example_dags/example_sensor_decorator.py took 0.045 seconds
[2025-04-01T15:09:53.673+0000] {processor.py:186} INFO - Started process (PID=290) to work on /home/airflow/.local/lib/python3.12/site-packages/airflow/example_dags/example_sensor_decorator.py
[2025-04-01T15:09:53.673+0000] {processor.py:914} INFO - Processing file /home/airflow/.local/lib/python3.12/site-packages/airflow/example_dags/example_sensor_decorator.py for tasks to queue
[2025-04-01T15:09:53.676+0000] {logging_mixin.py:190} INFO - [2025-04-01T15:09:53.675+0000] {dagbag.py:588} INFO - Filling up the DagBag from /home/airflow/.local/lib/python3.12/site-packages/airflow/example_dags/example_sensor_decorator.py
[2025-04-01T15:09:53.683+0000] {processor.py:925} INFO - DAG(s) 'example_sensor_decorator' retrieved from /home/airflow/.local/lib/python3.12/site-packages/airflow/example_dags/example_sensor_decorator.py
[2025-04-01T15:09:53.698+0000] {logging_mixin.py:190} INFO - [2025-04-01T15:09:53.698+0000] {dag.py:3239} INFO - Sync 1 DAGs
[2025-04-01T15:09:53.711+0000] {logging_mixin.py:190} INFO - [2025-04-01T15:09:53.711+0000] {dag.py:4180} INFO - Setting next_dagrun for example_sensor_decorator to None, run_after=None
[2025-04-01T15:09:53.726+0000] {processor.py:208} INFO - Processing /home/airflow/.local/lib/python3.12/site-packages/airflow/example_dags/example_sensor_decorator.py took 0.059 seconds
[2025-04-01T15:10:23.950+0000] {processor.py:186} INFO - Started process (PID=354) to work on /home/airflow/.local/lib/python3.12/site-packages/airflow/example_dags/example_sensor_decorator.py
[2025-04-01T15:10:23.950+0000] {processor.py:914} INFO - Processing file /home/airflow/.local/lib/python3.12/site-packages/airflow/example_dags/example_sensor_decorator.py for tasks to queue
[2025-04-01T15:10:23.952+0000] {logging_mixin.py:190} INFO - [2025-04-01T15:10:23.951+0000] {dagbag.py:588} INFO - Filling up the DagBag from /home/airflow/.local/lib/python3.12/site-packages/airflow/example_dags/example_sensor_decorator.py
[2025-04-01T15:10:23.957+0000] {processor.py:925} INFO - DAG(s) 'example_sensor_decorator' retrieved from /home/airflow/.local/lib/python3.12/site-packages/airflow/example_dags/example_sensor_decorator.py
[2025-04-01T15:10:23.970+0000] {logging_mixin.py:190} INFO - [2025-04-01T15:10:23.969+0000] {dag.py:3239} INFO - Sync 1 DAGs
[2025-04-01T15:10:23.979+0000] {logging_mixin.py:190} INFO - [2025-04-01T15:10:23.979+0000] {dag.py:4180} INFO - Setting next_dagrun for example_sensor_decorator to None, run_after=None
[2025-04-01T15:10:23.996+0000] {processor.py:208} INFO - Processing /home/airflow/.local/lib/python3.12/site-packages/airflow/example_dags/example_sensor_decorator.py took 0.050 seconds
[2025-04-01T15:10:54.449+0000] {processor.py:186} INFO - Started process (PID=419) to work on /home/airflow/.local/lib/python3.12/site-packages/airflow/example_dags/example_sensor_decorator.py
[2025-04-01T15:10:54.449+0000] {processor.py:914} INFO - Processing file /home/airflow/.local/lib/python3.12/site-packages/airflow/example_dags/example_sensor_decorator.py for tasks to queue
[2025-04-01T15:10:54.450+0000] {logging_mixin.py:190} INFO - [2025-04-01T15:10:54.450+0000] {dagbag.py:588} INFO - Filling up the DagBag from /home/airflow/.local/lib/python3.12/site-packages/airflow/example_dags/example_sensor_decorator.py
[2025-04-01T15:10:54.456+0000] {processor.py:925} INFO - DAG(s) 'example_sensor_decorator' retrieved from /home/airflow/.local/lib/python3.12/site-packages/airflow/example_dags/example_sensor_decorator.py
[2025-04-01T15:10:54.470+0000] {logging_mixin.py:190} INFO - [2025-04-01T15:10:54.469+0000] {dag.py:3239} INFO - Sync 1 DAGs
[2025-04-01T15:10:54.481+0000] {logging_mixin.py:190} INFO - [2025-04-01T15:10:54.481+0000] {dag.py:4180} INFO - Setting next_dagrun for example_sensor_decorator to None, run_after=None
[2025-04-01T15:10:54.498+0000] {processor.py:208} INFO - Processing /home/airflow/.local/lib/python3.12/site-packages/airflow/example_dags/example_sensor_decorator.py took 0.054 seconds
[2025-04-01T15:11:24.543+0000] {processor.py:186} INFO - Started process (PID=484) to work on /home/airflow/.local/lib/python3.12/site-packages/airflow/example_dags/example_sensor_decorator.py
[2025-04-01T15:11:24.544+0000] {processor.py:914} INFO - Processing file /home/airflow/.local/lib/python3.12/site-packages/airflow/example_dags/example_sensor_decorator.py for tasks to queue
[2025-04-01T15:11:24.545+0000] {logging_mixin.py:190} INFO - [2025-04-01T15:11:24.545+0000] {dagbag.py:588} INFO - Filling up the DagBag from /home/airflow/.local/lib/python3.12/site-packages/airflow/example_dags/example_sensor_decorator.py
[2025-04-01T15:11:24.551+0000] {processor.py:925} INFO - DAG(s) 'example_sensor_decorator' retrieved from /home/airflow/.local/lib/python3.12/site-packages/airflow/example_dags/example_sensor_decorator.py
[2025-04-01T15:11:24.565+0000] {logging_mixin.py:190} INFO - [2025-04-01T15:11:24.564+0000] {dag.py:3239} INFO - Sync 1 DAGs
[2025-04-01T15:11:24.574+0000] {logging_mixin.py:190} INFO - [2025-04-01T15:11:24.574+0000] {dag.py:4180} INFO - Setting next_dagrun for example_sensor_decorator to None, run_after=None
[2025-04-01T15:11:24.588+0000] {processor.py:208} INFO - Processing /home/airflow/.local/lib/python3.12/site-packages/airflow/example_dags/example_sensor_decorator.py took 0.049 seconds
[2025-04-01T15:11:54.710+0000] {processor.py:186} INFO - Started process (PID=549) to work on /home/airflow/.local/lib/python3.12/site-packages/airflow/example_dags/example_sensor_decorator.py
[2025-04-01T15:11:54.711+0000] {processor.py:914} INFO - Processing file /home/airflow/.local/lib/python3.12/site-packages/airflow/example_dags/example_sensor_decorator.py for tasks to queue
[2025-04-01T15:11:54.712+0000] {logging_mixin.py:190} INFO - [2025-04-01T15:11:54.712+0000] {dagbag.py:588} INFO - Filling up the DagBag from /home/airflow/.local/lib/python3.12/site-packages/airflow/example_dags/example_sensor_decorator.py
[2025-04-01T15:11:54.717+0000] {processor.py:925} INFO - DAG(s) 'example_sensor_decorator' retrieved from /home/airflow/.local/lib/python3.12/site-packages/airflow/example_dags/example_sensor_decorator.py
[2025-04-01T15:11:54.730+0000] {logging_mixin.py:190} INFO - [2025-04-01T15:11:54.729+0000] {dag.py:3239} INFO - Sync 1 DAGs
[2025-04-01T15:11:54.738+0000] {logging_mixin.py:190} INFO - [2025-04-01T15:11:54.738+0000] {dag.py:4180} INFO - Setting next_dagrun for example_sensor_decorator to None, run_after=None
[2025-04-01T15:11:54.754+0000] {processor.py:208} INFO - Processing /home/airflow/.local/lib/python3.12/site-packages/airflow/example_dags/example_sensor_decorator.py took 0.047 seconds
[2025-04-01T15:12:25.709+0000] {processor.py:186} INFO - Started process (PID=614) to work on /home/airflow/.local/lib/python3.12/site-packages/airflow/example_dags/example_sensor_decorator.py
[2025-04-01T15:12:25.710+0000] {processor.py:914} INFO - Processing file /home/airflow/.local/lib/python3.12/site-packages/airflow/example_dags/example_sensor_decorator.py for tasks to queue
[2025-04-01T15:12:25.711+0000] {logging_mixin.py:190} INFO - [2025-04-01T15:12:25.711+0000] {dagbag.py:588} INFO - Filling up the DagBag from /home/airflow/.local/lib/python3.12/site-packages/airflow/example_dags/example_sensor_decorator.py
[2025-04-01T15:12:25.717+0000] {processor.py:925} INFO - DAG(s) 'example_sensor_decorator' retrieved from /home/airflow/.local/lib/python3.12/site-packages/airflow/example_dags/example_sensor_decorator.py
[2025-04-01T15:12:25.730+0000] {logging_mixin.py:190} INFO - [2025-04-01T15:12:25.729+0000] {dag.py:3239} INFO - Sync 1 DAGs
[2025-04-01T15:12:25.740+0000] {logging_mixin.py:190} INFO - [2025-04-01T15:12:25.740+0000] {dag.py:4180} INFO - Setting next_dagrun for example_sensor_decorator to None, run_after=None
[2025-04-01T15:12:25.758+0000] {processor.py:208} INFO - Processing /home/airflow/.local/lib/python3.12/site-packages/airflow/example_dags/example_sensor_decorator.py took 0.053 seconds
[2025-04-01T15:12:56.572+0000] {processor.py:186} INFO - Started process (PID=679) to work on /home/airflow/.local/lib/python3.12/site-packages/airflow/example_dags/example_sensor_decorator.py
[2025-04-01T15:12:56.573+0000] {processor.py:914} INFO - Processing file /home/airflow/.local/lib/python3.12/site-packages/airflow/example_dags/example_sensor_decorator.py for tasks to queue
[2025-04-01T15:12:56.574+0000] {logging_mixin.py:190} INFO - [2025-04-01T15:12:56.574+0000] {dagbag.py:588} INFO - Filling up the DagBag from /home/airflow/.local/lib/python3.12/site-packages/airflow/example_dags/example_sensor_decorator.py
[2025-04-01T15:12:56.580+0000] {processor.py:925} INFO - DAG(s) 'example_sensor_decorator' retrieved from /home/airflow/.local/lib/python3.12/site-packages/airflow/example_dags/example_sensor_decorator.py
[2025-04-01T15:12:56.591+0000] {logging_mixin.py:190} INFO - [2025-04-01T15:12:56.591+0000] {dag.py:3239} INFO - Sync 1 DAGs
[2025-04-01T15:12:56.600+0000] {logging_mixin.py:190} INFO - [2025-04-01T15:12:56.600+0000] {dag.py:4180} INFO - Setting next_dagrun for example_sensor_decorator to None, run_after=None
[2025-04-01T15:12:56.614+0000] {processor.py:208} INFO - Processing /home/airflow/.local/lib/python3.12/site-packages/airflow/example_dags/example_sensor_decorator.py took 0.045 seconds
[2025-04-01T15:13:27.616+0000] {processor.py:186} INFO - Started process (PID=744) to work on /home/airflow/.local/lib/python3.12/site-packages/airflow/example_dags/example_sensor_decorator.py
[2025-04-01T15:13:27.616+0000] {processor.py:914} INFO - Processing file /home/airflow/.local/lib/python3.12/site-packages/airflow/example_dags/example_sensor_decorator.py for tasks to queue
[2025-04-01T15:13:27.619+0000] {logging_mixin.py:190} INFO - [2025-04-01T15:13:27.618+0000] {dagbag.py:588} INFO - Filling up the DagBag from /home/airflow/.local/lib/python3.12/site-packages/airflow/example_dags/example_sensor_decorator.py
[2025-04-01T15:13:27.627+0000] {processor.py:925} INFO - DAG(s) 'example_sensor_decorator' retrieved from /home/airflow/.local/lib/python3.12/site-packages/airflow/example_dags/example_sensor_decorator.py
[2025-04-01T15:13:27.641+0000] {logging_mixin.py:190} INFO - [2025-04-01T15:13:27.640+0000] {dag.py:3239} INFO - Sync 1 DAGs
[2025-04-01T15:13:27.650+0000] {logging_mixin.py:190} INFO - [2025-04-01T15:13:27.650+0000] {dag.py:4180} INFO - Setting next_dagrun for example_sensor_decorator to None, run_after=None
[2025-04-01T15:13:27.668+0000] {processor.py:208} INFO - Processing /home/airflow/.local/lib/python3.12/site-packages/airflow/example_dags/example_sensor_decorator.py took 0.056 seconds
