[2025-04-01T15:08:20.501+0000] {processor.py:186} INFO - Started process (PID=85) to work on /home/airflow/.local/lib/python3.12/site-packages/airflow/example_dags/example_external_task_marker_dag.py
[2025-04-01T15:08:20.501+0000] {processor.py:914} INFO - Processing file /home/airflow/.local/lib/python3.12/site-packages/airflow/example_dags/example_external_task_marker_dag.py for tasks to queue
[2025-04-01T15:08:20.503+0000] {logging_mixin.py:190} INFO - [2025-04-01T15:08:20.503+0000] {dagbag.py:588} INFO - Filling up the DagBag from /home/airflow/.local/lib/python3.12/site-packages/airflow/example_dags/example_external_task_marker_dag.py
[2025-04-01T15:08:20.510+0000] {processor.py:925} INFO - DAG(s) 'example_external_task_marker_parent', 'example_external_task_marker_child' retrieved from /home/airflow/.local/lib/python3.12/site-packages/airflow/example_dags/example_external_task_marker_dag.py
[2025-04-01T15:08:20.606+0000] {logging_mixin.py:190} INFO - [2025-04-01T15:08:20.606+0000] {override.py:1912} INFO - Created Permission View: can read on DAG:example_external_task_marker_parent
[2025-04-01T15:08:20.615+0000] {logging_mixin.py:190} INFO - [2025-04-01T15:08:20.615+0000] {override.py:1912} INFO - Created Permission View: can edit on DAG:example_external_task_marker_parent
[2025-04-01T15:08:20.620+0000] {logging_mixin.py:190} INFO - [2025-04-01T15:08:20.620+0000] {override.py:1912} INFO - Created Permission View: can delete on DAG:example_external_task_marker_parent
[2025-04-01T15:08:20.627+0000] {logging_mixin.py:190} INFO - [2025-04-01T15:08:20.627+0000] {override.py:1912} INFO - Created Permission View: can read on DAG Run:example_external_task_marker_parent
[2025-04-01T15:08:20.633+0000] {logging_mixin.py:190} INFO - [2025-04-01T15:08:20.633+0000] {override.py:1912} INFO - Created Permission View: can create on DAG Run:example_external_task_marker_parent
[2025-04-01T15:08:20.639+0000] {logging_mixin.py:190} INFO - [2025-04-01T15:08:20.639+0000] {override.py:1912} INFO - Created Permission View: can delete on DAG Run:example_external_task_marker_parent
[2025-04-01T15:08:20.644+0000] {logging_mixin.py:190} INFO - [2025-04-01T15:08:20.644+0000] {override.py:1912} INFO - Created Permission View: menu access on DAG Run:example_external_task_marker_parent
[2025-04-01T15:08:20.656+0000] {logging_mixin.py:190} INFO - [2025-04-01T15:08:20.655+0000] {override.py:1912} INFO - Created Permission View: can read on DAG:example_external_task_marker_child
[2025-04-01T15:08:20.661+0000] {logging_mixin.py:190} INFO - [2025-04-01T15:08:20.661+0000] {override.py:1912} INFO - Created Permission View: can edit on DAG:example_external_task_marker_child
[2025-04-01T15:08:20.667+0000] {logging_mixin.py:190} INFO - [2025-04-01T15:08:20.667+0000] {override.py:1912} INFO - Created Permission View: can delete on DAG:example_external_task_marker_child
[2025-04-01T15:08:20.673+0000] {logging_mixin.py:190} INFO - [2025-04-01T15:08:20.673+0000] {override.py:1912} INFO - Created Permission View: can read on DAG Run:example_external_task_marker_child
[2025-04-01T15:08:20.679+0000] {logging_mixin.py:190} INFO - [2025-04-01T15:08:20.679+0000] {override.py:1912} INFO - Created Permission View: can create on DAG Run:example_external_task_marker_child
[2025-04-01T15:08:20.687+0000] {logging_mixin.py:190} INFO - [2025-04-01T15:08:20.687+0000] {override.py:1912} INFO - Created Permission View: can delete on DAG Run:example_external_task_marker_child
[2025-04-01T15:08:20.695+0000] {logging_mixin.py:190} INFO - [2025-04-01T15:08:20.694+0000] {override.py:1912} INFO - Created Permission View: menu access on DAG Run:example_external_task_marker_child
[2025-04-01T15:08:20.695+0000] {logging_mixin.py:190} INFO - [2025-04-01T15:08:20.695+0000] {dag.py:3239} INFO - Sync 2 DAGs
[2025-04-01T15:08:20.711+0000] {logging_mixin.py:190} INFO - [2025-04-01T15:08:20.711+0000] {dag.py:3262} INFO - Creating ORM DAG for example_external_task_marker_child
[2025-04-01T15:08:20.712+0000] {logging_mixin.py:190} INFO - [2025-04-01T15:08:20.711+0000] {dag.py:3262} INFO - Creating ORM DAG for example_external_task_marker_parent
[2025-04-01T15:08:20.712+0000] {logging_mixin.py:190} INFO - [2025-04-01T15:08:20.712+0000] {dag.py:4180} INFO - Setting next_dagrun for example_external_task_marker_child to None, run_after=None
[2025-04-01T15:08:20.713+0000] {logging_mixin.py:190} INFO - [2025-04-01T15:08:20.712+0000] {dag.py:4180} INFO - Setting next_dagrun for example_external_task_marker_parent to None, run_after=None
[2025-04-01T15:08:20.728+0000] {processor.py:208} INFO - Processing /home/airflow/.local/lib/python3.12/site-packages/airflow/example_dags/example_external_task_marker_dag.py took 0.232 seconds
[2025-04-01T15:08:50.934+0000] {processor.py:186} INFO - Started process (PID=150) to work on /home/airflow/.local/lib/python3.12/site-packages/airflow/example_dags/example_external_task_marker_dag.py
[2025-04-01T15:08:50.934+0000] {processor.py:914} INFO - Processing file /home/airflow/.local/lib/python3.12/site-packages/airflow/example_dags/example_external_task_marker_dag.py for tasks to queue
[2025-04-01T15:08:50.936+0000] {logging_mixin.py:190} INFO - [2025-04-01T15:08:50.936+0000] {dagbag.py:588} INFO - Filling up the DagBag from /home/airflow/.local/lib/python3.12/site-packages/airflow/example_dags/example_external_task_marker_dag.py
[2025-04-01T15:08:50.943+0000] {processor.py:925} INFO - DAG(s) 'example_external_task_marker_parent', 'example_external_task_marker_child' retrieved from /home/airflow/.local/lib/python3.12/site-packages/airflow/example_dags/example_external_task_marker_dag.py
[2025-04-01T15:08:50.960+0000] {logging_mixin.py:190} INFO - [2025-04-01T15:08:50.960+0000] {dag.py:3239} INFO - Sync 2 DAGs
[2025-04-01T15:08:50.971+0000] {logging_mixin.py:190} INFO - [2025-04-01T15:08:50.970+0000] {dag.py:4180} INFO - Setting next_dagrun for example_external_task_marker_child to None, run_after=None
[2025-04-01T15:08:50.974+0000] {logging_mixin.py:190} INFO - [2025-04-01T15:08:50.974+0000] {dag.py:4180} INFO - Setting next_dagrun for example_external_task_marker_parent to None, run_after=None
[2025-04-01T15:08:50.985+0000] {processor.py:208} INFO - Processing /home/airflow/.local/lib/python3.12/site-packages/airflow/example_dags/example_external_task_marker_dag.py took 0.055 seconds
[2025-04-01T15:09:21.765+0000] {processor.py:186} INFO - Started process (PID=215) to work on /home/airflow/.local/lib/python3.12/site-packages/airflow/example_dags/example_external_task_marker_dag.py
[2025-04-01T15:09:21.766+0000] {processor.py:914} INFO - Processing file /home/airflow/.local/lib/python3.12/site-packages/airflow/example_dags/example_external_task_marker_dag.py for tasks to queue
[2025-04-01T15:09:21.767+0000] {logging_mixin.py:190} INFO - [2025-04-01T15:09:21.767+0000] {dagbag.py:588} INFO - Filling up the DagBag from /home/airflow/.local/lib/python3.12/site-packages/airflow/example_dags/example_external_task_marker_dag.py
[2025-04-01T15:09:21.772+0000] {processor.py:925} INFO - DAG(s) 'example_external_task_marker_parent', 'example_external_task_marker_child' retrieved from /home/airflow/.local/lib/python3.12/site-packages/airflow/example_dags/example_external_task_marker_dag.py
[2025-04-01T15:09:21.788+0000] {logging_mixin.py:190} INFO - [2025-04-01T15:09:21.787+0000] {dag.py:3239} INFO - Sync 2 DAGs
[2025-04-01T15:09:21.798+0000] {logging_mixin.py:190} INFO - [2025-04-01T15:09:21.798+0000] {dag.py:4180} INFO - Setting next_dagrun for example_external_task_marker_child to None, run_after=None
[2025-04-01T15:09:21.801+0000] {logging_mixin.py:190} INFO - [2025-04-01T15:09:21.801+0000] {dag.py:4180} INFO - Setting next_dagrun for example_external_task_marker_parent to None, run_after=None
[2025-04-01T15:09:21.816+0000] {processor.py:208} INFO - Processing /home/airflow/.local/lib/python3.12/site-packages/airflow/example_dags/example_external_task_marker_dag.py took 0.054 seconds
[2025-04-01T15:09:52.269+0000] {processor.py:186} INFO - Started process (PID=280) to work on /home/airflow/.local/lib/python3.12/site-packages/airflow/example_dags/example_external_task_marker_dag.py
[2025-04-01T15:09:52.270+0000] {processor.py:914} INFO - Processing file /home/airflow/.local/lib/python3.12/site-packages/airflow/example_dags/example_external_task_marker_dag.py for tasks to queue
[2025-04-01T15:09:52.271+0000] {logging_mixin.py:190} INFO - [2025-04-01T15:09:52.271+0000] {dagbag.py:588} INFO - Filling up the DagBag from /home/airflow/.local/lib/python3.12/site-packages/airflow/example_dags/example_external_task_marker_dag.py
[2025-04-01T15:09:52.277+0000] {processor.py:925} INFO - DAG(s) 'example_external_task_marker_child', 'example_external_task_marker_parent' retrieved from /home/airflow/.local/lib/python3.12/site-packages/airflow/example_dags/example_external_task_marker_dag.py
[2025-04-01T15:09:52.294+0000] {logging_mixin.py:190} INFO - [2025-04-01T15:09:52.294+0000] {dag.py:3239} INFO - Sync 2 DAGs
[2025-04-01T15:09:52.305+0000] {logging_mixin.py:190} INFO - [2025-04-01T15:09:52.304+0000] {dag.py:4180} INFO - Setting next_dagrun for example_external_task_marker_child to None, run_after=None
[2025-04-01T15:09:52.308+0000] {logging_mixin.py:190} INFO - [2025-04-01T15:09:52.308+0000] {dag.py:4180} INFO - Setting next_dagrun for example_external_task_marker_parent to None, run_after=None
[2025-04-01T15:09:52.319+0000] {processor.py:208} INFO - Processing /home/airflow/.local/lib/python3.12/site-packages/airflow/example_dags/example_external_task_marker_dag.py took 0.054 seconds
[2025-04-01T15:10:22.556+0000] {processor.py:186} INFO - Started process (PID=344) to work on /home/airflow/.local/lib/python3.12/site-packages/airflow/example_dags/example_external_task_marker_dag.py
[2025-04-01T15:10:22.557+0000] {processor.py:914} INFO - Processing file /home/airflow/.local/lib/python3.12/site-packages/airflow/example_dags/example_external_task_marker_dag.py for tasks to queue
[2025-04-01T15:10:22.559+0000] {logging_mixin.py:190} INFO - [2025-04-01T15:10:22.558+0000] {dagbag.py:588} INFO - Filling up the DagBag from /home/airflow/.local/lib/python3.12/site-packages/airflow/example_dags/example_external_task_marker_dag.py
[2025-04-01T15:10:22.566+0000] {processor.py:925} INFO - DAG(s) 'example_external_task_marker_parent', 'example_external_task_marker_child' retrieved from /home/airflow/.local/lib/python3.12/site-packages/airflow/example_dags/example_external_task_marker_dag.py
[2025-04-01T15:10:22.585+0000] {logging_mixin.py:190} INFO - [2025-04-01T15:10:22.585+0000] {dag.py:3239} INFO - Sync 2 DAGs
[2025-04-01T15:10:22.597+0000] {logging_mixin.py:190} INFO - [2025-04-01T15:10:22.596+0000] {dag.py:4180} INFO - Setting next_dagrun for example_external_task_marker_child to None, run_after=None
[2025-04-01T15:10:22.600+0000] {logging_mixin.py:190} INFO - [2025-04-01T15:10:22.600+0000] {dag.py:4180} INFO - Setting next_dagrun for example_external_task_marker_parent to None, run_after=None
[2025-04-01T15:10:22.615+0000] {processor.py:208} INFO - Processing /home/airflow/.local/lib/python3.12/site-packages/airflow/example_dags/example_external_task_marker_dag.py took 0.063 seconds
[2025-04-01T15:10:52.877+0000] {processor.py:186} INFO - Started process (PID=409) to work on /home/airflow/.local/lib/python3.12/site-packages/airflow/example_dags/example_external_task_marker_dag.py
[2025-04-01T15:10:52.878+0000] {processor.py:914} INFO - Processing file /home/airflow/.local/lib/python3.12/site-packages/airflow/example_dags/example_external_task_marker_dag.py for tasks to queue
[2025-04-01T15:10:52.879+0000] {logging_mixin.py:190} INFO - [2025-04-01T15:10:52.879+0000] {dagbag.py:588} INFO - Filling up the DagBag from /home/airflow/.local/lib/python3.12/site-packages/airflow/example_dags/example_external_task_marker_dag.py
[2025-04-01T15:10:52.885+0000] {processor.py:925} INFO - DAG(s) 'example_external_task_marker_child', 'example_external_task_marker_parent' retrieved from /home/airflow/.local/lib/python3.12/site-packages/airflow/example_dags/example_external_task_marker_dag.py
[2025-04-01T15:10:52.907+0000] {logging_mixin.py:190} INFO - [2025-04-01T15:10:52.907+0000] {dag.py:3239} INFO - Sync 2 DAGs
[2025-04-01T15:10:52.919+0000] {logging_mixin.py:190} INFO - [2025-04-01T15:10:52.919+0000] {dag.py:4180} INFO - Setting next_dagrun for example_external_task_marker_child to None, run_after=None
[2025-04-01T15:10:52.922+0000] {logging_mixin.py:190} INFO - [2025-04-01T15:10:52.922+0000] {dag.py:4180} INFO - Setting next_dagrun for example_external_task_marker_parent to None, run_after=None
[2025-04-01T15:10:52.936+0000] {processor.py:208} INFO - Processing /home/airflow/.local/lib/python3.12/site-packages/airflow/example_dags/example_external_task_marker_dag.py took 0.064 seconds
[2025-04-01T15:11:23.036+0000] {processor.py:186} INFO - Started process (PID=474) to work on /home/airflow/.local/lib/python3.12/site-packages/airflow/example_dags/example_external_task_marker_dag.py
[2025-04-01T15:11:23.037+0000] {processor.py:914} INFO - Processing file /home/airflow/.local/lib/python3.12/site-packages/airflow/example_dags/example_external_task_marker_dag.py for tasks to queue
[2025-04-01T15:11:23.038+0000] {logging_mixin.py:190} INFO - [2025-04-01T15:11:23.038+0000] {dagbag.py:588} INFO - Filling up the DagBag from /home/airflow/.local/lib/python3.12/site-packages/airflow/example_dags/example_external_task_marker_dag.py
[2025-04-01T15:11:23.046+0000] {processor.py:925} INFO - DAG(s) 'example_external_task_marker_child', 'example_external_task_marker_parent' retrieved from /home/airflow/.local/lib/python3.12/site-packages/airflow/example_dags/example_external_task_marker_dag.py
[2025-04-01T15:11:23.064+0000] {logging_mixin.py:190} INFO - [2025-04-01T15:11:23.064+0000] {dag.py:3239} INFO - Sync 2 DAGs
[2025-04-01T15:11:23.077+0000] {logging_mixin.py:190} INFO - [2025-04-01T15:11:23.076+0000] {dag.py:4180} INFO - Setting next_dagrun for example_external_task_marker_child to None, run_after=None
[2025-04-01T15:11:23.079+0000] {logging_mixin.py:190} INFO - [2025-04-01T15:11:23.079+0000] {dag.py:4180} INFO - Setting next_dagrun for example_external_task_marker_parent to None, run_after=None
[2025-04-01T15:11:23.092+0000] {processor.py:208} INFO - Processing /home/airflow/.local/lib/python3.12/site-packages/airflow/example_dags/example_external_task_marker_dag.py took 0.060 seconds
[2025-04-01T15:11:53.195+0000] {processor.py:186} INFO - Started process (PID=539) to work on /home/airflow/.local/lib/python3.12/site-packages/airflow/example_dags/example_external_task_marker_dag.py
[2025-04-01T15:11:53.195+0000] {processor.py:914} INFO - Processing file /home/airflow/.local/lib/python3.12/site-packages/airflow/example_dags/example_external_task_marker_dag.py for tasks to queue
[2025-04-01T15:11:53.197+0000] {logging_mixin.py:190} INFO - [2025-04-01T15:11:53.196+0000] {dagbag.py:588} INFO - Filling up the DagBag from /home/airflow/.local/lib/python3.12/site-packages/airflow/example_dags/example_external_task_marker_dag.py
[2025-04-01T15:11:53.204+0000] {processor.py:925} INFO - DAG(s) 'example_external_task_marker_parent', 'example_external_task_marker_child' retrieved from /home/airflow/.local/lib/python3.12/site-packages/airflow/example_dags/example_external_task_marker_dag.py
[2025-04-01T15:11:53.224+0000] {logging_mixin.py:190} INFO - [2025-04-01T15:11:53.224+0000] {dag.py:3239} INFO - Sync 2 DAGs
[2025-04-01T15:11:53.237+0000] {logging_mixin.py:190} INFO - [2025-04-01T15:11:53.237+0000] {dag.py:4180} INFO - Setting next_dagrun for example_external_task_marker_child to None, run_after=None
[2025-04-01T15:11:53.240+0000] {logging_mixin.py:190} INFO - [2025-04-01T15:11:53.240+0000] {dag.py:4180} INFO - Setting next_dagrun for example_external_task_marker_parent to None, run_after=None
[2025-04-01T15:11:53.256+0000] {processor.py:208} INFO - Processing /home/airflow/.local/lib/python3.12/site-packages/airflow/example_dags/example_external_task_marker_dag.py took 0.067 seconds
[2025-04-01T15:12:23.295+0000] {processor.py:186} INFO - Started process (PID=604) to work on /home/airflow/.local/lib/python3.12/site-packages/airflow/example_dags/example_external_task_marker_dag.py
[2025-04-01T15:12:23.296+0000] {processor.py:914} INFO - Processing file /home/airflow/.local/lib/python3.12/site-packages/airflow/example_dags/example_external_task_marker_dag.py for tasks to queue
[2025-04-01T15:12:23.297+0000] {logging_mixin.py:190} INFO - [2025-04-01T15:12:23.297+0000] {dagbag.py:588} INFO - Filling up the DagBag from /home/airflow/.local/lib/python3.12/site-packages/airflow/example_dags/example_external_task_marker_dag.py
[2025-04-01T15:12:23.303+0000] {processor.py:925} INFO - DAG(s) 'example_external_task_marker_child', 'example_external_task_marker_parent' retrieved from /home/airflow/.local/lib/python3.12/site-packages/airflow/example_dags/example_external_task_marker_dag.py
[2025-04-01T15:12:23.319+0000] {logging_mixin.py:190} INFO - [2025-04-01T15:12:23.319+0000] {dag.py:3239} INFO - Sync 2 DAGs
[2025-04-01T15:12:23.332+0000] {logging_mixin.py:190} INFO - [2025-04-01T15:12:23.332+0000] {dag.py:4180} INFO - Setting next_dagrun for example_external_task_marker_child to None, run_after=None
[2025-04-01T15:12:23.335+0000] {logging_mixin.py:190} INFO - [2025-04-01T15:12:23.335+0000] {dag.py:4180} INFO - Setting next_dagrun for example_external_task_marker_parent to None, run_after=None
[2025-04-01T15:12:23.348+0000] {processor.py:208} INFO - Processing /home/airflow/.local/lib/python3.12/site-packages/airflow/example_dags/example_external_task_marker_dag.py took 0.057 seconds
[2025-04-01T15:12:54.140+0000] {processor.py:186} INFO - Started process (PID=669) to work on /home/airflow/.local/lib/python3.12/site-packages/airflow/example_dags/example_external_task_marker_dag.py
[2025-04-01T15:12:54.141+0000] {processor.py:914} INFO - Processing file /home/airflow/.local/lib/python3.12/site-packages/airflow/example_dags/example_external_task_marker_dag.py for tasks to queue
[2025-04-01T15:12:54.142+0000] {logging_mixin.py:190} INFO - [2025-04-01T15:12:54.142+0000] {dagbag.py:588} INFO - Filling up the DagBag from /home/airflow/.local/lib/python3.12/site-packages/airflow/example_dags/example_external_task_marker_dag.py
[2025-04-01T15:12:54.149+0000] {processor.py:925} INFO - DAG(s) 'example_external_task_marker_parent', 'example_external_task_marker_child' retrieved from /home/airflow/.local/lib/python3.12/site-packages/airflow/example_dags/example_external_task_marker_dag.py
[2025-04-01T15:12:54.166+0000] {logging_mixin.py:190} INFO - [2025-04-01T15:12:54.165+0000] {dag.py:3239} INFO - Sync 2 DAGs
[2025-04-01T15:12:54.176+0000] {logging_mixin.py:190} INFO - [2025-04-01T15:12:54.176+0000] {dag.py:4180} INFO - Setting next_dagrun for example_external_task_marker_child to None, run_after=None
[2025-04-01T15:12:54.178+0000] {logging_mixin.py:190} INFO - [2025-04-01T15:12:54.178+0000] {dag.py:4180} INFO - Setting next_dagrun for example_external_task_marker_parent to None, run_after=None
[2025-04-01T15:12:54.195+0000] {processor.py:208} INFO - Processing /home/airflow/.local/lib/python3.12/site-packages/airflow/example_dags/example_external_task_marker_dag.py took 0.059 seconds
[2025-04-01T15:13:25.101+0000] {processor.py:186} INFO - Started process (PID=734) to work on /home/airflow/.local/lib/python3.12/site-packages/airflow/example_dags/example_external_task_marker_dag.py
[2025-04-01T15:13:25.102+0000] {processor.py:914} INFO - Processing file /home/airflow/.local/lib/python3.12/site-packages/airflow/example_dags/example_external_task_marker_dag.py for tasks to queue
[2025-04-01T15:13:25.103+0000] {logging_mixin.py:190} INFO - [2025-04-01T15:13:25.103+0000] {dagbag.py:588} INFO - Filling up the DagBag from /home/airflow/.local/lib/python3.12/site-packages/airflow/example_dags/example_external_task_marker_dag.py
[2025-04-01T15:13:25.109+0000] {processor.py:925} INFO - DAG(s) 'example_external_task_marker_child', 'example_external_task_marker_parent' retrieved from /home/airflow/.local/lib/python3.12/site-packages/airflow/example_dags/example_external_task_marker_dag.py
[2025-04-01T15:13:25.125+0000] {logging_mixin.py:190} INFO - [2025-04-01T15:13:25.125+0000] {dag.py:3239} INFO - Sync 2 DAGs
[2025-04-01T15:13:25.137+0000] {logging_mixin.py:190} INFO - [2025-04-01T15:13:25.136+0000] {dag.py:4180} INFO - Setting next_dagrun for example_external_task_marker_child to None, run_after=None
[2025-04-01T15:13:25.139+0000] {logging_mixin.py:190} INFO - [2025-04-01T15:13:25.139+0000] {dag.py:4180} INFO - Setting next_dagrun for example_external_task_marker_parent to None, run_after=None
[2025-04-01T15:13:25.152+0000] {processor.py:208} INFO - Processing /home/airflow/.local/lib/python3.12/site-packages/airflow/example_dags/example_external_task_marker_dag.py took 0.056 seconds
