[2025-04-01T15:08:23.870+0000] {processor.py:186} INFO - Started process (PID=105) to work on /home/airflow/.local/lib/python3.12/site-packages/airflow/example_dags/example_dataset_alias.py
[2025-04-01T15:08:23.871+0000] {processor.py:914} INFO - Processing file /home/airflow/.local/lib/python3.12/site-packages/airflow/example_dags/example_dataset_alias.py for tasks to queue
[2025-04-01T15:08:23.873+0000] {logging_mixin.py:190} INFO - [2025-04-01T15:08:23.872+0000] {dagbag.py:588} INFO - Filling up the DagBag from /home/airflow/.local/lib/python3.12/site-packages/airflow/example_dags/example_dataset_alias.py
[2025-04-01T15:08:24.516+0000] {processor.py:925} INFO - DAG(s) 'dataset_s3_bucket_consumer', 'dataset_alias_example_alias_producer', 'dataset_s3_bucket_producer', 'dataset_alias_example_alias_consumer' retrieved from /home/airflow/.local/lib/python3.12/site-packages/airflow/example_dags/example_dataset_alias.py
[2025-04-01T15:08:24.627+0000] {logging_mixin.py:190} INFO - [2025-04-01T15:08:24.626+0000] {override.py:1912} INFO - Created Permission View: can read on DAG:dataset_s3_bucket_consumer
[2025-04-01T15:08:24.642+0000] {logging_mixin.py:190} INFO - [2025-04-01T15:08:24.641+0000] {override.py:1912} INFO - Created Permission View: can edit on DAG:dataset_s3_bucket_consumer
[2025-04-01T15:08:24.649+0000] {logging_mixin.py:190} INFO - [2025-04-01T15:08:24.649+0000] {override.py:1912} INFO - Created Permission View: can delete on DAG:dataset_s3_bucket_consumer
[2025-04-01T15:08:24.656+0000] {logging_mixin.py:190} INFO - [2025-04-01T15:08:24.656+0000] {override.py:1912} INFO - Created Permission View: can read on DAG Run:dataset_s3_bucket_consumer
[2025-04-01T15:08:24.664+0000] {logging_mixin.py:190} INFO - [2025-04-01T15:08:24.664+0000] {override.py:1912} INFO - Created Permission View: can create on DAG Run:dataset_s3_bucket_consumer
[2025-04-01T15:08:24.672+0000] {logging_mixin.py:190} INFO - [2025-04-01T15:08:24.671+0000] {override.py:1912} INFO - Created Permission View: can delete on DAG Run:dataset_s3_bucket_consumer
[2025-04-01T15:08:24.678+0000] {logging_mixin.py:190} INFO - [2025-04-01T15:08:24.678+0000] {override.py:1912} INFO - Created Permission View: menu access on DAG Run:dataset_s3_bucket_consumer
[2025-04-01T15:08:24.696+0000] {logging_mixin.py:190} INFO - [2025-04-01T15:08:24.696+0000] {override.py:1912} INFO - Created Permission View: can read on DAG:dataset_alias_example_alias_producer
[2025-04-01T15:08:24.702+0000] {logging_mixin.py:190} INFO - [2025-04-01T15:08:24.702+0000] {override.py:1912} INFO - Created Permission View: can edit on DAG:dataset_alias_example_alias_producer
[2025-04-01T15:08:24.707+0000] {logging_mixin.py:190} INFO - [2025-04-01T15:08:24.707+0000] {override.py:1912} INFO - Created Permission View: can delete on DAG:dataset_alias_example_alias_producer
[2025-04-01T15:08:24.715+0000] {logging_mixin.py:190} INFO - [2025-04-01T15:08:24.715+0000] {override.py:1912} INFO - Created Permission View: can read on DAG Run:dataset_alias_example_alias_producer
[2025-04-01T15:08:24.722+0000] {logging_mixin.py:190} INFO - [2025-04-01T15:08:24.722+0000] {override.py:1912} INFO - Created Permission View: can create on DAG Run:dataset_alias_example_alias_producer
[2025-04-01T15:08:24.732+0000] {logging_mixin.py:190} INFO - [2025-04-01T15:08:24.732+0000] {override.py:1912} INFO - Created Permission View: can delete on DAG Run:dataset_alias_example_alias_producer
[2025-04-01T15:08:24.739+0000] {logging_mixin.py:190} INFO - [2025-04-01T15:08:24.738+0000] {override.py:1912} INFO - Created Permission View: menu access on DAG Run:dataset_alias_example_alias_producer
[2025-04-01T15:08:24.751+0000] {logging_mixin.py:190} INFO - [2025-04-01T15:08:24.751+0000] {override.py:1912} INFO - Created Permission View: can read on DAG:dataset_s3_bucket_producer
[2025-04-01T15:08:24.757+0000] {logging_mixin.py:190} INFO - [2025-04-01T15:08:24.757+0000] {override.py:1912} INFO - Created Permission View: can edit on DAG:dataset_s3_bucket_producer
[2025-04-01T15:08:24.764+0000] {logging_mixin.py:190} INFO - [2025-04-01T15:08:24.764+0000] {override.py:1912} INFO - Created Permission View: can delete on DAG:dataset_s3_bucket_producer
[2025-04-01T15:08:24.771+0000] {logging_mixin.py:190} INFO - [2025-04-01T15:08:24.770+0000] {override.py:1912} INFO - Created Permission View: can read on DAG Run:dataset_s3_bucket_producer
[2025-04-01T15:08:24.777+0000] {logging_mixin.py:190} INFO - [2025-04-01T15:08:24.777+0000] {override.py:1912} INFO - Created Permission View: can create on DAG Run:dataset_s3_bucket_producer
[2025-04-01T15:08:24.783+0000] {logging_mixin.py:190} INFO - [2025-04-01T15:08:24.783+0000] {override.py:1912} INFO - Created Permission View: can delete on DAG Run:dataset_s3_bucket_producer
[2025-04-01T15:08:24.790+0000] {logging_mixin.py:190} INFO - [2025-04-01T15:08:24.790+0000] {override.py:1912} INFO - Created Permission View: menu access on DAG Run:dataset_s3_bucket_producer
[2025-04-01T15:08:24.801+0000] {logging_mixin.py:190} INFO - [2025-04-01T15:08:24.801+0000] {override.py:1912} INFO - Created Permission View: can read on DAG:dataset_alias_example_alias_consumer
[2025-04-01T15:08:24.808+0000] {logging_mixin.py:190} INFO - [2025-04-01T15:08:24.808+0000] {override.py:1912} INFO - Created Permission View: can edit on DAG:dataset_alias_example_alias_consumer
[2025-04-01T15:08:24.816+0000] {logging_mixin.py:190} INFO - [2025-04-01T15:08:24.816+0000] {override.py:1912} INFO - Created Permission View: can delete on DAG:dataset_alias_example_alias_consumer
[2025-04-01T15:08:24.824+0000] {logging_mixin.py:190} INFO - [2025-04-01T15:08:24.824+0000] {override.py:1912} INFO - Created Permission View: can read on DAG Run:dataset_alias_example_alias_consumer
[2025-04-01T15:08:24.830+0000] {logging_mixin.py:190} INFO - [2025-04-01T15:08:24.830+0000] {override.py:1912} INFO - Created Permission View: can create on DAG Run:dataset_alias_example_alias_consumer
[2025-04-01T15:08:24.836+0000] {logging_mixin.py:190} INFO - [2025-04-01T15:08:24.836+0000] {override.py:1912} INFO - Created Permission View: can delete on DAG Run:dataset_alias_example_alias_consumer
[2025-04-01T15:08:24.843+0000] {logging_mixin.py:190} INFO - [2025-04-01T15:08:24.843+0000] {override.py:1912} INFO - Created Permission View: menu access on DAG Run:dataset_alias_example_alias_consumer
[2025-04-01T15:08:24.844+0000] {logging_mixin.py:190} INFO - [2025-04-01T15:08:24.844+0000] {dag.py:3239} INFO - Sync 4 DAGs
[2025-04-01T15:08:24.859+0000] {logging_mixin.py:190} INFO - [2025-04-01T15:08:24.859+0000] {dag.py:3262} INFO - Creating ORM DAG for dataset_s3_bucket_producer
[2025-04-01T15:08:24.860+0000] {logging_mixin.py:190} INFO - [2025-04-01T15:08:24.860+0000] {dag.py:3262} INFO - Creating ORM DAG for dataset_alias_example_alias_consumer
[2025-04-01T15:08:24.861+0000] {logging_mixin.py:190} INFO - [2025-04-01T15:08:24.861+0000] {dag.py:3262} INFO - Creating ORM DAG for dataset_s3_bucket_consumer
[2025-04-01T15:08:24.862+0000] {logging_mixin.py:190} INFO - [2025-04-01T15:08:24.862+0000] {dag.py:3262} INFO - Creating ORM DAG for dataset_alias_example_alias_producer
[2025-04-01T15:08:24.875+0000] {logging_mixin.py:190} INFO - [2025-04-01T15:08:24.875+0000] {dag.py:4180} INFO - Setting next_dagrun for dataset_alias_example_alias_consumer to None, run_after=None
[2025-04-01T15:08:24.876+0000] {logging_mixin.py:190} INFO - [2025-04-01T15:08:24.876+0000] {dag.py:4180} INFO - Setting next_dagrun for dataset_alias_example_alias_producer to None, run_after=None
[2025-04-01T15:08:24.877+0000] {logging_mixin.py:190} INFO - [2025-04-01T15:08:24.877+0000] {dag.py:4180} INFO - Setting next_dagrun for dataset_s3_bucket_consumer to None, run_after=None
[2025-04-01T15:08:24.878+0000] {logging_mixin.py:190} INFO - [2025-04-01T15:08:24.877+0000] {dag.py:4180} INFO - Setting next_dagrun for dataset_s3_bucket_producer to None, run_after=None
[2025-04-01T15:08:24.917+0000] {processor.py:208} INFO - Processing /home/airflow/.local/lib/python3.12/site-packages/airflow/example_dags/example_dataset_alias.py took 1.055 seconds
[2025-04-01T15:08:55.521+0000] {processor.py:186} INFO - Started process (PID=172) to work on /home/airflow/.local/lib/python3.12/site-packages/airflow/example_dags/example_dataset_alias.py
[2025-04-01T15:08:55.522+0000] {processor.py:914} INFO - Processing file /home/airflow/.local/lib/python3.12/site-packages/airflow/example_dags/example_dataset_alias.py for tasks to queue
[2025-04-01T15:08:55.523+0000] {logging_mixin.py:190} INFO - [2025-04-01T15:08:55.523+0000] {dagbag.py:588} INFO - Filling up the DagBag from /home/airflow/.local/lib/python3.12/site-packages/airflow/example_dags/example_dataset_alias.py
[2025-04-01T15:08:56.013+0000] {processor.py:925} INFO - DAG(s) 'dataset_s3_bucket_producer', 'dataset_alias_example_alias_producer', 'dataset_alias_example_alias_consumer', 'dataset_s3_bucket_consumer' retrieved from /home/airflow/.local/lib/python3.12/site-packages/airflow/example_dags/example_dataset_alias.py
[2025-04-01T15:08:56.031+0000] {logging_mixin.py:190} INFO - [2025-04-01T15:08:56.030+0000] {dag.py:3239} INFO - Sync 4 DAGs
[2025-04-01T15:08:56.051+0000] {logging_mixin.py:190} INFO - [2025-04-01T15:08:56.051+0000] {dag.py:4180} INFO - Setting next_dagrun for dataset_alias_example_alias_consumer to None, run_after=None
[2025-04-01T15:08:56.053+0000] {logging_mixin.py:190} INFO - [2025-04-01T15:08:56.053+0000] {dag.py:4180} INFO - Setting next_dagrun for dataset_alias_example_alias_producer to None, run_after=None
[2025-04-01T15:08:56.055+0000] {logging_mixin.py:190} INFO - [2025-04-01T15:08:56.055+0000] {dag.py:4180} INFO - Setting next_dagrun for dataset_s3_bucket_consumer to None, run_after=None
[2025-04-01T15:08:56.056+0000] {logging_mixin.py:190} INFO - [2025-04-01T15:08:56.056+0000] {dag.py:4180} INFO - Setting next_dagrun for dataset_s3_bucket_producer to None, run_after=None
[2025-04-01T15:08:56.077+0000] {processor.py:208} INFO - Processing /home/airflow/.local/lib/python3.12/site-packages/airflow/example_dags/example_dataset_alias.py took 0.560 seconds
[2025-04-01T15:09:26.222+0000] {processor.py:186} INFO - Started process (PID=237) to work on /home/airflow/.local/lib/python3.12/site-packages/airflow/example_dags/example_dataset_alias.py
[2025-04-01T15:09:26.223+0000] {processor.py:914} INFO - Processing file /home/airflow/.local/lib/python3.12/site-packages/airflow/example_dags/example_dataset_alias.py for tasks to queue
[2025-04-01T15:09:26.224+0000] {logging_mixin.py:190} INFO - [2025-04-01T15:09:26.224+0000] {dagbag.py:588} INFO - Filling up the DagBag from /home/airflow/.local/lib/python3.12/site-packages/airflow/example_dags/example_dataset_alias.py
[2025-04-01T15:09:26.669+0000] {processor.py:925} INFO - DAG(s) 'dataset_s3_bucket_consumer', 'dataset_s3_bucket_producer', 'dataset_alias_example_alias_consumer', 'dataset_alias_example_alias_producer' retrieved from /home/airflow/.local/lib/python3.12/site-packages/airflow/example_dags/example_dataset_alias.py
[2025-04-01T15:09:26.685+0000] {logging_mixin.py:190} INFO - [2025-04-01T15:09:26.685+0000] {dag.py:3239} INFO - Sync 4 DAGs
[2025-04-01T15:09:26.703+0000] {logging_mixin.py:190} INFO - [2025-04-01T15:09:26.702+0000] {dag.py:4180} INFO - Setting next_dagrun for dataset_alias_example_alias_consumer to None, run_after=None
[2025-04-01T15:09:26.705+0000] {logging_mixin.py:190} INFO - [2025-04-01T15:09:26.705+0000] {dag.py:4180} INFO - Setting next_dagrun for dataset_alias_example_alias_producer to None, run_after=None
[2025-04-01T15:09:26.706+0000] {logging_mixin.py:190} INFO - [2025-04-01T15:09:26.706+0000] {dag.py:4180} INFO - Setting next_dagrun for dataset_s3_bucket_consumer to None, run_after=None
[2025-04-01T15:09:26.707+0000] {logging_mixin.py:190} INFO - [2025-04-01T15:09:26.707+0000] {dag.py:4180} INFO - Setting next_dagrun for dataset_s3_bucket_producer to None, run_after=None
[2025-04-01T15:09:26.723+0000] {processor.py:208} INFO - Processing /home/airflow/.local/lib/python3.12/site-packages/airflow/example_dags/example_dataset_alias.py took 0.505 seconds
[2025-04-01T15:09:57.604+0000] {processor.py:186} INFO - Started process (PID=300) to work on /home/airflow/.local/lib/python3.12/site-packages/airflow/example_dags/example_dataset_alias.py
[2025-04-01T15:09:57.608+0000] {processor.py:914} INFO - Processing file /home/airflow/.local/lib/python3.12/site-packages/airflow/example_dags/example_dataset_alias.py for tasks to queue
[2025-04-01T15:09:57.610+0000] {logging_mixin.py:190} INFO - [2025-04-01T15:09:57.609+0000] {dagbag.py:588} INFO - Filling up the DagBag from /home/airflow/.local/lib/python3.12/site-packages/airflow/example_dags/example_dataset_alias.py
[2025-04-01T15:09:58.037+0000] {processor.py:925} INFO - DAG(s) 'dataset_alias_example_alias_producer', 'dataset_s3_bucket_producer', 'dataset_s3_bucket_consumer', 'dataset_alias_example_alias_consumer' retrieved from /home/airflow/.local/lib/python3.12/site-packages/airflow/example_dags/example_dataset_alias.py
[2025-04-01T15:09:58.054+0000] {logging_mixin.py:190} INFO - [2025-04-01T15:09:58.054+0000] {dag.py:3239} INFO - Sync 4 DAGs
[2025-04-01T15:09:58.074+0000] {logging_mixin.py:190} INFO - [2025-04-01T15:09:58.074+0000] {dag.py:4180} INFO - Setting next_dagrun for dataset_alias_example_alias_consumer to None, run_after=None
[2025-04-01T15:09:58.077+0000] {logging_mixin.py:190} INFO - [2025-04-01T15:09:58.077+0000] {dag.py:4180} INFO - Setting next_dagrun for dataset_alias_example_alias_producer to None, run_after=None
[2025-04-01T15:09:58.078+0000] {logging_mixin.py:190} INFO - [2025-04-01T15:09:58.078+0000] {dag.py:4180} INFO - Setting next_dagrun for dataset_s3_bucket_consumer to None, run_after=None
[2025-04-01T15:09:58.079+0000] {logging_mixin.py:190} INFO - [2025-04-01T15:09:58.079+0000] {dag.py:4180} INFO - Setting next_dagrun for dataset_s3_bucket_producer to None, run_after=None
[2025-04-01T15:09:58.095+0000] {processor.py:208} INFO - Processing /home/airflow/.local/lib/python3.12/site-packages/airflow/example_dags/example_dataset_alias.py took 0.495 seconds
[2025-04-01T15:10:28.843+0000] {processor.py:186} INFO - Started process (PID=364) to work on /home/airflow/.local/lib/python3.12/site-packages/airflow/example_dags/example_dataset_alias.py
[2025-04-01T15:10:28.844+0000] {processor.py:914} INFO - Processing file /home/airflow/.local/lib/python3.12/site-packages/airflow/example_dags/example_dataset_alias.py for tasks to queue
[2025-04-01T15:10:28.845+0000] {logging_mixin.py:190} INFO - [2025-04-01T15:10:28.845+0000] {dagbag.py:588} INFO - Filling up the DagBag from /home/airflow/.local/lib/python3.12/site-packages/airflow/example_dags/example_dataset_alias.py
[2025-04-01T15:10:29.299+0000] {processor.py:925} INFO - DAG(s) 'dataset_s3_bucket_consumer', 'dataset_s3_bucket_producer', 'dataset_alias_example_alias_producer', 'dataset_alias_example_alias_consumer' retrieved from /home/airflow/.local/lib/python3.12/site-packages/airflow/example_dags/example_dataset_alias.py
[2025-04-01T15:10:29.316+0000] {logging_mixin.py:190} INFO - [2025-04-01T15:10:29.316+0000] {dag.py:3239} INFO - Sync 4 DAGs
[2025-04-01T15:10:29.336+0000] {logging_mixin.py:190} INFO - [2025-04-01T15:10:29.336+0000] {dag.py:4180} INFO - Setting next_dagrun for dataset_alias_example_alias_consumer to None, run_after=None
[2025-04-01T15:10:29.338+0000] {logging_mixin.py:190} INFO - [2025-04-01T15:10:29.338+0000] {dag.py:4180} INFO - Setting next_dagrun for dataset_alias_example_alias_producer to None, run_after=None
[2025-04-01T15:10:29.340+0000] {logging_mixin.py:190} INFO - [2025-04-01T15:10:29.340+0000] {dag.py:4180} INFO - Setting next_dagrun for dataset_s3_bucket_consumer to None, run_after=None
[2025-04-01T15:10:29.341+0000] {logging_mixin.py:190} INFO - [2025-04-01T15:10:29.341+0000] {dag.py:4180} INFO - Setting next_dagrun for dataset_s3_bucket_producer to None, run_after=None
[2025-04-01T15:10:29.363+0000] {processor.py:208} INFO - Processing /home/airflow/.local/lib/python3.12/site-packages/airflow/example_dags/example_dataset_alias.py took 0.524 seconds
[2025-04-01T15:10:59.445+0000] {processor.py:186} INFO - Started process (PID=429) to work on /home/airflow/.local/lib/python3.12/site-packages/airflow/example_dags/example_dataset_alias.py
[2025-04-01T15:10:59.446+0000] {processor.py:914} INFO - Processing file /home/airflow/.local/lib/python3.12/site-packages/airflow/example_dags/example_dataset_alias.py for tasks to queue
[2025-04-01T15:10:59.448+0000] {logging_mixin.py:190} INFO - [2025-04-01T15:10:59.448+0000] {dagbag.py:588} INFO - Filling up the DagBag from /home/airflow/.local/lib/python3.12/site-packages/airflow/example_dags/example_dataset_alias.py
[2025-04-01T15:10:59.950+0000] {processor.py:925} INFO - DAG(s) 'dataset_s3_bucket_consumer', 'dataset_alias_example_alias_producer', 'dataset_s3_bucket_producer', 'dataset_alias_example_alias_consumer' retrieved from /home/airflow/.local/lib/python3.12/site-packages/airflow/example_dags/example_dataset_alias.py
[2025-04-01T15:10:59.969+0000] {logging_mixin.py:190} INFO - [2025-04-01T15:10:59.968+0000] {dag.py:3239} INFO - Sync 4 DAGs
[2025-04-01T15:10:59.992+0000] {logging_mixin.py:190} INFO - [2025-04-01T15:10:59.992+0000] {dag.py:4180} INFO - Setting next_dagrun for dataset_alias_example_alias_consumer to None, run_after=None
[2025-04-01T15:10:59.995+0000] {logging_mixin.py:190} INFO - [2025-04-01T15:10:59.995+0000] {dag.py:4180} INFO - Setting next_dagrun for dataset_alias_example_alias_producer to None, run_after=None
[2025-04-01T15:10:59.996+0000] {logging_mixin.py:190} INFO - [2025-04-01T15:10:59.996+0000] {dag.py:4180} INFO - Setting next_dagrun for dataset_s3_bucket_consumer to None, run_after=None
[2025-04-01T15:10:59.997+0000] {logging_mixin.py:190} INFO - [2025-04-01T15:10:59.997+0000] {dag.py:4180} INFO - Setting next_dagrun for dataset_s3_bucket_producer to None, run_after=None
[2025-04-01T15:11:00.013+0000] {processor.py:208} INFO - Processing /home/airflow/.local/lib/python3.12/site-packages/airflow/example_dags/example_dataset_alias.py took 0.574 seconds
[2025-04-01T15:11:30.952+0000] {processor.py:186} INFO - Started process (PID=499) to work on /home/airflow/.local/lib/python3.12/site-packages/airflow/example_dags/example_dataset_alias.py
[2025-04-01T15:11:30.953+0000] {processor.py:914} INFO - Processing file /home/airflow/.local/lib/python3.12/site-packages/airflow/example_dags/example_dataset_alias.py for tasks to queue
[2025-04-01T15:11:30.955+0000] {logging_mixin.py:190} INFO - [2025-04-01T15:11:30.954+0000] {dagbag.py:588} INFO - Filling up the DagBag from /home/airflow/.local/lib/python3.12/site-packages/airflow/example_dags/example_dataset_alias.py
[2025-04-01T15:11:31.418+0000] {processor.py:925} INFO - DAG(s) 'dataset_alias_example_alias_consumer', 'dataset_s3_bucket_consumer', 'dataset_s3_bucket_producer', 'dataset_alias_example_alias_producer' retrieved from /home/airflow/.local/lib/python3.12/site-packages/airflow/example_dags/example_dataset_alias.py
[2025-04-01T15:11:31.433+0000] {logging_mixin.py:190} INFO - [2025-04-01T15:11:31.433+0000] {dag.py:3239} INFO - Sync 4 DAGs
[2025-04-01T15:11:31.450+0000] {logging_mixin.py:190} INFO - [2025-04-01T15:11:31.450+0000] {dag.py:4180} INFO - Setting next_dagrun for dataset_alias_example_alias_consumer to None, run_after=None
[2025-04-01T15:11:31.453+0000] {logging_mixin.py:190} INFO - [2025-04-01T15:11:31.452+0000] {dag.py:4180} INFO - Setting next_dagrun for dataset_alias_example_alias_producer to None, run_after=None
[2025-04-01T15:11:31.453+0000] {logging_mixin.py:190} INFO - [2025-04-01T15:11:31.453+0000] {dag.py:4180} INFO - Setting next_dagrun for dataset_s3_bucket_consumer to None, run_after=None
[2025-04-01T15:11:31.454+0000] {logging_mixin.py:190} INFO - [2025-04-01T15:11:31.454+0000] {dag.py:4180} INFO - Setting next_dagrun for dataset_s3_bucket_producer to None, run_after=None
[2025-04-01T15:11:31.472+0000] {processor.py:208} INFO - Processing /home/airflow/.local/lib/python3.12/site-packages/airflow/example_dags/example_dataset_alias.py took 0.524 seconds
[2025-04-01T15:12:01.878+0000] {processor.py:186} INFO - Started process (PID=564) to work on /home/airflow/.local/lib/python3.12/site-packages/airflow/example_dags/example_dataset_alias.py
[2025-04-01T15:12:01.878+0000] {processor.py:914} INFO - Processing file /home/airflow/.local/lib/python3.12/site-packages/airflow/example_dags/example_dataset_alias.py for tasks to queue
[2025-04-01T15:12:01.880+0000] {logging_mixin.py:190} INFO - [2025-04-01T15:12:01.880+0000] {dagbag.py:588} INFO - Filling up the DagBag from /home/airflow/.local/lib/python3.12/site-packages/airflow/example_dags/example_dataset_alias.py
[2025-04-01T15:12:02.353+0000] {processor.py:925} INFO - DAG(s) 'dataset_alias_example_alias_producer', 'dataset_s3_bucket_consumer', 'dataset_alias_example_alias_consumer', 'dataset_s3_bucket_producer' retrieved from /home/airflow/.local/lib/python3.12/site-packages/airflow/example_dags/example_dataset_alias.py
[2025-04-01T15:12:02.369+0000] {logging_mixin.py:190} INFO - [2025-04-01T15:12:02.369+0000] {dag.py:3239} INFO - Sync 4 DAGs
[2025-04-01T15:12:02.387+0000] {logging_mixin.py:190} INFO - [2025-04-01T15:12:02.386+0000] {dag.py:4180} INFO - Setting next_dagrun for dataset_alias_example_alias_consumer to None, run_after=None
[2025-04-01T15:12:02.388+0000] {logging_mixin.py:190} INFO - [2025-04-01T15:12:02.388+0000] {dag.py:4180} INFO - Setting next_dagrun for dataset_alias_example_alias_producer to None, run_after=None
[2025-04-01T15:12:02.389+0000] {logging_mixin.py:190} INFO - [2025-04-01T15:12:02.389+0000] {dag.py:4180} INFO - Setting next_dagrun for dataset_s3_bucket_consumer to None, run_after=None
[2025-04-01T15:12:02.390+0000] {logging_mixin.py:190} INFO - [2025-04-01T15:12:02.390+0000] {dag.py:4180} INFO - Setting next_dagrun for dataset_s3_bucket_producer to None, run_after=None
[2025-04-01T15:12:02.408+0000] {processor.py:208} INFO - Processing /home/airflow/.local/lib/python3.12/site-packages/airflow/example_dags/example_dataset_alias.py took 0.533 seconds
[2025-04-01T15:12:32.905+0000] {processor.py:186} INFO - Started process (PID=629) to work on /home/airflow/.local/lib/python3.12/site-packages/airflow/example_dags/example_dataset_alias.py
[2025-04-01T15:12:32.906+0000] {processor.py:914} INFO - Processing file /home/airflow/.local/lib/python3.12/site-packages/airflow/example_dags/example_dataset_alias.py for tasks to queue
[2025-04-01T15:12:32.907+0000] {logging_mixin.py:190} INFO - [2025-04-01T15:12:32.907+0000] {dagbag.py:588} INFO - Filling up the DagBag from /home/airflow/.local/lib/python3.12/site-packages/airflow/example_dags/example_dataset_alias.py
[2025-04-01T15:12:33.377+0000] {processor.py:925} INFO - DAG(s) 'dataset_alias_example_alias_producer', 'dataset_s3_bucket_producer', 'dataset_alias_example_alias_consumer', 'dataset_s3_bucket_consumer' retrieved from /home/airflow/.local/lib/python3.12/site-packages/airflow/example_dags/example_dataset_alias.py
[2025-04-01T15:12:33.393+0000] {logging_mixin.py:190} INFO - [2025-04-01T15:12:33.392+0000] {dag.py:3239} INFO - Sync 4 DAGs
[2025-04-01T15:12:33.410+0000] {logging_mixin.py:190} INFO - [2025-04-01T15:12:33.410+0000] {dag.py:4180} INFO - Setting next_dagrun for dataset_alias_example_alias_consumer to None, run_after=None
[2025-04-01T15:12:33.412+0000] {logging_mixin.py:190} INFO - [2025-04-01T15:12:33.412+0000] {dag.py:4180} INFO - Setting next_dagrun for dataset_alias_example_alias_producer to None, run_after=None
[2025-04-01T15:12:33.413+0000] {logging_mixin.py:190} INFO - [2025-04-01T15:12:33.413+0000] {dag.py:4180} INFO - Setting next_dagrun for dataset_s3_bucket_consumer to None, run_after=None
[2025-04-01T15:12:33.414+0000] {logging_mixin.py:190} INFO - [2025-04-01T15:12:33.414+0000] {dag.py:4180} INFO - Setting next_dagrun for dataset_s3_bucket_producer to None, run_after=None
[2025-04-01T15:12:33.429+0000] {processor.py:208} INFO - Processing /home/airflow/.local/lib/python3.12/site-packages/airflow/example_dags/example_dataset_alias.py took 0.528 seconds
[2025-04-01T15:13:03.606+0000] {processor.py:186} INFO - Started process (PID=693) to work on /home/airflow/.local/lib/python3.12/site-packages/airflow/example_dags/example_dataset_alias.py
[2025-04-01T15:13:03.607+0000] {processor.py:914} INFO - Processing file /home/airflow/.local/lib/python3.12/site-packages/airflow/example_dags/example_dataset_alias.py for tasks to queue
[2025-04-01T15:13:03.609+0000] {logging_mixin.py:190} INFO - [2025-04-01T15:13:03.609+0000] {dagbag.py:588} INFO - Filling up the DagBag from /home/airflow/.local/lib/python3.12/site-packages/airflow/example_dags/example_dataset_alias.py
[2025-04-01T15:13:04.148+0000] {processor.py:925} INFO - DAG(s) 'dataset_alias_example_alias_producer', 'dataset_s3_bucket_producer', 'dataset_s3_bucket_consumer', 'dataset_alias_example_alias_consumer' retrieved from /home/airflow/.local/lib/python3.12/site-packages/airflow/example_dags/example_dataset_alias.py
[2025-04-01T15:13:04.172+0000] {logging_mixin.py:190} INFO - [2025-04-01T15:13:04.171+0000] {dag.py:3239} INFO - Sync 4 DAGs
[2025-04-01T15:13:04.195+0000] {logging_mixin.py:190} INFO - [2025-04-01T15:13:04.195+0000] {dag.py:4180} INFO - Setting next_dagrun for dataset_alias_example_alias_consumer to None, run_after=None
[2025-04-01T15:13:04.198+0000] {logging_mixin.py:190} INFO - [2025-04-01T15:13:04.197+0000] {dag.py:4180} INFO - Setting next_dagrun for dataset_alias_example_alias_producer to None, run_after=None
[2025-04-01T15:13:04.199+0000] {logging_mixin.py:190} INFO - [2025-04-01T15:13:04.199+0000] {dag.py:4180} INFO - Setting next_dagrun for dataset_s3_bucket_consumer to None, run_after=None
[2025-04-01T15:13:04.200+0000] {logging_mixin.py:190} INFO - [2025-04-01T15:13:04.200+0000] {dag.py:4180} INFO - Setting next_dagrun for dataset_s3_bucket_producer to None, run_after=None
[2025-04-01T15:13:04.231+0000] {processor.py:208} INFO - Processing /home/airflow/.local/lib/python3.12/site-packages/airflow/example_dags/example_dataset_alias.py took 0.629 seconds
[2025-04-01T15:13:35.366+0000] {processor.py:186} INFO - Started process (PID=761) to work on /home/airflow/.local/lib/python3.12/site-packages/airflow/example_dags/example_dataset_alias.py
[2025-04-01T15:13:35.366+0000] {processor.py:914} INFO - Processing file /home/airflow/.local/lib/python3.12/site-packages/airflow/example_dags/example_dataset_alias.py for tasks to queue
[2025-04-01T15:13:35.368+0000] {logging_mixin.py:190} INFO - [2025-04-01T15:13:35.367+0000] {dagbag.py:588} INFO - Filling up the DagBag from /home/airflow/.local/lib/python3.12/site-packages/airflow/example_dags/example_dataset_alias.py
[2025-04-01T15:13:35.873+0000] {processor.py:925} INFO - DAG(s) 'dataset_alias_example_alias_consumer', 'dataset_alias_example_alias_producer', 'dataset_s3_bucket_producer', 'dataset_s3_bucket_consumer' retrieved from /home/airflow/.local/lib/python3.12/site-packages/airflow/example_dags/example_dataset_alias.py
[2025-04-01T15:13:35.896+0000] {logging_mixin.py:190} INFO - [2025-04-01T15:13:35.896+0000] {dag.py:3239} INFO - Sync 4 DAGs
[2025-04-01T15:13:35.921+0000] {logging_mixin.py:190} INFO - [2025-04-01T15:13:35.920+0000] {dag.py:4180} INFO - Setting next_dagrun for dataset_alias_example_alias_consumer to None, run_after=None
[2025-04-01T15:13:35.924+0000] {logging_mixin.py:190} INFO - [2025-04-01T15:13:35.924+0000] {dag.py:4180} INFO - Setting next_dagrun for dataset_alias_example_alias_producer to None, run_after=None
[2025-04-01T15:13:35.925+0000] {logging_mixin.py:190} INFO - [2025-04-01T15:13:35.925+0000] {dag.py:4180} INFO - Setting next_dagrun for dataset_s3_bucket_consumer to None, run_after=None
[2025-04-01T15:13:35.927+0000] {logging_mixin.py:190} INFO - [2025-04-01T15:13:35.926+0000] {dag.py:4180} INFO - Setting next_dagrun for dataset_s3_bucket_producer to None, run_after=None
[2025-04-01T15:13:35.946+0000] {processor.py:208} INFO - Processing /home/airflow/.local/lib/python3.12/site-packages/airflow/example_dags/example_dataset_alias.py took 0.584 seconds
