[2025-04-01T15:08:20.658+0000] {processor.py:186} INFO - Started process (PID=86) to work on /home/airflow/.local/lib/python3.12/site-packages/airflow/example_dags/example_bash_operator.py
[2025-04-01T15:08:20.659+0000] {processor.py:914} INFO - Processing file /home/airflow/.local/lib/python3.12/site-packages/airflow/example_dags/example_bash_operator.py for tasks to queue
[2025-04-01T15:08:20.661+0000] {logging_mixin.py:190} INFO - [2025-04-01T15:08:20.660+0000] {dagbag.py:588} INFO - Filling up the DagBag from /home/airflow/.local/lib/python3.12/site-packages/airflow/example_dags/example_bash_operator.py
[2025-04-01T15:08:20.673+0000] {processor.py:925} INFO - DAG(s) 'example_bash_operator' retrieved from /home/airflow/.local/lib/python3.12/site-packages/airflow/example_dags/example_bash_operator.py
[2025-04-01T15:08:20.771+0000] {logging_mixin.py:190} INFO - [2025-04-01T15:08:20.770+0000] {override.py:1912} INFO - Created Permission View: can read on DAG:example_bash_operator
[2025-04-01T15:08:20.782+0000] {logging_mixin.py:190} INFO - [2025-04-01T15:08:20.781+0000] {override.py:1912} INFO - Created Permission View: can edit on DAG:example_bash_operator
[2025-04-01T15:08:20.789+0000] {logging_mixin.py:190} INFO - [2025-04-01T15:08:20.788+0000] {override.py:1912} INFO - Created Permission View: can delete on DAG:example_bash_operator
[2025-04-01T15:08:20.797+0000] {logging_mixin.py:190} INFO - [2025-04-01T15:08:20.796+0000] {override.py:1912} INFO - Created Permission View: can read on DAG Run:example_bash_operator
[2025-04-01T15:08:20.803+0000] {logging_mixin.py:190} INFO - [2025-04-01T15:08:20.803+0000] {override.py:1912} INFO - Created Permission View: can create on DAG Run:example_bash_operator
[2025-04-01T15:08:20.808+0000] {logging_mixin.py:190} INFO - [2025-04-01T15:08:20.808+0000] {override.py:1912} INFO - Created Permission View: can delete on DAG Run:example_bash_operator
[2025-04-01T15:08:20.814+0000] {logging_mixin.py:190} INFO - [2025-04-01T15:08:20.814+0000] {override.py:1912} INFO - Created Permission View: menu access on DAG Run:example_bash_operator
[2025-04-01T15:08:20.814+0000] {logging_mixin.py:190} INFO - [2025-04-01T15:08:20.814+0000] {dag.py:3239} INFO - Sync 1 DAGs
[2025-04-01T15:08:20.825+0000] {logging_mixin.py:190} INFO - [2025-04-01T15:08:20.825+0000] {dag.py:3262} INFO - Creating ORM DAG for example_bash_operator
[2025-04-01T15:08:20.835+0000] {logging_mixin.py:190} INFO - [2025-04-01T15:08:20.835+0000] {dag.py:4180} INFO - Setting next_dagrun for example_bash_operator to 2025-03-31 00:00:00+00:00, run_after=2025-04-01 00:00:00+00:00
[2025-04-01T15:08:20.849+0000] {processor.py:208} INFO - Processing /home/airflow/.local/lib/python3.12/site-packages/airflow/example_dags/example_bash_operator.py took 0.196 seconds
[2025-04-01T15:08:50.966+0000] {processor.py:186} INFO - Started process (PID=151) to work on /home/airflow/.local/lib/python3.12/site-packages/airflow/example_dags/example_bash_operator.py
[2025-04-01T15:08:50.966+0000] {processor.py:914} INFO - Processing file /home/airflow/.local/lib/python3.12/site-packages/airflow/example_dags/example_bash_operator.py for tasks to queue
[2025-04-01T15:08:50.968+0000] {logging_mixin.py:190} INFO - [2025-04-01T15:08:50.968+0000] {dagbag.py:588} INFO - Filling up the DagBag from /home/airflow/.local/lib/python3.12/site-packages/airflow/example_dags/example_bash_operator.py
[2025-04-01T15:08:50.978+0000] {processor.py:925} INFO - DAG(s) 'example_bash_operator' retrieved from /home/airflow/.local/lib/python3.12/site-packages/airflow/example_dags/example_bash_operator.py
[2025-04-01T15:08:50.998+0000] {logging_mixin.py:190} INFO - [2025-04-01T15:08:50.998+0000] {dag.py:3239} INFO - Sync 1 DAGs
[2025-04-01T15:08:51.015+0000] {logging_mixin.py:190} INFO - [2025-04-01T15:08:51.015+0000] {dag.py:4180} INFO - Setting next_dagrun for example_bash_operator to 2025-03-31 00:00:00+00:00, run_after=2025-04-01 00:00:00+00:00
[2025-04-01T15:08:51.028+0000] {processor.py:208} INFO - Processing /home/airflow/.local/lib/python3.12/site-packages/airflow/example_dags/example_bash_operator.py took 0.066 seconds
[2025-04-01T15:09:21.831+0000] {processor.py:186} INFO - Started process (PID=216) to work on /home/airflow/.local/lib/python3.12/site-packages/airflow/example_dags/example_bash_operator.py
[2025-04-01T15:09:21.832+0000] {processor.py:914} INFO - Processing file /home/airflow/.local/lib/python3.12/site-packages/airflow/example_dags/example_bash_operator.py for tasks to queue
[2025-04-01T15:09:21.833+0000] {logging_mixin.py:190} INFO - [2025-04-01T15:09:21.833+0000] {dagbag.py:588} INFO - Filling up the DagBag from /home/airflow/.local/lib/python3.12/site-packages/airflow/example_dags/example_bash_operator.py
[2025-04-01T15:09:21.841+0000] {processor.py:925} INFO - DAG(s) 'example_bash_operator' retrieved from /home/airflow/.local/lib/python3.12/site-packages/airflow/example_dags/example_bash_operator.py
[2025-04-01T15:09:21.857+0000] {logging_mixin.py:190} INFO - [2025-04-01T15:09:21.857+0000] {dag.py:3239} INFO - Sync 1 DAGs
[2025-04-01T15:09:21.872+0000] {logging_mixin.py:190} INFO - [2025-04-01T15:09:21.872+0000] {dag.py:4180} INFO - Setting next_dagrun for example_bash_operator to 2025-03-31 00:00:00+00:00, run_after=2025-04-01 00:00:00+00:00
[2025-04-01T15:09:21.885+0000] {processor.py:208} INFO - Processing /home/airflow/.local/lib/python3.12/site-packages/airflow/example_dags/example_bash_operator.py took 0.058 seconds
[2025-04-01T15:09:52.298+0000] {processor.py:186} INFO - Started process (PID=281) to work on /home/airflow/.local/lib/python3.12/site-packages/airflow/example_dags/example_bash_operator.py
[2025-04-01T15:09:52.299+0000] {processor.py:914} INFO - Processing file /home/airflow/.local/lib/python3.12/site-packages/airflow/example_dags/example_bash_operator.py for tasks to queue
[2025-04-01T15:09:52.300+0000] {logging_mixin.py:190} INFO - [2025-04-01T15:09:52.300+0000] {dagbag.py:588} INFO - Filling up the DagBag from /home/airflow/.local/lib/python3.12/site-packages/airflow/example_dags/example_bash_operator.py
[2025-04-01T15:09:52.309+0000] {processor.py:925} INFO - DAG(s) 'example_bash_operator' retrieved from /home/airflow/.local/lib/python3.12/site-packages/airflow/example_dags/example_bash_operator.py
[2025-04-01T15:09:52.326+0000] {logging_mixin.py:190} INFO - [2025-04-01T15:09:52.326+0000] {dag.py:3239} INFO - Sync 1 DAGs
[2025-04-01T15:09:52.344+0000] {logging_mixin.py:190} INFO - [2025-04-01T15:09:52.344+0000] {dag.py:4180} INFO - Setting next_dagrun for example_bash_operator to 2025-03-31 00:00:00+00:00, run_after=2025-04-01 00:00:00+00:00
[2025-04-01T15:09:52.356+0000] {processor.py:208} INFO - Processing /home/airflow/.local/lib/python3.12/site-packages/airflow/example_dags/example_bash_operator.py took 0.062 seconds
[2025-04-01T15:10:22.629+0000] {processor.py:186} INFO - Started process (PID=345) to work on /home/airflow/.local/lib/python3.12/site-packages/airflow/example_dags/example_bash_operator.py
[2025-04-01T15:10:22.630+0000] {processor.py:914} INFO - Processing file /home/airflow/.local/lib/python3.12/site-packages/airflow/example_dags/example_bash_operator.py for tasks to queue
[2025-04-01T15:10:22.631+0000] {logging_mixin.py:190} INFO - [2025-04-01T15:10:22.631+0000] {dagbag.py:588} INFO - Filling up the DagBag from /home/airflow/.local/lib/python3.12/site-packages/airflow/example_dags/example_bash_operator.py
[2025-04-01T15:10:22.640+0000] {processor.py:925} INFO - DAG(s) 'example_bash_operator' retrieved from /home/airflow/.local/lib/python3.12/site-packages/airflow/example_dags/example_bash_operator.py
[2025-04-01T15:10:22.659+0000] {logging_mixin.py:190} INFO - [2025-04-01T15:10:22.658+0000] {dag.py:3239} INFO - Sync 1 DAGs
[2025-04-01T15:10:22.676+0000] {logging_mixin.py:190} INFO - [2025-04-01T15:10:22.676+0000] {dag.py:4180} INFO - Setting next_dagrun for example_bash_operator to 2025-03-31 00:00:00+00:00, run_after=2025-04-01 00:00:00+00:00
[2025-04-01T15:10:22.692+0000] {processor.py:208} INFO - Processing /home/airflow/.local/lib/python3.12/site-packages/airflow/example_dags/example_bash_operator.py took 0.067 seconds
[2025-04-01T15:10:52.951+0000] {processor.py:186} INFO - Started process (PID=410) to work on /home/airflow/.local/lib/python3.12/site-packages/airflow/example_dags/example_bash_operator.py
[2025-04-01T15:10:52.952+0000] {processor.py:914} INFO - Processing file /home/airflow/.local/lib/python3.12/site-packages/airflow/example_dags/example_bash_operator.py for tasks to queue
[2025-04-01T15:10:52.953+0000] {logging_mixin.py:190} INFO - [2025-04-01T15:10:52.953+0000] {dagbag.py:588} INFO - Filling up the DagBag from /home/airflow/.local/lib/python3.12/site-packages/airflow/example_dags/example_bash_operator.py
[2025-04-01T15:10:52.963+0000] {processor.py:925} INFO - DAG(s) 'example_bash_operator' retrieved from /home/airflow/.local/lib/python3.12/site-packages/airflow/example_dags/example_bash_operator.py
[2025-04-01T15:10:52.989+0000] {logging_mixin.py:190} INFO - [2025-04-01T15:10:52.989+0000] {dag.py:3239} INFO - Sync 1 DAGs
[2025-04-01T15:10:53.015+0000] {logging_mixin.py:190} INFO - [2025-04-01T15:10:53.015+0000] {dag.py:4180} INFO - Setting next_dagrun for example_bash_operator to 2025-03-31 00:00:00+00:00, run_after=2025-04-01 00:00:00+00:00
[2025-04-01T15:10:53.038+0000] {processor.py:208} INFO - Processing /home/airflow/.local/lib/python3.12/site-packages/airflow/example_dags/example_bash_operator.py took 0.091 seconds
[2025-04-01T15:11:23.110+0000] {processor.py:186} INFO - Started process (PID=475) to work on /home/airflow/.local/lib/python3.12/site-packages/airflow/example_dags/example_bash_operator.py
[2025-04-01T15:11:23.111+0000] {processor.py:914} INFO - Processing file /home/airflow/.local/lib/python3.12/site-packages/airflow/example_dags/example_bash_operator.py for tasks to queue
[2025-04-01T15:11:23.112+0000] {logging_mixin.py:190} INFO - [2025-04-01T15:11:23.112+0000] {dagbag.py:588} INFO - Filling up the DagBag from /home/airflow/.local/lib/python3.12/site-packages/airflow/example_dags/example_bash_operator.py
[2025-04-01T15:11:23.120+0000] {processor.py:925} INFO - DAG(s) 'example_bash_operator' retrieved from /home/airflow/.local/lib/python3.12/site-packages/airflow/example_dags/example_bash_operator.py
[2025-04-01T15:11:23.138+0000] {logging_mixin.py:190} INFO - [2025-04-01T15:11:23.138+0000] {dag.py:3239} INFO - Sync 1 DAGs
[2025-04-01T15:11:23.161+0000] {logging_mixin.py:190} INFO - [2025-04-01T15:11:23.161+0000] {dag.py:4180} INFO - Setting next_dagrun for example_bash_operator to 2025-03-31 00:00:00+00:00, run_after=2025-04-01 00:00:00+00:00
[2025-04-01T15:11:23.177+0000] {processor.py:208} INFO - Processing /home/airflow/.local/lib/python3.12/site-packages/airflow/example_dags/example_bash_operator.py took 0.072 seconds
[2025-04-01T15:11:53.280+0000] {processor.py:186} INFO - Started process (PID=540) to work on /home/airflow/.local/lib/python3.12/site-packages/airflow/example_dags/example_bash_operator.py
[2025-04-01T15:11:53.285+0000] {processor.py:914} INFO - Processing file /home/airflow/.local/lib/python3.12/site-packages/airflow/example_dags/example_bash_operator.py for tasks to queue
[2025-04-01T15:11:53.286+0000] {logging_mixin.py:190} INFO - [2025-04-01T15:11:53.286+0000] {dagbag.py:588} INFO - Filling up the DagBag from /home/airflow/.local/lib/python3.12/site-packages/airflow/example_dags/example_bash_operator.py
[2025-04-01T15:11:53.296+0000] {processor.py:925} INFO - DAG(s) 'example_bash_operator' retrieved from /home/airflow/.local/lib/python3.12/site-packages/airflow/example_dags/example_bash_operator.py
[2025-04-01T15:11:53.318+0000] {logging_mixin.py:190} INFO - [2025-04-01T15:11:53.317+0000] {dag.py:3239} INFO - Sync 1 DAGs
[2025-04-01T15:11:53.336+0000] {logging_mixin.py:190} INFO - [2025-04-01T15:11:53.336+0000] {dag.py:4180} INFO - Setting next_dagrun for example_bash_operator to 2025-03-31 00:00:00+00:00, run_after=2025-04-01 00:00:00+00:00
[2025-04-01T15:11:53.357+0000] {processor.py:208} INFO - Processing /home/airflow/.local/lib/python3.12/site-packages/airflow/example_dags/example_bash_operator.py took 0.081 seconds
[2025-04-01T15:12:24.313+0000] {processor.py:186} INFO - Started process (PID=605) to work on /home/airflow/.local/lib/python3.12/site-packages/airflow/example_dags/example_bash_operator.py
[2025-04-01T15:12:24.314+0000] {processor.py:914} INFO - Processing file /home/airflow/.local/lib/python3.12/site-packages/airflow/example_dags/example_bash_operator.py for tasks to queue
[2025-04-01T15:12:24.316+0000] {logging_mixin.py:190} INFO - [2025-04-01T15:12:24.316+0000] {dagbag.py:588} INFO - Filling up the DagBag from /home/airflow/.local/lib/python3.12/site-packages/airflow/example_dags/example_bash_operator.py
[2025-04-01T15:12:24.324+0000] {processor.py:925} INFO - DAG(s) 'example_bash_operator' retrieved from /home/airflow/.local/lib/python3.12/site-packages/airflow/example_dags/example_bash_operator.py
[2025-04-01T15:12:24.343+0000] {logging_mixin.py:190} INFO - [2025-04-01T15:12:24.343+0000] {dag.py:3239} INFO - Sync 1 DAGs
[2025-04-01T15:12:24.365+0000] {logging_mixin.py:190} INFO - [2025-04-01T15:12:24.365+0000] {dag.py:4180} INFO - Setting next_dagrun for example_bash_operator to 2025-03-31 00:00:00+00:00, run_after=2025-04-01 00:00:00+00:00
[2025-04-01T15:12:24.379+0000] {processor.py:208} INFO - Processing /home/airflow/.local/lib/python3.12/site-packages/airflow/example_dags/example_bash_operator.py took 0.072 seconds
[2025-04-01T15:12:55.184+0000] {processor.py:186} INFO - Started process (PID=670) to work on /home/airflow/.local/lib/python3.12/site-packages/airflow/example_dags/example_bash_operator.py
[2025-04-01T15:12:55.186+0000] {processor.py:914} INFO - Processing file /home/airflow/.local/lib/python3.12/site-packages/airflow/example_dags/example_bash_operator.py for tasks to queue
[2025-04-01T15:12:55.187+0000] {logging_mixin.py:190} INFO - [2025-04-01T15:12:55.187+0000] {dagbag.py:588} INFO - Filling up the DagBag from /home/airflow/.local/lib/python3.12/site-packages/airflow/example_dags/example_bash_operator.py
[2025-04-01T15:12:55.197+0000] {processor.py:925} INFO - DAG(s) 'example_bash_operator' retrieved from /home/airflow/.local/lib/python3.12/site-packages/airflow/example_dags/example_bash_operator.py
[2025-04-01T15:12:55.217+0000] {logging_mixin.py:190} INFO - [2025-04-01T15:12:55.217+0000] {dag.py:3239} INFO - Sync 1 DAGs
[2025-04-01T15:12:55.235+0000] {logging_mixin.py:190} INFO - [2025-04-01T15:12:55.234+0000] {dag.py:4180} INFO - Setting next_dagrun for example_bash_operator to 2025-03-31 00:00:00+00:00, run_after=2025-04-01 00:00:00+00:00
[2025-04-01T15:12:55.249+0000] {processor.py:208} INFO - Processing /home/airflow/.local/lib/python3.12/site-packages/airflow/example_dags/example_bash_operator.py took 0.070 seconds
[2025-04-01T15:13:26.111+0000] {processor.py:186} INFO - Started process (PID=735) to work on /home/airflow/.local/lib/python3.12/site-packages/airflow/example_dags/example_bash_operator.py
[2025-04-01T15:13:26.113+0000] {processor.py:914} INFO - Processing file /home/airflow/.local/lib/python3.12/site-packages/airflow/example_dags/example_bash_operator.py for tasks to queue
[2025-04-01T15:13:26.114+0000] {logging_mixin.py:190} INFO - [2025-04-01T15:13:26.114+0000] {dagbag.py:588} INFO - Filling up the DagBag from /home/airflow/.local/lib/python3.12/site-packages/airflow/example_dags/example_bash_operator.py
[2025-04-01T15:13:26.124+0000] {processor.py:925} INFO - DAG(s) 'example_bash_operator' retrieved from /home/airflow/.local/lib/python3.12/site-packages/airflow/example_dags/example_bash_operator.py
[2025-04-01T15:13:26.146+0000] {logging_mixin.py:190} INFO - [2025-04-01T15:13:26.146+0000] {dag.py:3239} INFO - Sync 1 DAGs
[2025-04-01T15:13:26.169+0000] {logging_mixin.py:190} INFO - [2025-04-01T15:13:26.169+0000] {dag.py:4180} INFO - Setting next_dagrun for example_bash_operator to 2025-03-31 00:00:00+00:00, run_after=2025-04-01 00:00:00+00:00
[2025-04-01T15:13:26.184+0000] {processor.py:208} INFO - Processing /home/airflow/.local/lib/python3.12/site-packages/airflow/example_dags/example_bash_operator.py took 0.078 seconds
