[2025-04-01T15:08:24.866+0000] {processor.py:186} INFO - Started process (PID=109) to work on /home/airflow/.local/lib/python3.12/site-packages/airflow/example_dags/example_branch_labels.py
[2025-04-01T15:08:24.867+0000] {processor.py:914} INFO - Processing file /home/airflow/.local/lib/python3.12/site-packages/airflow/example_dags/example_branch_labels.py for tasks to queue
[2025-04-01T15:08:24.869+0000] {logging_mixin.py:190} INFO - [2025-04-01T15:08:24.869+0000] {dagbag.py:588} INFO - Filling up the DagBag from /home/airflow/.local/lib/python3.12/site-packages/airflow/example_dags/example_branch_labels.py
[2025-04-01T15:08:24.882+0000] {processor.py:925} INFO - DAG(s) 'example_branch_labels' retrieved from /home/airflow/.local/lib/python3.12/site-packages/airflow/example_dags/example_branch_labels.py
[2025-04-01T15:08:24.980+0000] {logging_mixin.py:190} INFO - [2025-04-01T15:08:24.980+0000] {override.py:1912} INFO - Created Permission View: can read on DAG:example_branch_labels
[2025-04-01T15:08:24.990+0000] {logging_mixin.py:190} INFO - [2025-04-01T15:08:24.990+0000] {override.py:1912} INFO - Created Permission View: can edit on DAG:example_branch_labels
[2025-04-01T15:08:24.996+0000] {logging_mixin.py:190} INFO - [2025-04-01T15:08:24.995+0000] {override.py:1912} INFO - Created Permission View: can delete on DAG:example_branch_labels
[2025-04-01T15:08:25.002+0000] {logging_mixin.py:190} INFO - [2025-04-01T15:08:25.002+0000] {override.py:1912} INFO - Created Permission View: can read on DAG Run:example_branch_labels
[2025-04-01T15:08:25.008+0000] {logging_mixin.py:190} INFO - [2025-04-01T15:08:25.007+0000] {override.py:1912} INFO - Created Permission View: can create on DAG Run:example_branch_labels
[2025-04-01T15:08:25.014+0000] {logging_mixin.py:190} INFO - [2025-04-01T15:08:25.013+0000] {override.py:1912} INFO - Created Permission View: can delete on DAG Run:example_branch_labels
[2025-04-01T15:08:25.020+0000] {logging_mixin.py:190} INFO - [2025-04-01T15:08:25.019+0000] {override.py:1912} INFO - Created Permission View: menu access on DAG Run:example_branch_labels
[2025-04-01T15:08:25.020+0000] {logging_mixin.py:190} INFO - [2025-04-01T15:08:25.020+0000] {dag.py:3239} INFO - Sync 1 DAGs
[2025-04-01T15:08:25.031+0000] {logging_mixin.py:190} INFO - [2025-04-01T15:08:25.031+0000] {dag.py:3262} INFO - Creating ORM DAG for example_branch_labels
[2025-04-01T15:08:25.040+0000] {logging_mixin.py:190} INFO - [2025-04-01T15:08:25.040+0000] {dag.py:4180} INFO - Setting next_dagrun for example_branch_labels to 2025-03-31 00:00:00+00:00, run_after=2025-04-01 00:00:00+00:00
[2025-04-01T15:08:25.054+0000] {processor.py:208} INFO - Processing /home/airflow/.local/lib/python3.12/site-packages/airflow/example_dags/example_branch_labels.py took 0.194 seconds
[2025-04-01T15:08:55.604+0000] {processor.py:186} INFO - Started process (PID=174) to work on /home/airflow/.local/lib/python3.12/site-packages/airflow/example_dags/example_branch_labels.py
[2025-04-01T15:08:55.605+0000] {processor.py:914} INFO - Processing file /home/airflow/.local/lib/python3.12/site-packages/airflow/example_dags/example_branch_labels.py for tasks to queue
[2025-04-01T15:08:55.606+0000] {logging_mixin.py:190} INFO - [2025-04-01T15:08:55.606+0000] {dagbag.py:588} INFO - Filling up the DagBag from /home/airflow/.local/lib/python3.12/site-packages/airflow/example_dags/example_branch_labels.py
[2025-04-01T15:08:55.616+0000] {processor.py:925} INFO - DAG(s) 'example_branch_labels' retrieved from /home/airflow/.local/lib/python3.12/site-packages/airflow/example_dags/example_branch_labels.py
[2025-04-01T15:08:55.633+0000] {logging_mixin.py:190} INFO - [2025-04-01T15:08:55.632+0000] {dag.py:3239} INFO - Sync 1 DAGs
[2025-04-01T15:08:55.652+0000] {logging_mixin.py:190} INFO - [2025-04-01T15:08:55.652+0000] {dag.py:4180} INFO - Setting next_dagrun for example_branch_labels to 2025-03-31 00:00:00+00:00, run_after=2025-04-01 00:00:00+00:00
[2025-04-01T15:08:55.672+0000] {processor.py:208} INFO - Processing /home/airflow/.local/lib/python3.12/site-packages/airflow/example_dags/example_branch_labels.py took 0.072 seconds
[2025-04-01T15:09:26.298+0000] {processor.py:186} INFO - Started process (PID=239) to work on /home/airflow/.local/lib/python3.12/site-packages/airflow/example_dags/example_branch_labels.py
[2025-04-01T15:09:26.298+0000] {processor.py:914} INFO - Processing file /home/airflow/.local/lib/python3.12/site-packages/airflow/example_dags/example_branch_labels.py for tasks to queue
[2025-04-01T15:09:26.300+0000] {logging_mixin.py:190} INFO - [2025-04-01T15:09:26.299+0000] {dagbag.py:588} INFO - Filling up the DagBag from /home/airflow/.local/lib/python3.12/site-packages/airflow/example_dags/example_branch_labels.py
[2025-04-01T15:09:26.307+0000] {processor.py:925} INFO - DAG(s) 'example_branch_labels' retrieved from /home/airflow/.local/lib/python3.12/site-packages/airflow/example_dags/example_branch_labels.py
[2025-04-01T15:09:26.323+0000] {logging_mixin.py:190} INFO - [2025-04-01T15:09:26.322+0000] {dag.py:3239} INFO - Sync 1 DAGs
[2025-04-01T15:09:26.340+0000] {logging_mixin.py:190} INFO - [2025-04-01T15:09:26.340+0000] {dag.py:4180} INFO - Setting next_dagrun for example_branch_labels to 2025-03-31 00:00:00+00:00, run_after=2025-04-01 00:00:00+00:00
[2025-04-01T15:09:26.356+0000] {processor.py:208} INFO - Processing /home/airflow/.local/lib/python3.12/site-packages/airflow/example_dags/example_branch_labels.py took 0.062 seconds
[2025-04-01T15:09:58.286+0000] {processor.py:186} INFO - Started process (PID=304) to work on /home/airflow/.local/lib/python3.12/site-packages/airflow/example_dags/example_branch_labels.py
[2025-04-01T15:09:58.289+0000] {processor.py:914} INFO - Processing file /home/airflow/.local/lib/python3.12/site-packages/airflow/example_dags/example_branch_labels.py for tasks to queue
[2025-04-01T15:09:58.292+0000] {logging_mixin.py:190} INFO - [2025-04-01T15:09:58.292+0000] {dagbag.py:588} INFO - Filling up the DagBag from /home/airflow/.local/lib/python3.12/site-packages/airflow/example_dags/example_branch_labels.py
[2025-04-01T15:09:58.302+0000] {processor.py:925} INFO - DAG(s) 'example_branch_labels' retrieved from /home/airflow/.local/lib/python3.12/site-packages/airflow/example_dags/example_branch_labels.py
[2025-04-01T15:09:58.326+0000] {logging_mixin.py:190} INFO - [2025-04-01T15:09:58.325+0000] {dag.py:3239} INFO - Sync 1 DAGs
[2025-04-01T15:09:58.365+0000] {logging_mixin.py:190} INFO - [2025-04-01T15:09:58.365+0000] {dag.py:4180} INFO - Setting next_dagrun for example_branch_labels to 2025-03-31 00:00:00+00:00, run_after=2025-04-01 00:00:00+00:00
[2025-04-01T15:09:58.391+0000] {processor.py:208} INFO - Processing /home/airflow/.local/lib/python3.12/site-packages/airflow/example_dags/example_branch_labels.py took 0.108 seconds
[2025-04-01T15:10:29.474+0000] {processor.py:186} INFO - Started process (PID=368) to work on /home/airflow/.local/lib/python3.12/site-packages/airflow/example_dags/example_branch_labels.py
[2025-04-01T15:10:29.475+0000] {processor.py:914} INFO - Processing file /home/airflow/.local/lib/python3.12/site-packages/airflow/example_dags/example_branch_labels.py for tasks to queue
[2025-04-01T15:10:29.476+0000] {logging_mixin.py:190} INFO - [2025-04-01T15:10:29.476+0000] {dagbag.py:588} INFO - Filling up the DagBag from /home/airflow/.local/lib/python3.12/site-packages/airflow/example_dags/example_branch_labels.py
[2025-04-01T15:10:29.484+0000] {processor.py:925} INFO - DAG(s) 'example_branch_labels' retrieved from /home/airflow/.local/lib/python3.12/site-packages/airflow/example_dags/example_branch_labels.py
[2025-04-01T15:10:29.499+0000] {logging_mixin.py:190} INFO - [2025-04-01T15:10:29.498+0000] {dag.py:3239} INFO - Sync 1 DAGs
[2025-04-01T15:10:29.520+0000] {logging_mixin.py:190} INFO - [2025-04-01T15:10:29.520+0000] {dag.py:4180} INFO - Setting next_dagrun for example_branch_labels to 2025-03-31 00:00:00+00:00, run_after=2025-04-01 00:00:00+00:00
[2025-04-01T15:10:29.535+0000] {processor.py:208} INFO - Processing /home/airflow/.local/lib/python3.12/site-packages/airflow/example_dags/example_branch_labels.py took 0.065 seconds
[2025-04-01T15:10:59.737+0000] {processor.py:186} INFO - Started process (PID=433) to work on /home/airflow/.local/lib/python3.12/site-packages/airflow/example_dags/example_branch_labels.py
[2025-04-01T15:10:59.737+0000] {processor.py:914} INFO - Processing file /home/airflow/.local/lib/python3.12/site-packages/airflow/example_dags/example_branch_labels.py for tasks to queue
[2025-04-01T15:10:59.739+0000] {logging_mixin.py:190} INFO - [2025-04-01T15:10:59.739+0000] {dagbag.py:588} INFO - Filling up the DagBag from /home/airflow/.local/lib/python3.12/site-packages/airflow/example_dags/example_branch_labels.py
[2025-04-01T15:10:59.748+0000] {processor.py:925} INFO - DAG(s) 'example_branch_labels' retrieved from /home/airflow/.local/lib/python3.12/site-packages/airflow/example_dags/example_branch_labels.py
[2025-04-01T15:10:59.764+0000] {logging_mixin.py:190} INFO - [2025-04-01T15:10:59.764+0000] {dag.py:3239} INFO - Sync 1 DAGs
[2025-04-01T15:10:59.784+0000] {logging_mixin.py:190} INFO - [2025-04-01T15:10:59.784+0000] {dag.py:4180} INFO - Setting next_dagrun for example_branch_labels to 2025-03-31 00:00:00+00:00, run_after=2025-04-01 00:00:00+00:00
[2025-04-01T15:10:59.802+0000] {processor.py:208} INFO - Processing /home/airflow/.local/lib/python3.12/site-packages/airflow/example_dags/example_branch_labels.py took 0.069 seconds
[2025-04-01T15:11:30.763+0000] {processor.py:186} INFO - Started process (PID=497) to work on /home/airflow/.local/lib/python3.12/site-packages/airflow/example_dags/example_branch_labels.py
[2025-04-01T15:11:30.769+0000] {processor.py:914} INFO - Processing file /home/airflow/.local/lib/python3.12/site-packages/airflow/example_dags/example_branch_labels.py for tasks to queue
[2025-04-01T15:11:30.771+0000] {logging_mixin.py:190} INFO - [2025-04-01T15:11:30.771+0000] {dagbag.py:588} INFO - Filling up the DagBag from /home/airflow/.local/lib/python3.12/site-packages/airflow/example_dags/example_branch_labels.py
[2025-04-01T15:11:30.778+0000] {processor.py:925} INFO - DAG(s) 'example_branch_labels' retrieved from /home/airflow/.local/lib/python3.12/site-packages/airflow/example_dags/example_branch_labels.py
[2025-04-01T15:11:30.797+0000] {logging_mixin.py:190} INFO - [2025-04-01T15:11:30.796+0000] {dag.py:3239} INFO - Sync 1 DAGs
[2025-04-01T15:11:30.819+0000] {logging_mixin.py:190} INFO - [2025-04-01T15:11:30.819+0000] {dag.py:4180} INFO - Setting next_dagrun for example_branch_labels to 2025-03-31 00:00:00+00:00, run_after=2025-04-01 00:00:00+00:00
[2025-04-01T15:11:30.844+0000] {processor.py:208} INFO - Processing /home/airflow/.local/lib/python3.12/site-packages/airflow/example_dags/example_branch_labels.py took 0.085 seconds
[2025-04-01T15:12:01.793+0000] {processor.py:186} INFO - Started process (PID=562) to work on /home/airflow/.local/lib/python3.12/site-packages/airflow/example_dags/example_branch_labels.py
[2025-04-01T15:12:01.794+0000] {processor.py:914} INFO - Processing file /home/airflow/.local/lib/python3.12/site-packages/airflow/example_dags/example_branch_labels.py for tasks to queue
[2025-04-01T15:12:01.795+0000] {logging_mixin.py:190} INFO - [2025-04-01T15:12:01.795+0000] {dagbag.py:588} INFO - Filling up the DagBag from /home/airflow/.local/lib/python3.12/site-packages/airflow/example_dags/example_branch_labels.py
[2025-04-01T15:12:01.802+0000] {processor.py:925} INFO - DAG(s) 'example_branch_labels' retrieved from /home/airflow/.local/lib/python3.12/site-packages/airflow/example_dags/example_branch_labels.py
[2025-04-01T15:12:01.820+0000] {logging_mixin.py:190} INFO - [2025-04-01T15:12:01.819+0000] {dag.py:3239} INFO - Sync 1 DAGs
[2025-04-01T15:12:01.842+0000] {logging_mixin.py:190} INFO - [2025-04-01T15:12:01.842+0000] {dag.py:4180} INFO - Setting next_dagrun for example_branch_labels to 2025-03-31 00:00:00+00:00, run_after=2025-04-01 00:00:00+00:00
[2025-04-01T15:12:01.858+0000] {processor.py:208} INFO - Processing /home/airflow/.local/lib/python3.12/site-packages/airflow/example_dags/example_branch_labels.py took 0.069 seconds
[2025-04-01T15:12:32.765+0000] {processor.py:186} INFO - Started process (PID=627) to work on /home/airflow/.local/lib/python3.12/site-packages/airflow/example_dags/example_branch_labels.py
[2025-04-01T15:12:32.766+0000] {processor.py:914} INFO - Processing file /home/airflow/.local/lib/python3.12/site-packages/airflow/example_dags/example_branch_labels.py for tasks to queue
[2025-04-01T15:12:32.767+0000] {logging_mixin.py:190} INFO - [2025-04-01T15:12:32.767+0000] {dagbag.py:588} INFO - Filling up the DagBag from /home/airflow/.local/lib/python3.12/site-packages/airflow/example_dags/example_branch_labels.py
[2025-04-01T15:12:32.773+0000] {processor.py:925} INFO - DAG(s) 'example_branch_labels' retrieved from /home/airflow/.local/lib/python3.12/site-packages/airflow/example_dags/example_branch_labels.py
[2025-04-01T15:12:32.786+0000] {logging_mixin.py:190} INFO - [2025-04-01T15:12:32.786+0000] {dag.py:3239} INFO - Sync 1 DAGs
[2025-04-01T15:12:32.800+0000] {logging_mixin.py:190} INFO - [2025-04-01T15:12:32.800+0000] {dag.py:4180} INFO - Setting next_dagrun for example_branch_labels to 2025-03-31 00:00:00+00:00, run_after=2025-04-01 00:00:00+00:00
[2025-04-01T15:12:32.818+0000] {processor.py:208} INFO - Processing /home/airflow/.local/lib/python3.12/site-packages/airflow/example_dags/example_branch_labels.py took 0.056 seconds
[2025-04-01T15:13:03.539+0000] {processor.py:186} INFO - Started process (PID=692) to work on /home/airflow/.local/lib/python3.12/site-packages/airflow/example_dags/example_branch_labels.py
[2025-04-01T15:13:03.540+0000] {processor.py:914} INFO - Processing file /home/airflow/.local/lib/python3.12/site-packages/airflow/example_dags/example_branch_labels.py for tasks to queue
[2025-04-01T15:13:03.541+0000] {logging_mixin.py:190} INFO - [2025-04-01T15:13:03.541+0000] {dagbag.py:588} INFO - Filling up the DagBag from /home/airflow/.local/lib/python3.12/site-packages/airflow/example_dags/example_branch_labels.py
[2025-04-01T15:13:03.550+0000] {processor.py:925} INFO - DAG(s) 'example_branch_labels' retrieved from /home/airflow/.local/lib/python3.12/site-packages/airflow/example_dags/example_branch_labels.py
[2025-04-01T15:13:03.569+0000] {logging_mixin.py:190} INFO - [2025-04-01T15:13:03.569+0000] {dag.py:3239} INFO - Sync 1 DAGs
[2025-04-01T15:13:03.590+0000] {logging_mixin.py:190} INFO - [2025-04-01T15:13:03.590+0000] {dag.py:4180} INFO - Setting next_dagrun for example_branch_labels to 2025-03-31 00:00:00+00:00, run_after=2025-04-01 00:00:00+00:00
[2025-04-01T15:13:03.605+0000] {processor.py:208} INFO - Processing /home/airflow/.local/lib/python3.12/site-packages/airflow/example_dags/example_branch_labels.py took 0.071 seconds
[2025-04-01T15:13:35.010+0000] {processor.py:186} INFO - Started process (PID=757) to work on /home/airflow/.local/lib/python3.12/site-packages/airflow/example_dags/example_branch_labels.py
[2025-04-01T15:13:35.011+0000] {processor.py:914} INFO - Processing file /home/airflow/.local/lib/python3.12/site-packages/airflow/example_dags/example_branch_labels.py for tasks to queue
[2025-04-01T15:13:35.013+0000] {logging_mixin.py:190} INFO - [2025-04-01T15:13:35.013+0000] {dagbag.py:588} INFO - Filling up the DagBag from /home/airflow/.local/lib/python3.12/site-packages/airflow/example_dags/example_branch_labels.py
[2025-04-01T15:13:35.020+0000] {processor.py:925} INFO - DAG(s) 'example_branch_labels' retrieved from /home/airflow/.local/lib/python3.12/site-packages/airflow/example_dags/example_branch_labels.py
[2025-04-01T15:13:35.036+0000] {logging_mixin.py:190} INFO - [2025-04-01T15:13:35.036+0000] {dag.py:3239} INFO - Sync 1 DAGs
[2025-04-01T15:13:35.056+0000] {logging_mixin.py:190} INFO - [2025-04-01T15:13:35.056+0000] {dag.py:4180} INFO - Setting next_dagrun for example_branch_labels to 2025-03-31 00:00:00+00:00, run_after=2025-04-01 00:00:00+00:00
[2025-04-01T15:13:35.072+0000] {processor.py:208} INFO - Processing /home/airflow/.local/lib/python3.12/site-packages/airflow/example_dags/example_branch_labels.py took 0.066 seconds
