[2025-04-01T15:08:21.182+0000] {processor.py:186} INFO - Started process (PID=91) to work on /home/airflow/.local/lib/python3.12/site-packages/airflow/example_dags/example_dynamic_task_mapping.py
[2025-04-01T15:08:21.183+0000] {processor.py:914} INFO - Processing file /home/airflow/.local/lib/python3.12/site-packages/airflow/example_dags/example_dynamic_task_mapping.py for tasks to queue
[2025-04-01T15:08:21.184+0000] {logging_mixin.py:190} INFO - [2025-04-01T15:08:21.184+0000] {dagbag.py:588} INFO - Filling up the DagBag from /home/airflow/.local/lib/python3.12/site-packages/airflow/example_dags/example_dynamic_task_mapping.py
[2025-04-01T15:08:21.192+0000] {processor.py:925} INFO - DAG(s) 'example_dynamic_task_mapping' retrieved from /home/airflow/.local/lib/python3.12/site-packages/airflow/example_dags/example_dynamic_task_mapping.py
[2025-04-01T15:08:21.292+0000] {logging_mixin.py:190} INFO - [2025-04-01T15:08:21.291+0000] {override.py:1912} INFO - Created Permission View: can read on DAG:example_dynamic_task_mapping
[2025-04-01T15:08:21.302+0000] {logging_mixin.py:190} INFO - [2025-04-01T15:08:21.301+0000] {override.py:1912} INFO - Created Permission View: can edit on DAG:example_dynamic_task_mapping
[2025-04-01T15:08:21.308+0000] {logging_mixin.py:190} INFO - [2025-04-01T15:08:21.308+0000] {override.py:1912} INFO - Created Permission View: can delete on DAG:example_dynamic_task_mapping
[2025-04-01T15:08:21.315+0000] {logging_mixin.py:190} INFO - [2025-04-01T15:08:21.315+0000] {override.py:1912} INFO - Created Permission View: can read on DAG Run:example_dynamic_task_mapping
[2025-04-01T15:08:21.322+0000] {logging_mixin.py:190} INFO - [2025-04-01T15:08:21.321+0000] {override.py:1912} INFO - Created Permission View: can create on DAG Run:example_dynamic_task_mapping
[2025-04-01T15:08:21.329+0000] {logging_mixin.py:190} INFO - [2025-04-01T15:08:21.329+0000] {override.py:1912} INFO - Created Permission View: can delete on DAG Run:example_dynamic_task_mapping
[2025-04-01T15:08:21.336+0000] {logging_mixin.py:190} INFO - [2025-04-01T15:08:21.336+0000] {override.py:1912} INFO - Created Permission View: menu access on DAG Run:example_dynamic_task_mapping
[2025-04-01T15:08:21.336+0000] {logging_mixin.py:190} INFO - [2025-04-01T15:08:21.336+0000] {dag.py:3239} INFO - Sync 1 DAGs
[2025-04-01T15:08:21.349+0000] {logging_mixin.py:190} INFO - [2025-04-01T15:08:21.348+0000] {dag.py:3262} INFO - Creating ORM DAG for example_dynamic_task_mapping
[2025-04-01T15:08:21.349+0000] {logging_mixin.py:190} INFO - [2025-04-01T15:08:21.349+0000] {dag.py:4180} INFO - Setting next_dagrun for example_dynamic_task_mapping to None, run_after=None
[2025-04-01T15:08:21.363+0000] {processor.py:208} INFO - Processing /home/airflow/.local/lib/python3.12/site-packages/airflow/example_dags/example_dynamic_task_mapping.py took 0.186 seconds
[2025-04-01T15:08:52.153+0000] {processor.py:186} INFO - Started process (PID=156) to work on /home/airflow/.local/lib/python3.12/site-packages/airflow/example_dags/example_dynamic_task_mapping.py
[2025-04-01T15:08:52.153+0000] {processor.py:914} INFO - Processing file /home/airflow/.local/lib/python3.12/site-packages/airflow/example_dags/example_dynamic_task_mapping.py for tasks to queue
[2025-04-01T15:08:52.155+0000] {logging_mixin.py:190} INFO - [2025-04-01T15:08:52.154+0000] {dagbag.py:588} INFO - Filling up the DagBag from /home/airflow/.local/lib/python3.12/site-packages/airflow/example_dags/example_dynamic_task_mapping.py
[2025-04-01T15:08:52.161+0000] {processor.py:925} INFO - DAG(s) 'example_dynamic_task_mapping' retrieved from /home/airflow/.local/lib/python3.12/site-packages/airflow/example_dags/example_dynamic_task_mapping.py
[2025-04-01T15:08:52.174+0000] {logging_mixin.py:190} INFO - [2025-04-01T15:08:52.174+0000] {dag.py:3239} INFO - Sync 1 DAGs
[2025-04-01T15:08:52.186+0000] {logging_mixin.py:190} INFO - [2025-04-01T15:08:52.185+0000] {dag.py:4180} INFO - Setting next_dagrun for example_dynamic_task_mapping to None, run_after=None
[2025-04-01T15:08:52.200+0000] {processor.py:208} INFO - Processing /home/airflow/.local/lib/python3.12/site-packages/airflow/example_dags/example_dynamic_task_mapping.py took 0.051 seconds
[2025-04-01T15:09:23.074+0000] {processor.py:186} INFO - Started process (PID=221) to work on /home/airflow/.local/lib/python3.12/site-packages/airflow/example_dags/example_dynamic_task_mapping.py
[2025-04-01T15:09:23.075+0000] {processor.py:914} INFO - Processing file /home/airflow/.local/lib/python3.12/site-packages/airflow/example_dags/example_dynamic_task_mapping.py for tasks to queue
[2025-04-01T15:09:23.076+0000] {logging_mixin.py:190} INFO - [2025-04-01T15:09:23.076+0000] {dagbag.py:588} INFO - Filling up the DagBag from /home/airflow/.local/lib/python3.12/site-packages/airflow/example_dags/example_dynamic_task_mapping.py
[2025-04-01T15:09:23.082+0000] {processor.py:925} INFO - DAG(s) 'example_dynamic_task_mapping' retrieved from /home/airflow/.local/lib/python3.12/site-packages/airflow/example_dags/example_dynamic_task_mapping.py
[2025-04-01T15:09:23.096+0000] {logging_mixin.py:190} INFO - [2025-04-01T15:09:23.096+0000] {dag.py:3239} INFO - Sync 1 DAGs
[2025-04-01T15:09:23.108+0000] {logging_mixin.py:190} INFO - [2025-04-01T15:09:23.107+0000] {dag.py:4180} INFO - Setting next_dagrun for example_dynamic_task_mapping to None, run_after=None
[2025-04-01T15:09:23.121+0000] {processor.py:208} INFO - Processing /home/airflow/.local/lib/python3.12/site-packages/airflow/example_dags/example_dynamic_task_mapping.py took 0.052 seconds
[2025-04-01T15:09:53.497+0000] {processor.py:186} INFO - Started process (PID=286) to work on /home/airflow/.local/lib/python3.12/site-packages/airflow/example_dags/example_dynamic_task_mapping.py
[2025-04-01T15:09:53.498+0000] {processor.py:914} INFO - Processing file /home/airflow/.local/lib/python3.12/site-packages/airflow/example_dags/example_dynamic_task_mapping.py for tasks to queue
[2025-04-01T15:09:53.500+0000] {logging_mixin.py:190} INFO - [2025-04-01T15:09:53.499+0000] {dagbag.py:588} INFO - Filling up the DagBag from /home/airflow/.local/lib/python3.12/site-packages/airflow/example_dags/example_dynamic_task_mapping.py
[2025-04-01T15:09:53.508+0000] {processor.py:925} INFO - DAG(s) 'example_dynamic_task_mapping' retrieved from /home/airflow/.local/lib/python3.12/site-packages/airflow/example_dags/example_dynamic_task_mapping.py
[2025-04-01T15:09:53.525+0000] {logging_mixin.py:190} INFO - [2025-04-01T15:09:53.525+0000] {dag.py:3239} INFO - Sync 1 DAGs
[2025-04-01T15:09:53.537+0000] {logging_mixin.py:190} INFO - [2025-04-01T15:09:53.537+0000] {dag.py:4180} INFO - Setting next_dagrun for example_dynamic_task_mapping to None, run_after=None
[2025-04-01T15:09:53.552+0000] {processor.py:208} INFO - Processing /home/airflow/.local/lib/python3.12/site-packages/airflow/example_dags/example_dynamic_task_mapping.py took 0.059 seconds
[2025-04-01T15:10:23.805+0000] {processor.py:186} INFO - Started process (PID=350) to work on /home/airflow/.local/lib/python3.12/site-packages/airflow/example_dags/example_dynamic_task_mapping.py
[2025-04-01T15:10:23.806+0000] {processor.py:914} INFO - Processing file /home/airflow/.local/lib/python3.12/site-packages/airflow/example_dags/example_dynamic_task_mapping.py for tasks to queue
[2025-04-01T15:10:23.807+0000] {logging_mixin.py:190} INFO - [2025-04-01T15:10:23.807+0000] {dagbag.py:588} INFO - Filling up the DagBag from /home/airflow/.local/lib/python3.12/site-packages/airflow/example_dags/example_dynamic_task_mapping.py
[2025-04-01T15:10:23.812+0000] {processor.py:925} INFO - DAG(s) 'example_dynamic_task_mapping' retrieved from /home/airflow/.local/lib/python3.12/site-packages/airflow/example_dags/example_dynamic_task_mapping.py
[2025-04-01T15:10:23.824+0000] {logging_mixin.py:190} INFO - [2025-04-01T15:10:23.824+0000] {dag.py:3239} INFO - Sync 1 DAGs
[2025-04-01T15:10:23.834+0000] {logging_mixin.py:190} INFO - [2025-04-01T15:10:23.834+0000] {dag.py:4180} INFO - Setting next_dagrun for example_dynamic_task_mapping to None, run_after=None
[2025-04-01T15:10:23.847+0000] {processor.py:208} INFO - Processing /home/airflow/.local/lib/python3.12/site-packages/airflow/example_dags/example_dynamic_task_mapping.py took 0.045 seconds
[2025-04-01T15:10:54.175+0000] {processor.py:186} INFO - Started process (PID=415) to work on /home/airflow/.local/lib/python3.12/site-packages/airflow/example_dags/example_dynamic_task_mapping.py
[2025-04-01T15:10:54.175+0000] {processor.py:914} INFO - Processing file /home/airflow/.local/lib/python3.12/site-packages/airflow/example_dags/example_dynamic_task_mapping.py for tasks to queue
[2025-04-01T15:10:54.177+0000] {logging_mixin.py:190} INFO - [2025-04-01T15:10:54.177+0000] {dagbag.py:588} INFO - Filling up the DagBag from /home/airflow/.local/lib/python3.12/site-packages/airflow/example_dags/example_dynamic_task_mapping.py
[2025-04-01T15:10:54.185+0000] {processor.py:925} INFO - DAG(s) 'example_dynamic_task_mapping' retrieved from /home/airflow/.local/lib/python3.12/site-packages/airflow/example_dags/example_dynamic_task_mapping.py
[2025-04-01T15:10:54.201+0000] {logging_mixin.py:190} INFO - [2025-04-01T15:10:54.201+0000] {dag.py:3239} INFO - Sync 1 DAGs
[2025-04-01T15:10:54.214+0000] {logging_mixin.py:190} INFO - [2025-04-01T15:10:54.214+0000] {dag.py:4180} INFO - Setting next_dagrun for example_dynamic_task_mapping to None, run_after=None
[2025-04-01T15:10:54.231+0000] {processor.py:208} INFO - Processing /home/airflow/.local/lib/python3.12/site-packages/airflow/example_dags/example_dynamic_task_mapping.py took 0.061 seconds
[2025-04-01T15:11:24.316+0000] {processor.py:186} INFO - Started process (PID=480) to work on /home/airflow/.local/lib/python3.12/site-packages/airflow/example_dags/example_dynamic_task_mapping.py
[2025-04-01T15:11:24.317+0000] {processor.py:914} INFO - Processing file /home/airflow/.local/lib/python3.12/site-packages/airflow/example_dags/example_dynamic_task_mapping.py for tasks to queue
[2025-04-01T15:11:24.318+0000] {logging_mixin.py:190} INFO - [2025-04-01T15:11:24.318+0000] {dagbag.py:588} INFO - Filling up the DagBag from /home/airflow/.local/lib/python3.12/site-packages/airflow/example_dags/example_dynamic_task_mapping.py
[2025-04-01T15:11:24.324+0000] {processor.py:925} INFO - DAG(s) 'example_dynamic_task_mapping' retrieved from /home/airflow/.local/lib/python3.12/site-packages/airflow/example_dags/example_dynamic_task_mapping.py
[2025-04-01T15:11:24.339+0000] {logging_mixin.py:190} INFO - [2025-04-01T15:11:24.338+0000] {dag.py:3239} INFO - Sync 1 DAGs
[2025-04-01T15:11:24.351+0000] {logging_mixin.py:190} INFO - [2025-04-01T15:11:24.351+0000] {dag.py:4180} INFO - Setting next_dagrun for example_dynamic_task_mapping to None, run_after=None
[2025-04-01T15:11:24.366+0000] {processor.py:208} INFO - Processing /home/airflow/.local/lib/python3.12/site-packages/airflow/example_dags/example_dynamic_task_mapping.py took 0.054 seconds
[2025-04-01T15:11:54.476+0000] {processor.py:186} INFO - Started process (PID=545) to work on /home/airflow/.local/lib/python3.12/site-packages/airflow/example_dags/example_dynamic_task_mapping.py
[2025-04-01T15:11:54.477+0000] {processor.py:914} INFO - Processing file /home/airflow/.local/lib/python3.12/site-packages/airflow/example_dags/example_dynamic_task_mapping.py for tasks to queue
[2025-04-01T15:11:54.479+0000] {logging_mixin.py:190} INFO - [2025-04-01T15:11:54.478+0000] {dagbag.py:588} INFO - Filling up the DagBag from /home/airflow/.local/lib/python3.12/site-packages/airflow/example_dags/example_dynamic_task_mapping.py
[2025-04-01T15:11:54.484+0000] {processor.py:925} INFO - DAG(s) 'example_dynamic_task_mapping' retrieved from /home/airflow/.local/lib/python3.12/site-packages/airflow/example_dags/example_dynamic_task_mapping.py
[2025-04-01T15:11:54.498+0000] {logging_mixin.py:190} INFO - [2025-04-01T15:11:54.498+0000] {dag.py:3239} INFO - Sync 1 DAGs
[2025-04-01T15:11:54.508+0000] {logging_mixin.py:190} INFO - [2025-04-01T15:11:54.508+0000] {dag.py:4180} INFO - Setting next_dagrun for example_dynamic_task_mapping to None, run_after=None
[2025-04-01T15:11:54.526+0000] {processor.py:208} INFO - Processing /home/airflow/.local/lib/python3.12/site-packages/airflow/example_dags/example_dynamic_task_mapping.py took 0.053 seconds
[2025-04-01T15:12:25.490+0000] {processor.py:186} INFO - Started process (PID=610) to work on /home/airflow/.local/lib/python3.12/site-packages/airflow/example_dags/example_dynamic_task_mapping.py
[2025-04-01T15:12:25.491+0000] {processor.py:914} INFO - Processing file /home/airflow/.local/lib/python3.12/site-packages/airflow/example_dags/example_dynamic_task_mapping.py for tasks to queue
[2025-04-01T15:12:25.493+0000] {logging_mixin.py:190} INFO - [2025-04-01T15:12:25.492+0000] {dagbag.py:588} INFO - Filling up the DagBag from /home/airflow/.local/lib/python3.12/site-packages/airflow/example_dags/example_dynamic_task_mapping.py
[2025-04-01T15:12:25.500+0000] {processor.py:925} INFO - DAG(s) 'example_dynamic_task_mapping' retrieved from /home/airflow/.local/lib/python3.12/site-packages/airflow/example_dags/example_dynamic_task_mapping.py
[2025-04-01T15:12:25.515+0000] {logging_mixin.py:190} INFO - [2025-04-01T15:12:25.515+0000] {dag.py:3239} INFO - Sync 1 DAGs
[2025-04-01T15:12:25.525+0000] {logging_mixin.py:190} INFO - [2025-04-01T15:12:25.525+0000] {dag.py:4180} INFO - Setting next_dagrun for example_dynamic_task_mapping to None, run_after=None
[2025-04-01T15:12:25.539+0000] {processor.py:208} INFO - Processing /home/airflow/.local/lib/python3.12/site-packages/airflow/example_dags/example_dynamic_task_mapping.py took 0.054 seconds
[2025-04-01T15:12:56.357+0000] {processor.py:186} INFO - Started process (PID=675) to work on /home/airflow/.local/lib/python3.12/site-packages/airflow/example_dags/example_dynamic_task_mapping.py
[2025-04-01T15:12:56.357+0000] {processor.py:914} INFO - Processing file /home/airflow/.local/lib/python3.12/site-packages/airflow/example_dags/example_dynamic_task_mapping.py for tasks to queue
[2025-04-01T15:12:56.359+0000] {logging_mixin.py:190} INFO - [2025-04-01T15:12:56.359+0000] {dagbag.py:588} INFO - Filling up the DagBag from /home/airflow/.local/lib/python3.12/site-packages/airflow/example_dags/example_dynamic_task_mapping.py
[2025-04-01T15:12:56.365+0000] {processor.py:925} INFO - DAG(s) 'example_dynamic_task_mapping' retrieved from /home/airflow/.local/lib/python3.12/site-packages/airflow/example_dags/example_dynamic_task_mapping.py
[2025-04-01T15:12:56.379+0000] {logging_mixin.py:190} INFO - [2025-04-01T15:12:56.379+0000] {dag.py:3239} INFO - Sync 1 DAGs
[2025-04-01T15:12:56.391+0000] {logging_mixin.py:190} INFO - [2025-04-01T15:12:56.391+0000] {dag.py:4180} INFO - Setting next_dagrun for example_dynamic_task_mapping to None, run_after=None
[2025-04-01T15:12:56.404+0000] {processor.py:208} INFO - Processing /home/airflow/.local/lib/python3.12/site-packages/airflow/example_dags/example_dynamic_task_mapping.py took 0.051 seconds
[2025-04-01T15:13:27.339+0000] {processor.py:186} INFO - Started process (PID=740) to work on /home/airflow/.local/lib/python3.12/site-packages/airflow/example_dags/example_dynamic_task_mapping.py
[2025-04-01T15:13:27.340+0000] {processor.py:914} INFO - Processing file /home/airflow/.local/lib/python3.12/site-packages/airflow/example_dags/example_dynamic_task_mapping.py for tasks to queue
[2025-04-01T15:13:27.342+0000] {logging_mixin.py:190} INFO - [2025-04-01T15:13:27.342+0000] {dagbag.py:588} INFO - Filling up the DagBag from /home/airflow/.local/lib/python3.12/site-packages/airflow/example_dags/example_dynamic_task_mapping.py
[2025-04-01T15:13:27.348+0000] {processor.py:925} INFO - DAG(s) 'example_dynamic_task_mapping' retrieved from /home/airflow/.local/lib/python3.12/site-packages/airflow/example_dags/example_dynamic_task_mapping.py
[2025-04-01T15:13:27.366+0000] {logging_mixin.py:190} INFO - [2025-04-01T15:13:27.366+0000] {dag.py:3239} INFO - Sync 1 DAGs
[2025-04-01T15:13:27.382+0000] {logging_mixin.py:190} INFO - [2025-04-01T15:13:27.382+0000] {dag.py:4180} INFO - Setting next_dagrun for example_dynamic_task_mapping to None, run_after=None
[2025-04-01T15:13:27.401+0000] {processor.py:208} INFO - Processing /home/airflow/.local/lib/python3.12/site-packages/airflow/example_dags/example_dynamic_task_mapping.py took 0.069 seconds
