[2025-04-01T15:08:25.083+0000] {processor.py:186} INFO - Started process (PID=111) to work on /home/airflow/.local/lib/python3.12/site-packages/airflow/example_dags/example_dag_decorator.py
[2025-04-01T15:08:25.084+0000] {processor.py:914} INFO - Processing file /home/airflow/.local/lib/python3.12/site-packages/airflow/example_dags/example_dag_decorator.py for tasks to queue
[2025-04-01T15:08:25.086+0000] {logging_mixin.py:190} INFO - [2025-04-01T15:08:25.086+0000] {dagbag.py:588} INFO - Filling up the DagBag from /home/airflow/.local/lib/python3.12/site-packages/airflow/example_dags/example_dag_decorator.py
[2025-04-01T15:08:25.449+0000] {processor.py:925} INFO - DAG(s) 'example_dag_decorator' retrieved from /home/airflow/.local/lib/python3.12/site-packages/airflow/example_dags/example_dag_decorator.py
[2025-04-01T15:08:25.537+0000] {logging_mixin.py:190} INFO - [2025-04-01T15:08:25.537+0000] {override.py:1912} INFO - Created Permission View: can read on DAG:example_dag_decorator
[2025-04-01T15:08:25.546+0000] {logging_mixin.py:190} INFO - [2025-04-01T15:08:25.545+0000] {override.py:1912} INFO - Created Permission View: can edit on DAG:example_dag_decorator
[2025-04-01T15:08:25.551+0000] {logging_mixin.py:190} INFO - [2025-04-01T15:08:25.551+0000] {override.py:1912} INFO - Created Permission View: can delete on DAG:example_dag_decorator
[2025-04-01T15:08:25.557+0000] {logging_mixin.py:190} INFO - [2025-04-01T15:08:25.557+0000] {override.py:1912} INFO - Created Permission View: can read on DAG Run:example_dag_decorator
[2025-04-01T15:08:25.563+0000] {logging_mixin.py:190} INFO - [2025-04-01T15:08:25.563+0000] {override.py:1912} INFO - Created Permission View: can create on DAG Run:example_dag_decorator
[2025-04-01T15:08:25.568+0000] {logging_mixin.py:190} INFO - [2025-04-01T15:08:25.568+0000] {override.py:1912} INFO - Created Permission View: can delete on DAG Run:example_dag_decorator
[2025-04-01T15:08:25.573+0000] {logging_mixin.py:190} INFO - [2025-04-01T15:08:25.573+0000] {override.py:1912} INFO - Created Permission View: menu access on DAG Run:example_dag_decorator
[2025-04-01T15:08:25.574+0000] {logging_mixin.py:190} INFO - [2025-04-01T15:08:25.574+0000] {dag.py:3239} INFO - Sync 1 DAGs
[2025-04-01T15:08:25.585+0000] {logging_mixin.py:190} INFO - [2025-04-01T15:08:25.585+0000] {dag.py:3262} INFO - Creating ORM DAG for example_dag_decorator
[2025-04-01T15:08:25.585+0000] {logging_mixin.py:190} INFO - [2025-04-01T15:08:25.585+0000] {dag.py:4180} INFO - Setting next_dagrun for example_dag_decorator to None, run_after=None
[2025-04-01T15:08:25.598+0000] {processor.py:208} INFO - Processing /home/airflow/.local/lib/python3.12/site-packages/airflow/example_dags/example_dag_decorator.py took 0.521 seconds
[2025-04-01T15:08:55.853+0000] {processor.py:186} INFO - Started process (PID=177) to work on /home/airflow/.local/lib/python3.12/site-packages/airflow/example_dags/example_dag_decorator.py
[2025-04-01T15:08:55.853+0000] {processor.py:914} INFO - Processing file /home/airflow/.local/lib/python3.12/site-packages/airflow/example_dags/example_dag_decorator.py for tasks to queue
[2025-04-01T15:08:55.855+0000] {logging_mixin.py:190} INFO - [2025-04-01T15:08:55.855+0000] {dagbag.py:588} INFO - Filling up the DagBag from /home/airflow/.local/lib/python3.12/site-packages/airflow/example_dags/example_dag_decorator.py
[2025-04-01T15:08:55.934+0000] {processor.py:925} INFO - DAG(s) 'example_dag_decorator' retrieved from /home/airflow/.local/lib/python3.12/site-packages/airflow/example_dags/example_dag_decorator.py
[2025-04-01T15:08:56.032+0000] {logging_mixin.py:190} INFO - [2025-04-01T15:08:56.031+0000] {dag.py:3239} INFO - Sync 1 DAGs
[2025-04-01T15:08:56.041+0000] {logging_mixin.py:190} INFO - [2025-04-01T15:08:56.041+0000] {dag.py:4180} INFO - Setting next_dagrun for example_dag_decorator to None, run_after=None
[2025-04-01T15:08:56.058+0000] {processor.py:208} INFO - Processing /home/airflow/.local/lib/python3.12/site-packages/airflow/example_dags/example_dag_decorator.py took 0.210 seconds
[2025-04-01T15:09:26.451+0000] {processor.py:186} INFO - Started process (PID=241) to work on /home/airflow/.local/lib/python3.12/site-packages/airflow/example_dags/example_dag_decorator.py
[2025-04-01T15:09:26.451+0000] {processor.py:914} INFO - Processing file /home/airflow/.local/lib/python3.12/site-packages/airflow/example_dags/example_dag_decorator.py for tasks to queue
[2025-04-01T15:09:26.453+0000] {logging_mixin.py:190} INFO - [2025-04-01T15:09:26.453+0000] {dagbag.py:588} INFO - Filling up the DagBag from /home/airflow/.local/lib/python3.12/site-packages/airflow/example_dags/example_dag_decorator.py
[2025-04-01T15:09:26.529+0000] {processor.py:925} INFO - DAG(s) 'example_dag_decorator' retrieved from /home/airflow/.local/lib/python3.12/site-packages/airflow/example_dags/example_dag_decorator.py
[2025-04-01T15:09:26.614+0000] {logging_mixin.py:190} INFO - [2025-04-01T15:09:26.614+0000] {dag.py:3239} INFO - Sync 1 DAGs
[2025-04-01T15:09:26.622+0000] {logging_mixin.py:190} INFO - [2025-04-01T15:09:26.622+0000] {dag.py:4180} INFO - Setting next_dagrun for example_dag_decorator to None, run_after=None
[2025-04-01T15:09:26.637+0000] {processor.py:208} INFO - Processing /home/airflow/.local/lib/python3.12/site-packages/airflow/example_dags/example_dag_decorator.py took 0.191 seconds
[2025-04-01T15:09:58.423+0000] {processor.py:186} INFO - Started process (PID=306) to work on /home/airflow/.local/lib/python3.12/site-packages/airflow/example_dags/example_dag_decorator.py
[2025-04-01T15:09:58.429+0000] {processor.py:914} INFO - Processing file /home/airflow/.local/lib/python3.12/site-packages/airflow/example_dags/example_dag_decorator.py for tasks to queue
[2025-04-01T15:09:58.430+0000] {logging_mixin.py:190} INFO - [2025-04-01T15:09:58.430+0000] {dagbag.py:588} INFO - Filling up the DagBag from /home/airflow/.local/lib/python3.12/site-packages/airflow/example_dags/example_dag_decorator.py
[2025-04-01T15:09:58.513+0000] {processor.py:925} INFO - DAG(s) 'example_dag_decorator' retrieved from /home/airflow/.local/lib/python3.12/site-packages/airflow/example_dags/example_dag_decorator.py
[2025-04-01T15:09:58.608+0000] {logging_mixin.py:190} INFO - [2025-04-01T15:09:58.608+0000] {dag.py:3239} INFO - Sync 1 DAGs
[2025-04-01T15:09:58.617+0000] {logging_mixin.py:190} INFO - [2025-04-01T15:09:58.617+0000] {dag.py:4180} INFO - Setting next_dagrun for example_dag_decorator to None, run_after=None
[2025-04-01T15:09:58.634+0000] {processor.py:208} INFO - Processing /home/airflow/.local/lib/python3.12/site-packages/airflow/example_dags/example_dag_decorator.py took 0.217 seconds
[2025-04-01T15:10:29.556+0000] {processor.py:186} INFO - Started process (PID=370) to work on /home/airflow/.local/lib/python3.12/site-packages/airflow/example_dags/example_dag_decorator.py
[2025-04-01T15:10:29.557+0000] {processor.py:914} INFO - Processing file /home/airflow/.local/lib/python3.12/site-packages/airflow/example_dags/example_dag_decorator.py for tasks to queue
[2025-04-01T15:10:29.558+0000] {logging_mixin.py:190} INFO - [2025-04-01T15:10:29.558+0000] {dagbag.py:588} INFO - Filling up the DagBag from /home/airflow/.local/lib/python3.12/site-packages/airflow/example_dags/example_dag_decorator.py
[2025-04-01T15:10:29.648+0000] {processor.py:925} INFO - DAG(s) 'example_dag_decorator' retrieved from /home/airflow/.local/lib/python3.12/site-packages/airflow/example_dags/example_dag_decorator.py
[2025-04-01T15:10:29.780+0000] {logging_mixin.py:190} INFO - [2025-04-01T15:10:29.779+0000] {dag.py:3239} INFO - Sync 1 DAGs
[2025-04-01T15:10:29.790+0000] {logging_mixin.py:190} INFO - [2025-04-01T15:10:29.790+0000] {dag.py:4180} INFO - Setting next_dagrun for example_dag_decorator to None, run_after=None
[2025-04-01T15:10:29.817+0000] {processor.py:208} INFO - Processing /home/airflow/.local/lib/python3.12/site-packages/airflow/example_dags/example_dag_decorator.py took 0.265 seconds
[2025-04-01T15:10:59.993+0000] {processor.py:186} INFO - Started process (PID=436) to work on /home/airflow/.local/lib/python3.12/site-packages/airflow/example_dags/example_dag_decorator.py
[2025-04-01T15:10:59.994+0000] {processor.py:914} INFO - Processing file /home/airflow/.local/lib/python3.12/site-packages/airflow/example_dags/example_dag_decorator.py for tasks to queue
[2025-04-01T15:10:59.995+0000] {logging_mixin.py:190} INFO - [2025-04-01T15:10:59.995+0000] {dagbag.py:588} INFO - Filling up the DagBag from /home/airflow/.local/lib/python3.12/site-packages/airflow/example_dags/example_dag_decorator.py
[2025-04-01T15:11:00.070+0000] {processor.py:925} INFO - DAG(s) 'example_dag_decorator' retrieved from /home/airflow/.local/lib/python3.12/site-packages/airflow/example_dags/example_dag_decorator.py
[2025-04-01T15:11:00.148+0000] {logging_mixin.py:190} INFO - [2025-04-01T15:11:00.147+0000] {dag.py:3239} INFO - Sync 1 DAGs
[2025-04-01T15:11:00.157+0000] {logging_mixin.py:190} INFO - [2025-04-01T15:11:00.157+0000] {dag.py:4180} INFO - Setting next_dagrun for example_dag_decorator to None, run_after=None
[2025-04-01T15:11:00.173+0000] {processor.py:208} INFO - Processing /home/airflow/.local/lib/python3.12/site-packages/airflow/example_dags/example_dag_decorator.py took 0.185 seconds
[2025-04-01T15:11:30.959+0000] {processor.py:186} INFO - Started process (PID=500) to work on /home/airflow/.local/lib/python3.12/site-packages/airflow/example_dags/example_dag_decorator.py
[2025-04-01T15:11:30.960+0000] {processor.py:914} INFO - Processing file /home/airflow/.local/lib/python3.12/site-packages/airflow/example_dags/example_dag_decorator.py for tasks to queue
[2025-04-01T15:11:30.961+0000] {logging_mixin.py:190} INFO - [2025-04-01T15:11:30.961+0000] {dagbag.py:588} INFO - Filling up the DagBag from /home/airflow/.local/lib/python3.12/site-packages/airflow/example_dags/example_dag_decorator.py
[2025-04-01T15:11:31.046+0000] {processor.py:925} INFO - DAG(s) 'example_dag_decorator' retrieved from /home/airflow/.local/lib/python3.12/site-packages/airflow/example_dags/example_dag_decorator.py
[2025-04-01T15:11:31.133+0000] {logging_mixin.py:190} INFO - [2025-04-01T15:11:31.133+0000] {dag.py:3239} INFO - Sync 1 DAGs
[2025-04-01T15:11:31.144+0000] {logging_mixin.py:190} INFO - [2025-04-01T15:11:31.143+0000] {dag.py:4180} INFO - Setting next_dagrun for example_dag_decorator to None, run_after=None
[2025-04-01T15:11:31.158+0000] {processor.py:208} INFO - Processing /home/airflow/.local/lib/python3.12/site-packages/airflow/example_dags/example_dag_decorator.py took 0.205 seconds
[2025-04-01T15:12:02.433+0000] {processor.py:186} INFO - Started process (PID=565) to work on /home/airflow/.local/lib/python3.12/site-packages/airflow/example_dags/example_dag_decorator.py
[2025-04-01T15:12:02.433+0000] {processor.py:914} INFO - Processing file /home/airflow/.local/lib/python3.12/site-packages/airflow/example_dags/example_dag_decorator.py for tasks to queue
[2025-04-01T15:12:02.435+0000] {logging_mixin.py:190} INFO - [2025-04-01T15:12:02.435+0000] {dagbag.py:588} INFO - Filling up the DagBag from /home/airflow/.local/lib/python3.12/site-packages/airflow/example_dags/example_dag_decorator.py
[2025-04-01T15:12:02.517+0000] {processor.py:925} INFO - DAG(s) 'example_dag_decorator' retrieved from /home/airflow/.local/lib/python3.12/site-packages/airflow/example_dags/example_dag_decorator.py
[2025-04-01T15:12:02.608+0000] {logging_mixin.py:190} INFO - [2025-04-01T15:12:02.608+0000] {dag.py:3239} INFO - Sync 1 DAGs
[2025-04-01T15:12:02.621+0000] {logging_mixin.py:190} INFO - [2025-04-01T15:12:02.620+0000] {dag.py:4180} INFO - Setting next_dagrun for example_dag_decorator to None, run_after=None
[2025-04-01T15:12:02.634+0000] {processor.py:208} INFO - Processing /home/airflow/.local/lib/python3.12/site-packages/airflow/example_dags/example_dag_decorator.py took 0.206 seconds
[2025-04-01T15:12:32.910+0000] {processor.py:186} INFO - Started process (PID=630) to work on /home/airflow/.local/lib/python3.12/site-packages/airflow/example_dags/example_dag_decorator.py
[2025-04-01T15:12:32.911+0000] {processor.py:914} INFO - Processing file /home/airflow/.local/lib/python3.12/site-packages/airflow/example_dags/example_dag_decorator.py for tasks to queue
[2025-04-01T15:12:32.913+0000] {logging_mixin.py:190} INFO - [2025-04-01T15:12:32.912+0000] {dagbag.py:588} INFO - Filling up the DagBag from /home/airflow/.local/lib/python3.12/site-packages/airflow/example_dags/example_dag_decorator.py
[2025-04-01T15:12:33.000+0000] {processor.py:925} INFO - DAG(s) 'example_dag_decorator' retrieved from /home/airflow/.local/lib/python3.12/site-packages/airflow/example_dags/example_dag_decorator.py
[2025-04-01T15:12:33.097+0000] {logging_mixin.py:190} INFO - [2025-04-01T15:12:33.097+0000] {dag.py:3239} INFO - Sync 1 DAGs
[2025-04-01T15:12:33.109+0000] {logging_mixin.py:190} INFO - [2025-04-01T15:12:33.109+0000] {dag.py:4180} INFO - Setting next_dagrun for example_dag_decorator to None, run_after=None
[2025-04-01T15:12:33.124+0000] {processor.py:208} INFO - Processing /home/airflow/.local/lib/python3.12/site-packages/airflow/example_dags/example_dag_decorator.py took 0.218 seconds
[2025-04-01T15:13:03.710+0000] {processor.py:186} INFO - Started process (PID=695) to work on /home/airflow/.local/lib/python3.12/site-packages/airflow/example_dags/example_dag_decorator.py
[2025-04-01T15:13:03.711+0000] {processor.py:914} INFO - Processing file /home/airflow/.local/lib/python3.12/site-packages/airflow/example_dags/example_dag_decorator.py for tasks to queue
[2025-04-01T15:13:03.713+0000] {logging_mixin.py:190} INFO - [2025-04-01T15:13:03.712+0000] {dagbag.py:588} INFO - Filling up the DagBag from /home/airflow/.local/lib/python3.12/site-packages/airflow/example_dags/example_dag_decorator.py
[2025-04-01T15:13:03.792+0000] {processor.py:925} INFO - DAG(s) 'example_dag_decorator' retrieved from /home/airflow/.local/lib/python3.12/site-packages/airflow/example_dags/example_dag_decorator.py
[2025-04-01T15:13:03.914+0000] {logging_mixin.py:190} INFO - [2025-04-01T15:13:03.914+0000] {dag.py:3239} INFO - Sync 1 DAGs
[2025-04-01T15:13:03.927+0000] {logging_mixin.py:190} INFO - [2025-04-01T15:13:03.927+0000] {dag.py:4180} INFO - Setting next_dagrun for example_dag_decorator to None, run_after=None
[2025-04-01T15:13:03.950+0000] {processor.py:208} INFO - Processing /home/airflow/.local/lib/python3.12/site-packages/airflow/example_dags/example_dag_decorator.py took 0.245 seconds
[2025-04-01T15:13:35.093+0000] {processor.py:186} INFO - Started process (PID=759) to work on /home/airflow/.local/lib/python3.12/site-packages/airflow/example_dags/example_dag_decorator.py
[2025-04-01T15:13:35.094+0000] {processor.py:914} INFO - Processing file /home/airflow/.local/lib/python3.12/site-packages/airflow/example_dags/example_dag_decorator.py for tasks to queue
[2025-04-01T15:13:35.095+0000] {logging_mixin.py:190} INFO - [2025-04-01T15:13:35.095+0000] {dagbag.py:588} INFO - Filling up the DagBag from /home/airflow/.local/lib/python3.12/site-packages/airflow/example_dags/example_dag_decorator.py
[2025-04-01T15:13:35.167+0000] {processor.py:925} INFO - DAG(s) 'example_dag_decorator' retrieved from /home/airflow/.local/lib/python3.12/site-packages/airflow/example_dags/example_dag_decorator.py
[2025-04-01T15:13:35.253+0000] {logging_mixin.py:190} INFO - [2025-04-01T15:13:35.253+0000] {dag.py:3239} INFO - Sync 1 DAGs
[2025-04-01T15:13:35.263+0000] {logging_mixin.py:190} INFO - [2025-04-01T15:13:35.263+0000] {dag.py:4180} INFO - Setting next_dagrun for example_dag_decorator to None, run_after=None
[2025-04-01T15:13:35.278+0000] {processor.py:208} INFO - Processing /home/airflow/.local/lib/python3.12/site-packages/airflow/example_dags/example_dag_decorator.py took 0.189 seconds
