[2025-04-01T15:08:21.999+0000] {processor.py:186} INFO - Started process (PID=98) to work on /home/airflow/.local/lib/python3.12/site-packages/airflow/example_dags/example_workday_timetable.py
[2025-04-01T15:08:22.000+0000] {processor.py:914} INFO - Processing file /home/airflow/.local/lib/python3.12/site-packages/airflow/example_dags/example_workday_timetable.py for tasks to queue
[2025-04-01T15:08:22.001+0000] {logging_mixin.py:190} INFO - [2025-04-01T15:08:22.001+0000] {dagbag.py:588} INFO - Filling up the DagBag from /home/airflow/.local/lib/python3.12/site-packages/airflow/example_dags/example_workday_timetable.py
[2025-04-01T15:08:22.007+0000] {processor.py:925} INFO - DAG(s) 'example_workday_timetable' retrieved from /home/airflow/.local/lib/python3.12/site-packages/airflow/example_dags/example_workday_timetable.py
[2025-04-01T15:08:22.097+0000] {logging_mixin.py:190} INFO - [2025-04-01T15:08:22.096+0000] {override.py:1912} INFO - Created Permission View: can read on DAG:example_workday_timetable
[2025-04-01T15:08:22.107+0000] {logging_mixin.py:190} INFO - [2025-04-01T15:08:22.107+0000] {override.py:1912} INFO - Created Permission View: can edit on DAG:example_workday_timetable
[2025-04-01T15:08:22.114+0000] {logging_mixin.py:190} INFO - [2025-04-01T15:08:22.113+0000] {override.py:1912} INFO - Created Permission View: can delete on DAG:example_workday_timetable
[2025-04-01T15:08:22.120+0000] {logging_mixin.py:190} INFO - [2025-04-01T15:08:22.120+0000] {override.py:1912} INFO - Created Permission View: can read on DAG Run:example_workday_timetable
[2025-04-01T15:08:22.126+0000] {logging_mixin.py:190} INFO - [2025-04-01T15:08:22.125+0000] {override.py:1912} INFO - Created Permission View: can create on DAG Run:example_workday_timetable
[2025-04-01T15:08:22.131+0000] {logging_mixin.py:190} INFO - [2025-04-01T15:08:22.131+0000] {override.py:1912} INFO - Created Permission View: can delete on DAG Run:example_workday_timetable
[2025-04-01T15:08:22.136+0000] {logging_mixin.py:190} INFO - [2025-04-01T15:08:22.136+0000] {override.py:1912} INFO - Created Permission View: menu access on DAG Run:example_workday_timetable
[2025-04-01T15:08:22.137+0000] {logging_mixin.py:190} INFO - [2025-04-01T15:08:22.137+0000] {dag.py:3239} INFO - Sync 1 DAGs
[2025-04-01T15:08:22.146+0000] {logging_mixin.py:190} INFO - [2025-04-01T15:08:22.146+0000] {dag.py:3262} INFO - Creating ORM DAG for example_workday_timetable
[2025-04-01T15:08:22.193+0000] {logging_mixin.py:190} INFO - [2025-04-01T15:08:22.193+0000] {dag.py:4180} INFO - Setting next_dagrun for example_workday_timetable to 2021-01-04 00:00:00+00:00, run_after=2021-01-05 00:00:00+00:00
[2025-04-01T15:08:22.207+0000] {processor.py:208} INFO - Processing /home/airflow/.local/lib/python3.12/site-packages/airflow/example_dags/example_workday_timetable.py took 0.212 seconds
[2025-04-01T15:08:52.508+0000] {processor.py:186} INFO - Started process (PID=163) to work on /home/airflow/.local/lib/python3.12/site-packages/airflow/example_dags/example_workday_timetable.py
[2025-04-01T15:08:52.509+0000] {processor.py:914} INFO - Processing file /home/airflow/.local/lib/python3.12/site-packages/airflow/example_dags/example_workday_timetable.py for tasks to queue
[2025-04-01T15:08:52.511+0000] {logging_mixin.py:190} INFO - [2025-04-01T15:08:52.511+0000] {dagbag.py:588} INFO - Filling up the DagBag from /home/airflow/.local/lib/python3.12/site-packages/airflow/example_dags/example_workday_timetable.py
[2025-04-01T15:08:52.516+0000] {processor.py:925} INFO - DAG(s) 'example_workday_timetable' retrieved from /home/airflow/.local/lib/python3.12/site-packages/airflow/example_dags/example_workday_timetable.py
[2025-04-01T15:08:52.531+0000] {logging_mixin.py:190} INFO - [2025-04-01T15:08:52.531+0000] {dag.py:3239} INFO - Sync 1 DAGs
[2025-04-01T15:08:52.585+0000] {logging_mixin.py:190} INFO - [2025-04-01T15:08:52.585+0000] {dag.py:4180} INFO - Setting next_dagrun for example_workday_timetable to 2021-01-04 00:00:00+00:00, run_after=2021-01-05 00:00:00+00:00
[2025-04-01T15:08:52.601+0000] {processor.py:208} INFO - Processing /home/airflow/.local/lib/python3.12/site-packages/airflow/example_dags/example_workday_timetable.py took 0.097 seconds
[2025-04-01T15:09:23.369+0000] {processor.py:186} INFO - Started process (PID=228) to work on /home/airflow/.local/lib/python3.12/site-packages/airflow/example_dags/example_workday_timetable.py
[2025-04-01T15:09:23.370+0000] {processor.py:914} INFO - Processing file /home/airflow/.local/lib/python3.12/site-packages/airflow/example_dags/example_workday_timetable.py for tasks to queue
[2025-04-01T15:09:23.371+0000] {logging_mixin.py:190} INFO - [2025-04-01T15:09:23.371+0000] {dagbag.py:588} INFO - Filling up the DagBag from /home/airflow/.local/lib/python3.12/site-packages/airflow/example_dags/example_workday_timetable.py
[2025-04-01T15:09:23.376+0000] {processor.py:925} INFO - DAG(s) 'example_workday_timetable' retrieved from /home/airflow/.local/lib/python3.12/site-packages/airflow/example_dags/example_workday_timetable.py
[2025-04-01T15:09:23.392+0000] {logging_mixin.py:190} INFO - [2025-04-01T15:09:23.392+0000] {dag.py:3239} INFO - Sync 1 DAGs
[2025-04-01T15:09:23.446+0000] {logging_mixin.py:190} INFO - [2025-04-01T15:09:23.446+0000] {dag.py:4180} INFO - Setting next_dagrun for example_workday_timetable to 2021-01-04 00:00:00+00:00, run_after=2021-01-05 00:00:00+00:00
[2025-04-01T15:09:23.463+0000] {processor.py:208} INFO - Processing /home/airflow/.local/lib/python3.12/site-packages/airflow/example_dags/example_workday_timetable.py took 0.099 seconds
[2025-04-01T15:09:53.824+0000] {processor.py:186} INFO - Started process (PID=293) to work on /home/airflow/.local/lib/python3.12/site-packages/airflow/example_dags/example_workday_timetable.py
[2025-04-01T15:09:53.824+0000] {processor.py:914} INFO - Processing file /home/airflow/.local/lib/python3.12/site-packages/airflow/example_dags/example_workday_timetable.py for tasks to queue
[2025-04-01T15:09:53.825+0000] {logging_mixin.py:190} INFO - [2025-04-01T15:09:53.825+0000] {dagbag.py:588} INFO - Filling up the DagBag from /home/airflow/.local/lib/python3.12/site-packages/airflow/example_dags/example_workday_timetable.py
[2025-04-01T15:09:53.830+0000] {processor.py:925} INFO - DAG(s) 'example_workday_timetable' retrieved from /home/airflow/.local/lib/python3.12/site-packages/airflow/example_dags/example_workday_timetable.py
[2025-04-01T15:09:53.843+0000] {logging_mixin.py:190} INFO - [2025-04-01T15:09:53.843+0000] {dag.py:3239} INFO - Sync 1 DAGs
[2025-04-01T15:09:53.895+0000] {logging_mixin.py:190} INFO - [2025-04-01T15:09:53.895+0000] {dag.py:4180} INFO - Setting next_dagrun for example_workday_timetable to 2021-01-04 00:00:00+00:00, run_after=2021-01-05 00:00:00+00:00
[2025-04-01T15:09:53.910+0000] {processor.py:208} INFO - Processing /home/airflow/.local/lib/python3.12/site-packages/airflow/example_dags/example_workday_timetable.py took 0.090 seconds
[2025-04-01T15:10:24.089+0000] {processor.py:186} INFO - Started process (PID=357) to work on /home/airflow/.local/lib/python3.12/site-packages/airflow/example_dags/example_workday_timetable.py
[2025-04-01T15:10:24.090+0000] {processor.py:914} INFO - Processing file /home/airflow/.local/lib/python3.12/site-packages/airflow/example_dags/example_workday_timetable.py for tasks to queue
[2025-04-01T15:10:24.091+0000] {logging_mixin.py:190} INFO - [2025-04-01T15:10:24.091+0000] {dagbag.py:588} INFO - Filling up the DagBag from /home/airflow/.local/lib/python3.12/site-packages/airflow/example_dags/example_workday_timetable.py
[2025-04-01T15:10:24.094+0000] {processor.py:925} INFO - DAG(s) 'example_workday_timetable' retrieved from /home/airflow/.local/lib/python3.12/site-packages/airflow/example_dags/example_workday_timetable.py
[2025-04-01T15:10:24.106+0000] {logging_mixin.py:190} INFO - [2025-04-01T15:10:24.106+0000] {dag.py:3239} INFO - Sync 1 DAGs
[2025-04-01T15:10:24.154+0000] {logging_mixin.py:190} INFO - [2025-04-01T15:10:24.153+0000] {dag.py:4180} INFO - Setting next_dagrun for example_workday_timetable to 2021-01-04 00:00:00+00:00, run_after=2021-01-05 00:00:00+00:00
[2025-04-01T15:10:24.168+0000] {processor.py:208} INFO - Processing /home/airflow/.local/lib/python3.12/site-packages/airflow/example_dags/example_workday_timetable.py took 0.082 seconds
[2025-04-01T15:10:54.613+0000] {processor.py:186} INFO - Started process (PID=422) to work on /home/airflow/.local/lib/python3.12/site-packages/airflow/example_dags/example_workday_timetable.py
[2025-04-01T15:10:54.613+0000] {processor.py:914} INFO - Processing file /home/airflow/.local/lib/python3.12/site-packages/airflow/example_dags/example_workday_timetable.py for tasks to queue
[2025-04-01T15:10:54.615+0000] {logging_mixin.py:190} INFO - [2025-04-01T15:10:54.614+0000] {dagbag.py:588} INFO - Filling up the DagBag from /home/airflow/.local/lib/python3.12/site-packages/airflow/example_dags/example_workday_timetable.py
[2025-04-01T15:10:54.618+0000] {processor.py:925} INFO - DAG(s) 'example_workday_timetable' retrieved from /home/airflow/.local/lib/python3.12/site-packages/airflow/example_dags/example_workday_timetable.py
[2025-04-01T15:10:54.634+0000] {logging_mixin.py:190} INFO - [2025-04-01T15:10:54.634+0000] {dag.py:3239} INFO - Sync 1 DAGs
[2025-04-01T15:10:54.688+0000] {logging_mixin.py:190} INFO - [2025-04-01T15:10:54.688+0000] {dag.py:4180} INFO - Setting next_dagrun for example_workday_timetable to 2021-01-04 00:00:00+00:00, run_after=2021-01-05 00:00:00+00:00
[2025-04-01T15:10:54.704+0000] {processor.py:208} INFO - Processing /home/airflow/.local/lib/python3.12/site-packages/airflow/example_dags/example_workday_timetable.py took 0.096 seconds
[2025-04-01T15:11:25.650+0000] {processor.py:186} INFO - Started process (PID=487) to work on /home/airflow/.local/lib/python3.12/site-packages/airflow/example_dags/example_workday_timetable.py
[2025-04-01T15:11:25.651+0000] {processor.py:914} INFO - Processing file /home/airflow/.local/lib/python3.12/site-packages/airflow/example_dags/example_workday_timetable.py for tasks to queue
[2025-04-01T15:11:25.652+0000] {logging_mixin.py:190} INFO - [2025-04-01T15:11:25.652+0000] {dagbag.py:588} INFO - Filling up the DagBag from /home/airflow/.local/lib/python3.12/site-packages/airflow/example_dags/example_workday_timetable.py
[2025-04-01T15:11:25.656+0000] {processor.py:925} INFO - DAG(s) 'example_workday_timetable' retrieved from /home/airflow/.local/lib/python3.12/site-packages/airflow/example_dags/example_workday_timetable.py
[2025-04-01T15:11:25.670+0000] {logging_mixin.py:190} INFO - [2025-04-01T15:11:25.670+0000] {dag.py:3239} INFO - Sync 1 DAGs
[2025-04-01T15:11:25.723+0000] {logging_mixin.py:190} INFO - [2025-04-01T15:11:25.723+0000] {dag.py:4180} INFO - Setting next_dagrun for example_workday_timetable to 2021-01-04 00:00:00+00:00, run_after=2021-01-05 00:00:00+00:00
[2025-04-01T15:11:25.741+0000] {processor.py:208} INFO - Processing /home/airflow/.local/lib/python3.12/site-packages/airflow/example_dags/example_workday_timetable.py took 0.095 seconds
[2025-04-01T15:11:55.806+0000] {processor.py:186} INFO - Started process (PID=552) to work on /home/airflow/.local/lib/python3.12/site-packages/airflow/example_dags/example_workday_timetable.py
[2025-04-01T15:11:55.807+0000] {processor.py:914} INFO - Processing file /home/airflow/.local/lib/python3.12/site-packages/airflow/example_dags/example_workday_timetable.py for tasks to queue
[2025-04-01T15:11:55.808+0000] {logging_mixin.py:190} INFO - [2025-04-01T15:11:55.808+0000] {dagbag.py:588} INFO - Filling up the DagBag from /home/airflow/.local/lib/python3.12/site-packages/airflow/example_dags/example_workday_timetable.py
[2025-04-01T15:11:55.812+0000] {processor.py:925} INFO - DAG(s) 'example_workday_timetable' retrieved from /home/airflow/.local/lib/python3.12/site-packages/airflow/example_dags/example_workday_timetable.py
[2025-04-01T15:11:55.823+0000] {logging_mixin.py:190} INFO - [2025-04-01T15:11:55.822+0000] {dag.py:3239} INFO - Sync 1 DAGs
[2025-04-01T15:11:55.864+0000] {logging_mixin.py:190} INFO - [2025-04-01T15:11:55.863+0000] {dag.py:4180} INFO - Setting next_dagrun for example_workday_timetable to 2021-01-04 00:00:00+00:00, run_after=2021-01-05 00:00:00+00:00
[2025-04-01T15:11:55.881+0000] {processor.py:208} INFO - Processing /home/airflow/.local/lib/python3.12/site-packages/airflow/example_dags/example_workday_timetable.py took 0.079 seconds
[2025-04-01T15:12:26.796+0000] {processor.py:186} INFO - Started process (PID=617) to work on /home/airflow/.local/lib/python3.12/site-packages/airflow/example_dags/example_workday_timetable.py
[2025-04-01T15:12:26.797+0000] {processor.py:914} INFO - Processing file /home/airflow/.local/lib/python3.12/site-packages/airflow/example_dags/example_workday_timetable.py for tasks to queue
[2025-04-01T15:12:26.798+0000] {logging_mixin.py:190} INFO - [2025-04-01T15:12:26.798+0000] {dagbag.py:588} INFO - Filling up the DagBag from /home/airflow/.local/lib/python3.12/site-packages/airflow/example_dags/example_workday_timetable.py
[2025-04-01T15:12:26.803+0000] {processor.py:925} INFO - DAG(s) 'example_workday_timetable' retrieved from /home/airflow/.local/lib/python3.12/site-packages/airflow/example_dags/example_workday_timetable.py
[2025-04-01T15:12:26.821+0000] {logging_mixin.py:190} INFO - [2025-04-01T15:12:26.820+0000] {dag.py:3239} INFO - Sync 1 DAGs
[2025-04-01T15:12:26.872+0000] {logging_mixin.py:190} INFO - [2025-04-01T15:12:26.871+0000] {dag.py:4180} INFO - Setting next_dagrun for example_workday_timetable to 2021-01-04 00:00:00+00:00, run_after=2021-01-05 00:00:00+00:00
[2025-04-01T15:12:26.889+0000] {processor.py:208} INFO - Processing /home/airflow/.local/lib/python3.12/site-packages/airflow/example_dags/example_workday_timetable.py took 0.098 seconds
[2025-04-01T15:12:57.668+0000] {processor.py:186} INFO - Started process (PID=682) to work on /home/airflow/.local/lib/python3.12/site-packages/airflow/example_dags/example_workday_timetable.py
[2025-04-01T15:12:57.668+0000] {processor.py:914} INFO - Processing file /home/airflow/.local/lib/python3.12/site-packages/airflow/example_dags/example_workday_timetable.py for tasks to queue
[2025-04-01T15:12:57.670+0000] {logging_mixin.py:190} INFO - [2025-04-01T15:12:57.669+0000] {dagbag.py:588} INFO - Filling up the DagBag from /home/airflow/.local/lib/python3.12/site-packages/airflow/example_dags/example_workday_timetable.py
[2025-04-01T15:12:57.674+0000] {processor.py:925} INFO - DAG(s) 'example_workday_timetable' retrieved from /home/airflow/.local/lib/python3.12/site-packages/airflow/example_dags/example_workday_timetable.py
[2025-04-01T15:12:57.688+0000] {logging_mixin.py:190} INFO - [2025-04-01T15:12:57.687+0000] {dag.py:3239} INFO - Sync 1 DAGs
[2025-04-01T15:12:57.740+0000] {logging_mixin.py:190} INFO - [2025-04-01T15:12:57.740+0000] {dag.py:4180} INFO - Setting next_dagrun for example_workday_timetable to 2021-01-04 00:00:00+00:00, run_after=2021-01-05 00:00:00+00:00
[2025-04-01T15:12:57.753+0000] {processor.py:208} INFO - Processing /home/airflow/.local/lib/python3.12/site-packages/airflow/example_dags/example_workday_timetable.py took 0.090 seconds
[2025-04-01T15:13:27.775+0000] {processor.py:186} INFO - Started process (PID=747) to work on /home/airflow/.local/lib/python3.12/site-packages/airflow/example_dags/example_workday_timetable.py
[2025-04-01T15:13:27.775+0000] {processor.py:914} INFO - Processing file /home/airflow/.local/lib/python3.12/site-packages/airflow/example_dags/example_workday_timetable.py for tasks to queue
[2025-04-01T15:13:27.776+0000] {logging_mixin.py:190} INFO - [2025-04-01T15:13:27.776+0000] {dagbag.py:588} INFO - Filling up the DagBag from /home/airflow/.local/lib/python3.12/site-packages/airflow/example_dags/example_workday_timetable.py
[2025-04-01T15:13:27.780+0000] {processor.py:925} INFO - DAG(s) 'example_workday_timetable' retrieved from /home/airflow/.local/lib/python3.12/site-packages/airflow/example_dags/example_workday_timetable.py
[2025-04-01T15:13:27.793+0000] {logging_mixin.py:190} INFO - [2025-04-01T15:13:27.793+0000] {dag.py:3239} INFO - Sync 1 DAGs
[2025-04-01T15:13:27.847+0000] {logging_mixin.py:190} INFO - [2025-04-01T15:13:27.847+0000] {dag.py:4180} INFO - Setting next_dagrun for example_workday_timetable to 2021-01-04 00:00:00+00:00, run_after=2021-01-05 00:00:00+00:00
[2025-04-01T15:13:27.864+0000] {processor.py:208} INFO - Processing /home/airflow/.local/lib/python3.12/site-packages/airflow/example_dags/example_workday_timetable.py took 0.093 seconds
