[2025-04-01T15:08:26.672+0000] {processor.py:186} INFO - Started process (PID=117) to work on /home/airflow/.local/lib/python3.12/site-packages/airflow/example_dags/example_kubernetes_executor.py
[2025-04-01T15:08:26.673+0000] {processor.py:914} INFO - Processing file /home/airflow/.local/lib/python3.12/site-packages/airflow/example_dags/example_kubernetes_executor.py for tasks to queue
[2025-04-01T15:08:26.675+0000] {logging_mixin.py:190} INFO - [2025-04-01T15:08:26.675+0000] {dagbag.py:588} INFO - Filling up the DagBag from /home/airflow/.local/lib/python3.12/site-packages/airflow/example_dags/example_kubernetes_executor.py
[2025-04-01T15:08:26.693+0000] {processor.py:925} INFO - DAG(s) 'example_kubernetes_executor' retrieved from /home/airflow/.local/lib/python3.12/site-packages/airflow/example_dags/example_kubernetes_executor.py
[2025-04-01T15:08:26.820+0000] {logging_mixin.py:190} INFO - [2025-04-01T15:08:26.820+0000] {override.py:1912} INFO - Created Permission View: can read on DAG:example_kubernetes_executor
[2025-04-01T15:08:26.828+0000] {logging_mixin.py:190} INFO - [2025-04-01T15:08:26.828+0000] {override.py:1912} INFO - Created Permission View: can edit on DAG:example_kubernetes_executor
[2025-04-01T15:08:26.833+0000] {logging_mixin.py:190} INFO - [2025-04-01T15:08:26.833+0000] {override.py:1912} INFO - Created Permission View: can delete on DAG:example_kubernetes_executor
[2025-04-01T15:08:26.840+0000] {logging_mixin.py:190} INFO - [2025-04-01T15:08:26.840+0000] {override.py:1912} INFO - Created Permission View: can read on DAG Run:example_kubernetes_executor
[2025-04-01T15:08:26.845+0000] {logging_mixin.py:190} INFO - [2025-04-01T15:08:26.845+0000] {override.py:1912} INFO - Created Permission View: can create on DAG Run:example_kubernetes_executor
[2025-04-01T15:08:26.851+0000] {logging_mixin.py:190} INFO - [2025-04-01T15:08:26.851+0000] {override.py:1912} INFO - Created Permission View: can delete on DAG Run:example_kubernetes_executor
[2025-04-01T15:08:26.856+0000] {logging_mixin.py:190} INFO - [2025-04-01T15:08:26.856+0000] {override.py:1912} INFO - Created Permission View: menu access on DAG Run:example_kubernetes_executor
[2025-04-01T15:08:26.857+0000] {logging_mixin.py:190} INFO - [2025-04-01T15:08:26.856+0000] {dag.py:3239} INFO - Sync 1 DAGs
[2025-04-01T15:08:26.867+0000] {logging_mixin.py:190} INFO - [2025-04-01T15:08:26.867+0000] {dag.py:3262} INFO - Creating ORM DAG for example_kubernetes_executor
[2025-04-01T15:08:26.868+0000] {logging_mixin.py:190} INFO - [2025-04-01T15:08:26.868+0000] {dag.py:4180} INFO - Setting next_dagrun for example_kubernetes_executor to None, run_after=None
[2025-04-01T15:08:26.885+0000] {processor.py:208} INFO - Processing /home/airflow/.local/lib/python3.12/site-packages/airflow/example_dags/example_kubernetes_executor.py took 0.219 seconds
[2025-04-01T15:08:57.684+0000] {processor.py:186} INFO - Started process (PID=182) to work on /home/airflow/.local/lib/python3.12/site-packages/airflow/example_dags/example_kubernetes_executor.py
[2025-04-01T15:08:57.685+0000] {processor.py:914} INFO - Processing file /home/airflow/.local/lib/python3.12/site-packages/airflow/example_dags/example_kubernetes_executor.py for tasks to queue
[2025-04-01T15:08:57.686+0000] {logging_mixin.py:190} INFO - [2025-04-01T15:08:57.686+0000] {dagbag.py:588} INFO - Filling up the DagBag from /home/airflow/.local/lib/python3.12/site-packages/airflow/example_dags/example_kubernetes_executor.py
[2025-04-01T15:08:57.697+0000] {processor.py:925} INFO - DAG(s) 'example_kubernetes_executor' retrieved from /home/airflow/.local/lib/python3.12/site-packages/airflow/example_dags/example_kubernetes_executor.py
[2025-04-01T15:08:57.715+0000] {logging_mixin.py:190} INFO - [2025-04-01T15:08:57.714+0000] {dag.py:3239} INFO - Sync 1 DAGs
[2025-04-01T15:08:57.727+0000] {logging_mixin.py:190} INFO - [2025-04-01T15:08:57.727+0000] {dag.py:4180} INFO - Setting next_dagrun for example_kubernetes_executor to None, run_after=None
[2025-04-01T15:08:57.741+0000] {processor.py:208} INFO - Processing /home/airflow/.local/lib/python3.12/site-packages/airflow/example_dags/example_kubernetes_executor.py took 0.061 seconds
[2025-04-01T15:09:28.312+0000] {processor.py:186} INFO - Started process (PID=247) to work on /home/airflow/.local/lib/python3.12/site-packages/airflow/example_dags/example_kubernetes_executor.py
[2025-04-01T15:09:28.313+0000] {processor.py:914} INFO - Processing file /home/airflow/.local/lib/python3.12/site-packages/airflow/example_dags/example_kubernetes_executor.py for tasks to queue
[2025-04-01T15:09:28.314+0000] {logging_mixin.py:190} INFO - [2025-04-01T15:09:28.314+0000] {dagbag.py:588} INFO - Filling up the DagBag from /home/airflow/.local/lib/python3.12/site-packages/airflow/example_dags/example_kubernetes_executor.py
[2025-04-01T15:09:28.324+0000] {processor.py:925} INFO - DAG(s) 'example_kubernetes_executor' retrieved from /home/airflow/.local/lib/python3.12/site-packages/airflow/example_dags/example_kubernetes_executor.py
[2025-04-01T15:09:28.343+0000] {logging_mixin.py:190} INFO - [2025-04-01T15:09:28.342+0000] {dag.py:3239} INFO - Sync 1 DAGs
[2025-04-01T15:09:28.354+0000] {logging_mixin.py:190} INFO - [2025-04-01T15:09:28.354+0000] {dag.py:4180} INFO - Setting next_dagrun for example_kubernetes_executor to None, run_after=None
[2025-04-01T15:09:28.369+0000] {processor.py:208} INFO - Processing /home/airflow/.local/lib/python3.12/site-packages/airflow/example_dags/example_kubernetes_executor.py took 0.061 seconds
[2025-04-01T15:09:59.355+0000] {processor.py:186} INFO - Started process (PID=312) to work on /home/airflow/.local/lib/python3.12/site-packages/airflow/example_dags/example_kubernetes_executor.py
[2025-04-01T15:09:59.356+0000] {processor.py:914} INFO - Processing file /home/airflow/.local/lib/python3.12/site-packages/airflow/example_dags/example_kubernetes_executor.py for tasks to queue
[2025-04-01T15:09:59.358+0000] {logging_mixin.py:190} INFO - [2025-04-01T15:09:59.357+0000] {dagbag.py:588} INFO - Filling up the DagBag from /home/airflow/.local/lib/python3.12/site-packages/airflow/example_dags/example_kubernetes_executor.py
[2025-04-01T15:09:59.367+0000] {processor.py:925} INFO - DAG(s) 'example_kubernetes_executor' retrieved from /home/airflow/.local/lib/python3.12/site-packages/airflow/example_dags/example_kubernetes_executor.py
[2025-04-01T15:09:59.385+0000] {logging_mixin.py:190} INFO - [2025-04-01T15:09:59.385+0000] {dag.py:3239} INFO - Sync 1 DAGs
[2025-04-01T15:09:59.396+0000] {logging_mixin.py:190} INFO - [2025-04-01T15:09:59.395+0000] {dag.py:4180} INFO - Setting next_dagrun for example_kubernetes_executor to None, run_after=None
[2025-04-01T15:09:59.410+0000] {processor.py:208} INFO - Processing /home/airflow/.local/lib/python3.12/site-packages/airflow/example_dags/example_kubernetes_executor.py took 0.059 seconds
[2025-04-01T15:10:30.616+0000] {processor.py:186} INFO - Started process (PID=376) to work on /home/airflow/.local/lib/python3.12/site-packages/airflow/example_dags/example_kubernetes_executor.py
[2025-04-01T15:10:30.617+0000] {processor.py:914} INFO - Processing file /home/airflow/.local/lib/python3.12/site-packages/airflow/example_dags/example_kubernetes_executor.py for tasks to queue
[2025-04-01T15:10:30.619+0000] {logging_mixin.py:190} INFO - [2025-04-01T15:10:30.619+0000] {dagbag.py:588} INFO - Filling up the DagBag from /home/airflow/.local/lib/python3.12/site-packages/airflow/example_dags/example_kubernetes_executor.py
[2025-04-01T15:10:30.629+0000] {processor.py:925} INFO - DAG(s) 'example_kubernetes_executor' retrieved from /home/airflow/.local/lib/python3.12/site-packages/airflow/example_dags/example_kubernetes_executor.py
[2025-04-01T15:10:30.646+0000] {logging_mixin.py:190} INFO - [2025-04-01T15:10:30.646+0000] {dag.py:3239} INFO - Sync 1 DAGs
[2025-04-01T15:10:30.659+0000] {logging_mixin.py:190} INFO - [2025-04-01T15:10:30.658+0000] {dag.py:4180} INFO - Setting next_dagrun for example_kubernetes_executor to None, run_after=None
[2025-04-01T15:10:30.679+0000] {processor.py:208} INFO - Processing /home/airflow/.local/lib/python3.12/site-packages/airflow/example_dags/example_kubernetes_executor.py took 0.067 seconds
[2025-04-01T15:11:01.770+0000] {processor.py:186} INFO - Started process (PID=441) to work on /home/airflow/.local/lib/python3.12/site-packages/airflow/example_dags/example_kubernetes_executor.py
[2025-04-01T15:11:01.771+0000] {processor.py:914} INFO - Processing file /home/airflow/.local/lib/python3.12/site-packages/airflow/example_dags/example_kubernetes_executor.py for tasks to queue
[2025-04-01T15:11:01.773+0000] {logging_mixin.py:190} INFO - [2025-04-01T15:11:01.772+0000] {dagbag.py:588} INFO - Filling up the DagBag from /home/airflow/.local/lib/python3.12/site-packages/airflow/example_dags/example_kubernetes_executor.py
[2025-04-01T15:11:01.785+0000] {processor.py:925} INFO - DAG(s) 'example_kubernetes_executor' retrieved from /home/airflow/.local/lib/python3.12/site-packages/airflow/example_dags/example_kubernetes_executor.py
[2025-04-01T15:11:01.805+0000] {logging_mixin.py:190} INFO - [2025-04-01T15:11:01.804+0000] {dag.py:3239} INFO - Sync 1 DAGs
[2025-04-01T15:11:01.823+0000] {logging_mixin.py:190} INFO - [2025-04-01T15:11:01.823+0000] {dag.py:4180} INFO - Setting next_dagrun for example_kubernetes_executor to None, run_after=None
[2025-04-01T15:11:01.838+0000] {processor.py:208} INFO - Processing /home/airflow/.local/lib/python3.12/site-packages/airflow/example_dags/example_kubernetes_executor.py took 0.073 seconds
[2025-04-01T15:11:32.933+0000] {processor.py:186} INFO - Started process (PID=506) to work on /home/airflow/.local/lib/python3.12/site-packages/airflow/example_dags/example_kubernetes_executor.py
[2025-04-01T15:11:32.934+0000] {processor.py:914} INFO - Processing file /home/airflow/.local/lib/python3.12/site-packages/airflow/example_dags/example_kubernetes_executor.py for tasks to queue
[2025-04-01T15:11:32.935+0000] {logging_mixin.py:190} INFO - [2025-04-01T15:11:32.935+0000] {dagbag.py:588} INFO - Filling up the DagBag from /home/airflow/.local/lib/python3.12/site-packages/airflow/example_dags/example_kubernetes_executor.py
[2025-04-01T15:11:32.947+0000] {processor.py:925} INFO - DAG(s) 'example_kubernetes_executor' retrieved from /home/airflow/.local/lib/python3.12/site-packages/airflow/example_dags/example_kubernetes_executor.py
[2025-04-01T15:11:32.963+0000] {logging_mixin.py:190} INFO - [2025-04-01T15:11:32.963+0000] {dag.py:3239} INFO - Sync 1 DAGs
[2025-04-01T15:11:32.973+0000] {logging_mixin.py:190} INFO - [2025-04-01T15:11:32.973+0000] {dag.py:4180} INFO - Setting next_dagrun for example_kubernetes_executor to None, run_after=None
[2025-04-01T15:11:32.987+0000] {processor.py:208} INFO - Processing /home/airflow/.local/lib/python3.12/site-packages/airflow/example_dags/example_kubernetes_executor.py took 0.058 seconds
[2025-04-01T15:12:04.222+0000] {processor.py:186} INFO - Started process (PID=571) to work on /home/airflow/.local/lib/python3.12/site-packages/airflow/example_dags/example_kubernetes_executor.py
[2025-04-01T15:12:04.224+0000] {processor.py:914} INFO - Processing file /home/airflow/.local/lib/python3.12/site-packages/airflow/example_dags/example_kubernetes_executor.py for tasks to queue
[2025-04-01T15:12:04.227+0000] {logging_mixin.py:190} INFO - [2025-04-01T15:12:04.226+0000] {dagbag.py:588} INFO - Filling up the DagBag from /home/airflow/.local/lib/python3.12/site-packages/airflow/example_dags/example_kubernetes_executor.py
[2025-04-01T15:12:04.238+0000] {processor.py:925} INFO - DAG(s) 'example_kubernetes_executor' retrieved from /home/airflow/.local/lib/python3.12/site-packages/airflow/example_dags/example_kubernetes_executor.py
[2025-04-01T15:12:04.258+0000] {logging_mixin.py:190} INFO - [2025-04-01T15:12:04.258+0000] {dag.py:3239} INFO - Sync 1 DAGs
[2025-04-01T15:12:04.271+0000] {logging_mixin.py:190} INFO - [2025-04-01T15:12:04.270+0000] {dag.py:4180} INFO - Setting next_dagrun for example_kubernetes_executor to None, run_after=None
[2025-04-01T15:12:04.288+0000] {processor.py:208} INFO - Processing /home/airflow/.local/lib/python3.12/site-packages/airflow/example_dags/example_kubernetes_executor.py took 0.071 seconds
[2025-04-01T15:12:34.965+0000] {processor.py:186} INFO - Started process (PID=636) to work on /home/airflow/.local/lib/python3.12/site-packages/airflow/example_dags/example_kubernetes_executor.py
[2025-04-01T15:12:34.965+0000] {processor.py:914} INFO - Processing file /home/airflow/.local/lib/python3.12/site-packages/airflow/example_dags/example_kubernetes_executor.py for tasks to queue
[2025-04-01T15:12:34.967+0000] {logging_mixin.py:190} INFO - [2025-04-01T15:12:34.967+0000] {dagbag.py:588} INFO - Filling up the DagBag from /home/airflow/.local/lib/python3.12/site-packages/airflow/example_dags/example_kubernetes_executor.py
[2025-04-01T15:12:34.980+0000] {processor.py:925} INFO - DAG(s) 'example_kubernetes_executor' retrieved from /home/airflow/.local/lib/python3.12/site-packages/airflow/example_dags/example_kubernetes_executor.py
[2025-04-01T15:12:35.000+0000] {logging_mixin.py:190} INFO - [2025-04-01T15:12:35.000+0000] {dag.py:3239} INFO - Sync 1 DAGs
[2025-04-01T15:12:35.011+0000] {logging_mixin.py:190} INFO - [2025-04-01T15:12:35.011+0000] {dag.py:4180} INFO - Setting next_dagrun for example_kubernetes_executor to None, run_after=None
[2025-04-01T15:12:35.024+0000] {processor.py:208} INFO - Processing /home/airflow/.local/lib/python3.12/site-packages/airflow/example_dags/example_kubernetes_executor.py took 0.065 seconds
[2025-04-01T15:13:05.823+0000] {processor.py:186} INFO - Started process (PID=701) to work on /home/airflow/.local/lib/python3.12/site-packages/airflow/example_dags/example_kubernetes_executor.py
[2025-04-01T15:13:05.824+0000] {processor.py:914} INFO - Processing file /home/airflow/.local/lib/python3.12/site-packages/airflow/example_dags/example_kubernetes_executor.py for tasks to queue
[2025-04-01T15:13:05.825+0000] {logging_mixin.py:190} INFO - [2025-04-01T15:13:05.825+0000] {dagbag.py:588} INFO - Filling up the DagBag from /home/airflow/.local/lib/python3.12/site-packages/airflow/example_dags/example_kubernetes_executor.py
[2025-04-01T15:13:05.839+0000] {processor.py:925} INFO - DAG(s) 'example_kubernetes_executor' retrieved from /home/airflow/.local/lib/python3.12/site-packages/airflow/example_dags/example_kubernetes_executor.py
[2025-04-01T15:13:05.861+0000] {logging_mixin.py:190} INFO - [2025-04-01T15:13:05.861+0000] {dag.py:3239} INFO - Sync 1 DAGs
[2025-04-01T15:13:05.878+0000] {logging_mixin.py:190} INFO - [2025-04-01T15:13:05.878+0000] {dag.py:4180} INFO - Setting next_dagrun for example_kubernetes_executor to None, run_after=None
[2025-04-01T15:13:05.901+0000] {processor.py:208} INFO - Processing /home/airflow/.local/lib/python3.12/site-packages/airflow/example_dags/example_kubernetes_executor.py took 0.083 seconds
[2025-04-01T15:13:36.748+0000] {processor.py:186} INFO - Started process (PID=766) to work on /home/airflow/.local/lib/python3.12/site-packages/airflow/example_dags/example_kubernetes_executor.py
[2025-04-01T15:13:36.749+0000] {processor.py:914} INFO - Processing file /home/airflow/.local/lib/python3.12/site-packages/airflow/example_dags/example_kubernetes_executor.py for tasks to queue
[2025-04-01T15:13:36.751+0000] {logging_mixin.py:190} INFO - [2025-04-01T15:13:36.751+0000] {dagbag.py:588} INFO - Filling up the DagBag from /home/airflow/.local/lib/python3.12/site-packages/airflow/example_dags/example_kubernetes_executor.py
[2025-04-01T15:13:36.764+0000] {processor.py:925} INFO - DAG(s) 'example_kubernetes_executor' retrieved from /home/airflow/.local/lib/python3.12/site-packages/airflow/example_dags/example_kubernetes_executor.py
[2025-04-01T15:13:36.786+0000] {logging_mixin.py:190} INFO - [2025-04-01T15:13:36.786+0000] {dag.py:3239} INFO - Sync 1 DAGs
[2025-04-01T15:13:36.800+0000] {logging_mixin.py:190} INFO - [2025-04-01T15:13:36.800+0000] {dag.py:4180} INFO - Setting next_dagrun for example_kubernetes_executor to None, run_after=None
[2025-04-01T15:13:36.819+0000] {processor.py:208} INFO - Processing /home/airflow/.local/lib/python3.12/site-packages/airflow/example_dags/example_kubernetes_executor.py took 0.077 seconds
