[2025-04-01T15:08:17.933+0000] {processor.py:186} INFO - Started process (PID=61) to work on /home/airflow/.local/lib/python3.12/site-packages/airflow/example_dags/example_branch_operator.py
[2025-04-01T15:08:17.934+0000] {processor.py:914} INFO - Processing file /home/airflow/.local/lib/python3.12/site-packages/airflow/example_dags/example_branch_operator.py for tasks to queue
[2025-04-01T15:08:17.936+0000] {logging_mixin.py:190} INFO - [2025-04-01T15:08:17.935+0000] {dagbag.py:588} INFO - Filling up the DagBag from /home/airflow/.local/lib/python3.12/site-packages/airflow/example_dags/example_branch_operator.py
[2025-04-01T15:08:17.965+0000] {processor.py:925} INFO - DAG(s) 'example_branch_operator' retrieved from /home/airflow/.local/lib/python3.12/site-packages/airflow/example_dags/example_branch_operator.py
[2025-04-01T15:08:18.161+0000] {logging_mixin.py:190} INFO - [2025-04-01T15:08:18.160+0000] {override.py:1912} INFO - Created Permission View: can read on DAG:example_branch_operator
[2025-04-01T15:08:18.174+0000] {logging_mixin.py:190} INFO - [2025-04-01T15:08:18.173+0000] {override.py:1912} INFO - Created Permission View: can edit on DAG:example_branch_operator
[2025-04-01T15:08:18.183+0000] {logging_mixin.py:190} INFO - [2025-04-01T15:08:18.182+0000] {override.py:1912} INFO - Created Permission View: can delete on DAG:example_branch_operator
[2025-04-01T15:08:18.192+0000] {logging_mixin.py:190} INFO - [2025-04-01T15:08:18.191+0000] {override.py:1912} INFO - Created Permission View: can read on DAG Run:example_branch_operator
[2025-04-01T15:08:18.200+0000] {logging_mixin.py:190} INFO - [2025-04-01T15:08:18.200+0000] {override.py:1912} INFO - Created Permission View: can create on DAG Run:example_branch_operator
[2025-04-01T15:08:18.207+0000] {logging_mixin.py:190} INFO - [2025-04-01T15:08:18.207+0000] {override.py:1912} INFO - Created Permission View: can delete on DAG Run:example_branch_operator
[2025-04-01T15:08:18.215+0000] {logging_mixin.py:190} INFO - [2025-04-01T15:08:18.215+0000] {override.py:1912} INFO - Created Permission View: menu access on DAG Run:example_branch_operator
[2025-04-01T15:08:18.216+0000] {logging_mixin.py:190} INFO - [2025-04-01T15:08:18.216+0000] {dag.py:3239} INFO - Sync 1 DAGs
[2025-04-01T15:08:18.233+0000] {logging_mixin.py:190} INFO - [2025-04-01T15:08:18.233+0000] {dag.py:3262} INFO - Creating ORM DAG for example_branch_operator
[2025-04-01T15:08:18.251+0000] {logging_mixin.py:190} INFO - [2025-04-01T15:08:18.250+0000] {dag.py:4180} INFO - Setting next_dagrun for example_branch_operator to 2025-03-31 00:00:00+00:00, run_after=2025-04-01 00:00:00+00:00
[2025-04-01T15:08:18.279+0000] {processor.py:208} INFO - Processing /home/airflow/.local/lib/python3.12/site-packages/airflow/example_dags/example_branch_operator.py took 0.350 seconds
[2025-04-01T15:08:49.239+0000] {processor.py:186} INFO - Started process (PID=132) to work on /home/airflow/.local/lib/python3.12/site-packages/airflow/example_dags/example_branch_operator.py
[2025-04-01T15:08:49.240+0000] {processor.py:914} INFO - Processing file /home/airflow/.local/lib/python3.12/site-packages/airflow/example_dags/example_branch_operator.py for tasks to queue
[2025-04-01T15:08:49.241+0000] {logging_mixin.py:190} INFO - [2025-04-01T15:08:49.241+0000] {dagbag.py:588} INFO - Filling up the DagBag from /home/airflow/.local/lib/python3.12/site-packages/airflow/example_dags/example_branch_operator.py
[2025-04-01T15:08:49.256+0000] {processor.py:925} INFO - DAG(s) 'example_branch_operator' retrieved from /home/airflow/.local/lib/python3.12/site-packages/airflow/example_dags/example_branch_operator.py
[2025-04-01T15:08:49.279+0000] {logging_mixin.py:190} INFO - [2025-04-01T15:08:49.279+0000] {dag.py:3239} INFO - Sync 1 DAGs
[2025-04-01T15:08:49.299+0000] {logging_mixin.py:190} INFO - [2025-04-01T15:08:49.299+0000] {dag.py:4180} INFO - Setting next_dagrun for example_branch_operator to 2025-03-31 00:00:00+00:00, run_after=2025-04-01 00:00:00+00:00
[2025-04-01T15:08:49.316+0000] {processor.py:208} INFO - Processing /home/airflow/.local/lib/python3.12/site-packages/airflow/example_dags/example_branch_operator.py took 0.082 seconds
[2025-04-01T15:09:20.005+0000] {processor.py:186} INFO - Started process (PID=197) to work on /home/airflow/.local/lib/python3.12/site-packages/airflow/example_dags/example_branch_operator.py
[2025-04-01T15:09:20.006+0000] {processor.py:914} INFO - Processing file /home/airflow/.local/lib/python3.12/site-packages/airflow/example_dags/example_branch_operator.py for tasks to queue
[2025-04-01T15:09:20.007+0000] {logging_mixin.py:190} INFO - [2025-04-01T15:09:20.007+0000] {dagbag.py:588} INFO - Filling up the DagBag from /home/airflow/.local/lib/python3.12/site-packages/airflow/example_dags/example_branch_operator.py
[2025-04-01T15:09:20.022+0000] {processor.py:925} INFO - DAG(s) 'example_branch_operator' retrieved from /home/airflow/.local/lib/python3.12/site-packages/airflow/example_dags/example_branch_operator.py
[2025-04-01T15:09:20.040+0000] {logging_mixin.py:190} INFO - [2025-04-01T15:09:20.040+0000] {dag.py:3239} INFO - Sync 1 DAGs
[2025-04-01T15:09:20.058+0000] {logging_mixin.py:190} INFO - [2025-04-01T15:09:20.057+0000] {dag.py:4180} INFO - Setting next_dagrun for example_branch_operator to 2025-03-31 00:00:00+00:00, run_after=2025-04-01 00:00:00+00:00
[2025-04-01T15:09:20.072+0000] {processor.py:208} INFO - Processing /home/airflow/.local/lib/python3.12/site-packages/airflow/example_dags/example_branch_operator.py took 0.071 seconds
[2025-04-01T15:09:50.624+0000] {processor.py:186} INFO - Started process (PID=262) to work on /home/airflow/.local/lib/python3.12/site-packages/airflow/example_dags/example_branch_operator.py
[2025-04-01T15:09:50.624+0000] {processor.py:914} INFO - Processing file /home/airflow/.local/lib/python3.12/site-packages/airflow/example_dags/example_branch_operator.py for tasks to queue
[2025-04-01T15:09:50.626+0000] {logging_mixin.py:190} INFO - [2025-04-01T15:09:50.625+0000] {dagbag.py:588} INFO - Filling up the DagBag from /home/airflow/.local/lib/python3.12/site-packages/airflow/example_dags/example_branch_operator.py
[2025-04-01T15:09:50.637+0000] {processor.py:925} INFO - DAG(s) 'example_branch_operator' retrieved from /home/airflow/.local/lib/python3.12/site-packages/airflow/example_dags/example_branch_operator.py
[2025-04-01T15:09:50.656+0000] {logging_mixin.py:190} INFO - [2025-04-01T15:09:50.656+0000] {dag.py:3239} INFO - Sync 1 DAGs
[2025-04-01T15:09:50.675+0000] {logging_mixin.py:190} INFO - [2025-04-01T15:09:50.675+0000] {dag.py:4180} INFO - Setting next_dagrun for example_branch_operator to 2025-03-31 00:00:00+00:00, run_after=2025-04-01 00:00:00+00:00
[2025-04-01T15:09:50.689+0000] {processor.py:208} INFO - Processing /home/airflow/.local/lib/python3.12/site-packages/airflow/example_dags/example_branch_operator.py took 0.069 seconds
[2025-04-01T15:10:21.671+0000] {processor.py:186} INFO - Started process (PID=326) to work on /home/airflow/.local/lib/python3.12/site-packages/airflow/example_dags/example_branch_operator.py
[2025-04-01T15:10:21.672+0000] {processor.py:914} INFO - Processing file /home/airflow/.local/lib/python3.12/site-packages/airflow/example_dags/example_branch_operator.py for tasks to queue
[2025-04-01T15:10:21.674+0000] {logging_mixin.py:190} INFO - [2025-04-01T15:10:21.673+0000] {dagbag.py:588} INFO - Filling up the DagBag from /home/airflow/.local/lib/python3.12/site-packages/airflow/example_dags/example_branch_operator.py
[2025-04-01T15:10:21.691+0000] {processor.py:925} INFO - DAG(s) 'example_branch_operator' retrieved from /home/airflow/.local/lib/python3.12/site-packages/airflow/example_dags/example_branch_operator.py
[2025-04-01T15:10:21.718+0000] {logging_mixin.py:190} INFO - [2025-04-01T15:10:21.718+0000] {dag.py:3239} INFO - Sync 1 DAGs
[2025-04-01T15:10:21.748+0000] {logging_mixin.py:190} INFO - [2025-04-01T15:10:21.747+0000] {dag.py:4180} INFO - Setting next_dagrun for example_branch_operator to 2025-03-31 00:00:00+00:00, run_after=2025-04-01 00:00:00+00:00
[2025-04-01T15:10:21.768+0000] {processor.py:208} INFO - Processing /home/airflow/.local/lib/python3.12/site-packages/airflow/example_dags/example_branch_operator.py took 0.103 seconds
[2025-04-01T15:10:51.945+0000] {processor.py:186} INFO - Started process (PID=391) to work on /home/airflow/.local/lib/python3.12/site-packages/airflow/example_dags/example_branch_operator.py
[2025-04-01T15:10:51.951+0000] {processor.py:914} INFO - Processing file /home/airflow/.local/lib/python3.12/site-packages/airflow/example_dags/example_branch_operator.py for tasks to queue
[2025-04-01T15:10:51.952+0000] {logging_mixin.py:190} INFO - [2025-04-01T15:10:51.952+0000] {dagbag.py:588} INFO - Filling up the DagBag from /home/airflow/.local/lib/python3.12/site-packages/airflow/example_dags/example_branch_operator.py
[2025-04-01T15:10:51.965+0000] {processor.py:925} INFO - DAG(s) 'example_branch_operator' retrieved from /home/airflow/.local/lib/python3.12/site-packages/airflow/example_dags/example_branch_operator.py
[2025-04-01T15:10:51.984+0000] {logging_mixin.py:190} INFO - [2025-04-01T15:10:51.984+0000] {dag.py:3239} INFO - Sync 1 DAGs
[2025-04-01T15:10:52.003+0000] {logging_mixin.py:190} INFO - [2025-04-01T15:10:52.003+0000] {dag.py:4180} INFO - Setting next_dagrun for example_branch_operator to 2025-03-31 00:00:00+00:00, run_after=2025-04-01 00:00:00+00:00
[2025-04-01T15:10:52.056+0000] {processor.py:208} INFO - Processing /home/airflow/.local/lib/python3.12/site-packages/airflow/example_dags/example_branch_operator.py took 0.115 seconds
[2025-04-01T15:11:22.141+0000] {processor.py:186} INFO - Started process (PID=456) to work on /home/airflow/.local/lib/python3.12/site-packages/airflow/example_dags/example_branch_operator.py
[2025-04-01T15:11:22.142+0000] {processor.py:914} INFO - Processing file /home/airflow/.local/lib/python3.12/site-packages/airflow/example_dags/example_branch_operator.py for tasks to queue
[2025-04-01T15:11:22.143+0000] {logging_mixin.py:190} INFO - [2025-04-01T15:11:22.143+0000] {dagbag.py:588} INFO - Filling up the DagBag from /home/airflow/.local/lib/python3.12/site-packages/airflow/example_dags/example_branch_operator.py
[2025-04-01T15:11:22.156+0000] {processor.py:925} INFO - DAG(s) 'example_branch_operator' retrieved from /home/airflow/.local/lib/python3.12/site-packages/airflow/example_dags/example_branch_operator.py
[2025-04-01T15:11:22.183+0000] {logging_mixin.py:190} INFO - [2025-04-01T15:11:22.183+0000] {dag.py:3239} INFO - Sync 1 DAGs
[2025-04-01T15:11:22.204+0000] {logging_mixin.py:190} INFO - [2025-04-01T15:11:22.204+0000] {dag.py:4180} INFO - Setting next_dagrun for example_branch_operator to 2025-03-31 00:00:00+00:00, run_after=2025-04-01 00:00:00+00:00
[2025-04-01T15:11:22.221+0000] {processor.py:208} INFO - Processing /home/airflow/.local/lib/python3.12/site-packages/airflow/example_dags/example_branch_operator.py took 0.084 seconds
[2025-04-01T15:11:52.316+0000] {processor.py:186} INFO - Started process (PID=521) to work on /home/airflow/.local/lib/python3.12/site-packages/airflow/example_dags/example_branch_operator.py
[2025-04-01T15:11:52.316+0000] {processor.py:914} INFO - Processing file /home/airflow/.local/lib/python3.12/site-packages/airflow/example_dags/example_branch_operator.py for tasks to queue
[2025-04-01T15:11:52.318+0000] {logging_mixin.py:190} INFO - [2025-04-01T15:11:52.318+0000] {dagbag.py:588} INFO - Filling up the DagBag from /home/airflow/.local/lib/python3.12/site-packages/airflow/example_dags/example_branch_operator.py
[2025-04-01T15:11:52.334+0000] {processor.py:925} INFO - DAG(s) 'example_branch_operator' retrieved from /home/airflow/.local/lib/python3.12/site-packages/airflow/example_dags/example_branch_operator.py
[2025-04-01T15:11:52.358+0000] {logging_mixin.py:190} INFO - [2025-04-01T15:11:52.357+0000] {dag.py:3239} INFO - Sync 1 DAGs
[2025-04-01T15:11:52.384+0000] {logging_mixin.py:190} INFO - [2025-04-01T15:11:52.384+0000] {dag.py:4180} INFO - Setting next_dagrun for example_branch_operator to 2025-03-31 00:00:00+00:00, run_after=2025-04-01 00:00:00+00:00
[2025-04-01T15:11:52.400+0000] {processor.py:208} INFO - Processing /home/airflow/.local/lib/python3.12/site-packages/airflow/example_dags/example_branch_operator.py took 0.089 seconds
[2025-04-01T15:12:22.550+0000] {processor.py:186} INFO - Started process (PID=586) to work on /home/airflow/.local/lib/python3.12/site-packages/airflow/example_dags/example_branch_operator.py
[2025-04-01T15:12:22.550+0000] {processor.py:914} INFO - Processing file /home/airflow/.local/lib/python3.12/site-packages/airflow/example_dags/example_branch_operator.py for tasks to queue
[2025-04-01T15:12:22.551+0000] {logging_mixin.py:190} INFO - [2025-04-01T15:12:22.551+0000] {dagbag.py:588} INFO - Filling up the DagBag from /home/airflow/.local/lib/python3.12/site-packages/airflow/example_dags/example_branch_operator.py
[2025-04-01T15:12:22.564+0000] {processor.py:925} INFO - DAG(s) 'example_branch_operator' retrieved from /home/airflow/.local/lib/python3.12/site-packages/airflow/example_dags/example_branch_operator.py
[2025-04-01T15:12:22.587+0000] {logging_mixin.py:190} INFO - [2025-04-01T15:12:22.587+0000] {dag.py:3239} INFO - Sync 1 DAGs
[2025-04-01T15:12:22.605+0000] {logging_mixin.py:190} INFO - [2025-04-01T15:12:22.604+0000] {dag.py:4180} INFO - Setting next_dagrun for example_branch_operator to 2025-03-31 00:00:00+00:00, run_after=2025-04-01 00:00:00+00:00
[2025-04-01T15:12:22.619+0000] {processor.py:208} INFO - Processing /home/airflow/.local/lib/python3.12/site-packages/airflow/example_dags/example_branch_operator.py took 0.073 seconds
[2025-04-01T15:12:53.287+0000] {processor.py:186} INFO - Started process (PID=651) to work on /home/airflow/.local/lib/python3.12/site-packages/airflow/example_dags/example_branch_operator.py
[2025-04-01T15:12:53.288+0000] {processor.py:914} INFO - Processing file /home/airflow/.local/lib/python3.12/site-packages/airflow/example_dags/example_branch_operator.py for tasks to queue
[2025-04-01T15:12:53.289+0000] {logging_mixin.py:190} INFO - [2025-04-01T15:12:53.289+0000] {dagbag.py:588} INFO - Filling up the DagBag from /home/airflow/.local/lib/python3.12/site-packages/airflow/example_dags/example_branch_operator.py
[2025-04-01T15:12:53.302+0000] {processor.py:925} INFO - DAG(s) 'example_branch_operator' retrieved from /home/airflow/.local/lib/python3.12/site-packages/airflow/example_dags/example_branch_operator.py
[2025-04-01T15:12:53.325+0000] {logging_mixin.py:190} INFO - [2025-04-01T15:12:53.325+0000] {dag.py:3239} INFO - Sync 1 DAGs
[2025-04-01T15:12:53.345+0000] {logging_mixin.py:190} INFO - [2025-04-01T15:12:53.345+0000] {dag.py:4180} INFO - Setting next_dagrun for example_branch_operator to 2025-03-31 00:00:00+00:00, run_after=2025-04-01 00:00:00+00:00
[2025-04-01T15:12:53.362+0000] {processor.py:208} INFO - Processing /home/airflow/.local/lib/python3.12/site-packages/airflow/example_dags/example_branch_operator.py took 0.080 seconds
[2025-04-01T15:13:24.181+0000] {processor.py:186} INFO - Started process (PID=716) to work on /home/airflow/.local/lib/python3.12/site-packages/airflow/example_dags/example_branch_operator.py
[2025-04-01T15:13:24.182+0000] {processor.py:914} INFO - Processing file /home/airflow/.local/lib/python3.12/site-packages/airflow/example_dags/example_branch_operator.py for tasks to queue
[2025-04-01T15:13:24.184+0000] {logging_mixin.py:190} INFO - [2025-04-01T15:13:24.183+0000] {dagbag.py:588} INFO - Filling up the DagBag from /home/airflow/.local/lib/python3.12/site-packages/airflow/example_dags/example_branch_operator.py
[2025-04-01T15:13:24.199+0000] {processor.py:925} INFO - DAG(s) 'example_branch_operator' retrieved from /home/airflow/.local/lib/python3.12/site-packages/airflow/example_dags/example_branch_operator.py
[2025-04-01T15:13:24.219+0000] {logging_mixin.py:190} INFO - [2025-04-01T15:13:24.219+0000] {dag.py:3239} INFO - Sync 1 DAGs
[2025-04-01T15:13:24.238+0000] {logging_mixin.py:190} INFO - [2025-04-01T15:13:24.238+0000] {dag.py:4180} INFO - Setting next_dagrun for example_branch_operator to 2025-03-31 00:00:00+00:00, run_after=2025-04-01 00:00:00+00:00
[2025-04-01T15:13:24.255+0000] {processor.py:208} INFO - Processing /home/airflow/.local/lib/python3.12/site-packages/airflow/example_dags/example_branch_operator.py took 0.079 seconds
