[2025-04-01T15:08:21.795+0000] {processor.py:186} INFO - Started process (PID=96) to work on /home/airflow/.local/lib/python3.12/site-packages/airflow/example_dags/tutorial_taskflow_templates.py
[2025-04-01T15:08:21.795+0000] {processor.py:914} INFO - Processing file /home/airflow/.local/lib/python3.12/site-packages/airflow/example_dags/tutorial_taskflow_templates.py for tasks to queue
[2025-04-01T15:08:21.796+0000] {logging_mixin.py:190} INFO - [2025-04-01T15:08:21.796+0000] {dagbag.py:588} INFO - Filling up the DagBag from /home/airflow/.local/lib/python3.12/site-packages/airflow/example_dags/tutorial_taskflow_templates.py
[2025-04-01T15:08:21.806+0000] {processor.py:925} INFO - DAG(s) 'tutorial_taskflow_templates' retrieved from /home/airflow/.local/lib/python3.12/site-packages/airflow/example_dags/tutorial_taskflow_templates.py
[2025-04-01T15:08:21.902+0000] {logging_mixin.py:190} INFO - [2025-04-01T15:08:21.902+0000] {override.py:1912} INFO - Created Permission View: can read on DAG:tutorial_taskflow_templates
[2025-04-01T15:08:21.910+0000] {logging_mixin.py:190} INFO - [2025-04-01T15:08:21.910+0000] {override.py:1912} INFO - Created Permission View: can edit on DAG:tutorial_taskflow_templates
[2025-04-01T15:08:21.915+0000] {logging_mixin.py:190} INFO - [2025-04-01T15:08:21.915+0000] {override.py:1912} INFO - Created Permission View: can delete on DAG:tutorial_taskflow_templates
[2025-04-01T15:08:21.922+0000] {logging_mixin.py:190} INFO - [2025-04-01T15:08:21.921+0000] {override.py:1912} INFO - Created Permission View: can read on DAG Run:tutorial_taskflow_templates
[2025-04-01T15:08:21.929+0000] {logging_mixin.py:190} INFO - [2025-04-01T15:08:21.928+0000] {override.py:1912} INFO - Created Permission View: can create on DAG Run:tutorial_taskflow_templates
[2025-04-01T15:08:21.934+0000] {logging_mixin.py:190} INFO - [2025-04-01T15:08:21.934+0000] {override.py:1912} INFO - Created Permission View: can delete on DAG Run:tutorial_taskflow_templates
[2025-04-01T15:08:21.940+0000] {logging_mixin.py:190} INFO - [2025-04-01T15:08:21.940+0000] {override.py:1912} INFO - Created Permission View: menu access on DAG Run:tutorial_taskflow_templates
[2025-04-01T15:08:21.940+0000] {logging_mixin.py:190} INFO - [2025-04-01T15:08:21.940+0000] {dag.py:3239} INFO - Sync 1 DAGs
[2025-04-01T15:08:21.949+0000] {logging_mixin.py:190} INFO - [2025-04-01T15:08:21.949+0000] {dag.py:3262} INFO - Creating ORM DAG for tutorial_taskflow_templates
[2025-04-01T15:08:21.956+0000] {logging_mixin.py:190} INFO - [2025-04-01T15:08:21.956+0000] {dag.py:4180} INFO - Setting next_dagrun for tutorial_taskflow_templates to 2025-03-31 00:00:00+00:00, run_after=2025-04-01 00:00:00+00:00
[2025-04-01T15:08:21.970+0000] {processor.py:208} INFO - Processing /home/airflow/.local/lib/python3.12/site-packages/airflow/example_dags/tutorial_taskflow_templates.py took 0.180 seconds
[2025-04-01T15:08:52.414+0000] {processor.py:186} INFO - Started process (PID=161) to work on /home/airflow/.local/lib/python3.12/site-packages/airflow/example_dags/tutorial_taskflow_templates.py
[2025-04-01T15:08:52.415+0000] {processor.py:914} INFO - Processing file /home/airflow/.local/lib/python3.12/site-packages/airflow/example_dags/tutorial_taskflow_templates.py for tasks to queue
[2025-04-01T15:08:52.416+0000] {logging_mixin.py:190} INFO - [2025-04-01T15:08:52.416+0000] {dagbag.py:588} INFO - Filling up the DagBag from /home/airflow/.local/lib/python3.12/site-packages/airflow/example_dags/tutorial_taskflow_templates.py
[2025-04-01T15:08:52.428+0000] {processor.py:925} INFO - DAG(s) 'tutorial_taskflow_templates' retrieved from /home/airflow/.local/lib/python3.12/site-packages/airflow/example_dags/tutorial_taskflow_templates.py
[2025-04-01T15:08:52.444+0000] {logging_mixin.py:190} INFO - [2025-04-01T15:08:52.443+0000] {dag.py:3239} INFO - Sync 1 DAGs
[2025-04-01T15:08:52.467+0000] {logging_mixin.py:190} INFO - [2025-04-01T15:08:52.466+0000] {dag.py:4180} INFO - Setting next_dagrun for tutorial_taskflow_templates to 2025-03-31 00:00:00+00:00, run_after=2025-04-01 00:00:00+00:00
[2025-04-01T15:08:52.483+0000] {processor.py:208} INFO - Processing /home/airflow/.local/lib/python3.12/site-packages/airflow/example_dags/tutorial_taskflow_templates.py took 0.074 seconds
[2025-04-01T15:09:23.283+0000] {processor.py:186} INFO - Started process (PID=226) to work on /home/airflow/.local/lib/python3.12/site-packages/airflow/example_dags/tutorial_taskflow_templates.py
[2025-04-01T15:09:23.283+0000] {processor.py:914} INFO - Processing file /home/airflow/.local/lib/python3.12/site-packages/airflow/example_dags/tutorial_taskflow_templates.py for tasks to queue
[2025-04-01T15:09:23.285+0000] {logging_mixin.py:190} INFO - [2025-04-01T15:09:23.284+0000] {dagbag.py:588} INFO - Filling up the DagBag from /home/airflow/.local/lib/python3.12/site-packages/airflow/example_dags/tutorial_taskflow_templates.py
[2025-04-01T15:09:23.294+0000] {processor.py:925} INFO - DAG(s) 'tutorial_taskflow_templates' retrieved from /home/airflow/.local/lib/python3.12/site-packages/airflow/example_dags/tutorial_taskflow_templates.py
[2025-04-01T15:09:23.307+0000] {logging_mixin.py:190} INFO - [2025-04-01T15:09:23.307+0000] {dag.py:3239} INFO - Sync 1 DAGs
[2025-04-01T15:09:23.323+0000] {logging_mixin.py:190} INFO - [2025-04-01T15:09:23.323+0000] {dag.py:4180} INFO - Setting next_dagrun for tutorial_taskflow_templates to 2025-03-31 00:00:00+00:00, run_after=2025-04-01 00:00:00+00:00
[2025-04-01T15:09:23.339+0000] {processor.py:208} INFO - Processing /home/airflow/.local/lib/python3.12/site-packages/airflow/example_dags/tutorial_taskflow_templates.py took 0.060 seconds
[2025-04-01T15:09:53.745+0000] {processor.py:186} INFO - Started process (PID=291) to work on /home/airflow/.local/lib/python3.12/site-packages/airflow/example_dags/tutorial_taskflow_templates.py
[2025-04-01T15:09:53.746+0000] {processor.py:914} INFO - Processing file /home/airflow/.local/lib/python3.12/site-packages/airflow/example_dags/tutorial_taskflow_templates.py for tasks to queue
[2025-04-01T15:09:53.747+0000] {logging_mixin.py:190} INFO - [2025-04-01T15:09:53.747+0000] {dagbag.py:588} INFO - Filling up the DagBag from /home/airflow/.local/lib/python3.12/site-packages/airflow/example_dags/tutorial_taskflow_templates.py
[2025-04-01T15:09:53.756+0000] {processor.py:925} INFO - DAG(s) 'tutorial_taskflow_templates' retrieved from /home/airflow/.local/lib/python3.12/site-packages/airflow/example_dags/tutorial_taskflow_templates.py
[2025-04-01T15:09:53.769+0000] {logging_mixin.py:190} INFO - [2025-04-01T15:09:53.769+0000] {dag.py:3239} INFO - Sync 1 DAGs
[2025-04-01T15:09:53.785+0000] {logging_mixin.py:190} INFO - [2025-04-01T15:09:53.784+0000] {dag.py:4180} INFO - Setting next_dagrun for tutorial_taskflow_templates to 2025-03-31 00:00:00+00:00, run_after=2025-04-01 00:00:00+00:00
[2025-04-01T15:09:53.799+0000] {processor.py:208} INFO - Processing /home/airflow/.local/lib/python3.12/site-packages/airflow/example_dags/tutorial_taskflow_templates.py took 0.058 seconds
[2025-04-01T15:10:24.013+0000] {processor.py:186} INFO - Started process (PID=355) to work on /home/airflow/.local/lib/python3.12/site-packages/airflow/example_dags/tutorial_taskflow_templates.py
[2025-04-01T15:10:24.013+0000] {processor.py:914} INFO - Processing file /home/airflow/.local/lib/python3.12/site-packages/airflow/example_dags/tutorial_taskflow_templates.py for tasks to queue
[2025-04-01T15:10:24.014+0000] {logging_mixin.py:190} INFO - [2025-04-01T15:10:24.014+0000] {dagbag.py:588} INFO - Filling up the DagBag from /home/airflow/.local/lib/python3.12/site-packages/airflow/example_dags/tutorial_taskflow_templates.py
[2025-04-01T15:10:24.022+0000] {processor.py:925} INFO - DAG(s) 'tutorial_taskflow_templates' retrieved from /home/airflow/.local/lib/python3.12/site-packages/airflow/example_dags/tutorial_taskflow_templates.py
[2025-04-01T15:10:24.034+0000] {logging_mixin.py:190} INFO - [2025-04-01T15:10:24.034+0000] {dag.py:3239} INFO - Sync 1 DAGs
[2025-04-01T15:10:24.049+0000] {logging_mixin.py:190} INFO - [2025-04-01T15:10:24.049+0000] {dag.py:4180} INFO - Setting next_dagrun for tutorial_taskflow_templates to 2025-03-31 00:00:00+00:00, run_after=2025-04-01 00:00:00+00:00
[2025-04-01T15:10:24.067+0000] {processor.py:208} INFO - Processing /home/airflow/.local/lib/python3.12/site-packages/airflow/example_dags/tutorial_taskflow_templates.py took 0.058 seconds
[2025-04-01T15:10:54.520+0000] {processor.py:186} INFO - Started process (PID=420) to work on /home/airflow/.local/lib/python3.12/site-packages/airflow/example_dags/tutorial_taskflow_templates.py
[2025-04-01T15:10:54.521+0000] {processor.py:914} INFO - Processing file /home/airflow/.local/lib/python3.12/site-packages/airflow/example_dags/tutorial_taskflow_templates.py for tasks to queue
[2025-04-01T15:10:54.523+0000] {logging_mixin.py:190} INFO - [2025-04-01T15:10:54.522+0000] {dagbag.py:588} INFO - Filling up the DagBag from /home/airflow/.local/lib/python3.12/site-packages/airflow/example_dags/tutorial_taskflow_templates.py
[2025-04-01T15:10:54.534+0000] {processor.py:925} INFO - DAG(s) 'tutorial_taskflow_templates' retrieved from /home/airflow/.local/lib/python3.12/site-packages/airflow/example_dags/tutorial_taskflow_templates.py
[2025-04-01T15:10:54.555+0000] {logging_mixin.py:190} INFO - [2025-04-01T15:10:54.554+0000] {dag.py:3239} INFO - Sync 1 DAGs
[2025-04-01T15:10:54.588+0000] {logging_mixin.py:190} INFO - [2025-04-01T15:10:54.587+0000] {dag.py:4180} INFO - Setting next_dagrun for tutorial_taskflow_templates to 2025-03-31 00:00:00+00:00, run_after=2025-04-01 00:00:00+00:00
[2025-04-01T15:10:54.612+0000] {processor.py:208} INFO - Processing /home/airflow/.local/lib/python3.12/site-packages/airflow/example_dags/tutorial_taskflow_templates.py took 0.097 seconds
[2025-04-01T15:11:25.551+0000] {processor.py:186} INFO - Started process (PID=485) to work on /home/airflow/.local/lib/python3.12/site-packages/airflow/example_dags/tutorial_taskflow_templates.py
[2025-04-01T15:11:25.554+0000] {processor.py:914} INFO - Processing file /home/airflow/.local/lib/python3.12/site-packages/airflow/example_dags/tutorial_taskflow_templates.py for tasks to queue
[2025-04-01T15:11:25.556+0000] {logging_mixin.py:190} INFO - [2025-04-01T15:11:25.555+0000] {dagbag.py:588} INFO - Filling up the DagBag from /home/airflow/.local/lib/python3.12/site-packages/airflow/example_dags/tutorial_taskflow_templates.py
[2025-04-01T15:11:25.566+0000] {processor.py:925} INFO - DAG(s) 'tutorial_taskflow_templates' retrieved from /home/airflow/.local/lib/python3.12/site-packages/airflow/example_dags/tutorial_taskflow_templates.py
[2025-04-01T15:11:25.582+0000] {logging_mixin.py:190} INFO - [2025-04-01T15:11:25.582+0000] {dag.py:3239} INFO - Sync 1 DAGs
[2025-04-01T15:11:25.608+0000] {logging_mixin.py:190} INFO - [2025-04-01T15:11:25.607+0000] {dag.py:4180} INFO - Setting next_dagrun for tutorial_taskflow_templates to 2025-03-31 00:00:00+00:00, run_after=2025-04-01 00:00:00+00:00
[2025-04-01T15:11:25.631+0000] {processor.py:208} INFO - Processing /home/airflow/.local/lib/python3.12/site-packages/airflow/example_dags/tutorial_taskflow_templates.py took 0.084 seconds
[2025-04-01T15:11:55.729+0000] {processor.py:186} INFO - Started process (PID=550) to work on /home/airflow/.local/lib/python3.12/site-packages/airflow/example_dags/tutorial_taskflow_templates.py
[2025-04-01T15:11:55.730+0000] {processor.py:914} INFO - Processing file /home/airflow/.local/lib/python3.12/site-packages/airflow/example_dags/tutorial_taskflow_templates.py for tasks to queue
[2025-04-01T15:11:55.731+0000] {logging_mixin.py:190} INFO - [2025-04-01T15:11:55.731+0000] {dagbag.py:588} INFO - Filling up the DagBag from /home/airflow/.local/lib/python3.12/site-packages/airflow/example_dags/tutorial_taskflow_templates.py
[2025-04-01T15:11:55.740+0000] {processor.py:925} INFO - DAG(s) 'tutorial_taskflow_templates' retrieved from /home/airflow/.local/lib/python3.12/site-packages/airflow/example_dags/tutorial_taskflow_templates.py
[2025-04-01T15:11:55.755+0000] {logging_mixin.py:190} INFO - [2025-04-01T15:11:55.754+0000] {dag.py:3239} INFO - Sync 1 DAGs
[2025-04-01T15:11:55.772+0000] {logging_mixin.py:190} INFO - [2025-04-01T15:11:55.772+0000] {dag.py:4180} INFO - Setting next_dagrun for tutorial_taskflow_templates to 2025-03-31 00:00:00+00:00, run_after=2025-04-01 00:00:00+00:00
[2025-04-01T15:11:55.790+0000] {processor.py:208} INFO - Processing /home/airflow/.local/lib/python3.12/site-packages/airflow/example_dags/tutorial_taskflow_templates.py took 0.066 seconds
[2025-04-01T15:12:26.718+0000] {processor.py:186} INFO - Started process (PID=615) to work on /home/airflow/.local/lib/python3.12/site-packages/airflow/example_dags/tutorial_taskflow_templates.py
[2025-04-01T15:12:26.720+0000] {processor.py:914} INFO - Processing file /home/airflow/.local/lib/python3.12/site-packages/airflow/example_dags/tutorial_taskflow_templates.py for tasks to queue
[2025-04-01T15:12:26.721+0000] {logging_mixin.py:190} INFO - [2025-04-01T15:12:26.721+0000] {dagbag.py:588} INFO - Filling up the DagBag from /home/airflow/.local/lib/python3.12/site-packages/airflow/example_dags/tutorial_taskflow_templates.py
[2025-04-01T15:12:26.731+0000] {processor.py:925} INFO - DAG(s) 'tutorial_taskflow_templates' retrieved from /home/airflow/.local/lib/python3.12/site-packages/airflow/example_dags/tutorial_taskflow_templates.py
[2025-04-01T15:12:26.744+0000] {logging_mixin.py:190} INFO - [2025-04-01T15:12:26.743+0000] {dag.py:3239} INFO - Sync 1 DAGs
[2025-04-01T15:12:26.762+0000] {logging_mixin.py:190} INFO - [2025-04-01T15:12:26.762+0000] {dag.py:4180} INFO - Setting next_dagrun for tutorial_taskflow_templates to 2025-03-31 00:00:00+00:00, run_after=2025-04-01 00:00:00+00:00
[2025-04-01T15:12:26.779+0000] {processor.py:208} INFO - Processing /home/airflow/.local/lib/python3.12/site-packages/airflow/example_dags/tutorial_taskflow_templates.py took 0.065 seconds
[2025-04-01T15:12:57.582+0000] {processor.py:186} INFO - Started process (PID=680) to work on /home/airflow/.local/lib/python3.12/site-packages/airflow/example_dags/tutorial_taskflow_templates.py
[2025-04-01T15:12:57.587+0000] {processor.py:914} INFO - Processing file /home/airflow/.local/lib/python3.12/site-packages/airflow/example_dags/tutorial_taskflow_templates.py for tasks to queue
[2025-04-01T15:12:57.588+0000] {logging_mixin.py:190} INFO - [2025-04-01T15:12:57.588+0000] {dagbag.py:588} INFO - Filling up the DagBag from /home/airflow/.local/lib/python3.12/site-packages/airflow/example_dags/tutorial_taskflow_templates.py
[2025-04-01T15:12:57.598+0000] {processor.py:925} INFO - DAG(s) 'tutorial_taskflow_templates' retrieved from /home/airflow/.local/lib/python3.12/site-packages/airflow/example_dags/tutorial_taskflow_templates.py
[2025-04-01T15:12:57.612+0000] {logging_mixin.py:190} INFO - [2025-04-01T15:12:57.612+0000] {dag.py:3239} INFO - Sync 1 DAGs
[2025-04-01T15:12:57.631+0000] {logging_mixin.py:190} INFO - [2025-04-01T15:12:57.630+0000] {dag.py:4180} INFO - Setting next_dagrun for tutorial_taskflow_templates to 2025-03-31 00:00:00+00:00, run_after=2025-04-01 00:00:00+00:00
[2025-04-01T15:12:57.648+0000] {processor.py:208} INFO - Processing /home/airflow/.local/lib/python3.12/site-packages/airflow/example_dags/tutorial_taskflow_templates.py took 0.070 seconds
[2025-04-01T15:13:27.688+0000] {processor.py:186} INFO - Started process (PID=745) to work on /home/airflow/.local/lib/python3.12/site-packages/airflow/example_dags/tutorial_taskflow_templates.py
[2025-04-01T15:13:27.688+0000] {processor.py:914} INFO - Processing file /home/airflow/.local/lib/python3.12/site-packages/airflow/example_dags/tutorial_taskflow_templates.py for tasks to queue
[2025-04-01T15:13:27.690+0000] {logging_mixin.py:190} INFO - [2025-04-01T15:13:27.690+0000] {dagbag.py:588} INFO - Filling up the DagBag from /home/airflow/.local/lib/python3.12/site-packages/airflow/example_dags/tutorial_taskflow_templates.py
[2025-04-01T15:13:27.700+0000] {processor.py:925} INFO - DAG(s) 'tutorial_taskflow_templates' retrieved from /home/airflow/.local/lib/python3.12/site-packages/airflow/example_dags/tutorial_taskflow_templates.py
[2025-04-01T15:13:27.716+0000] {logging_mixin.py:190} INFO - [2025-04-01T15:13:27.716+0000] {dag.py:3239} INFO - Sync 1 DAGs
[2025-04-01T15:13:27.735+0000] {logging_mixin.py:190} INFO - [2025-04-01T15:13:27.735+0000] {dag.py:4180} INFO - Setting next_dagrun for tutorial_taskflow_templates to 2025-03-31 00:00:00+00:00, run_after=2025-04-01 00:00:00+00:00
[2025-04-01T15:13:27.755+0000] {processor.py:208} INFO - Processing /home/airflow/.local/lib/python3.12/site-packages/airflow/example_dags/tutorial_taskflow_templates.py took 0.073 seconds
