[2025-04-01T15:08:22.207+0000] {processor.py:186} INFO - Started process (PID=99) to work on /home/airflow/.local/lib/python3.12/site-packages/airflow/example_dags/tutorial_dag.py
[2025-04-01T15:08:22.208+0000] {processor.py:914} INFO - Processing file /home/airflow/.local/lib/python3.12/site-packages/airflow/example_dags/tutorial_dag.py for tasks to queue
[2025-04-01T15:08:22.210+0000] {logging_mixin.py:190} INFO - [2025-04-01T15:08:22.210+0000] {dagbag.py:588} INFO - Filling up the DagBag from /home/airflow/.local/lib/python3.12/site-packages/airflow/example_dags/tutorial_dag.py
[2025-04-01T15:08:22.218+0000] {processor.py:925} INFO - DAG(s) 'tutorial_dag' retrieved from /home/airflow/.local/lib/python3.12/site-packages/airflow/example_dags/tutorial_dag.py
[2025-04-01T15:08:22.311+0000] {logging_mixin.py:190} INFO - [2025-04-01T15:08:22.310+0000] {override.py:1912} INFO - Created Permission View: can read on DAG:tutorial_dag
[2025-04-01T15:08:22.321+0000] {logging_mixin.py:190} INFO - [2025-04-01T15:08:22.321+0000] {override.py:1912} INFO - Created Permission View: can edit on DAG:tutorial_dag
[2025-04-01T15:08:22.327+0000] {logging_mixin.py:190} INFO - [2025-04-01T15:08:22.326+0000] {override.py:1912} INFO - Created Permission View: can delete on DAG:tutorial_dag
[2025-04-01T15:08:22.334+0000] {logging_mixin.py:190} INFO - [2025-04-01T15:08:22.333+0000] {override.py:1912} INFO - Created Permission View: can read on DAG Run:tutorial_dag
[2025-04-01T15:08:22.342+0000] {logging_mixin.py:190} INFO - [2025-04-01T15:08:22.342+0000] {override.py:1912} INFO - Created Permission View: can create on DAG Run:tutorial_dag
[2025-04-01T15:08:22.347+0000] {logging_mixin.py:190} INFO - [2025-04-01T15:08:22.347+0000] {override.py:1912} INFO - Created Permission View: can delete on DAG Run:tutorial_dag
[2025-04-01T15:08:22.353+0000] {logging_mixin.py:190} INFO - [2025-04-01T15:08:22.353+0000] {override.py:1912} INFO - Created Permission View: menu access on DAG Run:tutorial_dag
[2025-04-01T15:08:22.354+0000] {logging_mixin.py:190} INFO - [2025-04-01T15:08:22.354+0000] {dag.py:3239} INFO - Sync 1 DAGs
[2025-04-01T15:08:22.372+0000] {logging_mixin.py:190} INFO - [2025-04-01T15:08:22.372+0000] {dag.py:3262} INFO - Creating ORM DAG for tutorial_dag
[2025-04-01T15:08:22.373+0000] {logging_mixin.py:190} INFO - [2025-04-01T15:08:22.373+0000] {dag.py:4180} INFO - Setting next_dagrun for tutorial_dag to None, run_after=None
[2025-04-01T15:08:22.394+0000] {processor.py:208} INFO - Processing /home/airflow/.local/lib/python3.12/site-packages/airflow/example_dags/tutorial_dag.py took 0.193 seconds
[2025-04-01T15:08:52.565+0000] {processor.py:186} INFO - Started process (PID=164) to work on /home/airflow/.local/lib/python3.12/site-packages/airflow/example_dags/tutorial_dag.py
[2025-04-01T15:08:52.566+0000] {processor.py:914} INFO - Processing file /home/airflow/.local/lib/python3.12/site-packages/airflow/example_dags/tutorial_dag.py for tasks to queue
[2025-04-01T15:08:52.567+0000] {logging_mixin.py:190} INFO - [2025-04-01T15:08:52.567+0000] {dagbag.py:588} INFO - Filling up the DagBag from /home/airflow/.local/lib/python3.12/site-packages/airflow/example_dags/tutorial_dag.py
[2025-04-01T15:08:52.573+0000] {processor.py:925} INFO - DAG(s) 'tutorial_dag' retrieved from /home/airflow/.local/lib/python3.12/site-packages/airflow/example_dags/tutorial_dag.py
[2025-04-01T15:08:52.590+0000] {logging_mixin.py:190} INFO - [2025-04-01T15:08:52.590+0000] {dag.py:3239} INFO - Sync 1 DAGs
[2025-04-01T15:08:52.607+0000] {logging_mixin.py:190} INFO - [2025-04-01T15:08:52.606+0000] {dag.py:4180} INFO - Setting next_dagrun for tutorial_dag to None, run_after=None
[2025-04-01T15:08:52.621+0000] {processor.py:208} INFO - Processing /home/airflow/.local/lib/python3.12/site-packages/airflow/example_dags/tutorial_dag.py took 0.061 seconds
[2025-04-01T15:09:23.449+0000] {processor.py:186} INFO - Started process (PID=229) to work on /home/airflow/.local/lib/python3.12/site-packages/airflow/example_dags/tutorial_dag.py
[2025-04-01T15:09:23.456+0000] {processor.py:914} INFO - Processing file /home/airflow/.local/lib/python3.12/site-packages/airflow/example_dags/tutorial_dag.py for tasks to queue
[2025-04-01T15:09:23.458+0000] {logging_mixin.py:190} INFO - [2025-04-01T15:09:23.457+0000] {dagbag.py:588} INFO - Filling up the DagBag from /home/airflow/.local/lib/python3.12/site-packages/airflow/example_dags/tutorial_dag.py
[2025-04-01T15:09:23.464+0000] {processor.py:925} INFO - DAG(s) 'tutorial_dag' retrieved from /home/airflow/.local/lib/python3.12/site-packages/airflow/example_dags/tutorial_dag.py
[2025-04-01T15:09:23.480+0000] {logging_mixin.py:190} INFO - [2025-04-01T15:09:23.480+0000] {dag.py:3239} INFO - Sync 1 DAGs
[2025-04-01T15:09:23.494+0000] {logging_mixin.py:190} INFO - [2025-04-01T15:09:23.494+0000] {dag.py:4180} INFO - Setting next_dagrun for tutorial_dag to None, run_after=None
[2025-04-01T15:09:23.514+0000] {processor.py:208} INFO - Processing /home/airflow/.local/lib/python3.12/site-packages/airflow/example_dags/tutorial_dag.py took 0.070 seconds
[2025-04-01T15:09:53.896+0000] {processor.py:186} INFO - Started process (PID=294) to work on /home/airflow/.local/lib/python3.12/site-packages/airflow/example_dags/tutorial_dag.py
[2025-04-01T15:09:53.897+0000] {processor.py:914} INFO - Processing file /home/airflow/.local/lib/python3.12/site-packages/airflow/example_dags/tutorial_dag.py for tasks to queue
[2025-04-01T15:09:53.899+0000] {logging_mixin.py:190} INFO - [2025-04-01T15:09:53.899+0000] {dagbag.py:588} INFO - Filling up the DagBag from /home/airflow/.local/lib/python3.12/site-packages/airflow/example_dags/tutorial_dag.py
[2025-04-01T15:09:53.905+0000] {processor.py:925} INFO - DAG(s) 'tutorial_dag' retrieved from /home/airflow/.local/lib/python3.12/site-packages/airflow/example_dags/tutorial_dag.py
[2025-04-01T15:09:53.919+0000] {logging_mixin.py:190} INFO - [2025-04-01T15:09:53.919+0000] {dag.py:3239} INFO - Sync 1 DAGs
[2025-04-01T15:09:53.928+0000] {logging_mixin.py:190} INFO - [2025-04-01T15:09:53.928+0000] {dag.py:4180} INFO - Setting next_dagrun for tutorial_dag to None, run_after=None
[2025-04-01T15:09:53.941+0000] {processor.py:208} INFO - Processing /home/airflow/.local/lib/python3.12/site-packages/airflow/example_dags/tutorial_dag.py took 0.049 seconds
[2025-04-01T15:10:24.156+0000] {processor.py:186} INFO - Started process (PID=358) to work on /home/airflow/.local/lib/python3.12/site-packages/airflow/example_dags/tutorial_dag.py
[2025-04-01T15:10:24.157+0000] {processor.py:914} INFO - Processing file /home/airflow/.local/lib/python3.12/site-packages/airflow/example_dags/tutorial_dag.py for tasks to queue
[2025-04-01T15:10:24.158+0000] {logging_mixin.py:190} INFO - [2025-04-01T15:10:24.158+0000] {dagbag.py:588} INFO - Filling up the DagBag from /home/airflow/.local/lib/python3.12/site-packages/airflow/example_dags/tutorial_dag.py
[2025-04-01T15:10:24.163+0000] {processor.py:925} INFO - DAG(s) 'tutorial_dag' retrieved from /home/airflow/.local/lib/python3.12/site-packages/airflow/example_dags/tutorial_dag.py
[2025-04-01T15:10:24.180+0000] {logging_mixin.py:190} INFO - [2025-04-01T15:10:24.180+0000] {dag.py:3239} INFO - Sync 1 DAGs
[2025-04-01T15:10:24.190+0000] {logging_mixin.py:190} INFO - [2025-04-01T15:10:24.190+0000] {dag.py:4180} INFO - Setting next_dagrun for tutorial_dag to None, run_after=None
[2025-04-01T15:10:24.204+0000] {processor.py:208} INFO - Processing /home/airflow/.local/lib/python3.12/site-packages/airflow/example_dags/tutorial_dag.py took 0.053 seconds
[2025-04-01T15:10:54.638+0000] {processor.py:186} INFO - Started process (PID=423) to work on /home/airflow/.local/lib/python3.12/site-packages/airflow/example_dags/tutorial_dag.py
[2025-04-01T15:10:54.639+0000] {processor.py:914} INFO - Processing file /home/airflow/.local/lib/python3.12/site-packages/airflow/example_dags/tutorial_dag.py for tasks to queue
[2025-04-01T15:10:54.641+0000] {logging_mixin.py:190} INFO - [2025-04-01T15:10:54.640+0000] {dagbag.py:588} INFO - Filling up the DagBag from /home/airflow/.local/lib/python3.12/site-packages/airflow/example_dags/tutorial_dag.py
[2025-04-01T15:10:54.648+0000] {processor.py:925} INFO - DAG(s) 'tutorial_dag' retrieved from /home/airflow/.local/lib/python3.12/site-packages/airflow/example_dags/tutorial_dag.py
[2025-04-01T15:10:54.664+0000] {logging_mixin.py:190} INFO - [2025-04-01T15:10:54.664+0000] {dag.py:3239} INFO - Sync 1 DAGs
[2025-04-01T15:10:54.676+0000] {logging_mixin.py:190} INFO - [2025-04-01T15:10:54.676+0000] {dag.py:4180} INFO - Setting next_dagrun for tutorial_dag to None, run_after=None
[2025-04-01T15:10:54.692+0000] {processor.py:208} INFO - Processing /home/airflow/.local/lib/python3.12/site-packages/airflow/example_dags/tutorial_dag.py took 0.059 seconds
[2025-04-01T15:11:25.762+0000] {processor.py:186} INFO - Started process (PID=488) to work on /home/airflow/.local/lib/python3.12/site-packages/airflow/example_dags/tutorial_dag.py
[2025-04-01T15:11:25.763+0000] {processor.py:914} INFO - Processing file /home/airflow/.local/lib/python3.12/site-packages/airflow/example_dags/tutorial_dag.py for tasks to queue
[2025-04-01T15:11:25.764+0000] {logging_mixin.py:190} INFO - [2025-04-01T15:11:25.764+0000] {dagbag.py:588} INFO - Filling up the DagBag from /home/airflow/.local/lib/python3.12/site-packages/airflow/example_dags/tutorial_dag.py
[2025-04-01T15:11:25.770+0000] {processor.py:925} INFO - DAG(s) 'tutorial_dag' retrieved from /home/airflow/.local/lib/python3.12/site-packages/airflow/example_dags/tutorial_dag.py
[2025-04-01T15:11:25.784+0000] {logging_mixin.py:190} INFO - [2025-04-01T15:11:25.784+0000] {dag.py:3239} INFO - Sync 1 DAGs
[2025-04-01T15:11:25.796+0000] {logging_mixin.py:190} INFO - [2025-04-01T15:11:25.795+0000] {dag.py:4180} INFO - Setting next_dagrun for tutorial_dag to None, run_after=None
[2025-04-01T15:11:25.813+0000] {processor.py:208} INFO - Processing /home/airflow/.local/lib/python3.12/site-packages/airflow/example_dags/tutorial_dag.py took 0.056 seconds
[2025-04-01T15:11:55.899+0000] {processor.py:186} INFO - Started process (PID=553) to work on /home/airflow/.local/lib/python3.12/site-packages/airflow/example_dags/tutorial_dag.py
[2025-04-01T15:11:55.899+0000] {processor.py:914} INFO - Processing file /home/airflow/.local/lib/python3.12/site-packages/airflow/example_dags/tutorial_dag.py for tasks to queue
[2025-04-01T15:11:55.901+0000] {logging_mixin.py:190} INFO - [2025-04-01T15:11:55.901+0000] {dagbag.py:588} INFO - Filling up the DagBag from /home/airflow/.local/lib/python3.12/site-packages/airflow/example_dags/tutorial_dag.py
[2025-04-01T15:11:55.905+0000] {processor.py:925} INFO - DAG(s) 'tutorial_dag' retrieved from /home/airflow/.local/lib/python3.12/site-packages/airflow/example_dags/tutorial_dag.py
[2025-04-01T15:11:55.917+0000] {logging_mixin.py:190} INFO - [2025-04-01T15:11:55.917+0000] {dag.py:3239} INFO - Sync 1 DAGs
[2025-04-01T15:11:55.927+0000] {logging_mixin.py:190} INFO - [2025-04-01T15:11:55.927+0000] {dag.py:4180} INFO - Setting next_dagrun for tutorial_dag to None, run_after=None
[2025-04-01T15:11:55.943+0000] {processor.py:208} INFO - Processing /home/airflow/.local/lib/python3.12/site-packages/airflow/example_dags/tutorial_dag.py took 0.048 seconds
[2025-04-01T15:12:26.801+0000] {processor.py:186} INFO - Started process (PID=618) to work on /home/airflow/.local/lib/python3.12/site-packages/airflow/example_dags/tutorial_dag.py
[2025-04-01T15:12:26.801+0000] {processor.py:914} INFO - Processing file /home/airflow/.local/lib/python3.12/site-packages/airflow/example_dags/tutorial_dag.py for tasks to queue
[2025-04-01T15:12:26.803+0000] {logging_mixin.py:190} INFO - [2025-04-01T15:12:26.803+0000] {dagbag.py:588} INFO - Filling up the DagBag from /home/airflow/.local/lib/python3.12/site-packages/airflow/example_dags/tutorial_dag.py
[2025-04-01T15:12:26.809+0000] {processor.py:925} INFO - DAG(s) 'tutorial_dag' retrieved from /home/airflow/.local/lib/python3.12/site-packages/airflow/example_dags/tutorial_dag.py
[2025-04-01T15:12:26.823+0000] {logging_mixin.py:190} INFO - [2025-04-01T15:12:26.822+0000] {dag.py:3239} INFO - Sync 1 DAGs
[2025-04-01T15:12:26.834+0000] {logging_mixin.py:190} INFO - [2025-04-01T15:12:26.834+0000] {dag.py:4180} INFO - Setting next_dagrun for tutorial_dag to None, run_after=None
[2025-04-01T15:12:26.848+0000] {processor.py:208} INFO - Processing /home/airflow/.local/lib/python3.12/site-packages/airflow/example_dags/tutorial_dag.py took 0.052 seconds
[2025-04-01T15:12:57.673+0000] {processor.py:186} INFO - Started process (PID=683) to work on /home/airflow/.local/lib/python3.12/site-packages/airflow/example_dags/tutorial_dag.py
[2025-04-01T15:12:57.674+0000] {processor.py:914} INFO - Processing file /home/airflow/.local/lib/python3.12/site-packages/airflow/example_dags/tutorial_dag.py for tasks to queue
[2025-04-01T15:12:57.675+0000] {logging_mixin.py:190} INFO - [2025-04-01T15:12:57.675+0000] {dagbag.py:588} INFO - Filling up the DagBag from /home/airflow/.local/lib/python3.12/site-packages/airflow/example_dags/tutorial_dag.py
[2025-04-01T15:12:57.682+0000] {processor.py:925} INFO - DAG(s) 'tutorial_dag' retrieved from /home/airflow/.local/lib/python3.12/site-packages/airflow/example_dags/tutorial_dag.py
[2025-04-01T15:12:57.694+0000] {logging_mixin.py:190} INFO - [2025-04-01T15:12:57.694+0000] {dag.py:3239} INFO - Sync 1 DAGs
[2025-04-01T15:12:57.705+0000] {logging_mixin.py:190} INFO - [2025-04-01T15:12:57.705+0000] {dag.py:4180} INFO - Setting next_dagrun for tutorial_dag to None, run_after=None
[2025-04-01T15:12:57.722+0000] {processor.py:208} INFO - Processing /home/airflow/.local/lib/python3.12/site-packages/airflow/example_dags/tutorial_dag.py took 0.053 seconds
[2025-04-01T15:13:27.887+0000] {processor.py:186} INFO - Started process (PID=748) to work on /home/airflow/.local/lib/python3.12/site-packages/airflow/example_dags/tutorial_dag.py
[2025-04-01T15:13:27.888+0000] {processor.py:914} INFO - Processing file /home/airflow/.local/lib/python3.12/site-packages/airflow/example_dags/tutorial_dag.py for tasks to queue
[2025-04-01T15:13:27.889+0000] {logging_mixin.py:190} INFO - [2025-04-01T15:13:27.889+0000] {dagbag.py:588} INFO - Filling up the DagBag from /home/airflow/.local/lib/python3.12/site-packages/airflow/example_dags/tutorial_dag.py
[2025-04-01T15:13:27.895+0000] {processor.py:925} INFO - DAG(s) 'tutorial_dag' retrieved from /home/airflow/.local/lib/python3.12/site-packages/airflow/example_dags/tutorial_dag.py
[2025-04-01T15:13:27.917+0000] {logging_mixin.py:190} INFO - [2025-04-01T15:13:27.917+0000] {dag.py:3239} INFO - Sync 1 DAGs
[2025-04-01T15:13:27.932+0000] {logging_mixin.py:190} INFO - [2025-04-01T15:13:27.932+0000] {dag.py:4180} INFO - Setting next_dagrun for tutorial_dag to None, run_after=None
[2025-04-01T15:13:27.961+0000] {processor.py:208} INFO - Processing /home/airflow/.local/lib/python3.12/site-packages/airflow/example_dags/tutorial_dag.py took 0.079 seconds
