[2025-04-01T15:08:21.089+0000] {processor.py:186} INFO - Started process (PID=90) to work on /home/airflow/.local/lib/python3.12/site-packages/airflow/example_dags/tutorial.py
[2025-04-01T15:08:21.090+0000] {processor.py:914} INFO - Processing file /home/airflow/.local/lib/python3.12/site-packages/airflow/example_dags/tutorial.py for tasks to queue
[2025-04-01T15:08:21.091+0000] {logging_mixin.py:190} INFO - [2025-04-01T15:08:21.091+0000] {dagbag.py:588} INFO - Filling up the DagBag from /home/airflow/.local/lib/python3.12/site-packages/airflow/example_dags/tutorial.py
[2025-04-01T15:08:21.099+0000] {processor.py:925} INFO - DAG(s) 'tutorial' retrieved from /home/airflow/.local/lib/python3.12/site-packages/airflow/example_dags/tutorial.py
[2025-04-01T15:08:21.189+0000] {logging_mixin.py:190} INFO - [2025-04-01T15:08:21.188+0000] {override.py:1912} INFO - Created Permission View: can read on DAG:tutorial
[2025-04-01T15:08:21.198+0000] {logging_mixin.py:190} INFO - [2025-04-01T15:08:21.198+0000] {override.py:1912} INFO - Created Permission View: can edit on DAG:tutorial
[2025-04-01T15:08:21.205+0000] {logging_mixin.py:190} INFO - [2025-04-01T15:08:21.204+0000] {override.py:1912} INFO - Created Permission View: can delete on DAG:tutorial
[2025-04-01T15:08:21.211+0000] {logging_mixin.py:190} INFO - [2025-04-01T15:08:21.211+0000] {override.py:1912} INFO - Created Permission View: can read on DAG Run:tutorial
[2025-04-01T15:08:21.217+0000] {logging_mixin.py:190} INFO - [2025-04-01T15:08:21.217+0000] {override.py:1912} INFO - Created Permission View: can create on DAG Run:tutorial
[2025-04-01T15:08:21.225+0000] {logging_mixin.py:190} INFO - [2025-04-01T15:08:21.225+0000] {override.py:1912} INFO - Created Permission View: can delete on DAG Run:tutorial
[2025-04-01T15:08:21.233+0000] {logging_mixin.py:190} INFO - [2025-04-01T15:08:21.233+0000] {override.py:1912} INFO - Created Permission View: menu access on DAG Run:tutorial
[2025-04-01T15:08:21.233+0000] {logging_mixin.py:190} INFO - [2025-04-01T15:08:21.233+0000] {dag.py:3239} INFO - Sync 1 DAGs
[2025-04-01T15:08:21.250+0000] {logging_mixin.py:190} INFO - [2025-04-01T15:08:21.250+0000] {dag.py:3262} INFO - Creating ORM DAG for tutorial
[2025-04-01T15:08:21.262+0000] {logging_mixin.py:190} INFO - [2025-04-01T15:08:21.261+0000] {dag.py:4180} INFO - Setting next_dagrun for tutorial to 2025-03-31 00:00:00+00:00, run_after=2025-04-01 00:00:00+00:00
[2025-04-01T15:08:21.278+0000] {processor.py:208} INFO - Processing /home/airflow/.local/lib/python3.12/site-packages/airflow/example_dags/tutorial.py took 0.194 seconds
[2025-04-01T15:08:52.132+0000] {processor.py:186} INFO - Started process (PID=155) to work on /home/airflow/.local/lib/python3.12/site-packages/airflow/example_dags/tutorial.py
[2025-04-01T15:08:52.132+0000] {processor.py:914} INFO - Processing file /home/airflow/.local/lib/python3.12/site-packages/airflow/example_dags/tutorial.py for tasks to queue
[2025-04-01T15:08:52.134+0000] {logging_mixin.py:190} INFO - [2025-04-01T15:08:52.134+0000] {dagbag.py:588} INFO - Filling up the DagBag from /home/airflow/.local/lib/python3.12/site-packages/airflow/example_dags/tutorial.py
[2025-04-01T15:08:52.140+0000] {processor.py:925} INFO - DAG(s) 'tutorial' retrieved from /home/airflow/.local/lib/python3.12/site-packages/airflow/example_dags/tutorial.py
[2025-04-01T15:08:52.160+0000] {logging_mixin.py:190} INFO - [2025-04-01T15:08:52.160+0000] {dag.py:3239} INFO - Sync 1 DAGs
[2025-04-01T15:08:52.188+0000] {logging_mixin.py:190} INFO - [2025-04-01T15:08:52.188+0000] {dag.py:4180} INFO - Setting next_dagrun for tutorial to 2025-03-31 00:00:00+00:00, run_after=2025-04-01 00:00:00+00:00
[2025-04-01T15:08:52.207+0000] {processor.py:208} INFO - Processing /home/airflow/.local/lib/python3.12/site-packages/airflow/example_dags/tutorial.py took 0.081 seconds
[2025-04-01T15:09:23.043+0000] {processor.py:186} INFO - Started process (PID=220) to work on /home/airflow/.local/lib/python3.12/site-packages/airflow/example_dags/tutorial.py
[2025-04-01T15:09:23.044+0000] {processor.py:914} INFO - Processing file /home/airflow/.local/lib/python3.12/site-packages/airflow/example_dags/tutorial.py for tasks to queue
[2025-04-01T15:09:23.047+0000] {logging_mixin.py:190} INFO - [2025-04-01T15:09:23.046+0000] {dagbag.py:588} INFO - Filling up the DagBag from /home/airflow/.local/lib/python3.12/site-packages/airflow/example_dags/tutorial.py
[2025-04-01T15:09:23.055+0000] {processor.py:925} INFO - DAG(s) 'tutorial' retrieved from /home/airflow/.local/lib/python3.12/site-packages/airflow/example_dags/tutorial.py
[2025-04-01T15:09:23.071+0000] {logging_mixin.py:190} INFO - [2025-04-01T15:09:23.070+0000] {dag.py:3239} INFO - Sync 1 DAGs
[2025-04-01T15:09:23.090+0000] {logging_mixin.py:190} INFO - [2025-04-01T15:09:23.090+0000] {dag.py:4180} INFO - Setting next_dagrun for tutorial to 2025-03-31 00:00:00+00:00, run_after=2025-04-01 00:00:00+00:00
[2025-04-01T15:09:23.105+0000] {processor.py:208} INFO - Processing /home/airflow/.local/lib/python3.12/site-packages/airflow/example_dags/tutorial.py took 0.070 seconds
[2025-04-01T15:09:53.478+0000] {processor.py:186} INFO - Started process (PID=285) to work on /home/airflow/.local/lib/python3.12/site-packages/airflow/example_dags/tutorial.py
[2025-04-01T15:09:53.480+0000] {processor.py:914} INFO - Processing file /home/airflow/.local/lib/python3.12/site-packages/airflow/example_dags/tutorial.py for tasks to queue
[2025-04-01T15:09:53.483+0000] {logging_mixin.py:190} INFO - [2025-04-01T15:09:53.482+0000] {dagbag.py:588} INFO - Filling up the DagBag from /home/airflow/.local/lib/python3.12/site-packages/airflow/example_dags/tutorial.py
[2025-04-01T15:09:53.488+0000] {processor.py:925} INFO - DAG(s) 'tutorial' retrieved from /home/airflow/.local/lib/python3.12/site-packages/airflow/example_dags/tutorial.py
[2025-04-01T15:09:53.503+0000] {logging_mixin.py:190} INFO - [2025-04-01T15:09:53.503+0000] {dag.py:3239} INFO - Sync 1 DAGs
[2025-04-01T15:09:53.523+0000] {logging_mixin.py:190} INFO - [2025-04-01T15:09:53.523+0000] {dag.py:4180} INFO - Setting next_dagrun for tutorial to 2025-03-31 00:00:00+00:00, run_after=2025-04-01 00:00:00+00:00
[2025-04-01T15:09:53.540+0000] {processor.py:208} INFO - Processing /home/airflow/.local/lib/python3.12/site-packages/airflow/example_dags/tutorial.py took 0.066 seconds
[2025-04-01T15:10:23.789+0000] {processor.py:186} INFO - Started process (PID=349) to work on /home/airflow/.local/lib/python3.12/site-packages/airflow/example_dags/tutorial.py
[2025-04-01T15:10:23.790+0000] {processor.py:914} INFO - Processing file /home/airflow/.local/lib/python3.12/site-packages/airflow/example_dags/tutorial.py for tasks to queue
[2025-04-01T15:10:23.791+0000] {logging_mixin.py:190} INFO - [2025-04-01T15:10:23.791+0000] {dagbag.py:588} INFO - Filling up the DagBag from /home/airflow/.local/lib/python3.12/site-packages/airflow/example_dags/tutorial.py
[2025-04-01T15:10:23.797+0000] {processor.py:925} INFO - DAG(s) 'tutorial' retrieved from /home/airflow/.local/lib/python3.12/site-packages/airflow/example_dags/tutorial.py
[2025-04-01T15:10:23.809+0000] {logging_mixin.py:190} INFO - [2025-04-01T15:10:23.809+0000] {dag.py:3239} INFO - Sync 1 DAGs
[2025-04-01T15:10:23.825+0000] {logging_mixin.py:190} INFO - [2025-04-01T15:10:23.825+0000] {dag.py:4180} INFO - Setting next_dagrun for tutorial to 2025-03-31 00:00:00+00:00, run_after=2025-04-01 00:00:00+00:00
[2025-04-01T15:10:23.838+0000] {processor.py:208} INFO - Processing /home/airflow/.local/lib/python3.12/site-packages/airflow/example_dags/tutorial.py took 0.053 seconds
[2025-04-01T15:10:54.151+0000] {processor.py:186} INFO - Started process (PID=414) to work on /home/airflow/.local/lib/python3.12/site-packages/airflow/example_dags/tutorial.py
[2025-04-01T15:10:54.151+0000] {processor.py:914} INFO - Processing file /home/airflow/.local/lib/python3.12/site-packages/airflow/example_dags/tutorial.py for tasks to queue
[2025-04-01T15:10:54.153+0000] {logging_mixin.py:190} INFO - [2025-04-01T15:10:54.153+0000] {dagbag.py:588} INFO - Filling up the DagBag from /home/airflow/.local/lib/python3.12/site-packages/airflow/example_dags/tutorial.py
[2025-04-01T15:10:54.160+0000] {processor.py:925} INFO - DAG(s) 'tutorial' retrieved from /home/airflow/.local/lib/python3.12/site-packages/airflow/example_dags/tutorial.py
[2025-04-01T15:10:54.176+0000] {logging_mixin.py:190} INFO - [2025-04-01T15:10:54.176+0000] {dag.py:3239} INFO - Sync 1 DAGs
[2025-04-01T15:10:54.199+0000] {logging_mixin.py:190} INFO - [2025-04-01T15:10:54.199+0000] {dag.py:4180} INFO - Setting next_dagrun for tutorial to 2025-03-31 00:00:00+00:00, run_after=2025-04-01 00:00:00+00:00
[2025-04-01T15:10:54.220+0000] {processor.py:208} INFO - Processing /home/airflow/.local/lib/python3.12/site-packages/airflow/example_dags/tutorial.py took 0.074 seconds
[2025-04-01T15:11:24.291+0000] {processor.py:186} INFO - Started process (PID=479) to work on /home/airflow/.local/lib/python3.12/site-packages/airflow/example_dags/tutorial.py
[2025-04-01T15:11:24.292+0000] {processor.py:914} INFO - Processing file /home/airflow/.local/lib/python3.12/site-packages/airflow/example_dags/tutorial.py for tasks to queue
[2025-04-01T15:11:24.295+0000] {logging_mixin.py:190} INFO - [2025-04-01T15:11:24.294+0000] {dagbag.py:588} INFO - Filling up the DagBag from /home/airflow/.local/lib/python3.12/site-packages/airflow/example_dags/tutorial.py
[2025-04-01T15:11:24.301+0000] {processor.py:925} INFO - DAG(s) 'tutorial' retrieved from /home/airflow/.local/lib/python3.12/site-packages/airflow/example_dags/tutorial.py
[2025-04-01T15:11:24.317+0000] {logging_mixin.py:190} INFO - [2025-04-01T15:11:24.317+0000] {dag.py:3239} INFO - Sync 1 DAGs
[2025-04-01T15:11:24.336+0000] {logging_mixin.py:190} INFO - [2025-04-01T15:11:24.336+0000] {dag.py:4180} INFO - Setting next_dagrun for tutorial to 2025-03-31 00:00:00+00:00, run_after=2025-04-01 00:00:00+00:00
[2025-04-01T15:11:24.352+0000] {processor.py:208} INFO - Processing /home/airflow/.local/lib/python3.12/site-packages/airflow/example_dags/tutorial.py took 0.066 seconds
[2025-04-01T15:11:54.472+0000] {processor.py:186} INFO - Started process (PID=544) to work on /home/airflow/.local/lib/python3.12/site-packages/airflow/example_dags/tutorial.py
[2025-04-01T15:11:54.472+0000] {processor.py:914} INFO - Processing file /home/airflow/.local/lib/python3.12/site-packages/airflow/example_dags/tutorial.py for tasks to queue
[2025-04-01T15:11:54.474+0000] {logging_mixin.py:190} INFO - [2025-04-01T15:11:54.473+0000] {dagbag.py:588} INFO - Filling up the DagBag from /home/airflow/.local/lib/python3.12/site-packages/airflow/example_dags/tutorial.py
[2025-04-01T15:11:54.479+0000] {processor.py:925} INFO - DAG(s) 'tutorial' retrieved from /home/airflow/.local/lib/python3.12/site-packages/airflow/example_dags/tutorial.py
[2025-04-01T15:11:54.492+0000] {logging_mixin.py:190} INFO - [2025-04-01T15:11:54.492+0000] {dag.py:3239} INFO - Sync 1 DAGs
[2025-04-01T15:11:54.509+0000] {logging_mixin.py:190} INFO - [2025-04-01T15:11:54.509+0000] {dag.py:4180} INFO - Setting next_dagrun for tutorial to 2025-03-31 00:00:00+00:00, run_after=2025-04-01 00:00:00+00:00
[2025-04-01T15:11:54.526+0000] {processor.py:208} INFO - Processing /home/airflow/.local/lib/python3.12/site-packages/airflow/example_dags/tutorial.py took 0.059 seconds
[2025-04-01T15:12:25.467+0000] {processor.py:186} INFO - Started process (PID=609) to work on /home/airflow/.local/lib/python3.12/site-packages/airflow/example_dags/tutorial.py
[2025-04-01T15:12:25.468+0000] {processor.py:914} INFO - Processing file /home/airflow/.local/lib/python3.12/site-packages/airflow/example_dags/tutorial.py for tasks to queue
[2025-04-01T15:12:25.470+0000] {logging_mixin.py:190} INFO - [2025-04-01T15:12:25.470+0000] {dagbag.py:588} INFO - Filling up the DagBag from /home/airflow/.local/lib/python3.12/site-packages/airflow/example_dags/tutorial.py
[2025-04-01T15:12:25.476+0000] {processor.py:925} INFO - DAG(s) 'tutorial' retrieved from /home/airflow/.local/lib/python3.12/site-packages/airflow/example_dags/tutorial.py
[2025-04-01T15:12:25.493+0000] {logging_mixin.py:190} INFO - [2025-04-01T15:12:25.493+0000] {dag.py:3239} INFO - Sync 1 DAGs
[2025-04-01T15:12:25.513+0000] {logging_mixin.py:190} INFO - [2025-04-01T15:12:25.513+0000] {dag.py:4180} INFO - Setting next_dagrun for tutorial to 2025-03-31 00:00:00+00:00, run_after=2025-04-01 00:00:00+00:00
[2025-04-01T15:12:25.527+0000] {processor.py:208} INFO - Processing /home/airflow/.local/lib/python3.12/site-packages/airflow/example_dags/tutorial.py took 0.066 seconds
[2025-04-01T15:12:56.339+0000] {processor.py:186} INFO - Started process (PID=674) to work on /home/airflow/.local/lib/python3.12/site-packages/airflow/example_dags/tutorial.py
[2025-04-01T15:12:56.340+0000] {processor.py:914} INFO - Processing file /home/airflow/.local/lib/python3.12/site-packages/airflow/example_dags/tutorial.py for tasks to queue
[2025-04-01T15:12:56.341+0000] {logging_mixin.py:190} INFO - [2025-04-01T15:12:56.341+0000] {dagbag.py:588} INFO - Filling up the DagBag from /home/airflow/.local/lib/python3.12/site-packages/airflow/example_dags/tutorial.py
[2025-04-01T15:12:56.347+0000] {processor.py:925} INFO - DAG(s) 'tutorial' retrieved from /home/airflow/.local/lib/python3.12/site-packages/airflow/example_dags/tutorial.py
[2025-04-01T15:12:56.360+0000] {logging_mixin.py:190} INFO - [2025-04-01T15:12:56.360+0000] {dag.py:3239} INFO - Sync 1 DAGs
[2025-04-01T15:12:56.378+0000] {logging_mixin.py:190} INFO - [2025-04-01T15:12:56.378+0000] {dag.py:4180} INFO - Setting next_dagrun for tutorial to 2025-03-31 00:00:00+00:00, run_after=2025-04-01 00:00:00+00:00
[2025-04-01T15:12:56.392+0000] {processor.py:208} INFO - Processing /home/airflow/.local/lib/python3.12/site-packages/airflow/example_dags/tutorial.py took 0.058 seconds
[2025-04-01T15:13:27.313+0000] {processor.py:186} INFO - Started process (PID=739) to work on /home/airflow/.local/lib/python3.12/site-packages/airflow/example_dags/tutorial.py
[2025-04-01T15:13:27.313+0000] {processor.py:914} INFO - Processing file /home/airflow/.local/lib/python3.12/site-packages/airflow/example_dags/tutorial.py for tasks to queue
[2025-04-01T15:13:27.315+0000] {logging_mixin.py:190} INFO - [2025-04-01T15:13:27.315+0000] {dagbag.py:588} INFO - Filling up the DagBag from /home/airflow/.local/lib/python3.12/site-packages/airflow/example_dags/tutorial.py
[2025-04-01T15:13:27.324+0000] {processor.py:925} INFO - DAG(s) 'tutorial' retrieved from /home/airflow/.local/lib/python3.12/site-packages/airflow/example_dags/tutorial.py
[2025-04-01T15:13:27.340+0000] {logging_mixin.py:190} INFO - [2025-04-01T15:13:27.340+0000] {dag.py:3239} INFO - Sync 1 DAGs
[2025-04-01T15:13:27.363+0000] {logging_mixin.py:190} INFO - [2025-04-01T15:13:27.363+0000] {dag.py:4180} INFO - Setting next_dagrun for tutorial to 2025-03-31 00:00:00+00:00, run_after=2025-04-01 00:00:00+00:00
[2025-04-01T15:13:27.392+0000] {processor.py:208} INFO - Processing /home/airflow/.local/lib/python3.12/site-packages/airflow/example_dags/tutorial.py took 0.084 seconds
