[2025-03-31T11:50:59.660+0000] {processor.py:153} INFO - Started process (PID=193) to work on /opt/airflow/dags/data_pipeline.py
[2025-03-31T11:50:59.661+0000] {processor.py:743} INFO - Processing file /opt/airflow/dags/data_pipeline.py for tasks to queue
[2025-03-31T11:50:59.661+0000] {logging_mixin.py:137} INFO - [2025-03-31T11:50:59.661+0000] {dagbag.py:538} INFO - Filling up the DagBag from /opt/airflow/dags/data_pipeline.py
[2025-03-31T11:50:59.786+0000] {processor.py:753} INFO - DAG(s) dict_keys(['data_ingestion_pipeline']) retrieved from /opt/airflow/dags/data_pipeline.py
[2025-03-31T11:50:59.839+0000] {logging_mixin.py:137} INFO - [2025-03-31T11:50:59.839+0000] {manager.py:504} INFO - Created Permission View: can read on DAG:data_ingestion_pipeline
[2025-03-31T11:50:59.843+0000] {logging_mixin.py:137} INFO - [2025-03-31T11:50:59.843+0000] {manager.py:504} INFO - Created Permission View: can delete on DAG:data_ingestion_pipeline
[2025-03-31T11:50:59.846+0000] {logging_mixin.py:137} INFO - [2025-03-31T11:50:59.846+0000] {manager.py:504} INFO - Created Permission View: can edit on DAG:data_ingestion_pipeline
[2025-03-31T11:50:59.846+0000] {logging_mixin.py:137} INFO - [2025-03-31T11:50:59.846+0000] {dag.py:2690} INFO - Sync 1 DAGs
[2025-03-31T11:50:59.852+0000] {logging_mixin.py:137} INFO - [2025-03-31T11:50:59.852+0000] {dag.py:2711} INFO - Creating ORM DAG for data_ingestion_pipeline
[2025-03-31T11:50:59.858+0000] {logging_mixin.py:137} INFO - [2025-03-31T11:50:59.858+0000] {dag.py:3441} INFO - Setting next_dagrun for data_ingestion_pipeline to 2023-01-01T00:00:00+00:00, run_after=2023-01-02T00:00:00+00:00
[2025-03-31T11:50:59.866+0000] {processor.py:175} INFO - Processing /opt/airflow/dags/data_pipeline.py took 0.209 seconds
[2025-03-31T11:51:29.961+0000] {processor.py:153} INFO - Started process (PID=197) to work on /opt/airflow/dags/data_pipeline.py
[2025-03-31T11:51:29.962+0000] {processor.py:743} INFO - Processing file /opt/airflow/dags/data_pipeline.py for tasks to queue
[2025-03-31T11:51:29.963+0000] {logging_mixin.py:137} INFO - [2025-03-31T11:51:29.963+0000] {dagbag.py:538} INFO - Filling up the DagBag from /opt/airflow/dags/data_pipeline.py
[2025-03-31T11:51:30.092+0000] {processor.py:753} INFO - DAG(s) dict_keys(['data_ingestion_pipeline']) retrieved from /opt/airflow/dags/data_pipeline.py
[2025-03-31T11:51:30.104+0000] {logging_mixin.py:137} INFO - [2025-03-31T11:51:30.104+0000] {dag.py:2690} INFO - Sync 1 DAGs
[2025-03-31T11:51:30.116+0000] {logging_mixin.py:137} INFO - [2025-03-31T11:51:30.116+0000] {dag.py:3441} INFO - Setting next_dagrun for data_ingestion_pipeline to 2023-01-01T00:00:00+00:00, run_after=2023-01-02T00:00:00+00:00
[2025-03-31T11:51:30.125+0000] {processor.py:175} INFO - Processing /opt/airflow/dags/data_pipeline.py took 0.168 seconds
[2025-03-31T11:52:00.433+0000] {processor.py:153} INFO - Started process (PID=201) to work on /opt/airflow/dags/data_pipeline.py
[2025-03-31T11:52:00.434+0000] {processor.py:743} INFO - Processing file /opt/airflow/dags/data_pipeline.py for tasks to queue
[2025-03-31T11:52:00.435+0000] {logging_mixin.py:137} INFO - [2025-03-31T11:52:00.435+0000] {dagbag.py:538} INFO - Filling up the DagBag from /opt/airflow/dags/data_pipeline.py
[2025-03-31T11:52:00.564+0000] {processor.py:753} INFO - DAG(s) dict_keys(['data_ingestion_pipeline']) retrieved from /opt/airflow/dags/data_pipeline.py
[2025-03-31T11:52:00.575+0000] {logging_mixin.py:137} INFO - [2025-03-31T11:52:00.575+0000] {dag.py:2690} INFO - Sync 1 DAGs
[2025-03-31T11:52:00.587+0000] {logging_mixin.py:137} INFO - [2025-03-31T11:52:00.587+0000] {dag.py:3441} INFO - Setting next_dagrun for data_ingestion_pipeline to 2023-01-01T00:00:00+00:00, run_after=2023-01-02T00:00:00+00:00
[2025-03-31T11:52:00.595+0000] {processor.py:175} INFO - Processing /opt/airflow/dags/data_pipeline.py took 0.167 seconds
[2025-03-31T11:52:30.937+0000] {processor.py:153} INFO - Started process (PID=205) to work on /opt/airflow/dags/data_pipeline.py
[2025-03-31T11:52:30.939+0000] {processor.py:743} INFO - Processing file /opt/airflow/dags/data_pipeline.py for tasks to queue
[2025-03-31T11:52:30.939+0000] {logging_mixin.py:137} INFO - [2025-03-31T11:52:30.939+0000] {dagbag.py:538} INFO - Filling up the DagBag from /opt/airflow/dags/data_pipeline.py
[2025-03-31T11:52:31.074+0000] {processor.py:753} INFO - DAG(s) dict_keys(['data_ingestion_pipeline']) retrieved from /opt/airflow/dags/data_pipeline.py
[2025-03-31T11:52:31.087+0000] {logging_mixin.py:137} INFO - [2025-03-31T11:52:31.086+0000] {dag.py:2690} INFO - Sync 1 DAGs
[2025-03-31T11:52:31.099+0000] {logging_mixin.py:137} INFO - [2025-03-31T11:52:31.099+0000] {dag.py:3441} INFO - Setting next_dagrun for data_ingestion_pipeline to 2023-01-01T00:00:00+00:00, run_after=2023-01-02T00:00:00+00:00
[2025-03-31T11:52:31.109+0000] {processor.py:175} INFO - Processing /opt/airflow/dags/data_pipeline.py took 0.177 seconds
[2025-03-31T11:53:01.322+0000] {processor.py:153} INFO - Started process (PID=209) to work on /opt/airflow/dags/data_pipeline.py
[2025-03-31T11:53:01.323+0000] {processor.py:743} INFO - Processing file /opt/airflow/dags/data_pipeline.py for tasks to queue
[2025-03-31T11:53:01.324+0000] {logging_mixin.py:137} INFO - [2025-03-31T11:53:01.324+0000] {dagbag.py:538} INFO - Filling up the DagBag from /opt/airflow/dags/data_pipeline.py
[2025-03-31T11:53:01.468+0000] {processor.py:753} INFO - DAG(s) dict_keys(['data_ingestion_pipeline']) retrieved from /opt/airflow/dags/data_pipeline.py
[2025-03-31T11:53:01.482+0000] {logging_mixin.py:137} INFO - [2025-03-31T11:53:01.482+0000] {dag.py:2690} INFO - Sync 1 DAGs
[2025-03-31T11:53:01.497+0000] {logging_mixin.py:137} INFO - [2025-03-31T11:53:01.497+0000] {dag.py:3441} INFO - Setting next_dagrun for data_ingestion_pipeline to 2023-01-01T00:00:00+00:00, run_after=2023-01-02T00:00:00+00:00
[2025-03-31T11:53:01.508+0000] {processor.py:175} INFO - Processing /opt/airflow/dags/data_pipeline.py took 0.192 seconds
[2025-03-31T11:53:31.868+0000] {processor.py:153} INFO - Started process (PID=213) to work on /opt/airflow/dags/data_pipeline.py
[2025-03-31T11:53:31.869+0000] {processor.py:743} INFO - Processing file /opt/airflow/dags/data_pipeline.py for tasks to queue
[2025-03-31T11:53:31.870+0000] {logging_mixin.py:137} INFO - [2025-03-31T11:53:31.870+0000] {dagbag.py:538} INFO - Filling up the DagBag from /opt/airflow/dags/data_pipeline.py
[2025-03-31T11:53:32.005+0000] {processor.py:753} INFO - DAG(s) dict_keys(['data_ingestion_pipeline']) retrieved from /opt/airflow/dags/data_pipeline.py
[2025-03-31T11:53:32.018+0000] {logging_mixin.py:137} INFO - [2025-03-31T11:53:32.018+0000] {dag.py:2690} INFO - Sync 1 DAGs
[2025-03-31T11:53:32.030+0000] {logging_mixin.py:137} INFO - [2025-03-31T11:53:32.030+0000] {dag.py:3441} INFO - Setting next_dagrun for data_ingestion_pipeline to 2023-01-01T00:00:00+00:00, run_after=2023-01-02T00:00:00+00:00
[2025-03-31T11:53:32.039+0000] {processor.py:175} INFO - Processing /opt/airflow/dags/data_pipeline.py took 0.177 seconds
[2025-03-31T11:54:02.328+0000] {processor.py:153} INFO - Started process (PID=217) to work on /opt/airflow/dags/data_pipeline.py
[2025-03-31T11:54:02.329+0000] {processor.py:743} INFO - Processing file /opt/airflow/dags/data_pipeline.py for tasks to queue
[2025-03-31T11:54:02.330+0000] {logging_mixin.py:137} INFO - [2025-03-31T11:54:02.330+0000] {dagbag.py:538} INFO - Filling up the DagBag from /opt/airflow/dags/data_pipeline.py
[2025-03-31T11:54:02.457+0000] {processor.py:753} INFO - DAG(s) dict_keys(['data_ingestion_pipeline']) retrieved from /opt/airflow/dags/data_pipeline.py
[2025-03-31T11:54:02.470+0000] {logging_mixin.py:137} INFO - [2025-03-31T11:54:02.469+0000] {dag.py:2690} INFO - Sync 1 DAGs
[2025-03-31T11:54:02.481+0000] {logging_mixin.py:137} INFO - [2025-03-31T11:54:02.481+0000] {dag.py:3441} INFO - Setting next_dagrun for data_ingestion_pipeline to 2023-01-01T00:00:00+00:00, run_after=2023-01-02T00:00:00+00:00
[2025-03-31T11:54:02.490+0000] {processor.py:175} INFO - Processing /opt/airflow/dags/data_pipeline.py took 0.167 seconds
[2025-03-31T11:54:32.884+0000] {processor.py:153} INFO - Started process (PID=221) to work on /opt/airflow/dags/data_pipeline.py
[2025-03-31T11:54:32.886+0000] {processor.py:743} INFO - Processing file /opt/airflow/dags/data_pipeline.py for tasks to queue
[2025-03-31T11:54:32.886+0000] {logging_mixin.py:137} INFO - [2025-03-31T11:54:32.886+0000] {dagbag.py:538} INFO - Filling up the DagBag from /opt/airflow/dags/data_pipeline.py
[2025-03-31T11:54:33.009+0000] {processor.py:753} INFO - DAG(s) dict_keys(['data_ingestion_pipeline']) retrieved from /opt/airflow/dags/data_pipeline.py
[2025-03-31T11:54:33.020+0000] {logging_mixin.py:137} INFO - [2025-03-31T11:54:33.020+0000] {dag.py:2690} INFO - Sync 1 DAGs
[2025-03-31T11:54:33.032+0000] {logging_mixin.py:137} INFO - [2025-03-31T11:54:33.031+0000] {dag.py:3441} INFO - Setting next_dagrun for data_ingestion_pipeline to 2023-01-01T00:00:00+00:00, run_after=2023-01-02T00:00:00+00:00
[2025-03-31T11:54:33.041+0000] {processor.py:175} INFO - Processing /opt/airflow/dags/data_pipeline.py took 0.162 seconds
[2025-03-31T11:55:03.412+0000] {processor.py:153} INFO - Started process (PID=225) to work on /opt/airflow/dags/data_pipeline.py
[2025-03-31T11:55:03.413+0000] {processor.py:743} INFO - Processing file /opt/airflow/dags/data_pipeline.py for tasks to queue
[2025-03-31T11:55:03.414+0000] {logging_mixin.py:137} INFO - [2025-03-31T11:55:03.414+0000] {dagbag.py:538} INFO - Filling up the DagBag from /opt/airflow/dags/data_pipeline.py
[2025-03-31T11:55:03.550+0000] {processor.py:753} INFO - DAG(s) dict_keys(['data_ingestion_pipeline']) retrieved from /opt/airflow/dags/data_pipeline.py
[2025-03-31T11:55:03.562+0000] {logging_mixin.py:137} INFO - [2025-03-31T11:55:03.562+0000] {dag.py:2690} INFO - Sync 1 DAGs
[2025-03-31T11:55:03.575+0000] {logging_mixin.py:137} INFO - [2025-03-31T11:55:03.575+0000] {dag.py:3441} INFO - Setting next_dagrun for data_ingestion_pipeline to 2023-01-01T00:00:00+00:00, run_after=2023-01-02T00:00:00+00:00
[2025-03-31T11:55:03.586+0000] {processor.py:175} INFO - Processing /opt/airflow/dags/data_pipeline.py took 0.177 seconds
[2025-03-31T11:55:33.768+0000] {processor.py:153} INFO - Started process (PID=229) to work on /opt/airflow/dags/data_pipeline.py
[2025-03-31T11:55:33.769+0000] {processor.py:743} INFO - Processing file /opt/airflow/dags/data_pipeline.py for tasks to queue
[2025-03-31T11:55:33.770+0000] {logging_mixin.py:137} INFO - [2025-03-31T11:55:33.769+0000] {dagbag.py:538} INFO - Filling up the DagBag from /opt/airflow/dags/data_pipeline.py
[2025-03-31T11:55:33.901+0000] {processor.py:753} INFO - DAG(s) dict_keys(['data_ingestion_pipeline']) retrieved from /opt/airflow/dags/data_pipeline.py
[2025-03-31T11:55:33.915+0000] {logging_mixin.py:137} INFO - [2025-03-31T11:55:33.915+0000] {dag.py:2690} INFO - Sync 1 DAGs
[2025-03-31T11:55:33.929+0000] {logging_mixin.py:137} INFO - [2025-03-31T11:55:33.929+0000] {dag.py:3441} INFO - Setting next_dagrun for data_ingestion_pipeline to 2023-01-01T00:00:00+00:00, run_after=2023-01-02T00:00:00+00:00
[2025-03-31T11:55:33.939+0000] {processor.py:175} INFO - Processing /opt/airflow/dags/data_pipeline.py took 0.174 seconds
[2025-03-31T11:56:04.276+0000] {processor.py:153} INFO - Started process (PID=233) to work on /opt/airflow/dags/data_pipeline.py
[2025-03-31T11:56:04.277+0000] {processor.py:743} INFO - Processing file /opt/airflow/dags/data_pipeline.py for tasks to queue
[2025-03-31T11:56:04.277+0000] {logging_mixin.py:137} INFO - [2025-03-31T11:56:04.277+0000] {dagbag.py:538} INFO - Filling up the DagBag from /opt/airflow/dags/data_pipeline.py
[2025-03-31T11:56:04.401+0000] {processor.py:753} INFO - DAG(s) dict_keys(['data_ingestion_pipeline']) retrieved from /opt/airflow/dags/data_pipeline.py
[2025-03-31T11:56:04.413+0000] {logging_mixin.py:137} INFO - [2025-03-31T11:56:04.413+0000] {dag.py:2690} INFO - Sync 1 DAGs
[2025-03-31T11:56:04.425+0000] {logging_mixin.py:137} INFO - [2025-03-31T11:56:04.425+0000] {dag.py:3441} INFO - Setting next_dagrun for data_ingestion_pipeline to 2023-01-01T00:00:00+00:00, run_after=2023-01-02T00:00:00+00:00
[2025-03-31T11:56:04.435+0000] {processor.py:175} INFO - Processing /opt/airflow/dags/data_pipeline.py took 0.161 seconds
[2025-03-31T11:56:34.759+0000] {processor.py:153} INFO - Started process (PID=237) to work on /opt/airflow/dags/data_pipeline.py
[2025-03-31T11:56:34.761+0000] {processor.py:743} INFO - Processing file /opt/airflow/dags/data_pipeline.py for tasks to queue
[2025-03-31T11:56:34.762+0000] {logging_mixin.py:137} INFO - [2025-03-31T11:56:34.762+0000] {dagbag.py:538} INFO - Filling up the DagBag from /opt/airflow/dags/data_pipeline.py
[2025-03-31T11:56:34.892+0000] {processor.py:753} INFO - DAG(s) dict_keys(['data_ingestion_pipeline']) retrieved from /opt/airflow/dags/data_pipeline.py
[2025-03-31T11:56:34.904+0000] {logging_mixin.py:137} INFO - [2025-03-31T11:56:34.904+0000] {dag.py:2690} INFO - Sync 1 DAGs
[2025-03-31T11:56:34.915+0000] {logging_mixin.py:137} INFO - [2025-03-31T11:56:34.915+0000] {dag.py:3441} INFO - Setting next_dagrun for data_ingestion_pipeline to 2023-01-01T00:00:00+00:00, run_after=2023-01-02T00:00:00+00:00
[2025-03-31T11:56:34.928+0000] {processor.py:175} INFO - Processing /opt/airflow/dags/data_pipeline.py took 0.174 seconds
[2025-03-31T11:57:05.162+0000] {processor.py:153} INFO - Started process (PID=241) to work on /opt/airflow/dags/data_pipeline.py
[2025-03-31T11:57:05.165+0000] {processor.py:743} INFO - Processing file /opt/airflow/dags/data_pipeline.py for tasks to queue
[2025-03-31T11:57:05.169+0000] {logging_mixin.py:137} INFO - [2025-03-31T11:57:05.169+0000] {dagbag.py:538} INFO - Filling up the DagBag from /opt/airflow/dags/data_pipeline.py
[2025-03-31T11:57:05.318+0000] {processor.py:753} INFO - DAG(s) dict_keys(['data_ingestion_pipeline']) retrieved from /opt/airflow/dags/data_pipeline.py
[2025-03-31T11:57:05.340+0000] {logging_mixin.py:137} INFO - [2025-03-31T11:57:05.340+0000] {dag.py:2690} INFO - Sync 1 DAGs
[2025-03-31T11:57:05.360+0000] {logging_mixin.py:137} INFO - [2025-03-31T11:57:05.360+0000] {dag.py:3441} INFO - Setting next_dagrun for data_ingestion_pipeline to 2023-01-01T00:00:00+00:00, run_after=2023-01-02T00:00:00+00:00
[2025-03-31T11:57:05.373+0000] {processor.py:175} INFO - Processing /opt/airflow/dags/data_pipeline.py took 0.213 seconds
[2025-03-31T11:57:35.748+0000] {processor.py:153} INFO - Started process (PID=243) to work on /opt/airflow/dags/data_pipeline.py
[2025-03-31T11:57:35.750+0000] {processor.py:743} INFO - Processing file /opt/airflow/dags/data_pipeline.py for tasks to queue
[2025-03-31T11:57:35.751+0000] {logging_mixin.py:137} INFO - [2025-03-31T11:57:35.751+0000] {dagbag.py:538} INFO - Filling up the DagBag from /opt/airflow/dags/data_pipeline.py
[2025-03-31T11:57:35.888+0000] {processor.py:753} INFO - DAG(s) dict_keys(['data_ingestion_pipeline']) retrieved from /opt/airflow/dags/data_pipeline.py
[2025-03-31T11:57:35.901+0000] {logging_mixin.py:137} INFO - [2025-03-31T11:57:35.900+0000] {dag.py:2690} INFO - Sync 1 DAGs
[2025-03-31T11:57:35.914+0000] {logging_mixin.py:137} INFO - [2025-03-31T11:57:35.914+0000] {dag.py:3441} INFO - Setting next_dagrun for data_ingestion_pipeline to 2023-01-01T00:00:00+00:00, run_after=2023-01-02T00:00:00+00:00
[2025-03-31T11:57:35.924+0000] {processor.py:175} INFO - Processing /opt/airflow/dags/data_pipeline.py took 0.181 seconds
[2025-03-31T11:58:06.137+0000] {processor.py:153} INFO - Started process (PID=247) to work on /opt/airflow/dags/data_pipeline.py
[2025-03-31T11:58:06.138+0000] {processor.py:743} INFO - Processing file /opt/airflow/dags/data_pipeline.py for tasks to queue
[2025-03-31T11:58:06.139+0000] {logging_mixin.py:137} INFO - [2025-03-31T11:58:06.139+0000] {dagbag.py:538} INFO - Filling up the DagBag from /opt/airflow/dags/data_pipeline.py
[2025-03-31T11:58:06.258+0000] {processor.py:753} INFO - DAG(s) dict_keys(['data_ingestion_pipeline']) retrieved from /opt/airflow/dags/data_pipeline.py
[2025-03-31T11:58:06.272+0000] {logging_mixin.py:137} INFO - [2025-03-31T11:58:06.272+0000] {dag.py:2690} INFO - Sync 1 DAGs
[2025-03-31T11:58:06.285+0000] {logging_mixin.py:137} INFO - [2025-03-31T11:58:06.285+0000] {dag.py:3441} INFO - Setting next_dagrun for data_ingestion_pipeline to 2023-01-01T00:00:00+00:00, run_after=2023-01-02T00:00:00+00:00
[2025-03-31T11:58:06.295+0000] {processor.py:175} INFO - Processing /opt/airflow/dags/data_pipeline.py took 0.160 seconds
[2025-03-31T11:58:36.682+0000] {processor.py:153} INFO - Started process (PID=251) to work on /opt/airflow/dags/data_pipeline.py
[2025-03-31T11:58:36.683+0000] {processor.py:743} INFO - Processing file /opt/airflow/dags/data_pipeline.py for tasks to queue
[2025-03-31T11:58:36.684+0000] {logging_mixin.py:137} INFO - [2025-03-31T11:58:36.684+0000] {dagbag.py:538} INFO - Filling up the DagBag from /opt/airflow/dags/data_pipeline.py
[2025-03-31T11:58:36.817+0000] {processor.py:753} INFO - DAG(s) dict_keys(['data_ingestion_pipeline']) retrieved from /opt/airflow/dags/data_pipeline.py
[2025-03-31T11:58:36.828+0000] {logging_mixin.py:137} INFO - [2025-03-31T11:58:36.828+0000] {dag.py:2690} INFO - Sync 1 DAGs
[2025-03-31T11:58:36.840+0000] {logging_mixin.py:137} INFO - [2025-03-31T11:58:36.840+0000] {dag.py:3441} INFO - Setting next_dagrun for data_ingestion_pipeline to 2023-01-01T00:00:00+00:00, run_after=2023-01-02T00:00:00+00:00
[2025-03-31T11:58:36.849+0000] {processor.py:175} INFO - Processing /opt/airflow/dags/data_pipeline.py took 0.171 seconds
[2025-03-31T11:59:07.058+0000] {processor.py:153} INFO - Started process (PID=255) to work on /opt/airflow/dags/data_pipeline.py
[2025-03-31T11:59:07.059+0000] {processor.py:743} INFO - Processing file /opt/airflow/dags/data_pipeline.py for tasks to queue
[2025-03-31T11:59:07.060+0000] {logging_mixin.py:137} INFO - [2025-03-31T11:59:07.060+0000] {dagbag.py:538} INFO - Filling up the DagBag from /opt/airflow/dags/data_pipeline.py
[2025-03-31T11:59:07.184+0000] {processor.py:753} INFO - DAG(s) dict_keys(['data_ingestion_pipeline']) retrieved from /opt/airflow/dags/data_pipeline.py
[2025-03-31T11:59:07.196+0000] {logging_mixin.py:137} INFO - [2025-03-31T11:59:07.196+0000] {dag.py:2690} INFO - Sync 1 DAGs
[2025-03-31T11:59:07.207+0000] {logging_mixin.py:137} INFO - [2025-03-31T11:59:07.207+0000] {dag.py:3441} INFO - Setting next_dagrun for data_ingestion_pipeline to 2023-01-01T00:00:00+00:00, run_after=2023-01-02T00:00:00+00:00
[2025-03-31T11:59:07.216+0000] {processor.py:175} INFO - Processing /opt/airflow/dags/data_pipeline.py took 0.163 seconds
[2025-03-31T11:59:37.436+0000] {processor.py:153} INFO - Started process (PID=259) to work on /opt/airflow/dags/data_pipeline.py
[2025-03-31T11:59:37.437+0000] {processor.py:743} INFO - Processing file /opt/airflow/dags/data_pipeline.py for tasks to queue
[2025-03-31T11:59:37.438+0000] {logging_mixin.py:137} INFO - [2025-03-31T11:59:37.438+0000] {dagbag.py:538} INFO - Filling up the DagBag from /opt/airflow/dags/data_pipeline.py
[2025-03-31T11:59:37.558+0000] {processor.py:753} INFO - DAG(s) dict_keys(['data_ingestion_pipeline']) retrieved from /opt/airflow/dags/data_pipeline.py
[2025-03-31T11:59:37.570+0000] {logging_mixin.py:137} INFO - [2025-03-31T11:59:37.570+0000] {dag.py:2690} INFO - Sync 1 DAGs
[2025-03-31T11:59:37.582+0000] {logging_mixin.py:137} INFO - [2025-03-31T11:59:37.582+0000] {dag.py:3441} INFO - Setting next_dagrun for data_ingestion_pipeline to 2023-01-01T00:00:00+00:00, run_after=2023-01-02T00:00:00+00:00
[2025-03-31T11:59:37.590+0000] {processor.py:175} INFO - Processing /opt/airflow/dags/data_pipeline.py took 0.158 seconds
[2025-03-31T12:00:07.803+0000] {processor.py:153} INFO - Started process (PID=395) to work on /opt/airflow/dags/data_pipeline.py
[2025-03-31T12:00:07.804+0000] {processor.py:743} INFO - Processing file /opt/airflow/dags/data_pipeline.py for tasks to queue
[2025-03-31T12:00:07.805+0000] {logging_mixin.py:137} INFO - [2025-03-31T12:00:07.805+0000] {dagbag.py:538} INFO - Filling up the DagBag from /opt/airflow/dags/data_pipeline.py
[2025-03-31T12:00:08.006+0000] {processor.py:753} INFO - DAG(s) dict_keys(['data_ingestion_pipeline']) retrieved from /opt/airflow/dags/data_pipeline.py
[2025-03-31T12:00:08.027+0000] {logging_mixin.py:137} INFO - [2025-03-31T12:00:08.027+0000] {dag.py:2690} INFO - Sync 1 DAGs
[2025-03-31T12:00:08.049+0000] {logging_mixin.py:137} INFO - [2025-03-31T12:00:08.049+0000] {dag.py:3441} INFO - Setting next_dagrun for data_ingestion_pipeline to 2023-01-09T00:00:00+00:00, run_after=2023-01-10T00:00:00+00:00
[2025-03-31T12:00:08.072+0000] {processor.py:175} INFO - Processing /opt/airflow/dags/data_pipeline.py took 0.272 seconds
[2025-03-31T12:00:38.194+0000] {processor.py:153} INFO - Started process (PID=524) to work on /opt/airflow/dags/data_pipeline.py
[2025-03-31T12:00:38.195+0000] {processor.py:743} INFO - Processing file /opt/airflow/dags/data_pipeline.py for tasks to queue
[2025-03-31T12:00:38.195+0000] {logging_mixin.py:137} INFO - [2025-03-31T12:00:38.195+0000] {dagbag.py:538} INFO - Filling up the DagBag from /opt/airflow/dags/data_pipeline.py
[2025-03-31T12:00:38.320+0000] {processor.py:753} INFO - DAG(s) dict_keys(['data_ingestion_pipeline']) retrieved from /opt/airflow/dags/data_pipeline.py
[2025-03-31T12:00:38.333+0000] {logging_mixin.py:137} INFO - [2025-03-31T12:00:38.333+0000] {dag.py:2690} INFO - Sync 1 DAGs
[2025-03-31T12:00:38.346+0000] {logging_mixin.py:137} INFO - [2025-03-31T12:00:38.346+0000] {dag.py:3441} INFO - Setting next_dagrun for data_ingestion_pipeline to 2023-01-10T00:00:00+00:00, run_after=2023-01-11T00:00:00+00:00
[2025-03-31T12:00:38.355+0000] {processor.py:175} INFO - Processing /opt/airflow/dags/data_pipeline.py took 0.167 seconds
[2025-03-31T12:01:08.536+0000] {processor.py:153} INFO - Started process (PID=688) to work on /opt/airflow/dags/data_pipeline.py
[2025-03-31T12:01:08.537+0000] {processor.py:743} INFO - Processing file /opt/airflow/dags/data_pipeline.py for tasks to queue
[2025-03-31T12:01:08.539+0000] {logging_mixin.py:137} INFO - [2025-03-31T12:01:08.539+0000] {dagbag.py:538} INFO - Filling up the DagBag from /opt/airflow/dags/data_pipeline.py
[2025-03-31T12:01:08.661+0000] {processor.py:753} INFO - DAG(s) dict_keys(['data_ingestion_pipeline']) retrieved from /opt/airflow/dags/data_pipeline.py
[2025-03-31T12:01:08.675+0000] {logging_mixin.py:137} INFO - [2025-03-31T12:01:08.675+0000] {dag.py:2690} INFO - Sync 1 DAGs
[2025-03-31T12:01:08.690+0000] {logging_mixin.py:137} INFO - [2025-03-31T12:01:08.690+0000] {dag.py:3441} INFO - Setting next_dagrun for data_ingestion_pipeline to 2023-01-18T00:00:00+00:00, run_after=2023-01-19T00:00:00+00:00
[2025-03-31T12:01:08.699+0000] {processor.py:175} INFO - Processing /opt/airflow/dags/data_pipeline.py took 0.164 seconds
[2025-03-31T12:01:38.858+0000] {processor.py:153} INFO - Started process (PID=848) to work on /opt/airflow/dags/data_pipeline.py
[2025-03-31T12:01:38.858+0000] {processor.py:743} INFO - Processing file /opt/airflow/dags/data_pipeline.py for tasks to queue
[2025-03-31T12:01:38.858+0000] {logging_mixin.py:137} INFO - [2025-03-31T12:01:38.858+0000] {dagbag.py:538} INFO - Filling up the DagBag from /opt/airflow/dags/data_pipeline.py
[2025-03-31T12:01:38.977+0000] {processor.py:753} INFO - DAG(s) dict_keys(['data_ingestion_pipeline']) retrieved from /opt/airflow/dags/data_pipeline.py
[2025-03-31T12:01:38.989+0000] {logging_mixin.py:137} INFO - [2025-03-31T12:01:38.989+0000] {dag.py:2690} INFO - Sync 1 DAGs
[2025-03-31T12:01:39.002+0000] {logging_mixin.py:137} INFO - [2025-03-31T12:01:39.002+0000] {dag.py:3441} INFO - Setting next_dagrun for data_ingestion_pipeline to 2023-01-22T00:00:00+00:00, run_after=2023-01-23T00:00:00+00:00
[2025-03-31T12:01:39.011+0000] {processor.py:175} INFO - Processing /opt/airflow/dags/data_pipeline.py took 0.156 seconds
[2025-03-31T12:02:09.187+0000] {processor.py:153} INFO - Started process (PID=1001) to work on /opt/airflow/dags/data_pipeline.py
[2025-03-31T12:02:09.189+0000] {processor.py:743} INFO - Processing file /opt/airflow/dags/data_pipeline.py for tasks to queue
[2025-03-31T12:02:09.191+0000] {logging_mixin.py:137} INFO - [2025-03-31T12:02:09.191+0000] {dagbag.py:538} INFO - Filling up the DagBag from /opt/airflow/dags/data_pipeline.py
[2025-03-31T12:02:09.318+0000] {processor.py:753} INFO - DAG(s) dict_keys(['data_ingestion_pipeline']) retrieved from /opt/airflow/dags/data_pipeline.py
[2025-03-31T12:02:09.331+0000] {logging_mixin.py:137} INFO - [2025-03-31T12:02:09.331+0000] {dag.py:2690} INFO - Sync 1 DAGs
[2025-03-31T12:02:09.345+0000] {logging_mixin.py:137} INFO - [2025-03-31T12:02:09.345+0000] {dag.py:3441} INFO - Setting next_dagrun for data_ingestion_pipeline to 2023-01-26T00:00:00+00:00, run_after=2023-01-27T00:00:00+00:00
[2025-03-31T12:02:09.355+0000] {processor.py:175} INFO - Processing /opt/airflow/dags/data_pipeline.py took 0.170 seconds
[2025-03-31T12:02:39.546+0000] {processor.py:153} INFO - Started process (PID=1153) to work on /opt/airflow/dags/data_pipeline.py
[2025-03-31T12:02:39.548+0000] {processor.py:743} INFO - Processing file /opt/airflow/dags/data_pipeline.py for tasks to queue
[2025-03-31T12:02:39.548+0000] {logging_mixin.py:137} INFO - [2025-03-31T12:02:39.548+0000] {dagbag.py:538} INFO - Filling up the DagBag from /opt/airflow/dags/data_pipeline.py
[2025-03-31T12:02:39.664+0000] {processor.py:753} INFO - DAG(s) dict_keys(['data_ingestion_pipeline']) retrieved from /opt/airflow/dags/data_pipeline.py
[2025-03-31T12:02:39.678+0000] {logging_mixin.py:137} INFO - [2025-03-31T12:02:39.677+0000] {dag.py:2690} INFO - Sync 1 DAGs
[2025-03-31T12:02:39.691+0000] {logging_mixin.py:137} INFO - [2025-03-31T12:02:39.691+0000] {dag.py:3441} INFO - Setting next_dagrun for data_ingestion_pipeline to 2023-01-30T00:00:00+00:00, run_after=2023-01-31T00:00:00+00:00
[2025-03-31T12:02:39.702+0000] {processor.py:175} INFO - Processing /opt/airflow/dags/data_pipeline.py took 0.158 seconds
[2025-03-31T12:03:09.921+0000] {processor.py:153} INFO - Started process (PID=1258) to work on /opt/airflow/dags/data_pipeline.py
[2025-03-31T12:03:09.922+0000] {processor.py:743} INFO - Processing file /opt/airflow/dags/data_pipeline.py for tasks to queue
[2025-03-31T12:03:09.922+0000] {logging_mixin.py:137} INFO - [2025-03-31T12:03:09.922+0000] {dagbag.py:538} INFO - Filling up the DagBag from /opt/airflow/dags/data_pipeline.py
[2025-03-31T12:03:10.047+0000] {processor.py:753} INFO - DAG(s) dict_keys(['data_ingestion_pipeline']) retrieved from /opt/airflow/dags/data_pipeline.py
[2025-03-31T12:03:10.059+0000] {logging_mixin.py:137} INFO - [2025-03-31T12:03:10.059+0000] {dag.py:2690} INFO - Sync 1 DAGs
[2025-03-31T12:03:10.071+0000] {logging_mixin.py:137} INFO - [2025-03-31T12:03:10.071+0000] {dag.py:3441} INFO - Setting next_dagrun for data_ingestion_pipeline to 2023-02-01T00:00:00+00:00, run_after=2023-02-02T00:00:00+00:00
[2025-03-31T12:03:10.080+0000] {processor.py:175} INFO - Processing /opt/airflow/dags/data_pipeline.py took 0.162 seconds
[2025-03-31T12:03:40.417+0000] {processor.py:153} INFO - Started process (PID=1262) to work on /opt/airflow/dags/data_pipeline.py
[2025-03-31T12:03:40.418+0000] {processor.py:743} INFO - Processing file /opt/airflow/dags/data_pipeline.py for tasks to queue
[2025-03-31T12:03:40.419+0000] {logging_mixin.py:137} INFO - [2025-03-31T12:03:40.419+0000] {dagbag.py:538} INFO - Filling up the DagBag from /opt/airflow/dags/data_pipeline.py
[2025-03-31T12:03:40.560+0000] {processor.py:753} INFO - DAG(s) dict_keys(['data_ingestion_pipeline']) retrieved from /opt/airflow/dags/data_pipeline.py
[2025-03-31T12:03:40.574+0000] {logging_mixin.py:137} INFO - [2025-03-31T12:03:40.574+0000] {dag.py:2690} INFO - Sync 1 DAGs
[2025-03-31T12:03:40.588+0000] {logging_mixin.py:137} INFO - [2025-03-31T12:03:40.588+0000] {dag.py:3441} INFO - Setting next_dagrun for data_ingestion_pipeline to 2023-02-01T00:00:00+00:00, run_after=2023-02-02T00:00:00+00:00
[2025-03-31T12:03:40.599+0000] {processor.py:175} INFO - Processing /opt/airflow/dags/data_pipeline.py took 0.186 seconds
[2025-03-31T12:06:02.080+0000] {processor.py:153} INFO - Started process (PID=38) to work on /opt/airflow/dags/data_pipeline.py
[2025-03-31T12:06:02.082+0000] {processor.py:743} INFO - Processing file /opt/airflow/dags/data_pipeline.py for tasks to queue
[2025-03-31T12:06:02.084+0000] {logging_mixin.py:137} INFO - [2025-03-31T12:06:02.084+0000] {dagbag.py:538} INFO - Filling up the DagBag from /opt/airflow/dags/data_pipeline.py
[2025-03-31T12:06:02.606+0000] {processor.py:753} INFO - DAG(s) dict_keys(['data_ingestion_pipeline']) retrieved from /opt/airflow/dags/data_pipeline.py
[2025-03-31T12:06:02.722+0000] {logging_mixin.py:137} INFO - [2025-03-31T12:06:02.722+0000] {manager.py:504} INFO - Created Permission View: can delete on DAG:data_ingestion_pipeline
[2025-03-31T12:06:02.731+0000] {logging_mixin.py:137} INFO - [2025-03-31T12:06:02.731+0000] {manager.py:504} INFO - Created Permission View: can edit on DAG:data_ingestion_pipeline
[2025-03-31T12:06:02.735+0000] {logging_mixin.py:137} INFO - [2025-03-31T12:06:02.734+0000] {manager.py:504} INFO - Created Permission View: can read on DAG:data_ingestion_pipeline
[2025-03-31T12:06:02.735+0000] {logging_mixin.py:137} INFO - [2025-03-31T12:06:02.735+0000] {dag.py:2690} INFO - Sync 1 DAGs
[2025-03-31T12:06:02.742+0000] {logging_mixin.py:137} INFO - [2025-03-31T12:06:02.742+0000] {dag.py:2711} INFO - Creating ORM DAG for data_ingestion_pipeline
[2025-03-31T12:06:02.748+0000] {logging_mixin.py:137} INFO - [2025-03-31T12:06:02.748+0000] {dag.py:3441} INFO - Setting next_dagrun for data_ingestion_pipeline to 2023-01-01T00:00:00+00:00, run_after=2023-01-02T00:00:00+00:00
[2025-03-31T12:06:02.762+0000] {processor.py:175} INFO - Processing /opt/airflow/dags/data_pipeline.py took 0.685 seconds
[2025-03-31T12:06:33.503+0000] {processor.py:153} INFO - Started process (PID=80) to work on /opt/airflow/dags/data_pipeline.py
[2025-03-31T12:06:33.504+0000] {processor.py:743} INFO - Processing file /opt/airflow/dags/data_pipeline.py for tasks to queue
[2025-03-31T12:06:33.505+0000] {logging_mixin.py:137} INFO - [2025-03-31T12:06:33.505+0000] {dagbag.py:538} INFO - Filling up the DagBag from /opt/airflow/dags/data_pipeline.py
[2025-03-31T12:06:33.674+0000] {processor.py:753} INFO - DAG(s) dict_keys(['data_ingestion_pipeline']) retrieved from /opt/airflow/dags/data_pipeline.py
[2025-03-31T12:06:33.692+0000] {logging_mixin.py:137} INFO - [2025-03-31T12:06:33.692+0000] {dag.py:2690} INFO - Sync 1 DAGs
[2025-03-31T12:06:33.708+0000] {logging_mixin.py:137} INFO - [2025-03-31T12:06:33.708+0000] {dag.py:3441} INFO - Setting next_dagrun for data_ingestion_pipeline to 2023-01-01T00:00:00+00:00, run_after=2023-01-02T00:00:00+00:00
[2025-03-31T12:06:33.720+0000] {processor.py:175} INFO - Processing /opt/airflow/dags/data_pipeline.py took 0.222 seconds
[2025-03-31T12:07:03.891+0000] {processor.py:153} INFO - Started process (PID=253) to work on /opt/airflow/dags/data_pipeline.py
[2025-03-31T12:07:03.893+0000] {processor.py:743} INFO - Processing file /opt/airflow/dags/data_pipeline.py for tasks to queue
[2025-03-31T12:07:03.895+0000] {logging_mixin.py:137} INFO - [2025-03-31T12:07:03.895+0000] {dagbag.py:538} INFO - Filling up the DagBag from /opt/airflow/dags/data_pipeline.py
[2025-03-31T12:07:04.029+0000] {processor.py:753} INFO - DAG(s) dict_keys(['data_ingestion_pipeline']) retrieved from /opt/airflow/dags/data_pipeline.py
[2025-03-31T12:07:04.042+0000] {logging_mixin.py:137} INFO - [2025-03-31T12:07:04.041+0000] {dag.py:2690} INFO - Sync 1 DAGs
[2025-03-31T12:07:04.055+0000] {logging_mixin.py:137} INFO - [2025-03-31T12:07:04.055+0000] {dag.py:3441} INFO - Setting next_dagrun for data_ingestion_pipeline to 2023-01-16T00:00:00+00:00, run_after=2023-01-17T00:00:00+00:00
[2025-03-31T12:07:04.065+0000] {processor.py:175} INFO - Processing /opt/airflow/dags/data_pipeline.py took 0.176 seconds
[2025-03-31T12:07:34.259+0000] {processor.py:153} INFO - Started process (PID=427) to work on /opt/airflow/dags/data_pipeline.py
[2025-03-31T12:07:34.260+0000] {processor.py:743} INFO - Processing file /opt/airflow/dags/data_pipeline.py for tasks to queue
[2025-03-31T12:07:34.260+0000] {logging_mixin.py:137} INFO - [2025-03-31T12:07:34.260+0000] {dagbag.py:538} INFO - Filling up the DagBag from /opt/airflow/dags/data_pipeline.py
[2025-03-31T12:07:34.399+0000] {processor.py:753} INFO - DAG(s) dict_keys(['data_ingestion_pipeline']) retrieved from /opt/airflow/dags/data_pipeline.py
[2025-03-31T12:07:34.413+0000] {logging_mixin.py:137} INFO - [2025-03-31T12:07:34.412+0000] {dag.py:2690} INFO - Sync 1 DAGs
[2025-03-31T12:07:34.427+0000] {logging_mixin.py:137} INFO - [2025-03-31T12:07:34.427+0000] {dag.py:3441} INFO - Setting next_dagrun for data_ingestion_pipeline to 2023-01-30T00:00:00+00:00, run_after=2023-01-31T00:00:00+00:00
[2025-03-31T12:07:34.438+0000] {processor.py:175} INFO - Processing /opt/airflow/dags/data_pipeline.py took 0.181 seconds
[2025-03-31T12:08:04.480+0000] {processor.py:153} INFO - Started process (PID=608) to work on /opt/airflow/dags/data_pipeline.py
[2025-03-31T12:08:04.481+0000] {processor.py:743} INFO - Processing file /opt/airflow/dags/data_pipeline.py for tasks to queue
[2025-03-31T12:08:04.481+0000] {logging_mixin.py:137} INFO - [2025-03-31T12:08:04.481+0000] {dagbag.py:538} INFO - Filling up the DagBag from /opt/airflow/dags/data_pipeline.py
[2025-03-31T12:08:04.608+0000] {processor.py:753} INFO - DAG(s) dict_keys(['data_ingestion_pipeline']) retrieved from /opt/airflow/dags/data_pipeline.py
[2025-03-31T12:08:04.626+0000] {logging_mixin.py:137} INFO - [2025-03-31T12:08:04.625+0000] {dag.py:2690} INFO - Sync 1 DAGs
[2025-03-31T12:08:04.641+0000] {logging_mixin.py:137} INFO - [2025-03-31T12:08:04.641+0000] {dag.py:3441} INFO - Setting next_dagrun for data_ingestion_pipeline to 2023-02-13T00:00:00+00:00, run_after=2023-02-14T00:00:00+00:00
[2025-03-31T12:08:04.652+0000] {processor.py:175} INFO - Processing /opt/airflow/dags/data_pipeline.py took 0.174 seconds
[2025-03-31T12:08:34.831+0000] {processor.py:153} INFO - Started process (PID=791) to work on /opt/airflow/dags/data_pipeline.py
[2025-03-31T12:08:34.832+0000] {processor.py:743} INFO - Processing file /opt/airflow/dags/data_pipeline.py for tasks to queue
[2025-03-31T12:08:34.832+0000] {logging_mixin.py:137} INFO - [2025-03-31T12:08:34.832+0000] {dagbag.py:538} INFO - Filling up the DagBag from /opt/airflow/dags/data_pipeline.py
[2025-03-31T12:08:34.949+0000] {processor.py:753} INFO - DAG(s) dict_keys(['data_ingestion_pipeline']) retrieved from /opt/airflow/dags/data_pipeline.py
[2025-03-31T12:08:34.962+0000] {logging_mixin.py:137} INFO - [2025-03-31T12:08:34.962+0000] {dag.py:2690} INFO - Sync 1 DAGs
[2025-03-31T12:08:34.976+0000] {logging_mixin.py:137} INFO - [2025-03-31T12:08:34.976+0000] {dag.py:3441} INFO - Setting next_dagrun for data_ingestion_pipeline to 2023-02-28T00:00:00+00:00, run_after=2023-03-01T00:00:00+00:00
[2025-03-31T12:08:34.985+0000] {processor.py:175} INFO - Processing /opt/airflow/dags/data_pipeline.py took 0.157 seconds
[2025-03-31T12:09:05.169+0000] {processor.py:153} INFO - Started process (PID=963) to work on /opt/airflow/dags/data_pipeline.py
[2025-03-31T12:09:05.171+0000] {processor.py:743} INFO - Processing file /opt/airflow/dags/data_pipeline.py for tasks to queue
[2025-03-31T12:09:05.171+0000] {logging_mixin.py:137} INFO - [2025-03-31T12:09:05.171+0000] {dagbag.py:538} INFO - Filling up the DagBag from /opt/airflow/dags/data_pipeline.py
[2025-03-31T12:09:05.304+0000] {processor.py:753} INFO - DAG(s) dict_keys(['data_ingestion_pipeline']) retrieved from /opt/airflow/dags/data_pipeline.py
[2025-03-31T12:09:05.318+0000] {logging_mixin.py:137} INFO - [2025-03-31T12:09:05.318+0000] {dag.py:2690} INFO - Sync 1 DAGs
[2025-03-31T12:09:05.334+0000] {logging_mixin.py:137} INFO - [2025-03-31T12:09:05.334+0000] {dag.py:3441} INFO - Setting next_dagrun for data_ingestion_pipeline to 2023-03-14T00:00:00+00:00, run_after=2023-03-15T00:00:00+00:00
[2025-03-31T12:09:05.346+0000] {processor.py:175} INFO - Processing /opt/airflow/dags/data_pipeline.py took 0.179 seconds
[2025-03-31T12:09:35.517+0000] {processor.py:153} INFO - Started process (PID=1148) to work on /opt/airflow/dags/data_pipeline.py
[2025-03-31T12:09:35.517+0000] {processor.py:743} INFO - Processing file /opt/airflow/dags/data_pipeline.py for tasks to queue
[2025-03-31T12:09:35.518+0000] {logging_mixin.py:137} INFO - [2025-03-31T12:09:35.518+0000] {dagbag.py:538} INFO - Filling up the DagBag from /opt/airflow/dags/data_pipeline.py
[2025-03-31T12:09:35.656+0000] {processor.py:753} INFO - DAG(s) dict_keys(['data_ingestion_pipeline']) retrieved from /opt/airflow/dags/data_pipeline.py
[2025-03-31T12:09:35.671+0000] {logging_mixin.py:137} INFO - [2025-03-31T12:09:35.671+0000] {dag.py:2690} INFO - Sync 1 DAGs
[2025-03-31T12:09:35.685+0000] {logging_mixin.py:137} INFO - [2025-03-31T12:09:35.685+0000] {dag.py:3441} INFO - Setting next_dagrun for data_ingestion_pipeline to 2023-03-29T00:00:00+00:00, run_after=2023-03-30T00:00:00+00:00
[2025-03-31T12:09:35.697+0000] {processor.py:175} INFO - Processing /opt/airflow/dags/data_pipeline.py took 0.183 seconds
[2025-03-31T12:10:05.884+0000] {processor.py:153} INFO - Started process (PID=1321) to work on /opt/airflow/dags/data_pipeline.py
[2025-03-31T12:10:05.885+0000] {processor.py:743} INFO - Processing file /opt/airflow/dags/data_pipeline.py for tasks to queue
[2025-03-31T12:10:05.885+0000] {logging_mixin.py:137} INFO - [2025-03-31T12:10:05.885+0000] {dagbag.py:538} INFO - Filling up the DagBag from /opt/airflow/dags/data_pipeline.py
[2025-03-31T12:10:06.012+0000] {processor.py:753} INFO - DAG(s) dict_keys(['data_ingestion_pipeline']) retrieved from /opt/airflow/dags/data_pipeline.py
[2025-03-31T12:10:06.027+0000] {logging_mixin.py:137} INFO - [2025-03-31T12:10:06.026+0000] {dag.py:2690} INFO - Sync 1 DAGs
[2025-03-31T12:10:06.041+0000] {logging_mixin.py:137} INFO - [2025-03-31T12:10:06.041+0000] {dag.py:3441} INFO - Setting next_dagrun for data_ingestion_pipeline to 2023-04-13T00:00:00+00:00, run_after=2023-04-14T00:00:00+00:00
[2025-03-31T12:10:06.052+0000] {processor.py:175} INFO - Processing /opt/airflow/dags/data_pipeline.py took 0.170 seconds
[2025-03-31T12:10:36.253+0000] {processor.py:153} INFO - Started process (PID=1502) to work on /opt/airflow/dags/data_pipeline.py
[2025-03-31T12:10:36.254+0000] {processor.py:743} INFO - Processing file /opt/airflow/dags/data_pipeline.py for tasks to queue
[2025-03-31T12:10:36.254+0000] {logging_mixin.py:137} INFO - [2025-03-31T12:10:36.254+0000] {dagbag.py:538} INFO - Filling up the DagBag from /opt/airflow/dags/data_pipeline.py
[2025-03-31T12:10:36.378+0000] {processor.py:753} INFO - DAG(s) dict_keys(['data_ingestion_pipeline']) retrieved from /opt/airflow/dags/data_pipeline.py
[2025-03-31T12:10:36.394+0000] {logging_mixin.py:137} INFO - [2025-03-31T12:10:36.394+0000] {dag.py:2690} INFO - Sync 1 DAGs
[2025-03-31T12:10:36.408+0000] {logging_mixin.py:137} INFO - [2025-03-31T12:10:36.408+0000] {dag.py:3441} INFO - Setting next_dagrun for data_ingestion_pipeline to 2023-04-27T00:00:00+00:00, run_after=2023-04-28T00:00:00+00:00
[2025-03-31T12:10:36.422+0000] {processor.py:175} INFO - Processing /opt/airflow/dags/data_pipeline.py took 0.171 seconds
[2025-03-31T12:11:06.600+0000] {processor.py:153} INFO - Started process (PID=1676) to work on /opt/airflow/dags/data_pipeline.py
[2025-03-31T12:11:06.601+0000] {processor.py:743} INFO - Processing file /opt/airflow/dags/data_pipeline.py for tasks to queue
[2025-03-31T12:11:06.601+0000] {logging_mixin.py:137} INFO - [2025-03-31T12:11:06.601+0000] {dagbag.py:538} INFO - Filling up the DagBag from /opt/airflow/dags/data_pipeline.py
[2025-03-31T12:11:06.733+0000] {processor.py:753} INFO - DAG(s) dict_keys(['data_ingestion_pipeline']) retrieved from /opt/airflow/dags/data_pipeline.py
[2025-03-31T12:11:06.747+0000] {logging_mixin.py:137} INFO - [2025-03-31T12:11:06.747+0000] {dag.py:2690} INFO - Sync 1 DAGs
[2025-03-31T12:11:06.762+0000] {logging_mixin.py:137} INFO - [2025-03-31T12:11:06.762+0000] {dag.py:3441} INFO - Setting next_dagrun for data_ingestion_pipeline to 2023-05-12T00:00:00+00:00, run_after=2023-05-13T00:00:00+00:00
[2025-03-31T12:11:06.773+0000] {processor.py:175} INFO - Processing /opt/airflow/dags/data_pipeline.py took 0.175 seconds
[2025-03-31T12:11:36.986+0000] {processor.py:153} INFO - Started process (PID=1851) to work on /opt/airflow/dags/data_pipeline.py
[2025-03-31T12:11:36.987+0000] {processor.py:743} INFO - Processing file /opt/airflow/dags/data_pipeline.py for tasks to queue
[2025-03-31T12:11:36.987+0000] {logging_mixin.py:137} INFO - [2025-03-31T12:11:36.987+0000] {dagbag.py:538} INFO - Filling up the DagBag from /opt/airflow/dags/data_pipeline.py
[2025-03-31T12:11:37.103+0000] {processor.py:753} INFO - DAG(s) dict_keys(['data_ingestion_pipeline']) retrieved from /opt/airflow/dags/data_pipeline.py
[2025-03-31T12:11:37.116+0000] {logging_mixin.py:137} INFO - [2025-03-31T12:11:37.115+0000] {dag.py:2690} INFO - Sync 1 DAGs
[2025-03-31T12:11:37.129+0000] {logging_mixin.py:137} INFO - [2025-03-31T12:11:37.129+0000] {dag.py:3441} INFO - Setting next_dagrun for data_ingestion_pipeline to 2023-05-26T00:00:00+00:00, run_after=2023-05-27T00:00:00+00:00
[2025-03-31T12:11:37.139+0000] {processor.py:175} INFO - Processing /opt/airflow/dags/data_pipeline.py took 0.155 seconds
[2025-03-31T12:12:07.356+0000] {processor.py:153} INFO - Started process (PID=1959) to work on /opt/airflow/dags/data_pipeline.py
[2025-03-31T12:12:07.357+0000] {processor.py:743} INFO - Processing file /opt/airflow/dags/data_pipeline.py for tasks to queue
[2025-03-31T12:12:07.358+0000] {logging_mixin.py:137} INFO - [2025-03-31T12:12:07.358+0000] {dagbag.py:538} INFO - Filling up the DagBag from /opt/airflow/dags/data_pipeline.py
[2025-03-31T12:12:07.497+0000] {processor.py:753} INFO - DAG(s) dict_keys(['data_ingestion_pipeline']) retrieved from /opt/airflow/dags/data_pipeline.py
[2025-03-31T12:12:07.511+0000] {logging_mixin.py:137} INFO - [2025-03-31T12:12:07.511+0000] {dag.py:2690} INFO - Sync 1 DAGs
[2025-03-31T12:12:07.525+0000] {logging_mixin.py:137} INFO - [2025-03-31T12:12:07.525+0000] {dag.py:3441} INFO - Setting next_dagrun for data_ingestion_pipeline to 2023-05-30T00:00:00+00:00, run_after=2023-05-31T00:00:00+00:00
[2025-03-31T12:12:07.536+0000] {processor.py:175} INFO - Processing /opt/airflow/dags/data_pipeline.py took 0.182 seconds
[2025-03-31T12:12:37.827+0000] {processor.py:153} INFO - Started process (PID=2028) to work on /opt/airflow/dags/data_pipeline.py
[2025-03-31T12:12:37.828+0000] {processor.py:743} INFO - Processing file /opt/airflow/dags/data_pipeline.py for tasks to queue
[2025-03-31T12:12:37.828+0000] {logging_mixin.py:137} INFO - [2025-03-31T12:12:37.828+0000] {dagbag.py:538} INFO - Filling up the DagBag from /opt/airflow/dags/data_pipeline.py
[2025-03-31T12:12:37.986+0000] {processor.py:753} INFO - DAG(s) dict_keys(['data_ingestion_pipeline']) retrieved from /opt/airflow/dags/data_pipeline.py
[2025-03-31T12:12:38.003+0000] {logging_mixin.py:137} INFO - [2025-03-31T12:12:38.002+0000] {dag.py:2690} INFO - Sync 1 DAGs
[2025-03-31T12:12:38.019+0000] {logging_mixin.py:137} INFO - [2025-03-31T12:12:38.019+0000] {dag.py:3441} INFO - Setting next_dagrun for data_ingestion_pipeline to 2023-05-30T00:00:00+00:00, run_after=2023-05-31T00:00:00+00:00
[2025-03-31T12:12:38.030+0000] {processor.py:175} INFO - Processing /opt/airflow/dags/data_pipeline.py took 0.211 seconds
[2025-03-31T12:13:08.286+0000] {processor.py:153} INFO - Started process (PID=2032) to work on /opt/airflow/dags/data_pipeline.py
[2025-03-31T12:13:08.287+0000] {processor.py:743} INFO - Processing file /opt/airflow/dags/data_pipeline.py for tasks to queue
[2025-03-31T12:13:08.287+0000] {logging_mixin.py:137} INFO - [2025-03-31T12:13:08.287+0000] {dagbag.py:538} INFO - Filling up the DagBag from /opt/airflow/dags/data_pipeline.py
[2025-03-31T12:13:08.468+0000] {processor.py:753} INFO - DAG(s) dict_keys(['data_ingestion_pipeline']) retrieved from /opt/airflow/dags/data_pipeline.py
[2025-03-31T12:13:08.484+0000] {logging_mixin.py:137} INFO - [2025-03-31T12:13:08.484+0000] {dag.py:2690} INFO - Sync 1 DAGs
[2025-03-31T12:13:08.499+0000] {logging_mixin.py:137} INFO - [2025-03-31T12:13:08.498+0000] {dag.py:3441} INFO - Setting next_dagrun for data_ingestion_pipeline to 2023-05-30T00:00:00+00:00, run_after=2023-05-31T00:00:00+00:00
[2025-03-31T12:13:08.509+0000] {processor.py:175} INFO - Processing /opt/airflow/dags/data_pipeline.py took 0.225 seconds
[2025-03-31T12:13:38.853+0000] {processor.py:153} INFO - Started process (PID=2036) to work on /opt/airflow/dags/data_pipeline.py
[2025-03-31T12:13:38.854+0000] {processor.py:743} INFO - Processing file /opt/airflow/dags/data_pipeline.py for tasks to queue
[2025-03-31T12:13:38.855+0000] {logging_mixin.py:137} INFO - [2025-03-31T12:13:38.855+0000] {dagbag.py:538} INFO - Filling up the DagBag from /opt/airflow/dags/data_pipeline.py
[2025-03-31T12:13:39.002+0000] {processor.py:753} INFO - DAG(s) dict_keys(['data_ingestion_pipeline']) retrieved from /opt/airflow/dags/data_pipeline.py
[2025-03-31T12:13:39.018+0000] {logging_mixin.py:137} INFO - [2025-03-31T12:13:39.018+0000] {dag.py:2690} INFO - Sync 1 DAGs
[2025-03-31T12:13:39.033+0000] {logging_mixin.py:137} INFO - [2025-03-31T12:13:39.033+0000] {dag.py:3441} INFO - Setting next_dagrun for data_ingestion_pipeline to 2023-05-30T00:00:00+00:00, run_after=2023-05-31T00:00:00+00:00
[2025-03-31T12:13:39.043+0000] {processor.py:175} INFO - Processing /opt/airflow/dags/data_pipeline.py took 0.196 seconds
[2025-03-31T12:14:09.411+0000] {processor.py:153} INFO - Started process (PID=2040) to work on /opt/airflow/dags/data_pipeline.py
[2025-03-31T12:14:09.412+0000] {processor.py:743} INFO - Processing file /opt/airflow/dags/data_pipeline.py for tasks to queue
[2025-03-31T12:14:09.412+0000] {logging_mixin.py:137} INFO - [2025-03-31T12:14:09.412+0000] {dagbag.py:538} INFO - Filling up the DagBag from /opt/airflow/dags/data_pipeline.py
[2025-03-31T12:14:09.547+0000] {processor.py:753} INFO - DAG(s) dict_keys(['data_ingestion_pipeline']) retrieved from /opt/airflow/dags/data_pipeline.py
[2025-03-31T12:14:09.559+0000] {logging_mixin.py:137} INFO - [2025-03-31T12:14:09.559+0000] {dag.py:2690} INFO - Sync 1 DAGs
[2025-03-31T12:14:09.572+0000] {logging_mixin.py:137} INFO - [2025-03-31T12:14:09.572+0000] {dag.py:3441} INFO - Setting next_dagrun for data_ingestion_pipeline to 2023-05-30T00:00:00+00:00, run_after=2023-05-31T00:00:00+00:00
[2025-03-31T12:14:09.581+0000] {processor.py:175} INFO - Processing /opt/airflow/dags/data_pipeline.py took 0.176 seconds
[2025-03-31T12:14:39.888+0000] {processor.py:153} INFO - Started process (PID=2044) to work on /opt/airflow/dags/data_pipeline.py
[2025-03-31T12:14:39.890+0000] {processor.py:743} INFO - Processing file /opt/airflow/dags/data_pipeline.py for tasks to queue
[2025-03-31T12:14:39.891+0000] {logging_mixin.py:137} INFO - [2025-03-31T12:14:39.891+0000] {dagbag.py:538} INFO - Filling up the DagBag from /opt/airflow/dags/data_pipeline.py
[2025-03-31T12:14:40.021+0000] {processor.py:753} INFO - DAG(s) dict_keys(['data_ingestion_pipeline']) retrieved from /opt/airflow/dags/data_pipeline.py
[2025-03-31T12:14:40.033+0000] {logging_mixin.py:137} INFO - [2025-03-31T12:14:40.032+0000] {dag.py:2690} INFO - Sync 1 DAGs
[2025-03-31T12:14:40.046+0000] {logging_mixin.py:137} INFO - [2025-03-31T12:14:40.046+0000] {dag.py:3441} INFO - Setting next_dagrun for data_ingestion_pipeline to 2023-05-30T00:00:00+00:00, run_after=2023-05-31T00:00:00+00:00
[2025-03-31T12:14:40.055+0000] {processor.py:175} INFO - Processing /opt/airflow/dags/data_pipeline.py took 0.170 seconds
[2025-03-31T12:15:10.193+0000] {processor.py:153} INFO - Started process (PID=2048) to work on /opt/airflow/dags/data_pipeline.py
[2025-03-31T12:15:10.193+0000] {processor.py:743} INFO - Processing file /opt/airflow/dags/data_pipeline.py for tasks to queue
[2025-03-31T12:15:10.194+0000] {logging_mixin.py:137} INFO - [2025-03-31T12:15:10.194+0000] {dagbag.py:538} INFO - Filling up the DagBag from /opt/airflow/dags/data_pipeline.py
[2025-03-31T12:15:10.362+0000] {processor.py:753} INFO - DAG(s) dict_keys(['data_ingestion_pipeline']) retrieved from /opt/airflow/dags/data_pipeline.py
[2025-03-31T12:15:10.379+0000] {logging_mixin.py:137} INFO - [2025-03-31T12:15:10.379+0000] {dag.py:2690} INFO - Sync 1 DAGs
[2025-03-31T12:15:10.395+0000] {logging_mixin.py:137} INFO - [2025-03-31T12:15:10.395+0000] {dag.py:3441} INFO - Setting next_dagrun for data_ingestion_pipeline to 2023-05-30T00:00:00+00:00, run_after=2023-05-31T00:00:00+00:00
[2025-03-31T12:15:10.408+0000] {processor.py:175} INFO - Processing /opt/airflow/dags/data_pipeline.py took 0.219 seconds
[2025-03-31T12:15:40.793+0000] {processor.py:153} INFO - Started process (PID=2052) to work on /opt/airflow/dags/data_pipeline.py
[2025-03-31T12:15:40.795+0000] {processor.py:743} INFO - Processing file /opt/airflow/dags/data_pipeline.py for tasks to queue
[2025-03-31T12:15:40.796+0000] {logging_mixin.py:137} INFO - [2025-03-31T12:15:40.796+0000] {dagbag.py:538} INFO - Filling up the DagBag from /opt/airflow/dags/data_pipeline.py
[2025-03-31T12:15:40.949+0000] {processor.py:753} INFO - DAG(s) dict_keys(['data_ingestion_pipeline']) retrieved from /opt/airflow/dags/data_pipeline.py
[2025-03-31T12:15:40.963+0000] {logging_mixin.py:137} INFO - [2025-03-31T12:15:40.963+0000] {dag.py:2690} INFO - Sync 1 DAGs
[2025-03-31T12:15:40.976+0000] {logging_mixin.py:137} INFO - [2025-03-31T12:15:40.976+0000] {dag.py:3441} INFO - Setting next_dagrun for data_ingestion_pipeline to 2023-05-30T00:00:00+00:00, run_after=2023-05-31T00:00:00+00:00
[2025-03-31T12:15:40.986+0000] {processor.py:175} INFO - Processing /opt/airflow/dags/data_pipeline.py took 0.198 seconds
[2025-03-31T12:15:47.070+0000] {processor.py:153} INFO - Started process (PID=2054) to work on /opt/airflow/dags/data_pipeline.py
[2025-03-31T12:15:47.071+0000] {processor.py:743} INFO - Processing file /opt/airflow/dags/data_pipeline.py for tasks to queue
[2025-03-31T12:15:47.072+0000] {logging_mixin.py:137} INFO - [2025-03-31T12:15:47.072+0000] {dagbag.py:538} INFO - Filling up the DagBag from /opt/airflow/dags/data_pipeline.py
[2025-03-31T12:15:47.217+0000] {processor.py:753} INFO - DAG(s) dict_keys(['data_ingestion']) retrieved from /opt/airflow/dags/data_pipeline.py
[2025-03-31T12:15:47.279+0000] {logging_mixin.py:137} INFO - [2025-03-31T12:15:47.279+0000] {manager.py:504} INFO - Created Permission View: can delete on DAG:data_ingestion
[2025-03-31T12:15:47.282+0000] {logging_mixin.py:137} INFO - [2025-03-31T12:15:47.282+0000] {manager.py:504} INFO - Created Permission View: can edit on DAG:data_ingestion
[2025-03-31T12:15:47.285+0000] {logging_mixin.py:137} INFO - [2025-03-31T12:15:47.285+0000] {manager.py:504} INFO - Created Permission View: can read on DAG:data_ingestion
[2025-03-31T12:15:47.285+0000] {logging_mixin.py:137} INFO - [2025-03-31T12:15:47.285+0000] {dag.py:2690} INFO - Sync 1 DAGs
[2025-03-31T12:15:47.292+0000] {logging_mixin.py:137} INFO - [2025-03-31T12:15:47.292+0000] {dag.py:2711} INFO - Creating ORM DAG for data_ingestion
[2025-03-31T12:15:47.298+0000] {logging_mixin.py:137} INFO - [2025-03-31T12:15:47.298+0000] {dag.py:3441} INFO - Setting next_dagrun for data_ingestion to 2025-03-30T00:00:00+00:00, run_after=2025-03-31T00:00:00+00:00
[2025-03-31T12:15:47.306+0000] {processor.py:175} INFO - Processing /opt/airflow/dags/data_pipeline.py took 0.242 seconds
[2025-03-31T12:16:05.268+0000] {processor.py:153} INFO - Started process (PID=2058) to work on /opt/airflow/dags/data_pipeline.py
[2025-03-31T12:16:05.269+0000] {processor.py:743} INFO - Processing file /opt/airflow/dags/data_pipeline.py for tasks to queue
[2025-03-31T12:16:05.271+0000] {logging_mixin.py:137} INFO - [2025-03-31T12:16:05.270+0000] {dagbag.py:538} INFO - Filling up the DagBag from /opt/airflow/dags/data_pipeline.py
[2025-03-31T12:16:05.449+0000] {processor.py:753} INFO - DAG(s) dict_keys(['data_ingestion_pipeline']) retrieved from /opt/airflow/dags/data_pipeline.py
[2025-03-31T12:16:05.464+0000] {logging_mixin.py:137} INFO - [2025-03-31T12:16:05.464+0000] {dag.py:2690} INFO - Sync 1 DAGs
[2025-03-31T12:16:05.481+0000] {logging_mixin.py:137} INFO - [2025-03-31T12:16:05.481+0000] {dag.py:3441} INFO - Setting next_dagrun for data_ingestion_pipeline to 2023-05-30T00:00:00+00:00, run_after=2023-05-31T00:00:00+00:00
[2025-03-31T12:16:05.491+0000] {processor.py:175} INFO - Processing /opt/airflow/dags/data_pipeline.py took 0.231 seconds
[2025-03-31T12:16:35.845+0000] {processor.py:153} INFO - Started process (PID=2062) to work on /opt/airflow/dags/data_pipeline.py
[2025-03-31T12:16:35.846+0000] {processor.py:743} INFO - Processing file /opt/airflow/dags/data_pipeline.py for tasks to queue
[2025-03-31T12:16:35.847+0000] {logging_mixin.py:137} INFO - [2025-03-31T12:16:35.847+0000] {dagbag.py:538} INFO - Filling up the DagBag from /opt/airflow/dags/data_pipeline.py
[2025-03-31T12:16:35.972+0000] {processor.py:753} INFO - DAG(s) dict_keys(['data_ingestion_pipeline']) retrieved from /opt/airflow/dags/data_pipeline.py
[2025-03-31T12:16:35.984+0000] {logging_mixin.py:137} INFO - [2025-03-31T12:16:35.984+0000] {dag.py:2690} INFO - Sync 1 DAGs
[2025-03-31T12:16:35.997+0000] {logging_mixin.py:137} INFO - [2025-03-31T12:16:35.997+0000] {dag.py:3441} INFO - Setting next_dagrun for data_ingestion_pipeline to 2023-05-30T00:00:00+00:00, run_after=2023-05-31T00:00:00+00:00
[2025-03-31T12:16:36.005+0000] {processor.py:175} INFO - Processing /opt/airflow/dags/data_pipeline.py took 0.164 seconds
[2025-03-31T12:17:06.315+0000] {processor.py:153} INFO - Started process (PID=2066) to work on /opt/airflow/dags/data_pipeline.py
[2025-03-31T12:17:06.316+0000] {processor.py:743} INFO - Processing file /opt/airflow/dags/data_pipeline.py for tasks to queue
[2025-03-31T12:17:06.316+0000] {logging_mixin.py:137} INFO - [2025-03-31T12:17:06.316+0000] {dagbag.py:538} INFO - Filling up the DagBag from /opt/airflow/dags/data_pipeline.py
[2025-03-31T12:17:06.444+0000] {processor.py:753} INFO - DAG(s) dict_keys(['data_ingestion_pipeline']) retrieved from /opt/airflow/dags/data_pipeline.py
[2025-03-31T12:17:06.456+0000] {logging_mixin.py:137} INFO - [2025-03-31T12:17:06.455+0000] {dag.py:2690} INFO - Sync 1 DAGs
[2025-03-31T12:17:06.467+0000] {logging_mixin.py:137} INFO - [2025-03-31T12:17:06.467+0000] {dag.py:3441} INFO - Setting next_dagrun for data_ingestion_pipeline to 2023-05-30T00:00:00+00:00, run_after=2023-05-31T00:00:00+00:00
[2025-03-31T12:17:06.477+0000] {processor.py:175} INFO - Processing /opt/airflow/dags/data_pipeline.py took 0.167 seconds
[2025-03-31T12:17:26.715+0000] {processor.py:153} INFO - Started process (PID=2068) to work on /opt/airflow/dags/data_pipeline.py
[2025-03-31T12:17:26.715+0000] {processor.py:743} INFO - Processing file /opt/airflow/dags/data_pipeline.py for tasks to queue
[2025-03-31T12:17:26.716+0000] {logging_mixin.py:137} INFO - [2025-03-31T12:17:26.716+0000] {dagbag.py:538} INFO - Filling up the DagBag from /opt/airflow/dags/data_pipeline.py
[2025-03-31T12:17:26.854+0000] {processor.py:753} INFO - DAG(s) dict_keys(['data_ingestion']) retrieved from /opt/airflow/dags/data_pipeline.py
[2025-03-31T12:17:26.885+0000] {logging_mixin.py:137} INFO - [2025-03-31T12:17:26.884+0000] {dag.py:2690} INFO - Sync 1 DAGs
[2025-03-31T12:17:26.896+0000] {logging_mixin.py:137} INFO - [2025-03-31T12:17:26.896+0000] {dag.py:3441} INFO - Setting next_dagrun for data_ingestion to 2025-03-30T00:00:00+00:00, run_after=2025-03-31T00:00:00+00:00
[2025-03-31T12:17:26.907+0000] {processor.py:175} INFO - Processing /opt/airflow/dags/data_pipeline.py took 0.196 seconds
[2025-03-31T12:32:14.527+0000] {processor.py:153} INFO - Started process (PID=40) to work on /opt/airflow/dags/data_pipeline.py
[2025-03-31T12:32:14.529+0000] {processor.py:743} INFO - Processing file /opt/airflow/dags/data_pipeline.py for tasks to queue
[2025-03-31T12:32:14.531+0000] {logging_mixin.py:137} INFO - [2025-03-31T12:32:14.531+0000] {dagbag.py:538} INFO - Filling up the DagBag from /opt/airflow/dags/data_pipeline.py
[2025-03-31T12:32:15.029+0000] {processor.py:753} INFO - DAG(s) dict_keys(['data_ingestion_pipeline']) retrieved from /opt/airflow/dags/data_pipeline.py
[2025-03-31T12:32:15.135+0000] {logging_mixin.py:137} INFO - [2025-03-31T12:32:15.135+0000] {manager.py:504} INFO - Created Permission View: can edit on DAG:data_ingestion_pipeline
[2025-03-31T12:32:15.144+0000] {logging_mixin.py:137} INFO - [2025-03-31T12:32:15.144+0000] {manager.py:504} INFO - Created Permission View: can read on DAG:data_ingestion_pipeline
[2025-03-31T12:32:15.150+0000] {logging_mixin.py:137} INFO - [2025-03-31T12:32:15.150+0000] {manager.py:504} INFO - Created Permission View: can delete on DAG:data_ingestion_pipeline
[2025-03-31T12:32:15.152+0000] {logging_mixin.py:137} INFO - [2025-03-31T12:32:15.151+0000] {dag.py:2690} INFO - Sync 1 DAGs
[2025-03-31T12:32:15.160+0000] {logging_mixin.py:137} INFO - [2025-03-31T12:32:15.160+0000] {dag.py:2711} INFO - Creating ORM DAG for data_ingestion_pipeline
[2025-03-31T12:32:15.168+0000] {logging_mixin.py:137} INFO - [2025-03-31T12:32:15.168+0000] {dag.py:3441} INFO - Setting next_dagrun for data_ingestion_pipeline to 2023-01-01T00:00:00+00:00, run_after=2023-01-02T00:00:00+00:00
[2025-03-31T12:32:15.191+0000] {processor.py:175} INFO - Processing /opt/airflow/dags/data_pipeline.py took 0.671 seconds
[2025-03-31T12:32:46.038+0000] {processor.py:153} INFO - Started process (PID=81) to work on /opt/airflow/dags/data_pipeline.py
[2025-03-31T12:32:46.039+0000] {processor.py:743} INFO - Processing file /opt/airflow/dags/data_pipeline.py for tasks to queue
[2025-03-31T12:32:46.040+0000] {logging_mixin.py:137} INFO - [2025-03-31T12:32:46.040+0000] {dagbag.py:538} INFO - Filling up the DagBag from /opt/airflow/dags/data_pipeline.py
[2025-03-31T12:32:46.178+0000] {processor.py:753} INFO - DAG(s) dict_keys(['data_ingestion_pipeline']) retrieved from /opt/airflow/dags/data_pipeline.py
[2025-03-31T12:32:46.193+0000] {logging_mixin.py:137} INFO - [2025-03-31T12:32:46.192+0000] {dag.py:2690} INFO - Sync 1 DAGs
[2025-03-31T12:32:46.207+0000] {logging_mixin.py:137} INFO - [2025-03-31T12:32:46.207+0000] {dag.py:3441} INFO - Setting next_dagrun for data_ingestion_pipeline to 2023-01-01T00:00:00+00:00, run_after=2023-01-02T00:00:00+00:00
[2025-03-31T12:32:46.218+0000] {processor.py:175} INFO - Processing /opt/airflow/dags/data_pipeline.py took 0.186 seconds
[2025-03-31T12:33:16.442+0000] {processor.py:153} INFO - Started process (PID=85) to work on /opt/airflow/dags/data_pipeline.py
[2025-03-31T12:33:16.444+0000] {processor.py:743} INFO - Processing file /opt/airflow/dags/data_pipeline.py for tasks to queue
[2025-03-31T12:33:16.445+0000] {logging_mixin.py:137} INFO - [2025-03-31T12:33:16.445+0000] {dagbag.py:538} INFO - Filling up the DagBag from /opt/airflow/dags/data_pipeline.py
[2025-03-31T12:33:16.629+0000] {processor.py:753} INFO - DAG(s) dict_keys(['data_ingestion_pipeline']) retrieved from /opt/airflow/dags/data_pipeline.py
[2025-03-31T12:33:16.643+0000] {logging_mixin.py:137} INFO - [2025-03-31T12:33:16.643+0000] {dag.py:2690} INFO - Sync 1 DAGs
[2025-03-31T12:33:16.658+0000] {logging_mixin.py:137} INFO - [2025-03-31T12:33:16.658+0000] {dag.py:3441} INFO - Setting next_dagrun for data_ingestion_pipeline to 2023-01-01T00:00:00+00:00, run_after=2023-01-02T00:00:00+00:00
[2025-03-31T12:33:16.669+0000] {processor.py:175} INFO - Processing /opt/airflow/dags/data_pipeline.py took 0.235 seconds
[2025-03-31T12:33:46.898+0000] {processor.py:153} INFO - Started process (PID=221) to work on /opt/airflow/dags/data_pipeline.py
[2025-03-31T12:33:46.899+0000] {processor.py:743} INFO - Processing file /opt/airflow/dags/data_pipeline.py for tasks to queue
[2025-03-31T12:33:46.899+0000] {logging_mixin.py:137} INFO - [2025-03-31T12:33:46.899+0000] {dagbag.py:538} INFO - Filling up the DagBag from /opt/airflow/dags/data_pipeline.py
[2025-03-31T12:33:47.038+0000] {processor.py:753} INFO - DAG(s) dict_keys(['data_ingestion_pipeline']) retrieved from /opt/airflow/dags/data_pipeline.py
[2025-03-31T12:33:47.050+0000] {logging_mixin.py:137} INFO - [2025-03-31T12:33:47.050+0000] {dag.py:2690} INFO - Sync 1 DAGs
[2025-03-31T12:33:47.065+0000] {logging_mixin.py:137} INFO - [2025-03-31T12:33:47.065+0000] {dag.py:3441} INFO - Setting next_dagrun for data_ingestion_pipeline to 2023-01-11T00:00:00+00:00, run_after=2023-01-12T00:00:00+00:00
[2025-03-31T12:33:47.075+0000] {processor.py:175} INFO - Processing /opt/airflow/dags/data_pipeline.py took 0.178 seconds
[2025-03-31T12:34:17.323+0000] {processor.py:153} INFO - Started process (PID=403) to work on /opt/airflow/dags/data_pipeline.py
[2025-03-31T12:34:17.327+0000] {processor.py:743} INFO - Processing file /opt/airflow/dags/data_pipeline.py for tasks to queue
[2025-03-31T12:34:17.327+0000] {logging_mixin.py:137} INFO - [2025-03-31T12:34:17.327+0000] {dagbag.py:538} INFO - Filling up the DagBag from /opt/airflow/dags/data_pipeline.py
[2025-03-31T12:34:17.504+0000] {processor.py:753} INFO - DAG(s) dict_keys(['data_ingestion_pipeline']) retrieved from /opt/airflow/dags/data_pipeline.py
[2025-03-31T12:34:17.518+0000] {logging_mixin.py:137} INFO - [2025-03-31T12:34:17.518+0000] {dag.py:2690} INFO - Sync 1 DAGs
[2025-03-31T12:34:17.533+0000] {logging_mixin.py:137} INFO - [2025-03-31T12:34:17.533+0000] {dag.py:3441} INFO - Setting next_dagrun for data_ingestion_pipeline to 2023-01-26T00:00:00+00:00, run_after=2023-01-27T00:00:00+00:00
[2025-03-31T12:34:17.543+0000] {processor.py:175} INFO - Processing /opt/airflow/dags/data_pipeline.py took 0.223 seconds
[2025-03-31T12:34:47.762+0000] {processor.py:153} INFO - Started process (PID=577) to work on /opt/airflow/dags/data_pipeline.py
[2025-03-31T12:34:47.764+0000] {processor.py:743} INFO - Processing file /opt/airflow/dags/data_pipeline.py for tasks to queue
[2025-03-31T12:34:47.765+0000] {logging_mixin.py:137} INFO - [2025-03-31T12:34:47.765+0000] {dagbag.py:538} INFO - Filling up the DagBag from /opt/airflow/dags/data_pipeline.py
[2025-03-31T12:34:47.892+0000] {processor.py:753} INFO - DAG(s) dict_keys(['data_ingestion_pipeline']) retrieved from /opt/airflow/dags/data_pipeline.py
[2025-03-31T12:34:47.904+0000] {logging_mixin.py:137} INFO - [2025-03-31T12:34:47.904+0000] {dag.py:2690} INFO - Sync 1 DAGs
[2025-03-31T12:34:47.917+0000] {logging_mixin.py:137} INFO - [2025-03-31T12:34:47.917+0000] {dag.py:3441} INFO - Setting next_dagrun for data_ingestion_pipeline to 2023-02-10T00:00:00+00:00, run_after=2023-02-11T00:00:00+00:00
[2025-03-31T12:34:47.927+0000] {processor.py:175} INFO - Processing /opt/airflow/dags/data_pipeline.py took 0.167 seconds
[2025-03-31T12:35:17.963+0000] {processor.py:153} INFO - Started process (PID=761) to work on /opt/airflow/dags/data_pipeline.py
[2025-03-31T12:35:17.965+0000] {processor.py:743} INFO - Processing file /opt/airflow/dags/data_pipeline.py for tasks to queue
[2025-03-31T12:35:17.967+0000] {logging_mixin.py:137} INFO - [2025-03-31T12:35:17.967+0000] {dagbag.py:538} INFO - Filling up the DagBag from /opt/airflow/dags/data_pipeline.py
[2025-03-31T12:35:18.091+0000] {processor.py:753} INFO - DAG(s) dict_keys(['data_ingestion_pipeline']) retrieved from /opt/airflow/dags/data_pipeline.py
[2025-03-31T12:35:18.110+0000] {logging_mixin.py:137} INFO - [2025-03-31T12:35:18.110+0000] {dag.py:2690} INFO - Sync 1 DAGs
[2025-03-31T12:35:18.125+0000] {logging_mixin.py:137} INFO - [2025-03-31T12:35:18.125+0000] {dag.py:3441} INFO - Setting next_dagrun for data_ingestion_pipeline to 2023-02-24T00:00:00+00:00, run_after=2023-02-25T00:00:00+00:00
[2025-03-31T12:35:18.137+0000] {processor.py:175} INFO - Processing /opt/airflow/dags/data_pipeline.py took 0.176 seconds
[2025-03-31T12:35:48.165+0000] {processor.py:153} INFO - Started process (PID=932) to work on /opt/airflow/dags/data_pipeline.py
[2025-03-31T12:35:48.166+0000] {processor.py:743} INFO - Processing file /opt/airflow/dags/data_pipeline.py for tasks to queue
[2025-03-31T12:35:48.166+0000] {logging_mixin.py:137} INFO - [2025-03-31T12:35:48.166+0000] {dagbag.py:538} INFO - Filling up the DagBag from /opt/airflow/dags/data_pipeline.py
[2025-03-31T12:35:48.301+0000] {processor.py:753} INFO - DAG(s) dict_keys(['data_ingestion_pipeline']) retrieved from /opt/airflow/dags/data_pipeline.py
[2025-03-31T12:35:48.315+0000] {logging_mixin.py:137} INFO - [2025-03-31T12:35:48.315+0000] {dag.py:2690} INFO - Sync 1 DAGs
[2025-03-31T12:35:48.333+0000] {logging_mixin.py:137} INFO - [2025-03-31T12:35:48.333+0000] {dag.py:3441} INFO - Setting next_dagrun for data_ingestion_pipeline to 2023-03-10T00:00:00+00:00, run_after=2023-03-11T00:00:00+00:00
[2025-03-31T12:35:48.343+0000] {processor.py:175} INFO - Processing /opt/airflow/dags/data_pipeline.py took 0.180 seconds
[2025-03-31T12:36:18.551+0000] {processor.py:153} INFO - Started process (PID=1105) to work on /opt/airflow/dags/data_pipeline.py
[2025-03-31T12:36:18.553+0000] {processor.py:743} INFO - Processing file /opt/airflow/dags/data_pipeline.py for tasks to queue
[2025-03-31T12:36:18.555+0000] {logging_mixin.py:137} INFO - [2025-03-31T12:36:18.555+0000] {dagbag.py:538} INFO - Filling up the DagBag from /opt/airflow/dags/data_pipeline.py
[2025-03-31T12:36:18.703+0000] {processor.py:753} INFO - DAG(s) dict_keys(['data_ingestion_pipeline']) retrieved from /opt/airflow/dags/data_pipeline.py
[2025-03-31T12:36:18.717+0000] {logging_mixin.py:137} INFO - [2025-03-31T12:36:18.716+0000] {dag.py:2690} INFO - Sync 1 DAGs
[2025-03-31T12:36:18.730+0000] {logging_mixin.py:137} INFO - [2025-03-31T12:36:18.730+0000] {dag.py:3441} INFO - Setting next_dagrun for data_ingestion_pipeline to 2023-03-24T00:00:00+00:00, run_after=2023-03-25T00:00:00+00:00
[2025-03-31T12:36:18.739+0000] {processor.py:175} INFO - Processing /opt/airflow/dags/data_pipeline.py took 0.191 seconds
[2025-03-31T12:36:48.940+0000] {processor.py:153} INFO - Started process (PID=1280) to work on /opt/airflow/dags/data_pipeline.py
[2025-03-31T12:36:48.940+0000] {processor.py:743} INFO - Processing file /opt/airflow/dags/data_pipeline.py for tasks to queue
[2025-03-31T12:36:48.941+0000] {logging_mixin.py:137} INFO - [2025-03-31T12:36:48.941+0000] {dagbag.py:538} INFO - Filling up the DagBag from /opt/airflow/dags/data_pipeline.py
[2025-03-31T12:36:49.075+0000] {processor.py:753} INFO - DAG(s) dict_keys(['data_ingestion_pipeline']) retrieved from /opt/airflow/dags/data_pipeline.py
[2025-03-31T12:36:49.089+0000] {logging_mixin.py:137} INFO - [2025-03-31T12:36:49.089+0000] {dag.py:2690} INFO - Sync 1 DAGs
[2025-03-31T12:36:49.104+0000] {logging_mixin.py:137} INFO - [2025-03-31T12:36:49.104+0000] {dag.py:3441} INFO - Setting next_dagrun for data_ingestion_pipeline to 2023-04-08T00:00:00+00:00, run_after=2023-04-09T00:00:00+00:00
[2025-03-31T12:36:49.116+0000] {processor.py:175} INFO - Processing /opt/airflow/dags/data_pipeline.py took 0.178 seconds
[2025-03-31T12:37:19.297+0000] {processor.py:153} INFO - Started process (PID=1460) to work on /opt/airflow/dags/data_pipeline.py
[2025-03-31T12:37:19.300+0000] {processor.py:743} INFO - Processing file /opt/airflow/dags/data_pipeline.py for tasks to queue
[2025-03-31T12:37:19.304+0000] {logging_mixin.py:137} INFO - [2025-03-31T12:37:19.304+0000] {dagbag.py:538} INFO - Filling up the DagBag from /opt/airflow/dags/data_pipeline.py
[2025-03-31T12:37:19.435+0000] {processor.py:753} INFO - DAG(s) dict_keys(['data_ingestion_pipeline']) retrieved from /opt/airflow/dags/data_pipeline.py
[2025-03-31T12:37:19.448+0000] {logging_mixin.py:137} INFO - [2025-03-31T12:37:19.448+0000] {dag.py:2690} INFO - Sync 1 DAGs
[2025-03-31T12:37:19.462+0000] {logging_mixin.py:137} INFO - [2025-03-31T12:37:19.462+0000] {dag.py:3441} INFO - Setting next_dagrun for data_ingestion_pipeline to 2023-04-22T00:00:00+00:00, run_after=2023-04-23T00:00:00+00:00
[2025-03-31T12:37:19.472+0000] {processor.py:175} INFO - Processing /opt/airflow/dags/data_pipeline.py took 0.177 seconds
[2025-03-31T12:37:49.801+0000] {processor.py:153} INFO - Started process (PID=1501) to work on /opt/airflow/dags/data_pipeline.py
[2025-03-31T12:37:49.803+0000] {processor.py:743} INFO - Processing file /opt/airflow/dags/data_pipeline.py for tasks to queue
[2025-03-31T12:37:49.803+0000] {logging_mixin.py:137} INFO - [2025-03-31T12:37:49.803+0000] {dagbag.py:538} INFO - Filling up the DagBag from /opt/airflow/dags/data_pipeline.py
[2025-03-31T12:37:49.964+0000] {processor.py:753} INFO - DAG(s) dict_keys(['data_ingestion_pipeline']) retrieved from /opt/airflow/dags/data_pipeline.py
[2025-03-31T12:37:49.986+0000] {logging_mixin.py:137} INFO - [2025-03-31T12:37:49.985+0000] {dag.py:2690} INFO - Sync 1 DAGs
[2025-03-31T12:37:50.013+0000] {logging_mixin.py:137} INFO - [2025-03-31T12:37:50.013+0000] {dag.py:3441} INFO - Setting next_dagrun for data_ingestion_pipeline to 2023-04-25T00:00:00+00:00, run_after=2023-04-26T00:00:00+00:00
[2025-03-31T12:37:50.026+0000] {processor.py:175} INFO - Processing /opt/airflow/dags/data_pipeline.py took 0.228 seconds
[2025-03-31T12:38:20.319+0000] {processor.py:153} INFO - Started process (PID=1505) to work on /opt/airflow/dags/data_pipeline.py
[2025-03-31T12:38:20.320+0000] {processor.py:743} INFO - Processing file /opt/airflow/dags/data_pipeline.py for tasks to queue
[2025-03-31T12:38:20.321+0000] {logging_mixin.py:137} INFO - [2025-03-31T12:38:20.321+0000] {dagbag.py:538} INFO - Filling up the DagBag from /opt/airflow/dags/data_pipeline.py
[2025-03-31T12:38:20.475+0000] {processor.py:753} INFO - DAG(s) dict_keys(['data_ingestion_pipeline']) retrieved from /opt/airflow/dags/data_pipeline.py
[2025-03-31T12:38:20.489+0000] {logging_mixin.py:137} INFO - [2025-03-31T12:38:20.488+0000] {dag.py:2690} INFO - Sync 1 DAGs
[2025-03-31T12:38:20.502+0000] {logging_mixin.py:137} INFO - [2025-03-31T12:38:20.502+0000] {dag.py:3441} INFO - Setting next_dagrun for data_ingestion_pipeline to 2023-04-25T00:00:00+00:00, run_after=2023-04-26T00:00:00+00:00
[2025-03-31T12:38:20.511+0000] {processor.py:175} INFO - Processing /opt/airflow/dags/data_pipeline.py took 0.196 seconds
[2025-03-31T12:38:50.848+0000] {processor.py:153} INFO - Started process (PID=1509) to work on /opt/airflow/dags/data_pipeline.py
[2025-03-31T12:38:50.849+0000] {processor.py:743} INFO - Processing file /opt/airflow/dags/data_pipeline.py for tasks to queue
[2025-03-31T12:38:50.850+0000] {logging_mixin.py:137} INFO - [2025-03-31T12:38:50.850+0000] {dagbag.py:538} INFO - Filling up the DagBag from /opt/airflow/dags/data_pipeline.py
[2025-03-31T12:38:50.990+0000] {processor.py:753} INFO - DAG(s) dict_keys(['data_ingestion_pipeline']) retrieved from /opt/airflow/dags/data_pipeline.py
[2025-03-31T12:38:51.003+0000] {logging_mixin.py:137} INFO - [2025-03-31T12:38:51.002+0000] {dag.py:2690} INFO - Sync 1 DAGs
[2025-03-31T12:38:51.015+0000] {logging_mixin.py:137} INFO - [2025-03-31T12:38:51.015+0000] {dag.py:3441} INFO - Setting next_dagrun for data_ingestion_pipeline to 2023-04-25T00:00:00+00:00, run_after=2023-04-26T00:00:00+00:00
[2025-03-31T12:38:51.024+0000] {processor.py:175} INFO - Processing /opt/airflow/dags/data_pipeline.py took 0.181 seconds
[2025-03-31T12:39:21.384+0000] {processor.py:153} INFO - Started process (PID=1513) to work on /opt/airflow/dags/data_pipeline.py
[2025-03-31T12:39:21.385+0000] {processor.py:743} INFO - Processing file /opt/airflow/dags/data_pipeline.py for tasks to queue
[2025-03-31T12:39:21.386+0000] {logging_mixin.py:137} INFO - [2025-03-31T12:39:21.386+0000] {dagbag.py:538} INFO - Filling up the DagBag from /opt/airflow/dags/data_pipeline.py
[2025-03-31T12:39:21.512+0000] {processor.py:753} INFO - DAG(s) dict_keys(['data_ingestion_pipeline']) retrieved from /opt/airflow/dags/data_pipeline.py
[2025-03-31T12:39:21.524+0000] {logging_mixin.py:137} INFO - [2025-03-31T12:39:21.524+0000] {dag.py:2690} INFO - Sync 1 DAGs
[2025-03-31T12:39:21.536+0000] {logging_mixin.py:137} INFO - [2025-03-31T12:39:21.536+0000] {dag.py:3441} INFO - Setting next_dagrun for data_ingestion_pipeline to 2023-04-25T00:00:00+00:00, run_after=2023-04-26T00:00:00+00:00
[2025-03-31T12:39:21.545+0000] {processor.py:175} INFO - Processing /opt/airflow/dags/data_pipeline.py took 0.166 seconds
[2025-03-31T12:39:51.901+0000] {processor.py:153} INFO - Started process (PID=1517) to work on /opt/airflow/dags/data_pipeline.py
[2025-03-31T12:39:51.902+0000] {processor.py:743} INFO - Processing file /opt/airflow/dags/data_pipeline.py for tasks to queue
[2025-03-31T12:39:51.903+0000] {logging_mixin.py:137} INFO - [2025-03-31T12:39:51.903+0000] {dagbag.py:538} INFO - Filling up the DagBag from /opt/airflow/dags/data_pipeline.py
[2025-03-31T12:39:52.028+0000] {processor.py:753} INFO - DAG(s) dict_keys(['data_ingestion_pipeline']) retrieved from /opt/airflow/dags/data_pipeline.py
[2025-03-31T12:39:52.040+0000] {logging_mixin.py:137} INFO - [2025-03-31T12:39:52.040+0000] {dag.py:2690} INFO - Sync 1 DAGs
[2025-03-31T12:39:52.052+0000] {logging_mixin.py:137} INFO - [2025-03-31T12:39:52.052+0000] {dag.py:3441} INFO - Setting next_dagrun for data_ingestion_pipeline to 2023-04-25T00:00:00+00:00, run_after=2023-04-26T00:00:00+00:00
[2025-03-31T12:39:52.061+0000] {processor.py:175} INFO - Processing /opt/airflow/dags/data_pipeline.py took 0.163 seconds
[2025-03-31T12:40:22.293+0000] {processor.py:153} INFO - Started process (PID=1521) to work on /opt/airflow/dags/data_pipeline.py
[2025-03-31T12:40:22.294+0000] {processor.py:743} INFO - Processing file /opt/airflow/dags/data_pipeline.py for tasks to queue
[2025-03-31T12:40:22.295+0000] {logging_mixin.py:137} INFO - [2025-03-31T12:40:22.295+0000] {dagbag.py:538} INFO - Filling up the DagBag from /opt/airflow/dags/data_pipeline.py
[2025-03-31T12:40:22.427+0000] {processor.py:753} INFO - DAG(s) dict_keys(['data_ingestion_pipeline']) retrieved from /opt/airflow/dags/data_pipeline.py
[2025-03-31T12:40:22.439+0000] {logging_mixin.py:137} INFO - [2025-03-31T12:40:22.439+0000] {dag.py:2690} INFO - Sync 1 DAGs
[2025-03-31T12:40:22.452+0000] {logging_mixin.py:137} INFO - [2025-03-31T12:40:22.452+0000] {dag.py:3441} INFO - Setting next_dagrun for data_ingestion_pipeline to 2023-04-25T00:00:00+00:00, run_after=2023-04-26T00:00:00+00:00
[2025-03-31T12:40:22.461+0000] {processor.py:175} INFO - Processing /opt/airflow/dags/data_pipeline.py took 0.172 seconds
[2025-03-31T12:40:31.467+0000] {processor.py:153} INFO - Started process (PID=1523) to work on /opt/airflow/dags/data_pipeline.py
[2025-03-31T12:40:31.469+0000] {processor.py:743} INFO - Processing file /opt/airflow/dags/data_pipeline.py for tasks to queue
[2025-03-31T12:40:31.470+0000] {logging_mixin.py:137} INFO - [2025-03-31T12:40:31.470+0000] {dagbag.py:538} INFO - Filling up the DagBag from /opt/airflow/dags/data_pipeline.py
[2025-03-31T12:40:31.639+0000] {processor.py:753} INFO - DAG(s) dict_keys(['data_ingestion']) retrieved from /opt/airflow/dags/data_pipeline.py
[2025-03-31T12:40:31.707+0000] {logging_mixin.py:137} INFO - [2025-03-31T12:40:31.707+0000] {manager.py:504} INFO - Created Permission View: can edit on DAG:data_ingestion
[2025-03-31T12:40:31.711+0000] {logging_mixin.py:137} INFO - [2025-03-31T12:40:31.711+0000] {manager.py:504} INFO - Created Permission View: can read on DAG:data_ingestion
[2025-03-31T12:40:31.714+0000] {logging_mixin.py:137} INFO - [2025-03-31T12:40:31.714+0000] {manager.py:504} INFO - Created Permission View: can delete on DAG:data_ingestion
[2025-03-31T12:40:31.714+0000] {logging_mixin.py:137} INFO - [2025-03-31T12:40:31.714+0000] {dag.py:2690} INFO - Sync 1 DAGs
[2025-03-31T12:40:31.722+0000] {logging_mixin.py:137} INFO - [2025-03-31T12:40:31.722+0000] {dag.py:2711} INFO - Creating ORM DAG for data_ingestion
[2025-03-31T12:40:31.730+0000] {logging_mixin.py:137} INFO - [2025-03-31T12:40:31.730+0000] {dag.py:3441} INFO - Setting next_dagrun for data_ingestion to 2025-03-30T00:00:00+00:00, run_after=2025-03-31T00:00:00+00:00
[2025-03-31T12:40:31.740+0000] {processor.py:175} INFO - Processing /opt/airflow/dags/data_pipeline.py took 0.278 seconds
[2025-03-31T12:42:09.042+0000] {processor.py:153} INFO - Started process (PID=41) to work on /opt/airflow/dags/data_pipeline.py
[2025-03-31T12:42:09.045+0000] {processor.py:743} INFO - Processing file /opt/airflow/dags/data_pipeline.py for tasks to queue
[2025-03-31T12:42:09.045+0000] {logging_mixin.py:137} INFO - [2025-03-31T12:42:09.045+0000] {dagbag.py:538} INFO - Filling up the DagBag from /opt/airflow/dags/data_pipeline.py
[2025-03-31T12:42:09.515+0000] {processor.py:753} INFO - DAG(s) dict_keys(['data_ingestion']) retrieved from /opt/airflow/dags/data_pipeline.py
[2025-03-31T12:42:09.618+0000] {logging_mixin.py:137} INFO - [2025-03-31T12:42:09.618+0000] {manager.py:504} INFO - Created Permission View: can read on DAG:data_ingestion
[2025-03-31T12:42:09.623+0000] {logging_mixin.py:137} INFO - [2025-03-31T12:42:09.623+0000] {manager.py:504} INFO - Created Permission View: can delete on DAG:data_ingestion
[2025-03-31T12:42:09.629+0000] {logging_mixin.py:137} INFO - [2025-03-31T12:42:09.629+0000] {manager.py:504} INFO - Created Permission View: can edit on DAG:data_ingestion
[2025-03-31T12:42:09.630+0000] {logging_mixin.py:137} INFO - [2025-03-31T12:42:09.630+0000] {dag.py:2690} INFO - Sync 1 DAGs
[2025-03-31T12:42:09.637+0000] {logging_mixin.py:137} INFO - [2025-03-31T12:42:09.637+0000] {dag.py:2711} INFO - Creating ORM DAG for data_ingestion
[2025-03-31T12:42:09.644+0000] {logging_mixin.py:137} INFO - [2025-03-31T12:42:09.644+0000] {dag.py:3441} INFO - Setting next_dagrun for data_ingestion to 2025-03-30T00:00:00+00:00, run_after=2025-03-31T00:00:00+00:00
[2025-03-31T12:42:09.659+0000] {processor.py:175} INFO - Processing /opt/airflow/dags/data_pipeline.py took 0.620 seconds
[2025-03-31T12:42:39.979+0000] {processor.py:153} INFO - Started process (PID=81) to work on /opt/airflow/dags/data_pipeline.py
[2025-03-31T12:42:39.980+0000] {processor.py:743} INFO - Processing file /opt/airflow/dags/data_pipeline.py for tasks to queue
[2025-03-31T12:42:39.981+0000] {logging_mixin.py:137} INFO - [2025-03-31T12:42:39.981+0000] {dagbag.py:538} INFO - Filling up the DagBag from /opt/airflow/dags/data_pipeline.py
[2025-03-31T12:42:40.134+0000] {processor.py:753} INFO - DAG(s) dict_keys(['data_ingestion']) retrieved from /opt/airflow/dags/data_pipeline.py
[2025-03-31T12:42:40.149+0000] {logging_mixin.py:137} INFO - [2025-03-31T12:42:40.149+0000] {dag.py:2690} INFO - Sync 1 DAGs
[2025-03-31T12:42:40.163+0000] {logging_mixin.py:137} INFO - [2025-03-31T12:42:40.163+0000] {dag.py:3441} INFO - Setting next_dagrun for data_ingestion to 2025-03-30T00:00:00+00:00, run_after=2025-03-31T00:00:00+00:00
[2025-03-31T12:42:40.175+0000] {processor.py:175} INFO - Processing /opt/airflow/dags/data_pipeline.py took 0.201 seconds
[2025-03-31T12:43:10.504+0000] {processor.py:153} INFO - Started process (PID=85) to work on /opt/airflow/dags/data_pipeline.py
[2025-03-31T12:43:10.506+0000] {processor.py:743} INFO - Processing file /opt/airflow/dags/data_pipeline.py for tasks to queue
[2025-03-31T12:43:10.507+0000] {logging_mixin.py:137} INFO - [2025-03-31T12:43:10.507+0000] {dagbag.py:538} INFO - Filling up the DagBag from /opt/airflow/dags/data_pipeline.py
[2025-03-31T12:43:10.663+0000] {processor.py:753} INFO - DAG(s) dict_keys(['data_ingestion']) retrieved from /opt/airflow/dags/data_pipeline.py
[2025-03-31T12:43:10.680+0000] {logging_mixin.py:137} INFO - [2025-03-31T12:43:10.680+0000] {dag.py:2690} INFO - Sync 1 DAGs
[2025-03-31T12:43:10.695+0000] {logging_mixin.py:137} INFO - [2025-03-31T12:43:10.695+0000] {dag.py:3441} INFO - Setting next_dagrun for data_ingestion to 2025-03-30T00:00:00+00:00, run_after=2025-03-31T00:00:00+00:00
[2025-03-31T12:43:10.706+0000] {processor.py:175} INFO - Processing /opt/airflow/dags/data_pipeline.py took 0.208 seconds
[2025-03-31T12:43:41.016+0000] {processor.py:153} INFO - Started process (PID=89) to work on /opt/airflow/dags/data_pipeline.py
[2025-03-31T12:43:41.017+0000] {processor.py:743} INFO - Processing file /opt/airflow/dags/data_pipeline.py for tasks to queue
[2025-03-31T12:43:41.017+0000] {logging_mixin.py:137} INFO - [2025-03-31T12:43:41.017+0000] {dagbag.py:538} INFO - Filling up the DagBag from /opt/airflow/dags/data_pipeline.py
[2025-03-31T12:43:41.149+0000] {processor.py:753} INFO - DAG(s) dict_keys(['data_ingestion']) retrieved from /opt/airflow/dags/data_pipeline.py
[2025-03-31T12:43:41.163+0000] {logging_mixin.py:137} INFO - [2025-03-31T12:43:41.163+0000] {dag.py:2690} INFO - Sync 1 DAGs
[2025-03-31T12:43:41.176+0000] {logging_mixin.py:137} INFO - [2025-03-31T12:43:41.176+0000] {dag.py:3441} INFO - Setting next_dagrun for data_ingestion to 2025-03-30T00:00:00+00:00, run_after=2025-03-31T00:00:00+00:00
[2025-03-31T12:43:41.189+0000] {processor.py:175} INFO - Processing /opt/airflow/dags/data_pipeline.py took 0.179 seconds
[2025-03-31T12:44:11.517+0000] {processor.py:153} INFO - Started process (PID=93) to work on /opt/airflow/dags/data_pipeline.py
[2025-03-31T12:44:11.519+0000] {processor.py:743} INFO - Processing file /opt/airflow/dags/data_pipeline.py for tasks to queue
[2025-03-31T12:44:11.519+0000] {logging_mixin.py:137} INFO - [2025-03-31T12:44:11.519+0000] {dagbag.py:538} INFO - Filling up the DagBag from /opt/airflow/dags/data_pipeline.py
[2025-03-31T12:44:11.648+0000] {processor.py:753} INFO - DAG(s) dict_keys(['data_ingestion']) retrieved from /opt/airflow/dags/data_pipeline.py
[2025-03-31T12:44:11.660+0000] {logging_mixin.py:137} INFO - [2025-03-31T12:44:11.660+0000] {dag.py:2690} INFO - Sync 1 DAGs
[2025-03-31T12:44:11.673+0000] {logging_mixin.py:137} INFO - [2025-03-31T12:44:11.673+0000] {dag.py:3441} INFO - Setting next_dagrun for data_ingestion to 2025-03-30T00:00:00+00:00, run_after=2025-03-31T00:00:00+00:00
[2025-03-31T12:44:11.690+0000] {processor.py:175} INFO - Processing /opt/airflow/dags/data_pipeline.py took 0.177 seconds
[2025-03-31T12:44:42.085+0000] {processor.py:153} INFO - Started process (PID=97) to work on /opt/airflow/dags/data_pipeline.py
[2025-03-31T12:44:42.086+0000] {processor.py:743} INFO - Processing file /opt/airflow/dags/data_pipeline.py for tasks to queue
[2025-03-31T12:44:42.087+0000] {logging_mixin.py:137} INFO - [2025-03-31T12:44:42.087+0000] {dagbag.py:538} INFO - Filling up the DagBag from /opt/airflow/dags/data_pipeline.py
[2025-03-31T12:44:42.232+0000] {processor.py:753} INFO - DAG(s) dict_keys(['data_ingestion']) retrieved from /opt/airflow/dags/data_pipeline.py
[2025-03-31T12:44:42.246+0000] {logging_mixin.py:137} INFO - [2025-03-31T12:44:42.246+0000] {dag.py:2690} INFO - Sync 1 DAGs
[2025-03-31T12:44:42.260+0000] {logging_mixin.py:137} INFO - [2025-03-31T12:44:42.260+0000] {dag.py:3441} INFO - Setting next_dagrun for data_ingestion to 2025-03-30T00:00:00+00:00, run_after=2025-03-31T00:00:00+00:00
[2025-03-31T12:44:42.270+0000] {processor.py:175} INFO - Processing /opt/airflow/dags/data_pipeline.py took 0.189 seconds
[2025-03-31T12:45:12.453+0000] {processor.py:153} INFO - Started process (PID=101) to work on /opt/airflow/dags/data_pipeline.py
[2025-03-31T12:45:12.454+0000] {processor.py:743} INFO - Processing file /opt/airflow/dags/data_pipeline.py for tasks to queue
[2025-03-31T12:45:12.454+0000] {logging_mixin.py:137} INFO - [2025-03-31T12:45:12.454+0000] {dagbag.py:538} INFO - Filling up the DagBag from /opt/airflow/dags/data_pipeline.py
[2025-03-31T12:45:12.587+0000] {processor.py:753} INFO - DAG(s) dict_keys(['data_ingestion']) retrieved from /opt/airflow/dags/data_pipeline.py
[2025-03-31T12:45:12.600+0000] {logging_mixin.py:137} INFO - [2025-03-31T12:45:12.600+0000] {dag.py:2690} INFO - Sync 1 DAGs
[2025-03-31T12:45:12.613+0000] {logging_mixin.py:137} INFO - [2025-03-31T12:45:12.613+0000] {dag.py:3441} INFO - Setting next_dagrun for data_ingestion to 2025-03-30T00:00:00+00:00, run_after=2025-03-31T00:00:00+00:00
[2025-03-31T12:45:12.622+0000] {processor.py:175} INFO - Processing /opt/airflow/dags/data_pipeline.py took 0.174 seconds
[2025-03-31T12:45:42.891+0000] {processor.py:153} INFO - Started process (PID=105) to work on /opt/airflow/dags/data_pipeline.py
[2025-03-31T12:45:42.892+0000] {processor.py:743} INFO - Processing file /opt/airflow/dags/data_pipeline.py for tasks to queue
[2025-03-31T12:45:42.893+0000] {logging_mixin.py:137} INFO - [2025-03-31T12:45:42.893+0000] {dagbag.py:538} INFO - Filling up the DagBag from /opt/airflow/dags/data_pipeline.py
[2025-03-31T12:45:43.050+0000] {processor.py:753} INFO - DAG(s) dict_keys(['data_ingestion']) retrieved from /opt/airflow/dags/data_pipeline.py
[2025-03-31T12:45:43.065+0000] {logging_mixin.py:137} INFO - [2025-03-31T12:45:43.065+0000] {dag.py:2690} INFO - Sync 1 DAGs
[2025-03-31T12:45:43.081+0000] {logging_mixin.py:137} INFO - [2025-03-31T12:45:43.081+0000] {dag.py:3441} INFO - Setting next_dagrun for data_ingestion to 2025-03-30T00:00:00+00:00, run_after=2025-03-31T00:00:00+00:00
[2025-03-31T12:45:43.092+0000] {processor.py:175} INFO - Processing /opt/airflow/dags/data_pipeline.py took 0.205 seconds
[2025-03-31T12:46:13.260+0000] {processor.py:153} INFO - Started process (PID=109) to work on /opt/airflow/dags/data_pipeline.py
[2025-03-31T12:46:13.260+0000] {processor.py:743} INFO - Processing file /opt/airflow/dags/data_pipeline.py for tasks to queue
[2025-03-31T12:46:13.261+0000] {logging_mixin.py:137} INFO - [2025-03-31T12:46:13.261+0000] {dagbag.py:538} INFO - Filling up the DagBag from /opt/airflow/dags/data_pipeline.py
[2025-03-31T12:46:13.381+0000] {processor.py:753} INFO - DAG(s) dict_keys(['data_ingestion']) retrieved from /opt/airflow/dags/data_pipeline.py
[2025-03-31T12:46:13.393+0000] {logging_mixin.py:137} INFO - [2025-03-31T12:46:13.393+0000] {dag.py:2690} INFO - Sync 1 DAGs
[2025-03-31T12:46:13.404+0000] {logging_mixin.py:137} INFO - [2025-03-31T12:46:13.404+0000] {dag.py:3441} INFO - Setting next_dagrun for data_ingestion to 2025-03-30T00:00:00+00:00, run_after=2025-03-31T00:00:00+00:00
[2025-03-31T12:46:13.414+0000] {processor.py:175} INFO - Processing /opt/airflow/dags/data_pipeline.py took 0.157 seconds
[2025-03-31T12:46:43.749+0000] {processor.py:153} INFO - Started process (PID=115) to work on /opt/airflow/dags/data_pipeline.py
[2025-03-31T12:46:43.750+0000] {processor.py:743} INFO - Processing file /opt/airflow/dags/data_pipeline.py for tasks to queue
[2025-03-31T12:46:43.751+0000] {logging_mixin.py:137} INFO - [2025-03-31T12:46:43.751+0000] {dagbag.py:538} INFO - Filling up the DagBag from /opt/airflow/dags/data_pipeline.py
[2025-03-31T12:46:43.891+0000] {processor.py:753} INFO - DAG(s) dict_keys(['data_ingestion']) retrieved from /opt/airflow/dags/data_pipeline.py
[2025-03-31T12:46:43.904+0000] {logging_mixin.py:137} INFO - [2025-03-31T12:46:43.904+0000] {dag.py:2690} INFO - Sync 1 DAGs
[2025-03-31T12:46:43.917+0000] {logging_mixin.py:137} INFO - [2025-03-31T12:46:43.917+0000] {dag.py:3441} INFO - Setting next_dagrun for data_ingestion to 2025-03-30T00:00:00+00:00, run_after=2025-03-31T00:00:00+00:00
[2025-03-31T12:46:43.930+0000] {processor.py:175} INFO - Processing /opt/airflow/dags/data_pipeline.py took 0.186 seconds
[2025-03-31T12:47:14.276+0000] {processor.py:153} INFO - Started process (PID=181) to work on /opt/airflow/dags/data_pipeline.py
[2025-03-31T12:47:14.278+0000] {processor.py:743} INFO - Processing file /opt/airflow/dags/data_pipeline.py for tasks to queue
[2025-03-31T12:47:14.278+0000] {logging_mixin.py:137} INFO - [2025-03-31T12:47:14.278+0000] {dagbag.py:538} INFO - Filling up the DagBag from /opt/airflow/dags/data_pipeline.py
[2025-03-31T12:47:14.436+0000] {processor.py:753} INFO - DAG(s) dict_keys(['data_ingestion']) retrieved from /opt/airflow/dags/data_pipeline.py
[2025-03-31T12:47:14.449+0000] {logging_mixin.py:137} INFO - [2025-03-31T12:47:14.449+0000] {dag.py:2690} INFO - Sync 1 DAGs
[2025-03-31T12:47:14.463+0000] {logging_mixin.py:137} INFO - [2025-03-31T12:47:14.462+0000] {dag.py:3441} INFO - Setting next_dagrun for data_ingestion to 2025-03-30T00:00:00+00:00, run_after=2025-03-31T00:00:00+00:00
[2025-03-31T12:47:14.472+0000] {processor.py:175} INFO - Processing /opt/airflow/dags/data_pipeline.py took 0.202 seconds
[2025-03-31T12:47:44.780+0000] {processor.py:153} INFO - Started process (PID=185) to work on /opt/airflow/dags/data_pipeline.py
[2025-03-31T12:47:44.781+0000] {processor.py:743} INFO - Processing file /opt/airflow/dags/data_pipeline.py for tasks to queue
[2025-03-31T12:47:44.782+0000] {logging_mixin.py:137} INFO - [2025-03-31T12:47:44.782+0000] {dagbag.py:538} INFO - Filling up the DagBag from /opt/airflow/dags/data_pipeline.py
[2025-03-31T12:47:44.914+0000] {processor.py:753} INFO - DAG(s) dict_keys(['data_ingestion']) retrieved from /opt/airflow/dags/data_pipeline.py
[2025-03-31T12:47:44.925+0000] {logging_mixin.py:137} INFO - [2025-03-31T12:47:44.925+0000] {dag.py:2690} INFO - Sync 1 DAGs
[2025-03-31T12:47:44.938+0000] {logging_mixin.py:137} INFO - [2025-03-31T12:47:44.937+0000] {dag.py:3441} INFO - Setting next_dagrun for data_ingestion to 2025-03-30T00:00:00+00:00, run_after=2025-03-31T00:00:00+00:00
[2025-03-31T12:47:44.946+0000] {processor.py:175} INFO - Processing /opt/airflow/dags/data_pipeline.py took 0.171 seconds
[2025-03-31T12:48:15.036+0000] {processor.py:153} INFO - Started process (PID=189) to work on /opt/airflow/dags/data_pipeline.py
[2025-03-31T12:48:15.037+0000] {processor.py:743} INFO - Processing file /opt/airflow/dags/data_pipeline.py for tasks to queue
[2025-03-31T12:48:15.038+0000] {logging_mixin.py:137} INFO - [2025-03-31T12:48:15.038+0000] {dagbag.py:538} INFO - Filling up the DagBag from /opt/airflow/dags/data_pipeline.py
[2025-03-31T12:48:15.158+0000] {processor.py:753} INFO - DAG(s) dict_keys(['data_ingestion']) retrieved from /opt/airflow/dags/data_pipeline.py
[2025-03-31T12:48:15.169+0000] {logging_mixin.py:137} INFO - [2025-03-31T12:48:15.169+0000] {dag.py:2690} INFO - Sync 1 DAGs
[2025-03-31T12:48:15.181+0000] {logging_mixin.py:137} INFO - [2025-03-31T12:48:15.181+0000] {dag.py:3441} INFO - Setting next_dagrun for data_ingestion to 2025-03-30T00:00:00+00:00, run_after=2025-03-31T00:00:00+00:00
[2025-03-31T12:48:15.190+0000] {processor.py:175} INFO - Processing /opt/airflow/dags/data_pipeline.py took 0.159 seconds
[2025-03-31T12:48:45.362+0000] {processor.py:153} INFO - Started process (PID=193) to work on /opt/airflow/dags/data_pipeline.py
[2025-03-31T12:48:45.363+0000] {processor.py:743} INFO - Processing file /opt/airflow/dags/data_pipeline.py for tasks to queue
[2025-03-31T12:48:45.364+0000] {logging_mixin.py:137} INFO - [2025-03-31T12:48:45.364+0000] {dagbag.py:538} INFO - Filling up the DagBag from /opt/airflow/dags/data_pipeline.py
[2025-03-31T12:48:45.494+0000] {processor.py:753} INFO - DAG(s) dict_keys(['data_ingestion']) retrieved from /opt/airflow/dags/data_pipeline.py
[2025-03-31T12:48:45.506+0000] {logging_mixin.py:137} INFO - [2025-03-31T12:48:45.506+0000] {dag.py:2690} INFO - Sync 1 DAGs
[2025-03-31T12:48:45.517+0000] {logging_mixin.py:137} INFO - [2025-03-31T12:48:45.517+0000] {dag.py:3441} INFO - Setting next_dagrun for data_ingestion to 2025-03-30T00:00:00+00:00, run_after=2025-03-31T00:00:00+00:00
[2025-03-31T12:48:45.526+0000] {processor.py:175} INFO - Processing /opt/airflow/dags/data_pipeline.py took 0.168 seconds
[2025-03-31T12:49:15.699+0000] {processor.py:153} INFO - Started process (PID=197) to work on /opt/airflow/dags/data_pipeline.py
[2025-03-31T12:49:15.700+0000] {processor.py:743} INFO - Processing file /opt/airflow/dags/data_pipeline.py for tasks to queue
[2025-03-31T12:49:15.700+0000] {logging_mixin.py:137} INFO - [2025-03-31T12:49:15.700+0000] {dagbag.py:538} INFO - Filling up the DagBag from /opt/airflow/dags/data_pipeline.py
[2025-03-31T12:49:15.828+0000] {processor.py:753} INFO - DAG(s) dict_keys(['data_ingestion']) retrieved from /opt/airflow/dags/data_pipeline.py
[2025-03-31T12:49:15.839+0000] {logging_mixin.py:137} INFO - [2025-03-31T12:49:15.839+0000] {dag.py:2690} INFO - Sync 1 DAGs
[2025-03-31T12:49:15.851+0000] {logging_mixin.py:137} INFO - [2025-03-31T12:49:15.851+0000] {dag.py:3441} INFO - Setting next_dagrun for data_ingestion to 2025-03-30T00:00:00+00:00, run_after=2025-03-31T00:00:00+00:00
[2025-03-31T12:49:15.859+0000] {processor.py:175} INFO - Processing /opt/airflow/dags/data_pipeline.py took 0.165 seconds
[2025-03-31T12:49:45.998+0000] {processor.py:153} INFO - Started process (PID=201) to work on /opt/airflow/dags/data_pipeline.py
[2025-03-31T12:49:45.999+0000] {processor.py:743} INFO - Processing file /opt/airflow/dags/data_pipeline.py for tasks to queue
[2025-03-31T12:49:46.000+0000] {logging_mixin.py:137} INFO - [2025-03-31T12:49:46.000+0000] {dagbag.py:538} INFO - Filling up the DagBag from /opt/airflow/dags/data_pipeline.py
[2025-03-31T12:49:46.130+0000] {processor.py:753} INFO - DAG(s) dict_keys(['data_ingestion']) retrieved from /opt/airflow/dags/data_pipeline.py
[2025-03-31T12:49:46.142+0000] {logging_mixin.py:137} INFO - [2025-03-31T12:49:46.142+0000] {dag.py:2690} INFO - Sync 1 DAGs
[2025-03-31T12:49:46.156+0000] {logging_mixin.py:137} INFO - [2025-03-31T12:49:46.156+0000] {dag.py:3441} INFO - Setting next_dagrun for data_ingestion to 2025-03-30T00:00:00+00:00, run_after=2025-03-31T00:00:00+00:00
[2025-03-31T12:49:46.166+0000] {processor.py:175} INFO - Processing /opt/airflow/dags/data_pipeline.py took 0.171 seconds
[2025-03-31T12:50:16.523+0000] {processor.py:153} INFO - Started process (PID=205) to work on /opt/airflow/dags/data_pipeline.py
[2025-03-31T12:50:16.524+0000] {processor.py:743} INFO - Processing file /opt/airflow/dags/data_pipeline.py for tasks to queue
[2025-03-31T12:50:16.525+0000] {logging_mixin.py:137} INFO - [2025-03-31T12:50:16.525+0000] {dagbag.py:538} INFO - Filling up the DagBag from /opt/airflow/dags/data_pipeline.py
[2025-03-31T12:50:16.649+0000] {processor.py:753} INFO - DAG(s) dict_keys(['data_ingestion']) retrieved from /opt/airflow/dags/data_pipeline.py
[2025-03-31T12:50:16.660+0000] {logging_mixin.py:137} INFO - [2025-03-31T12:50:16.660+0000] {dag.py:2690} INFO - Sync 1 DAGs
[2025-03-31T12:50:16.673+0000] {logging_mixin.py:137} INFO - [2025-03-31T12:50:16.672+0000] {dag.py:3441} INFO - Setting next_dagrun for data_ingestion to 2025-03-30T00:00:00+00:00, run_after=2025-03-31T00:00:00+00:00
[2025-03-31T12:50:16.681+0000] {processor.py:175} INFO - Processing /opt/airflow/dags/data_pipeline.py took 0.162 seconds
[2025-03-31T12:50:46.871+0000] {processor.py:153} INFO - Started process (PID=209) to work on /opt/airflow/dags/data_pipeline.py
[2025-03-31T12:50:46.873+0000] {processor.py:743} INFO - Processing file /opt/airflow/dags/data_pipeline.py for tasks to queue
[2025-03-31T12:50:46.873+0000] {logging_mixin.py:137} INFO - [2025-03-31T12:50:46.873+0000] {dagbag.py:538} INFO - Filling up the DagBag from /opt/airflow/dags/data_pipeline.py
[2025-03-31T12:50:46.997+0000] {processor.py:753} INFO - DAG(s) dict_keys(['data_ingestion']) retrieved from /opt/airflow/dags/data_pipeline.py
[2025-03-31T12:50:47.009+0000] {logging_mixin.py:137} INFO - [2025-03-31T12:50:47.009+0000] {dag.py:2690} INFO - Sync 1 DAGs
[2025-03-31T12:50:47.021+0000] {logging_mixin.py:137} INFO - [2025-03-31T12:50:47.021+0000] {dag.py:3441} INFO - Setting next_dagrun for data_ingestion to 2025-03-30T00:00:00+00:00, run_after=2025-03-31T00:00:00+00:00
[2025-03-31T12:50:47.030+0000] {processor.py:175} INFO - Processing /opt/airflow/dags/data_pipeline.py took 0.164 seconds
[2025-03-31T12:51:17.359+0000] {processor.py:153} INFO - Started process (PID=213) to work on /opt/airflow/dags/data_pipeline.py
[2025-03-31T12:51:17.360+0000] {processor.py:743} INFO - Processing file /opt/airflow/dags/data_pipeline.py for tasks to queue
[2025-03-31T12:51:17.361+0000] {logging_mixin.py:137} INFO - [2025-03-31T12:51:17.361+0000] {dagbag.py:538} INFO - Filling up the DagBag from /opt/airflow/dags/data_pipeline.py
[2025-03-31T12:51:17.506+0000] {processor.py:753} INFO - DAG(s) dict_keys(['data_ingestion']) retrieved from /opt/airflow/dags/data_pipeline.py
[2025-03-31T12:51:17.518+0000] {logging_mixin.py:137} INFO - [2025-03-31T12:51:17.518+0000] {dag.py:2690} INFO - Sync 1 DAGs
[2025-03-31T12:51:17.530+0000] {logging_mixin.py:137} INFO - [2025-03-31T12:51:17.530+0000] {dag.py:3441} INFO - Setting next_dagrun for data_ingestion to 2025-03-30T00:00:00+00:00, run_after=2025-03-31T00:00:00+00:00
[2025-03-31T12:51:17.539+0000] {processor.py:175} INFO - Processing /opt/airflow/dags/data_pipeline.py took 0.184 seconds
[2025-03-31T12:51:47.859+0000] {processor.py:153} INFO - Started process (PID=217) to work on /opt/airflow/dags/data_pipeline.py
[2025-03-31T12:51:47.860+0000] {processor.py:743} INFO - Processing file /opt/airflow/dags/data_pipeline.py for tasks to queue
[2025-03-31T12:51:47.861+0000] {logging_mixin.py:137} INFO - [2025-03-31T12:51:47.861+0000] {dagbag.py:538} INFO - Filling up the DagBag from /opt/airflow/dags/data_pipeline.py
[2025-03-31T12:51:47.981+0000] {processor.py:753} INFO - DAG(s) dict_keys(['data_ingestion']) retrieved from /opt/airflow/dags/data_pipeline.py
[2025-03-31T12:51:47.993+0000] {logging_mixin.py:137} INFO - [2025-03-31T12:51:47.993+0000] {dag.py:2690} INFO - Sync 1 DAGs
[2025-03-31T12:51:48.004+0000] {logging_mixin.py:137} INFO - [2025-03-31T12:51:48.004+0000] {dag.py:3441} INFO - Setting next_dagrun for data_ingestion to 2025-03-30T00:00:00+00:00, run_after=2025-03-31T00:00:00+00:00
[2025-03-31T12:51:48.013+0000] {processor.py:175} INFO - Processing /opt/airflow/dags/data_pipeline.py took 0.159 seconds
