[2025-03-31T12:20:16.814+0000] {processor.py:153} INFO - Started process (PID=41) to work on /opt/airflow/dags/data_ingestion.py
[2025-03-31T12:20:16.815+0000] {processor.py:743} INFO - Processing file /opt/airflow/dags/data_ingestion.py for tasks to queue
[2025-03-31T12:20:16.816+0000] {logging_mixin.py:137} INFO - [2025-03-31T12:20:16.816+0000] {dagbag.py:538} INFO - Filling up the DagBag from /opt/airflow/dags/data_ingestion.py
[2025-03-31T12:20:17.267+0000] {processor.py:753} INFO - DAG(s) dict_keys(['data_ingestion']) retrieved from /opt/airflow/dags/data_ingestion.py
[2025-03-31T12:20:17.399+0000] {logging_mixin.py:137} INFO - [2025-03-31T12:20:17.399+0000] {manager.py:504} INFO - Created Permission View: can edit on DAG:data_ingestion
[2025-03-31T12:20:17.409+0000] {logging_mixin.py:137} INFO - [2025-03-31T12:20:17.409+0000] {manager.py:504} INFO - Created Permission View: can delete on DAG:data_ingestion
[2025-03-31T12:20:17.415+0000] {logging_mixin.py:137} INFO - [2025-03-31T12:20:17.415+0000] {manager.py:504} INFO - Created Permission View: can read on DAG:data_ingestion
[2025-03-31T12:20:17.416+0000] {logging_mixin.py:137} INFO - [2025-03-31T12:20:17.415+0000] {dag.py:2690} INFO - Sync 1 DAGs
[2025-03-31T12:20:17.423+0000] {logging_mixin.py:137} INFO - [2025-03-31T12:20:17.423+0000] {dag.py:2711} INFO - Creating ORM DAG for data_ingestion
[2025-03-31T12:20:17.430+0000] {logging_mixin.py:137} INFO - [2025-03-31T12:20:17.430+0000] {dag.py:3441} INFO - Setting next_dagrun for data_ingestion to 2025-03-30T00:00:00+00:00, run_after=2025-03-31T00:00:00+00:00
[2025-03-31T12:20:17.441+0000] {processor.py:175} INFO - Processing /opt/airflow/dags/data_ingestion.py took 0.630 seconds
[2025-03-31T12:20:47.747+0000] {processor.py:153} INFO - Started process (PID=81) to work on /opt/airflow/dags/data_ingestion.py
[2025-03-31T12:20:47.748+0000] {processor.py:743} INFO - Processing file /opt/airflow/dags/data_ingestion.py for tasks to queue
[2025-03-31T12:20:47.749+0000] {logging_mixin.py:137} INFO - [2025-03-31T12:20:47.748+0000] {dagbag.py:538} INFO - Filling up the DagBag from /opt/airflow/dags/data_ingestion.py
[2025-03-31T12:20:47.885+0000] {processor.py:753} INFO - DAG(s) dict_keys(['data_ingestion']) retrieved from /opt/airflow/dags/data_ingestion.py
[2025-03-31T12:20:47.902+0000] {logging_mixin.py:137} INFO - [2025-03-31T12:20:47.902+0000] {dag.py:2690} INFO - Sync 1 DAGs
[2025-03-31T12:20:47.919+0000] {logging_mixin.py:137} INFO - [2025-03-31T12:20:47.919+0000] {dag.py:3441} INFO - Setting next_dagrun for data_ingestion to 2025-03-30T00:00:00+00:00, run_after=2025-03-31T00:00:00+00:00
[2025-03-31T12:20:47.933+0000] {processor.py:175} INFO - Processing /opt/airflow/dags/data_ingestion.py took 0.190 seconds
[2025-03-31T12:21:18.284+0000] {processor.py:153} INFO - Started process (PID=85) to work on /opt/airflow/dags/data_ingestion.py
[2025-03-31T12:21:18.285+0000] {processor.py:743} INFO - Processing file /opt/airflow/dags/data_ingestion.py for tasks to queue
[2025-03-31T12:21:18.286+0000] {logging_mixin.py:137} INFO - [2025-03-31T12:21:18.286+0000] {dagbag.py:538} INFO - Filling up the DagBag from /opt/airflow/dags/data_ingestion.py
[2025-03-31T12:21:18.413+0000] {processor.py:753} INFO - DAG(s) dict_keys(['data_ingestion']) retrieved from /opt/airflow/dags/data_ingestion.py
[2025-03-31T12:21:18.429+0000] {logging_mixin.py:137} INFO - [2025-03-31T12:21:18.429+0000] {dag.py:2690} INFO - Sync 1 DAGs
[2025-03-31T12:21:18.444+0000] {logging_mixin.py:137} INFO - [2025-03-31T12:21:18.444+0000] {dag.py:3441} INFO - Setting next_dagrun for data_ingestion to 2025-03-30T00:00:00+00:00, run_after=2025-03-31T00:00:00+00:00
[2025-03-31T12:21:18.455+0000] {processor.py:175} INFO - Processing /opt/airflow/dags/data_ingestion.py took 0.176 seconds
[2025-03-31T12:21:48.796+0000] {processor.py:153} INFO - Started process (PID=89) to work on /opt/airflow/dags/data_ingestion.py
[2025-03-31T12:21:48.798+0000] {processor.py:743} INFO - Processing file /opt/airflow/dags/data_ingestion.py for tasks to queue
[2025-03-31T12:21:48.799+0000] {logging_mixin.py:137} INFO - [2025-03-31T12:21:48.799+0000] {dagbag.py:538} INFO - Filling up the DagBag from /opt/airflow/dags/data_ingestion.py
[2025-03-31T12:21:48.936+0000] {processor.py:753} INFO - DAG(s) dict_keys(['data_ingestion']) retrieved from /opt/airflow/dags/data_ingestion.py
[2025-03-31T12:21:48.950+0000] {logging_mixin.py:137} INFO - [2025-03-31T12:21:48.950+0000] {dag.py:2690} INFO - Sync 1 DAGs
[2025-03-31T12:21:48.964+0000] {logging_mixin.py:137} INFO - [2025-03-31T12:21:48.964+0000] {dag.py:3441} INFO - Setting next_dagrun for data_ingestion to 2025-03-30T00:00:00+00:00, run_after=2025-03-31T00:00:00+00:00
[2025-03-31T12:21:48.975+0000] {processor.py:175} INFO - Processing /opt/airflow/dags/data_ingestion.py took 0.183 seconds
[2025-03-31T12:22:19.153+0000] {processor.py:153} INFO - Started process (PID=93) to work on /opt/airflow/dags/data_ingestion.py
[2025-03-31T12:22:19.154+0000] {processor.py:743} INFO - Processing file /opt/airflow/dags/data_ingestion.py for tasks to queue
[2025-03-31T12:22:19.154+0000] {logging_mixin.py:137} INFO - [2025-03-31T12:22:19.154+0000] {dagbag.py:538} INFO - Filling up the DagBag from /opt/airflow/dags/data_ingestion.py
[2025-03-31T12:22:19.283+0000] {processor.py:753} INFO - DAG(s) dict_keys(['data_ingestion']) retrieved from /opt/airflow/dags/data_ingestion.py
[2025-03-31T12:22:19.295+0000] {logging_mixin.py:137} INFO - [2025-03-31T12:22:19.295+0000] {dag.py:2690} INFO - Sync 1 DAGs
[2025-03-31T12:22:19.309+0000] {logging_mixin.py:137} INFO - [2025-03-31T12:22:19.309+0000] {dag.py:3441} INFO - Setting next_dagrun for data_ingestion to 2025-03-30T00:00:00+00:00, run_after=2025-03-31T00:00:00+00:00
[2025-03-31T12:22:19.321+0000] {processor.py:175} INFO - Processing /opt/airflow/dags/data_ingestion.py took 0.171 seconds
[2025-03-31T12:22:49.505+0000] {processor.py:153} INFO - Started process (PID=97) to work on /opt/airflow/dags/data_ingestion.py
[2025-03-31T12:22:49.506+0000] {processor.py:743} INFO - Processing file /opt/airflow/dags/data_ingestion.py for tasks to queue
[2025-03-31T12:22:49.507+0000] {logging_mixin.py:137} INFO - [2025-03-31T12:22:49.507+0000] {dagbag.py:538} INFO - Filling up the DagBag from /opt/airflow/dags/data_ingestion.py
[2025-03-31T12:22:49.679+0000] {processor.py:753} INFO - DAG(s) dict_keys(['data_ingestion']) retrieved from /opt/airflow/dags/data_ingestion.py
[2025-03-31T12:22:49.694+0000] {logging_mixin.py:137} INFO - [2025-03-31T12:22:49.694+0000] {dag.py:2690} INFO - Sync 1 DAGs
[2025-03-31T12:22:49.709+0000] {logging_mixin.py:137} INFO - [2025-03-31T12:22:49.708+0000] {dag.py:3441} INFO - Setting next_dagrun for data_ingestion to 2025-03-30T00:00:00+00:00, run_after=2025-03-31T00:00:00+00:00
[2025-03-31T12:22:49.717+0000] {processor.py:175} INFO - Processing /opt/airflow/dags/data_ingestion.py took 0.217 seconds
[2025-03-31T12:23:19.883+0000] {processor.py:153} INFO - Started process (PID=101) to work on /opt/airflow/dags/data_ingestion.py
[2025-03-31T12:23:19.885+0000] {processor.py:743} INFO - Processing file /opt/airflow/dags/data_ingestion.py for tasks to queue
[2025-03-31T12:23:19.885+0000] {logging_mixin.py:137} INFO - [2025-03-31T12:23:19.885+0000] {dagbag.py:538} INFO - Filling up the DagBag from /opt/airflow/dags/data_ingestion.py
[2025-03-31T12:23:20.094+0000] {processor.py:753} INFO - DAG(s) dict_keys(['data_ingestion']) retrieved from /opt/airflow/dags/data_ingestion.py
[2025-03-31T12:23:20.113+0000] {logging_mixin.py:137} INFO - [2025-03-31T12:23:20.113+0000] {dag.py:2690} INFO - Sync 1 DAGs
[2025-03-31T12:23:20.133+0000] {logging_mixin.py:137} INFO - [2025-03-31T12:23:20.132+0000] {dag.py:3441} INFO - Setting next_dagrun for data_ingestion to 2025-03-30T00:00:00+00:00, run_after=2025-03-31T00:00:00+00:00
[2025-03-31T12:23:20.149+0000] {processor.py:175} INFO - Processing /opt/airflow/dags/data_ingestion.py took 0.272 seconds
[2025-03-31T12:23:50.480+0000] {processor.py:153} INFO - Started process (PID=105) to work on /opt/airflow/dags/data_ingestion.py
[2025-03-31T12:23:50.481+0000] {processor.py:743} INFO - Processing file /opt/airflow/dags/data_ingestion.py for tasks to queue
[2025-03-31T12:23:50.482+0000] {logging_mixin.py:137} INFO - [2025-03-31T12:23:50.482+0000] {dagbag.py:538} INFO - Filling up the DagBag from /opt/airflow/dags/data_ingestion.py
[2025-03-31T12:23:50.660+0000] {processor.py:753} INFO - DAG(s) dict_keys(['data_ingestion']) retrieved from /opt/airflow/dags/data_ingestion.py
[2025-03-31T12:23:50.680+0000] {logging_mixin.py:137} INFO - [2025-03-31T12:23:50.680+0000] {dag.py:2690} INFO - Sync 1 DAGs
[2025-03-31T12:23:50.697+0000] {logging_mixin.py:137} INFO - [2025-03-31T12:23:50.697+0000] {dag.py:3441} INFO - Setting next_dagrun for data_ingestion to 2025-03-30T00:00:00+00:00, run_after=2025-03-31T00:00:00+00:00
[2025-03-31T12:23:50.708+0000] {processor.py:175} INFO - Processing /opt/airflow/dags/data_ingestion.py took 0.234 seconds
[2025-03-31T12:24:21.133+0000] {processor.py:153} INFO - Started process (PID=109) to work on /opt/airflow/dags/data_ingestion.py
[2025-03-31T12:24:21.134+0000] {processor.py:743} INFO - Processing file /opt/airflow/dags/data_ingestion.py for tasks to queue
[2025-03-31T12:24:21.136+0000] {logging_mixin.py:137} INFO - [2025-03-31T12:24:21.136+0000] {dagbag.py:538} INFO - Filling up the DagBag from /opt/airflow/dags/data_ingestion.py
[2025-03-31T12:24:21.375+0000] {processor.py:753} INFO - DAG(s) dict_keys(['data_ingestion']) retrieved from /opt/airflow/dags/data_ingestion.py
[2025-03-31T12:24:21.397+0000] {logging_mixin.py:137} INFO - [2025-03-31T12:24:21.397+0000] {dag.py:2690} INFO - Sync 1 DAGs
[2025-03-31T12:24:21.414+0000] {logging_mixin.py:137} INFO - [2025-03-31T12:24:21.414+0000] {dag.py:3441} INFO - Setting next_dagrun for data_ingestion to 2025-03-30T00:00:00+00:00, run_after=2025-03-31T00:00:00+00:00
[2025-03-31T12:24:21.425+0000] {processor.py:175} INFO - Processing /opt/airflow/dags/data_ingestion.py took 0.303 seconds
[2025-03-31T12:24:51.788+0000] {processor.py:153} INFO - Started process (PID=113) to work on /opt/airflow/dags/data_ingestion.py
[2025-03-31T12:24:51.791+0000] {processor.py:743} INFO - Processing file /opt/airflow/dags/data_ingestion.py for tasks to queue
[2025-03-31T12:24:51.793+0000] {logging_mixin.py:137} INFO - [2025-03-31T12:24:51.792+0000] {dagbag.py:538} INFO - Filling up the DagBag from /opt/airflow/dags/data_ingestion.py
[2025-03-31T12:24:51.930+0000] {processor.py:753} INFO - DAG(s) dict_keys(['data_ingestion']) retrieved from /opt/airflow/dags/data_ingestion.py
[2025-03-31T12:24:51.943+0000] {logging_mixin.py:137} INFO - [2025-03-31T12:24:51.943+0000] {dag.py:2690} INFO - Sync 1 DAGs
[2025-03-31T12:24:51.958+0000] {logging_mixin.py:137} INFO - [2025-03-31T12:24:51.958+0000] {dag.py:3441} INFO - Setting next_dagrun for data_ingestion to 2025-03-30T00:00:00+00:00, run_after=2025-03-31T00:00:00+00:00
[2025-03-31T12:24:51.969+0000] {processor.py:175} INFO - Processing /opt/airflow/dags/data_ingestion.py took 0.194 seconds
[2025-03-31T12:27:06.258+0000] {processor.py:153} INFO - Started process (PID=41) to work on /opt/airflow/dags/data_ingestion.py
[2025-03-31T12:27:06.259+0000] {processor.py:743} INFO - Processing file /opt/airflow/dags/data_ingestion.py for tasks to queue
[2025-03-31T12:27:06.259+0000] {logging_mixin.py:137} INFO - [2025-03-31T12:27:06.259+0000] {dagbag.py:538} INFO - Filling up the DagBag from /opt/airflow/dags/data_ingestion.py
[2025-03-31T12:27:06.723+0000] {processor.py:753} INFO - DAG(s) dict_keys(['data_ingestion']) retrieved from /opt/airflow/dags/data_ingestion.py
[2025-03-31T12:27:06.839+0000] {logging_mixin.py:137} INFO - [2025-03-31T12:27:06.839+0000] {manager.py:504} INFO - Created Permission View: can edit on DAG:data_ingestion
[2025-03-31T12:27:06.845+0000] {logging_mixin.py:137} INFO - [2025-03-31T12:27:06.845+0000] {manager.py:504} INFO - Created Permission View: can delete on DAG:data_ingestion
[2025-03-31T12:27:06.849+0000] {logging_mixin.py:137} INFO - [2025-03-31T12:27:06.849+0000] {manager.py:504} INFO - Created Permission View: can read on DAG:data_ingestion
[2025-03-31T12:27:06.850+0000] {logging_mixin.py:137} INFO - [2025-03-31T12:27:06.850+0000] {dag.py:2690} INFO - Sync 1 DAGs
[2025-03-31T12:27:06.860+0000] {logging_mixin.py:137} INFO - [2025-03-31T12:27:06.859+0000] {dag.py:2711} INFO - Creating ORM DAG for data_ingestion
[2025-03-31T12:27:06.867+0000] {logging_mixin.py:137} INFO - [2025-03-31T12:27:06.867+0000] {dag.py:3441} INFO - Setting next_dagrun for data_ingestion to 2025-03-30T00:00:00+00:00, run_after=2025-03-31T00:00:00+00:00
[2025-03-31T12:27:06.883+0000] {processor.py:175} INFO - Processing /opt/airflow/dags/data_ingestion.py took 0.633 seconds
[2025-03-31T12:27:37.192+0000] {processor.py:153} INFO - Started process (PID=81) to work on /opt/airflow/dags/data_ingestion.py
[2025-03-31T12:27:37.193+0000] {processor.py:743} INFO - Processing file /opt/airflow/dags/data_ingestion.py for tasks to queue
[2025-03-31T12:27:37.194+0000] {logging_mixin.py:137} INFO - [2025-03-31T12:27:37.194+0000] {dagbag.py:538} INFO - Filling up the DagBag from /opt/airflow/dags/data_ingestion.py
[2025-03-31T12:27:37.315+0000] {processor.py:753} INFO - DAG(s) dict_keys(['data_ingestion']) retrieved from /opt/airflow/dags/data_ingestion.py
[2025-03-31T12:27:37.331+0000] {logging_mixin.py:137} INFO - [2025-03-31T12:27:37.331+0000] {dag.py:2690} INFO - Sync 1 DAGs
[2025-03-31T12:27:37.344+0000] {logging_mixin.py:137} INFO - [2025-03-31T12:27:37.344+0000] {dag.py:3441} INFO - Setting next_dagrun for data_ingestion to 2025-03-30T00:00:00+00:00, run_after=2025-03-31T00:00:00+00:00
[2025-03-31T12:27:37.356+0000] {processor.py:175} INFO - Processing /opt/airflow/dags/data_ingestion.py took 0.171 seconds
[2025-03-31T12:28:07.695+0000] {processor.py:153} INFO - Started process (PID=85) to work on /opt/airflow/dags/data_ingestion.py
[2025-03-31T12:28:07.696+0000] {processor.py:743} INFO - Processing file /opt/airflow/dags/data_ingestion.py for tasks to queue
[2025-03-31T12:28:07.697+0000] {logging_mixin.py:137} INFO - [2025-03-31T12:28:07.696+0000] {dagbag.py:538} INFO - Filling up the DagBag from /opt/airflow/dags/data_ingestion.py
[2025-03-31T12:28:07.837+0000] {processor.py:753} INFO - DAG(s) dict_keys(['data_ingestion']) retrieved from /opt/airflow/dags/data_ingestion.py
[2025-03-31T12:28:07.850+0000] {logging_mixin.py:137} INFO - [2025-03-31T12:28:07.850+0000] {dag.py:2690} INFO - Sync 1 DAGs
[2025-03-31T12:28:07.862+0000] {logging_mixin.py:137} INFO - [2025-03-31T12:28:07.862+0000] {dag.py:3441} INFO - Setting next_dagrun for data_ingestion to 2025-03-30T00:00:00+00:00, run_after=2025-03-31T00:00:00+00:00
[2025-03-31T12:28:07.872+0000] {processor.py:175} INFO - Processing /opt/airflow/dags/data_ingestion.py took 0.182 seconds
[2025-03-31T12:28:38.209+0000] {processor.py:153} INFO - Started process (PID=101) to work on /opt/airflow/dags/data_ingestion.py
[2025-03-31T12:28:38.212+0000] {processor.py:743} INFO - Processing file /opt/airflow/dags/data_ingestion.py for tasks to queue
[2025-03-31T12:28:38.213+0000] {logging_mixin.py:137} INFO - [2025-03-31T12:28:38.213+0000] {dagbag.py:538} INFO - Filling up the DagBag from /opt/airflow/dags/data_ingestion.py
[2025-03-31T12:28:38.388+0000] {processor.py:753} INFO - DAG(s) dict_keys(['data_ingestion']) retrieved from /opt/airflow/dags/data_ingestion.py
[2025-03-31T12:28:38.404+0000] {logging_mixin.py:137} INFO - [2025-03-31T12:28:38.403+0000] {dag.py:2690} INFO - Sync 1 DAGs
[2025-03-31T12:28:38.424+0000] {logging_mixin.py:137} INFO - [2025-03-31T12:28:38.424+0000] {dag.py:3441} INFO - Setting next_dagrun for data_ingestion to 2025-03-31T00:00:00+00:00, run_after=2025-04-01T00:00:00+00:00
[2025-03-31T12:28:38.434+0000] {processor.py:175} INFO - Processing /opt/airflow/dags/data_ingestion.py took 0.230 seconds
[2025-03-31T12:29:08.545+0000] {processor.py:153} INFO - Started process (PID=117) to work on /opt/airflow/dags/data_ingestion.py
[2025-03-31T12:29:08.547+0000] {processor.py:743} INFO - Processing file /opt/airflow/dags/data_ingestion.py for tasks to queue
[2025-03-31T12:29:08.547+0000] {logging_mixin.py:137} INFO - [2025-03-31T12:29:08.547+0000] {dagbag.py:538} INFO - Filling up the DagBag from /opt/airflow/dags/data_ingestion.py
[2025-03-31T12:29:08.688+0000] {processor.py:753} INFO - DAG(s) dict_keys(['data_ingestion']) retrieved from /opt/airflow/dags/data_ingestion.py
[2025-03-31T12:29:08.706+0000] {logging_mixin.py:137} INFO - [2025-03-31T12:29:08.706+0000] {dag.py:2690} INFO - Sync 1 DAGs
[2025-03-31T12:29:08.723+0000] {logging_mixin.py:137} INFO - [2025-03-31T12:29:08.723+0000] {dag.py:3441} INFO - Setting next_dagrun for data_ingestion to 2025-03-31T00:00:00+00:00, run_after=2025-04-01T00:00:00+00:00
[2025-03-31T12:29:08.734+0000] {processor.py:175} INFO - Processing /opt/airflow/dags/data_ingestion.py took 0.194 seconds
[2025-03-31T12:29:38.864+0000] {processor.py:153} INFO - Started process (PID=121) to work on /opt/airflow/dags/data_ingestion.py
[2025-03-31T12:29:38.866+0000] {processor.py:743} INFO - Processing file /opt/airflow/dags/data_ingestion.py for tasks to queue
[2025-03-31T12:29:38.866+0000] {logging_mixin.py:137} INFO - [2025-03-31T12:29:38.866+0000] {dagbag.py:538} INFO - Filling up the DagBag from /opt/airflow/dags/data_ingestion.py
[2025-03-31T12:29:39.002+0000] {processor.py:753} INFO - DAG(s) dict_keys(['data_ingestion']) retrieved from /opt/airflow/dags/data_ingestion.py
[2025-03-31T12:29:39.015+0000] {logging_mixin.py:137} INFO - [2025-03-31T12:29:39.014+0000] {dag.py:2690} INFO - Sync 1 DAGs
[2025-03-31T12:29:39.028+0000] {logging_mixin.py:137} INFO - [2025-03-31T12:29:39.028+0000] {dag.py:3441} INFO - Setting next_dagrun for data_ingestion to 2025-03-31T00:00:00+00:00, run_after=2025-04-01T00:00:00+00:00
[2025-03-31T12:29:39.038+0000] {processor.py:175} INFO - Processing /opt/airflow/dags/data_ingestion.py took 0.179 seconds
[2025-03-31T12:30:09.258+0000] {processor.py:153} INFO - Started process (PID=125) to work on /opt/airflow/dags/data_ingestion.py
[2025-03-31T12:30:09.259+0000] {processor.py:743} INFO - Processing file /opt/airflow/dags/data_ingestion.py for tasks to queue
[2025-03-31T12:30:09.260+0000] {logging_mixin.py:137} INFO - [2025-03-31T12:30:09.260+0000] {dagbag.py:538} INFO - Filling up the DagBag from /opt/airflow/dags/data_ingestion.py
[2025-03-31T12:30:09.397+0000] {processor.py:753} INFO - DAG(s) dict_keys(['data_ingestion']) retrieved from /opt/airflow/dags/data_ingestion.py
[2025-03-31T12:30:09.412+0000] {logging_mixin.py:137} INFO - [2025-03-31T12:30:09.412+0000] {dag.py:2690} INFO - Sync 1 DAGs
[2025-03-31T12:30:09.426+0000] {logging_mixin.py:137} INFO - [2025-03-31T12:30:09.426+0000] {dag.py:3441} INFO - Setting next_dagrun for data_ingestion to 2025-03-31T00:00:00+00:00, run_after=2025-04-01T00:00:00+00:00
[2025-03-31T12:30:09.436+0000] {processor.py:175} INFO - Processing /opt/airflow/dags/data_ingestion.py took 0.181 seconds
[2025-03-31T12:30:39.574+0000] {processor.py:153} INFO - Started process (PID=129) to work on /opt/airflow/dags/data_ingestion.py
[2025-03-31T12:30:39.576+0000] {processor.py:743} INFO - Processing file /opt/airflow/dags/data_ingestion.py for tasks to queue
[2025-03-31T12:30:39.576+0000] {logging_mixin.py:137} INFO - [2025-03-31T12:30:39.576+0000] {dagbag.py:538} INFO - Filling up the DagBag from /opt/airflow/dags/data_ingestion.py
[2025-03-31T12:30:39.711+0000] {processor.py:753} INFO - DAG(s) dict_keys(['data_ingestion']) retrieved from /opt/airflow/dags/data_ingestion.py
[2025-03-31T12:30:39.725+0000] {logging_mixin.py:137} INFO - [2025-03-31T12:30:39.725+0000] {dag.py:2690} INFO - Sync 1 DAGs
[2025-03-31T12:30:39.739+0000] {logging_mixin.py:137} INFO - [2025-03-31T12:30:39.739+0000] {dag.py:3441} INFO - Setting next_dagrun for data_ingestion to 2025-03-31T00:00:00+00:00, run_after=2025-04-01T00:00:00+00:00
[2025-03-31T12:30:39.749+0000] {processor.py:175} INFO - Processing /opt/airflow/dags/data_ingestion.py took 0.180 seconds
