[2025-03-31T12:02:34.465+0000] {taskinstance.py:1083} INFO - Dependencies all met for <TaskInstance: data_quality_pipeline.extract_load_raw scheduled__2023-01-19T00:00:00+00:00 [queued]>
[2025-03-31T12:02:34.470+0000] {taskinstance.py:1083} INFO - Dependencies all met for <TaskInstance: data_quality_pipeline.extract_load_raw scheduled__2023-01-19T00:00:00+00:00 [queued]>
[2025-03-31T12:02:34.470+0000] {taskinstance.py:1279} INFO - 
--------------------------------------------------------------------------------
[2025-03-31T12:02:34.470+0000] {taskinstance.py:1280} INFO - Starting attempt 1 of 1
[2025-03-31T12:02:34.470+0000] {taskinstance.py:1281} INFO - 
--------------------------------------------------------------------------------
[2025-03-31T12:02:34.477+0000] {taskinstance.py:1300} INFO - Executing <Task(PythonOperator): extract_load_raw> on 2023-01-19 00:00:00+00:00
[2025-03-31T12:02:34.480+0000] {standard_task_runner.py:55} INFO - Started process 1129 to run task
[2025-03-31T12:02:34.482+0000] {standard_task_runner.py:82} INFO - Running: ['airflow', 'tasks', 'run', 'data_quality_pipeline', 'extract_load_raw', 'scheduled__2023-01-19T00:00:00+00:00', '--job-id', '70', '--raw', '--subdir', 'DAGS_FOLDER/dq_pipeline.py', '--cfg-path', '/tmp/tmpljxvranf']
[2025-03-31T12:02:34.483+0000] {standard_task_runner.py:83} INFO - Job 70: Subtask extract_load_raw
[2025-03-31T12:02:34.519+0000] {task_command.py:388} INFO - Running <TaskInstance: data_quality_pipeline.extract_load_raw scheduled__2023-01-19T00:00:00+00:00 [running]> on host 1d0e81057fe9
[2025-03-31T12:02:34.558+0000] {taskinstance.py:1509} INFO - Exporting the following env vars:
AIRFLOW_CTX_DAG_OWNER=airflow
AIRFLOW_CTX_DAG_ID=data_quality_pipeline
AIRFLOW_CTX_TASK_ID=extract_load_raw
AIRFLOW_CTX_EXECUTION_DATE=2023-01-19T00:00:00+00:00
AIRFLOW_CTX_TRY_NUMBER=1
AIRFLOW_CTX_DAG_RUN_ID=scheduled__2023-01-19T00:00:00+00:00
[2025-03-31T12:02:34.560+0000] {logging_mixin.py:137} INFO - Data loaded into raw_sales
[2025-03-31T12:02:34.560+0000] {python.py:177} INFO - Done. Returned value was: None
[2025-03-31T12:02:34.564+0000] {taskinstance.py:1323} INFO - Marking task as SUCCESS. dag_id=data_quality_pipeline, task_id=extract_load_raw, execution_date=20230119T000000, start_date=20250331T120234, end_date=20250331T120234
[2025-03-31T12:02:34.580+0000] {local_task_job.py:208} INFO - Task exited with return code 0
[2025-03-31T12:02:34.595+0000] {taskinstance.py:2578} INFO - 1 downstream tasks scheduled from follow-on schedule check
