[2025-03-31T11:59:58.033+0000] {taskinstance.py:1083} INFO - Dependencies all met for <TaskInstance: data_quality_pipeline.extract_load_raw scheduled__2023-01-01T00:00:00+00:00 [queued]>
[2025-03-31T11:59:58.038+0000] {taskinstance.py:1083} INFO - Dependencies all met for <TaskInstance: data_quality_pipeline.extract_load_raw scheduled__2023-01-01T00:00:00+00:00 [queued]>
[2025-03-31T11:59:58.038+0000] {taskinstance.py:1279} INFO - 
--------------------------------------------------------------------------------
[2025-03-31T11:59:58.039+0000] {taskinstance.py:1280} INFO - Starting attempt 1 of 1
[2025-03-31T11:59:58.039+0000] {taskinstance.py:1281} INFO - 
--------------------------------------------------------------------------------
[2025-03-31T11:59:58.045+0000] {taskinstance.py:1300} INFO - Executing <Task(PythonOperator): extract_load_raw> on 2023-01-01 00:00:00+00:00
[2025-03-31T11:59:58.048+0000] {standard_task_runner.py:55} INFO - Started process 346 to run task
[2025-03-31T11:59:58.050+0000] {standard_task_runner.py:82} INFO - Running: ['airflow', 'tasks', 'run', 'data_quality_pipeline', 'extract_load_raw', 'scheduled__2023-01-01T00:00:00+00:00', '--job-id', '8', '--raw', '--subdir', 'DAGS_FOLDER/dq_pipeline.py', '--cfg-path', '/tmp/tmp3faheucw']
[2025-03-31T11:59:58.051+0000] {standard_task_runner.py:83} INFO - Job 8: Subtask extract_load_raw
[2025-03-31T11:59:58.082+0000] {task_command.py:388} INFO - Running <TaskInstance: data_quality_pipeline.extract_load_raw scheduled__2023-01-01T00:00:00+00:00 [running]> on host 1d0e81057fe9
[2025-03-31T11:59:58.119+0000] {taskinstance.py:1509} INFO - Exporting the following env vars:
AIRFLOW_CTX_DAG_OWNER=airflow
AIRFLOW_CTX_DAG_ID=data_quality_pipeline
AIRFLOW_CTX_TASK_ID=extract_load_raw
AIRFLOW_CTX_EXECUTION_DATE=2023-01-01T00:00:00+00:00
AIRFLOW_CTX_TRY_NUMBER=1
AIRFLOW_CTX_DAG_RUN_ID=scheduled__2023-01-01T00:00:00+00:00
[2025-03-31T11:59:58.121+0000] {logging_mixin.py:137} INFO - Data loaded into raw_sales
[2025-03-31T11:59:58.121+0000] {python.py:177} INFO - Done. Returned value was: None
[2025-03-31T11:59:58.125+0000] {taskinstance.py:1323} INFO - Marking task as SUCCESS. dag_id=data_quality_pipeline, task_id=extract_load_raw, execution_date=20230101T000000, start_date=20250331T115958, end_date=20250331T115958
[2025-03-31T11:59:58.148+0000] {local_task_job.py:208} INFO - Task exited with return code 0
[2025-03-31T11:59:58.163+0000] {taskinstance.py:2578} INFO - 1 downstream tasks scheduled from follow-on schedule check
[2025-03-31T12:11:58.897+0000] {taskinstance.py:1083} INFO - Dependencies all met for <TaskInstance: data_quality_pipeline.extract_load_raw scheduled__2023-01-01T00:00:00+00:00 [queued]>
[2025-03-31T12:11:58.902+0000] {taskinstance.py:1083} INFO - Dependencies all met for <TaskInstance: data_quality_pipeline.extract_load_raw scheduled__2023-01-01T00:00:00+00:00 [queued]>
[2025-03-31T12:11:58.902+0000] {taskinstance.py:1279} INFO - 
--------------------------------------------------------------------------------
[2025-03-31T12:11:58.902+0000] {taskinstance.py:1280} INFO - Starting attempt 1 of 1
[2025-03-31T12:11:58.903+0000] {taskinstance.py:1281} INFO - 
--------------------------------------------------------------------------------
[2025-03-31T12:11:58.909+0000] {taskinstance.py:1300} INFO - Executing <Task(PythonOperator): extract_load_raw> on 2023-01-01 00:00:00+00:00
[2025-03-31T12:11:58.913+0000] {standard_task_runner.py:55} INFO - Started process 1923 to run task
[2025-03-31T12:11:58.915+0000] {standard_task_runner.py:82} INFO - Running: ['airflow', 'tasks', 'run', 'data_quality_pipeline', 'extract_load_raw', 'scheduled__2023-01-01T00:00:00+00:00', '--job-id', '151', '--raw', '--subdir', 'DAGS_FOLDER/dq_pipeline.py', '--cfg-path', '/tmp/tmp270mdtsq']
[2025-03-31T12:11:58.916+0000] {standard_task_runner.py:83} INFO - Job 151: Subtask extract_load_raw
[2025-03-31T12:11:58.950+0000] {task_command.py:388} INFO - Running <TaskInstance: data_quality_pipeline.extract_load_raw scheduled__2023-01-01T00:00:00+00:00 [running]> on host ab19a3cb7e10
[2025-03-31T12:11:58.989+0000] {taskinstance.py:1509} INFO - Exporting the following env vars:
AIRFLOW_CTX_DAG_OWNER=airflow
AIRFLOW_CTX_DAG_ID=data_quality_pipeline
AIRFLOW_CTX_TASK_ID=extract_load_raw
AIRFLOW_CTX_EXECUTION_DATE=2023-01-01T00:00:00+00:00
AIRFLOW_CTX_TRY_NUMBER=1
AIRFLOW_CTX_DAG_RUN_ID=scheduled__2023-01-01T00:00:00+00:00
[2025-03-31T12:11:58.991+0000] {logging_mixin.py:137} INFO - Data loaded into raw_sales
[2025-03-31T12:11:58.991+0000] {python.py:177} INFO - Done. Returned value was: None
[2025-03-31T12:11:58.996+0000] {taskinstance.py:1323} INFO - Marking task as SUCCESS. dag_id=data_quality_pipeline, task_id=extract_load_raw, execution_date=20230101T000000, start_date=20250331T121158, end_date=20250331T121158
[2025-03-31T12:11:59.013+0000] {local_task_job.py:208} INFO - Task exited with return code 0
[2025-03-31T12:11:59.028+0000] {taskinstance.py:2578} INFO - 1 downstream tasks scheduled from follow-on schedule check
[2025-03-31T12:46:48.295+0000] {taskinstance.py:1083} INFO - Dependencies all met for <TaskInstance: data_quality_pipeline.extract_load_raw scheduled__2023-01-01T00:00:00+00:00 [queued]>
[2025-03-31T12:46:48.301+0000] {taskinstance.py:1083} INFO - Dependencies all met for <TaskInstance: data_quality_pipeline.extract_load_raw scheduled__2023-01-01T00:00:00+00:00 [queued]>
[2025-03-31T12:46:48.301+0000] {taskinstance.py:1279} INFO - 
--------------------------------------------------------------------------------
[2025-03-31T12:46:48.301+0000] {taskinstance.py:1280} INFO - Starting attempt 1 of 1
[2025-03-31T12:46:48.301+0000] {taskinstance.py:1281} INFO - 
--------------------------------------------------------------------------------
[2025-03-31T12:46:48.308+0000] {taskinstance.py:1300} INFO - Executing <Task(PythonOperator): extract_load_raw> on 2023-01-01 00:00:00+00:00
[2025-03-31T12:46:48.312+0000] {standard_task_runner.py:55} INFO - Started process 128 to run task
[2025-03-31T12:46:48.314+0000] {standard_task_runner.py:82} INFO - Running: ['airflow', 'tasks', 'run', 'data_quality_pipeline', 'extract_load_raw', 'scheduled__2023-01-01T00:00:00+00:00', '--job-id', '2', '--raw', '--subdir', 'DAGS_FOLDER/dq_pipeline.py', '--cfg-path', '/tmp/tmp20ao4aym']
[2025-03-31T12:46:48.315+0000] {standard_task_runner.py:83} INFO - Job 2: Subtask extract_load_raw
[2025-03-31T12:46:48.355+0000] {task_command.py:388} INFO - Running <TaskInstance: data_quality_pipeline.extract_load_raw scheduled__2023-01-01T00:00:00+00:00 [running]> on host 2d135a449b72
[2025-03-31T12:46:48.399+0000] {taskinstance.py:1509} INFO - Exporting the following env vars:
AIRFLOW_CTX_DAG_OWNER=airflow
AIRFLOW_CTX_DAG_ID=data_quality_pipeline
AIRFLOW_CTX_TASK_ID=extract_load_raw
AIRFLOW_CTX_EXECUTION_DATE=2023-01-01T00:00:00+00:00
AIRFLOW_CTX_TRY_NUMBER=1
AIRFLOW_CTX_DAG_RUN_ID=scheduled__2023-01-01T00:00:00+00:00
[2025-03-31T12:46:48.401+0000] {logging_mixin.py:137} INFO - Data loaded into raw_sales
[2025-03-31T12:46:48.401+0000] {python.py:177} INFO - Done. Returned value was: None
[2025-03-31T12:46:48.407+0000] {taskinstance.py:1323} INFO - Marking task as SUCCESS. dag_id=data_quality_pipeline, task_id=extract_load_raw, execution_date=20230101T000000, start_date=20250331T124648, end_date=20250331T124648
[2025-03-31T12:46:48.453+0000] {local_task_job.py:208} INFO - Task exited with return code 0
[2025-03-31T12:46:48.471+0000] {taskinstance.py:2578} INFO - 1 downstream tasks scheduled from follow-on schedule check
